#
# There is insufficient memory for the Java Runtime Environment to continue.
# Native memory allocation (malloc) failed to allocate 450576 bytes for Chunk::new
# Possible reasons:
#   The system is out of physical RAM or swap space
#   The process is running with CompressedOops enabled, and the Java Heap may be blocking the growth of the native heap
# Possible solutions:
#   Reduce memory load on the system
#   Increase physical memory or swap space
#   Check if swap backing store is full
#   Decrease Java heap size (-Xmx/-Xms)
#   Decrease number of Java threads
#   Decrease Java thread stack sizes (-Xss)
#   Set larger code cache with -XX:ReservedCodeCacheSize=
#   JVM is running with Unscaled Compressed Oops mode in which the Java heap is
#     placed in the first 4GB address space. The Java Heap base address is the
#     maximum limit for the native heap growth. Please use -XX:HeapBaseMinAddress
#     to set the Java Heap base and to place the Java Heap above 4GB virtual address.
# This output file may be truncated or incomplete.
#
#  Out of Memory Error (arena.cpp:191), pid=15740, tid=1392
#
# JRE version: OpenJDK Runtime Environment Corretto-17.0.10.7.1 (17.0.10+7) (build 17.0.10+7-LTS)
# Java VM: OpenJDK 64-Bit Server VM Corretto-17.0.10.7.1 (17.0.10+7-LTS, mixed mode, sharing, tiered, compressed oops, compressed class ptrs, g1 gc, windows-amd64)
# No core dump will be written. Minidumps are not enabled by default on client versions of Windows
#

---------------  S U M M A R Y ------------

Command Line: --add-opens=java.base/java.util=ALL-UNNAMED --add-opens=java.base/java.lang=ALL-UNNAMED --add-opens=java.base/java.lang.invoke=ALL-UNNAMED --add-opens=java.prefs/java.util.prefs=ALL-UNNAMED --add-opens=java.base/java.nio.charset=ALL-UNNAMED --add-opens=java.base/java.net=ALL-UNNAMED --add-opens=java.base/java.util.concurrent.atomic=ALL-UNNAMED -XX:MaxMetaspaceSize=384m -XX:+HeapDumpOnOutOfMemoryError -Xms256m -Xmx512m -Dfile.encoding=windows-1252 -Duser.country=US -Duser.language=en -Duser.variant -javaagent:C:\Users\Giang\.gradle\wrapper\dists\gradle-8.8-bin\dl7vupf4psengwqhwktix4v1\gradle-8.8\lib\agents\gradle-instrumentation-agent-8.8.jar org.gradle.launcher.daemon.bootstrap.GradleDaemon 8.8

Host: Intel(R) Core(TM) i7-5600U CPU @ 2.60GHz, 4 cores, 7G,  Windows 10 , 64 bit Build 19041 (10.0.19041.4597)
Time: Thu Jul 25 12:29:03 2024 SE Asia Standard Time elapsed time: 28.376962 seconds (0d 0h 0m 28s)

---------------  T H R E A D  ---------------

Current thread (0x000001c0121aab10):  JavaThread "C2 CompilerThread0" daemon [_thread_in_native, id=1392, stack(0x00000051e9000000,0x00000051e9100000)]


Current CompileTask:
C2:  28377 9552       4       java.util.concurrent.ConcurrentHashMap::putAll (63 bytes)

Stack: [0x00000051e9000000,0x00000051e9100000]
Native frames: (J=compiled Java code, j=interpreted, Vv=VM code, C=native code)
V  [jvm.dll+0x67d2c9]
V  [jvm.dll+0x834b1a]
V  [jvm.dll+0x8365de]
V  [jvm.dll+0x836c43]
V  [jvm.dll+0x2477ff]
V  [jvm.dll+0xac514]
V  [jvm.dll+0xacb5c]
V  [jvm.dll+0x3667d7]
V  [jvm.dll+0x330bfa]
V  [jvm.dll+0x33009a]
V  [jvm.dll+0x219ef1]
V  [jvm.dll+0x219311]
V  [jvm.dll+0x1a502d]
V  [jvm.dll+0x2290de]
V  [jvm.dll+0x2272ac]
V  [jvm.dll+0x7e9bd7]
V  [jvm.dll+0x7e3fda]
V  [jvm.dll+0x67c1b5]
C  [ucrtbase.dll+0x21bb2]
C  [KERNEL32.DLL+0x17374]
C  [ntdll.dll+0x4cc91]


---------------  P R O C E S S  ---------------

Threads class SMR info:
_java_thread_list=0x000001c02e0e3ba0, length=89, elements={
0x000001c077dfc3d0, 0x000001c012186a20, 0x000001c0121885c0, 0x000001c01219bb80,
0x000001c01219d460, 0x000001c01219dd30, 0x000001c01219e600, 0x000001c0121aab10,
0x000001c0121d7080, 0x000001c0121e15a0, 0x000001c012170700, 0x000001c012489210,
0x000001c02ceaba30, 0x000001c02cecf460, 0x000001c0129d1e20, 0x000001c02cc9d000,
0x000001c02cfbaeb0, 0x000001c02cde03c0, 0x000001c02cddf9a0, 0x000001c02cddf490,
0x000001c02cde1800, 0x000001c02cddea70, 0x000001c02cde08d0, 0x000001c02cddef80,
0x000001c02cddfeb0, 0x000001c02cde12f0, 0x000001c02cde1d10, 0x000001c02cde0de0,
0x000001c02d978180, 0x000001c02d9744c0, 0x000001c02d978ba0, 0x000001c02d9790b0,
0x000001c02d977760, 0x000001c02d976830, 0x000001c02d97af10, 0x000001c02d9753f0,
0x000001c02d978690, 0x000001c02d977250, 0x000001c02d979ad0, 0x000001c02d97b420,
0x000001c02d979fe0, 0x000001c02d97b930, 0x000001c02d977c70, 0x000001c02d975900,
0x000001c02d975e10, 0x000001c02d97a4f0, 0x000001c02d97be40, 0x000001c01286aec0,
0x000001c012869570, 0x000001c012869f90, 0x000001c012865dc0, 0x000001c012864470,
0x000001c0128662d0, 0x000001c01286a4a0, 0x000001c0128653a0, 0x000001c012868640,
0x000001c01286b3d0, 0x000001c01286b8e0, 0x000001c0128658b0, 0x000001c012864e90,
0x000001c012868b50, 0x000001c01286a9b0, 0x000001c012869a80, 0x000001c012869060,
0x000001c01286bdf0, 0x000001c012867c20, 0x000001c012864980, 0x000001c0128667e0,
0x000001c012866cf0, 0x000001c012867200, 0x000001c012867710, 0x000001c012868130,
0x000001c02e87de10, 0x000001c02e881fe0, 0x000001c02e882f10, 0x000001c02e87d3f0,
0x000001c02e8824f0, 0x000001c02e8815c0, 0x000001c02e87e320, 0x000001c02e87cee0,
0x000001c02e87f250, 0x000001c02e87d900, 0x000001c02e87e830, 0x000001c02e87ed40,
0x000001c02e87f760, 0x000001c02e87fc70, 0x000001c02e880180, 0x000001c02e880690,
0x000001c02e880ba0
}

Java Threads: ( => current thread )
  0x000001c077dfc3d0 JavaThread "main" [_thread_blocked, id=11628, stack(0x00000051e8300000,0x00000051e8400000)]
  0x000001c012186a20 JavaThread "Reference Handler" daemon [_thread_blocked, id=12356, stack(0x00000051e8a00000,0x00000051e8b00000)]
  0x000001c0121885c0 JavaThread "Finalizer" daemon [_thread_blocked, id=9884, stack(0x00000051e8b00000,0x00000051e8c00000)]
  0x000001c01219bb80 JavaThread "Signal Dispatcher" daemon [_thread_blocked, id=4208, stack(0x00000051e8c00000,0x00000051e8d00000)]
  0x000001c01219d460 JavaThread "Attach Listener" daemon [_thread_blocked, id=12908, stack(0x00000051e8d00000,0x00000051e8e00000)]
  0x000001c01219dd30 JavaThread "Service Thread" daemon [_thread_blocked, id=10580, stack(0x00000051e8e00000,0x00000051e8f00000)]
  0x000001c01219e600 JavaThread "Monitor Deflation Thread" daemon [_thread_blocked, id=2056, stack(0x00000051e8f00000,0x00000051e9000000)]
=>0x000001c0121aab10 JavaThread "C2 CompilerThread0" daemon [_thread_in_native, id=1392, stack(0x00000051e9000000,0x00000051e9100000)]
  0x000001c0121d7080 JavaThread "C1 CompilerThread0" daemon [_thread_blocked, id=11188, stack(0x00000051e9100000,0x00000051e9200000)]
  0x000001c0121e15a0 JavaThread "Sweeper thread" daemon [_thread_blocked, id=14704, stack(0x00000051e9200000,0x00000051e9300000)]
  0x000001c012170700 JavaThread "Common-Cleaner" daemon [_thread_blocked, id=9336, stack(0x00000051e9300000,0x00000051e9400000)]
  0x000001c012489210 JavaThread "Notification Thread" daemon [_thread_blocked, id=5920, stack(0x00000051e9400000,0x00000051e9500000)]
  0x000001c02ceaba30 JavaThread "Daemon health stats" [_thread_blocked, id=15124, stack(0x00000051e9a00000,0x00000051e9b00000)]
  0x000001c02cecf460 JavaThread "Incoming local TCP Connector on port 61560" [_thread_in_native, id=6428, stack(0x00000051e9b00000,0x00000051e9c00000)]
  0x000001c0129d1e20 JavaThread "Daemon periodic checks" [_thread_blocked, id=11144, stack(0x00000051e9c00000,0x00000051e9d00000)]
  0x000001c02cc9d000 JavaThread "Daemon" [_thread_blocked, id=3280, stack(0x00000051e9d00000,0x00000051e9e00000)]
  0x000001c02cfbaeb0 JavaThread "Handler for socket connection from /127.0.0.1:61560 to /127.0.0.1:61561" [_thread_in_native, id=13556, stack(0x00000051e9e00000,0x00000051e9f00000)]
  0x000001c02cde03c0 JavaThread "Cancel handler" [_thread_blocked, id=17964, stack(0x00000051e9f00000,0x00000051ea000000)]
  0x000001c02cddf9a0 JavaThread "Daemon worker" [_thread_blocked, id=5744, stack(0x00000051ea000000,0x00000051ea100000)]
  0x000001c02cddf490 JavaThread "Asynchronous log dispatcher for DefaultDaemonConnection: socket connection from /127.0.0.1:61560 to /127.0.0.1:61561" [_thread_blocked, id=16740, stack(0x00000051ea100000,0x00000051ea200000)]
  0x000001c02cde1800 JavaThread "Stdin handler" [_thread_blocked, id=12700, stack(0x00000051ea200000,0x00000051ea300000)]
  0x000001c02cddea70 JavaThread "Daemon client event forwarder" [_thread_blocked, id=16628, stack(0x00000051ea300000,0x00000051ea400000)]
  0x000001c02cde08d0 JavaThread "Cache worker for journal cache (C:\Users\Giang\.gradle\caches\journal-1)" [_thread_blocked, id=16392, stack(0x00000051e9600000,0x00000051e9700000)]
  0x000001c02cddef80 JavaThread "File lock request listener" [_thread_in_native, id=11328, stack(0x00000051ea400000,0x00000051ea500000)]
  0x000001c02cddfeb0 JavaThread "Cache worker for file hash cache (C:\Users\Giang\.gradle\caches\8.8\fileHashes)" [_thread_blocked, id=11740, stack(0x00000051ea500000,0x00000051ea600000)]
  0x000001c02cde12f0 JavaThread "Cache worker for file hash cache (D:\code trung tam\Module05_OFF\ProjectModule05BackEnd\.gradle\8.8\fileHashes)" [_thread_blocked, id=1236, stack(0x00000051ea700000,0x00000051ea800000)]
  0x000001c02cde1d10 JavaThread "File watcher server" daemon [_thread_in_native, id=4476, stack(0x00000051ea800000,0x00000051ea900000)]
  0x000001c02cde0de0 JavaThread "File watcher consumer" daemon [_thread_blocked, id=10316, stack(0x00000051ea900000,0x00000051eaa00000)]
  0x000001c02d978180 JavaThread "Cache worker for checksums cache (D:\code trung tam\Module05_OFF\ProjectModule05BackEnd\.gradle\8.8\checksums)" [_thread_blocked, id=10524, stack(0x00000051ea600000,0x00000051ea700000)]
  0x000001c02d9744c0 JavaThread "Cache worker for file content cache (C:\Users\Giang\.gradle\caches\8.8\fileContent)" [_thread_blocked, id=8636, stack(0x00000051eaa00000,0x00000051eab00000)]
  0x000001c02d978ba0 JavaThread "Cache worker for cache directory md-rule (C:\Users\Giang\.gradle\caches\8.8\md-rule)" [_thread_blocked, id=14372, stack(0x00000051eab00000,0x00000051eac00000)]
  0x000001c02d9790b0 JavaThread "Cache worker for cache directory md-supplier (C:\Users\Giang\.gradle\caches\8.8\md-supplier)" [_thread_blocked, id=6608, stack(0x00000051ead00000,0x00000051eae00000)]
  0x000001c02d977760 JavaThread "jar transforms" [_thread_blocked, id=17036, stack(0x00000051eae00000,0x00000051eaf00000)]
  0x000001c02d976830 JavaThread "jar transforms Thread 2" [_thread_blocked, id=18748, stack(0x00000051eaf00000,0x00000051eb000000)]
  0x000001c02d97af10 JavaThread "jar transforms Thread 3" [_thread_blocked, id=232, stack(0x00000051eb000000,0x00000051eb100000)]
  0x000001c02d9753f0 JavaThread "jar transforms Thread 4" [_thread_blocked, id=9608, stack(0x00000051eac00000,0x00000051ead00000)]
  0x000001c02d978690 JavaThread "Cache worker for Build Output Cleanup Cache (D:\code trung tam\Module05_OFF\ProjectModule05BackEnd\.gradle\buildOutputCleanup)" [_thread_blocked, id=236, stack(0x00000051eb100000,0x00000051eb200000)]
  0x000001c02d977250 JavaThread "Unconstrained build operations" [_thread_blocked, id=2052, stack(0x00000051eb200000,0x00000051eb300000)]
  0x000001c02d979ad0 JavaThread "Unconstrained build operations Thread 2" [_thread_blocked, id=728, stack(0x00000051eb300000,0x00000051eb400000)]
  0x000001c02d97b420 JavaThread "Unconstrained build operations Thread 3" [_thread_blocked, id=19196, stack(0x00000051eb400000,0x00000051eb500000)]
  0x000001c02d979fe0 JavaThread "Unconstrained build operations Thread 4" [_thread_blocked, id=18144, stack(0x00000051eb500000,0x00000051eb600000)]
  0x000001c02d97b930 JavaThread "Unconstrained build operations Thread 5" [_thread_blocked, id=11928, stack(0x00000051eb600000,0x00000051eb700000)]
  0x000001c02d977c70 JavaThread "Unconstrained build operations Thread 6" [_thread_blocked, id=9820, stack(0x00000051eb700000,0x00000051eb800000)]
  0x000001c02d975900 JavaThread "Unconstrained build operations Thread 7" [_thread_blocked, id=15048, stack(0x00000051eb900000,0x00000051eba00000)]
  0x000001c02d975e10 JavaThread "Unconstrained build operations Thread 8" [_thread_blocked, id=19108, stack(0x00000051eba00000,0x00000051ebb00000)]
  0x000001c02d97a4f0 JavaThread "Unconstrained build operations Thread 9" [_thread_blocked, id=16192, stack(0x00000051ebb00000,0x00000051ebc00000)]
  0x000001c02d97be40 JavaThread "Memory manager" [_thread_blocked, id=10668, stack(0x00000051ebc00000,0x00000051ebd00000)]
  0x000001c01286aec0 JavaThread "ForkJoinPool.commonPool-worker-1" daemon [_thread_blocked, id=1620, stack(0x00000051ebf00000,0x00000051ec000000)]
  0x000001c012869570 JavaThread "ForkJoinPool.commonPool-worker-2" daemon [_thread_blocked, id=19340, stack(0x00000051ec000000,0x00000051ec100000)]
  0x000001c012869f90 JavaThread "ForkJoinPool.commonPool-worker-3" daemon [_thread_blocked, id=6744, stack(0x00000051ec100000,0x00000051ec200000)]
  0x000001c012865dc0 JavaThread "Exec process" daemon [_thread_blocked, id=7412, stack(0x00000051ec200000,0x00000051ec300000)]
  0x000001c012864470 JavaThread "Exec process Thread 2" daemon [_thread_blocked, id=15420, stack(0x00000051ec300000,0x00000051ec400000)]
  0x000001c0128662d0 JavaThread "Exec process Thread 3" daemon [_thread_blocked, id=17436, stack(0x00000051ec400000,0x00000051ec500000)]
  0x000001c01286a4a0 JavaThread "included builds" [_thread_in_native, id=9364, stack(0x00000051ec500000,0x00000051ec600000)]
  0x000001c0128653a0 JavaThread "Execution worker" [_thread_blocked, id=16576, stack(0x00000051ec600000,0x00000051ec700000)]
  0x000001c012868640 JavaThread "Execution worker Thread 2" [_thread_blocked, id=5604, stack(0x00000051ec700000,0x00000051ec800000)]
  0x000001c01286b3d0 JavaThread "Execution worker Thread 3" [_thread_blocked, id=396, stack(0x00000051ec800000,0x00000051ec900000)]
  0x000001c01286b8e0 JavaThread "Cache worker for execution history cache (D:\code trung tam\Module05_OFF\ProjectModule05BackEnd\.gradle\8.8\executionHistory)" [_thread_blocked, id=1044, stack(0x00000051ec900000,0x00000051eca00000)]
  0x000001c0128658b0 JavaThread "Unconstrained build operations Thread 10" [_thread_blocked, id=3244, stack(0x00000051eb800000,0x00000051eb900000)]
  0x000001c012864e90 JavaThread "Unconstrained build operations Thread 11" [_thread_blocked, id=17928, stack(0x00000051ecb00000,0x00000051ecc00000)]
  0x000001c012868b50 JavaThread "Unconstrained build operations Thread 12" [_thread_blocked, id=17924, stack(0x00000051ecc00000,0x00000051ecd00000)]
  0x000001c01286a9b0 JavaThread "Unconstrained build operations Thread 13" [_thread_blocked, id=13500, stack(0x00000051ecd00000,0x00000051ece00000)]
  0x000001c012869a80 JavaThread "Unconstrained build operations Thread 14" [_thread_blocked, id=18544, stack(0x00000051ece00000,0x00000051ecf00000)]
  0x000001c012869060 JavaThread "Unconstrained build operations Thread 15" [_thread_blocked, id=11240, stack(0x00000051ecf00000,0x00000051ed000000)]
  0x000001c01286bdf0 JavaThread "Unconstrained build operations Thread 16" [_thread_blocked, id=16476, stack(0x00000051ed000000,0x00000051ed100000)]
  0x000001c012867c20 JavaThread "Unconstrained build operations Thread 17" [_thread_blocked, id=17660, stack(0x00000051ed100000,0x00000051ed200000)]
  0x000001c012864980 JavaThread "Unconstrained build operations Thread 18" [_thread_blocked, id=1848, stack(0x00000051ed200000,0x00000051ed300000)]
  0x000001c0128667e0 JavaThread "Unconstrained build operations Thread 19" [_thread_blocked, id=10480, stack(0x00000051ed300000,0x00000051ed400000)]
  0x000001c012866cf0 JavaThread "Unconstrained build operations Thread 20" [_thread_blocked, id=19228, stack(0x00000051ed400000,0x00000051ed500000)]
  0x000001c012867200 JavaThread "Unconstrained build operations Thread 21" [_thread_blocked, id=11400, stack(0x00000051ed500000,0x00000051ed600000)]
  0x000001c012867710 JavaThread "Unconstrained build operations Thread 22" [_thread_blocked, id=15472, stack(0x00000051ed600000,0x00000051ed700000)]
  0x000001c012868130 JavaThread "Unconstrained build operations Thread 23" [_thread_blocked, id=7988, stack(0x00000051ed700000,0x00000051ed800000)]
  0x000001c02e87de10 JavaThread "Unconstrained build operations Thread 24" [_thread_blocked, id=2236, stack(0x00000051ed800000,0x00000051ed900000)]
  0x000001c02e881fe0 JavaThread "Unconstrained build operations Thread 25" [_thread_blocked, id=2620, stack(0x00000051ed900000,0x00000051eda00000)]
  0x000001c02e882f10 JavaThread "Unconstrained build operations Thread 26" [_thread_blocked, id=12696, stack(0x00000051eda00000,0x00000051edb00000)]
  0x000001c02e87d3f0 JavaThread "Unconstrained build operations Thread 27" [_thread_blocked, id=9668, stack(0x00000051edb00000,0x00000051edc00000)]
  0x000001c02e8824f0 JavaThread "Unconstrained build operations Thread 28" [_thread_blocked, id=15988, stack(0x00000051edc00000,0x00000051edd00000)]
  0x000001c02e8815c0 JavaThread "Unconstrained build operations Thread 29" [_thread_blocked, id=2476, stack(0x00000051edd00000,0x00000051ede00000)]
  0x000001c02e87e320 JavaThread "Unconstrained build operations Thread 30" [_thread_blocked, id=3468, stack(0x00000051ede00000,0x00000051edf00000)]
  0x000001c02e87cee0 JavaThread "Unconstrained build operations Thread 31" [_thread_blocked, id=2256, stack(0x00000051edf00000,0x00000051ee000000)]
  0x000001c02e87f250 JavaThread "Unconstrained build operations Thread 32" [_thread_blocked, id=9904, stack(0x00000051ee000000,0x00000051ee100000)]
  0x000001c02e87d900 JavaThread "Unconstrained build operations Thread 33" [_thread_blocked, id=16368, stack(0x00000051ee100000,0x00000051ee200000)]
  0x000001c02e87e830 JavaThread "Unconstrained build operations Thread 34" [_thread_blocked, id=3144, stack(0x00000051ee200000,0x00000051ee300000)]
  0x000001c02e87ed40 JavaThread "Unconstrained build operations Thread 35" [_thread_blocked, id=18844, stack(0x00000051ee300000,0x00000051ee400000)]
  0x000001c02e87f760 JavaThread "Unconstrained build operations Thread 36" [_thread_blocked, id=5800, stack(0x00000051ee400000,0x00000051ee500000)]
  0x000001c02e87fc70 JavaThread "Unconstrained build operations Thread 37" [_thread_blocked, id=8620, stack(0x00000051ee500000,0x00000051ee600000)]
  0x000001c02e880180 JavaThread "Unconstrained build operations Thread 38" [_thread_blocked, id=3920, stack(0x00000051ee600000,0x00000051ee700000)]
  0x000001c02e880690 JavaThread "Unconstrained build operations Thread 39" [_thread_blocked, id=5496, stack(0x00000051ee700000,0x00000051ee800000)]
  0x000001c02e880ba0 JavaThread "Unconstrained build operations Thread 40" [_thread_blocked, id=18964, stack(0x00000051ee800000,0x00000051ee900000)]

Other Threads:
  0x000001c012183750 VMThread "VM Thread" [stack: 0x00000051e8900000,0x00000051e8a00000] [id=8800]
  0x000001c012444e60 WatcherThread [stack: 0x00000051e9500000,0x00000051e9600000] [id=14000]
  0x000001c077e2bab0 GCTaskThread "GC Thread#0" [stack: 0x00000051e8400000,0x00000051e8500000] [id=4540]
  0x000001c012682960 GCTaskThread "GC Thread#1" [stack: 0x00000051e9700000,0x00000051e9800000] [id=10060]
  0x000001c01254d9b0 GCTaskThread "GC Thread#2" [stack: 0x00000051e9800000,0x00000051e9900000] [id=2576]
  0x000001c01254dc70 GCTaskThread "GC Thread#3" [stack: 0x00000051e9900000,0x00000051e9a00000] [id=19024]
  0x000001c077e33930 ConcurrentGCThread "G1 Main Marker" [stack: 0x00000051e8500000,0x00000051e8600000] [id=10020]
  0x000001c077e34a00 ConcurrentGCThread "G1 Conc#0" [stack: 0x00000051e8600000,0x00000051e8700000] [id=432]
  0x000001c077ebb770 ConcurrentGCThread "G1 Refine#0" [stack: 0x00000051e8700000,0x00000051e8800000] [id=10048]
  0x000001c02f2fe0b0 ConcurrentGCThread "G1 Refine#1" [stack: 0x00000051ebd00000,0x00000051ebe00000] [id=4380]
  0x000001c02f2fc060 ConcurrentGCThread "G1 Refine#2" [stack: 0x00000051ebe00000,0x00000051ebf00000] [id=12272]
  0x000001c077ebdfc0 ConcurrentGCThread "G1 Service" [stack: 0x00000051e8800000,0x00000051e8900000] [id=14284]

Threads with active compile tasks:
C2 CompilerThread0    28432 9552       4       java.util.concurrent.ConcurrentHashMap::putAll (63 bytes)

VM state: not at safepoint (normal execution)

VM Mutex/Monitor currently owned by a thread: None

Heap address: 0x00000000e0000000, size: 512 MB, Compressed Oops mode: 32-bit

CDS archive(s) mapped at: [0x000001c013000000-0x000001c013bb0000-0x000001c013bb0000), size 12255232, SharedBaseAddress: 0x000001c013000000, ArchiveRelocationMode: 1.
Compressed class space mapped at: 0x000001c014000000-0x000001c028000000, reserved size: 335544320
Narrow klass base: 0x000001c013000000, Narrow klass shift: 0, Narrow klass range: 0x100000000

GC Precious Log:
 CPUs: 4 total, 4 available
 Memory: 7887M
 Large Page Support: Disabled
 NUMA Support: Disabled
 Compressed Oops: Enabled (32-bit)
 Heap Region Size: 1M
 Heap Min Capacity: 256M
 Heap Initial Capacity: 256M
 Heap Max Capacity: 512M
 Pre-touch: Disabled
 Parallel Workers: 4
 Concurrent Workers: 1
 Concurrent Refinement Workers: 4
 Periodic GC: Disabled

Heap:
 garbage-first heap   total 262144K, used 115307K [0x00000000e0000000, 0x0000000100000000)
  region size 1024K, 82 young (83968K), 17 survivors (17408K)
 Metaspace       used 55256K, committed 55808K, reserved 393216K
  class space    used 7685K, committed 7936K, reserved 327680K

Heap Regions: E=young(eden), S=young(survivor), O=old, HS=humongous(starts), HC=humongous(continues), CS=collection set, F=free, OA=open archive, CA=closed archive, TAMS=top-at-mark-start (previous, next)
|   0|0x00000000e0000000, 0x00000000e0100000, 0x00000000e0100000|100%|HS|  |TAMS 0x00000000e0100000, 0x00000000e0000000| Complete 
|   1|0x00000000e0100000, 0x00000000e0200000, 0x00000000e0200000|100%|HC|  |TAMS 0x00000000e0200000, 0x00000000e0100000| Complete 
|   2|0x00000000e0200000, 0x00000000e0300000, 0x00000000e0300000|100%|HC|  |TAMS 0x00000000e0300000, 0x00000000e0200000| Complete 
|   3|0x00000000e0300000, 0x00000000e0400000, 0x00000000e0400000|100%|HC|  |TAMS 0x00000000e0400000, 0x00000000e0300000| Complete 
|   4|0x00000000e0400000, 0x00000000e0500000, 0x00000000e0500000|100%| O|  |TAMS 0x00000000e0500000, 0x00000000e0400000| Untracked 
|   5|0x00000000e0500000, 0x00000000e0600000, 0x00000000e0600000|100%| O|  |TAMS 0x00000000e0600000, 0x00000000e0500000| Untracked 
|   6|0x00000000e0600000, 0x00000000e0700000, 0x00000000e0700000|100%| O|  |TAMS 0x00000000e0700000, 0x00000000e0600000| Untracked 
|   7|0x00000000e0700000, 0x00000000e0800000, 0x00000000e0800000|100%| O|  |TAMS 0x00000000e0800000, 0x00000000e0700000| Untracked 
|   8|0x00000000e0800000, 0x00000000e0900000, 0x00000000e0900000|100%| O|  |TAMS 0x00000000e0900000, 0x00000000e0800000| Untracked 
|   9|0x00000000e0900000, 0x00000000e0a00000, 0x00000000e0a00000|100%| O|  |TAMS 0x00000000e0a00000, 0x00000000e0900000| Untracked 
|  10|0x00000000e0a00000, 0x00000000e0b00000, 0x00000000e0b00000|100%| O|  |TAMS 0x00000000e0ae3c00, 0x00000000e0a00000| Untracked 
|  11|0x00000000e0b00000, 0x00000000e0c00000, 0x00000000e0c00000|100%|HS|  |TAMS 0x00000000e0c00000, 0x00000000e0b00000| Complete 
|  12|0x00000000e0c00000, 0x00000000e0c00000, 0x00000000e0d00000|  0%| F|  |TAMS 0x00000000e0c00000, 0x00000000e0c00000| Untracked 
|  13|0x00000000e0d00000, 0x00000000e0d00000, 0x00000000e0e00000|  0%| F|  |TAMS 0x00000000e0d00000, 0x00000000e0d00000| Untracked 
|  14|0x00000000e0e00000, 0x00000000e0f00000, 0x00000000e0f00000|100%| O|  |TAMS 0x00000000e0e00000, 0x00000000e0e00000| Untracked 
|  15|0x00000000e0f00000, 0x00000000e1000000, 0x00000000e1000000|100%| O|  |TAMS 0x00000000e0f00000, 0x00000000e0f00000| Untracked 
|  16|0x00000000e1000000, 0x00000000e1100000, 0x00000000e1100000|100%| O|  |TAMS 0x00000000e1000000, 0x00000000e1000000| Untracked 
|  17|0x00000000e1100000, 0x00000000e1200000, 0x00000000e1200000|100%| O|  |TAMS 0x00000000e1100000, 0x00000000e1100000| Untracked 
|  18|0x00000000e1200000, 0x00000000e1300000, 0x00000000e1300000|100%| O|  |TAMS 0x00000000e1200000, 0x00000000e1200000| Untracked 
|  19|0x00000000e1300000, 0x00000000e1400000, 0x00000000e1400000|100%| O|  |TAMS 0x00000000e1300000, 0x00000000e1300000| Untracked 
|  20|0x00000000e1400000, 0x00000000e1500000, 0x00000000e1500000|100%| O|  |TAMS 0x00000000e1400000, 0x00000000e1400000| Untracked 
|  21|0x00000000e1500000, 0x00000000e1600000, 0x00000000e1600000|100%| O|  |TAMS 0x00000000e1500000, 0x00000000e1500000| Untracked 
|  22|0x00000000e1600000, 0x00000000e1700000, 0x00000000e1700000|100%| O|  |TAMS 0x00000000e1600000, 0x00000000e1600000| Untracked 
|  23|0x00000000e1700000, 0x00000000e1800000, 0x00000000e1800000|100%| O|  |TAMS 0x00000000e1700000, 0x00000000e1700000| Untracked 
|  24|0x00000000e1800000, 0x00000000e1900000, 0x00000000e1900000|100%| O|  |TAMS 0x00000000e1800000, 0x00000000e1800000| Untracked 
|  25|0x00000000e1900000, 0x00000000e1a00000, 0x00000000e1a00000|100%| O|  |TAMS 0x00000000e1900000, 0x00000000e1900000| Untracked 
|  26|0x00000000e1a00000, 0x00000000e1b00000, 0x00000000e1b00000|100%| O|  |TAMS 0x00000000e1a00000, 0x00000000e1a00000| Untracked 
|  27|0x00000000e1b00000, 0x00000000e1c00000, 0x00000000e1c00000|100%| O|  |TAMS 0x00000000e1b00000, 0x00000000e1b00000| Untracked 
|  28|0x00000000e1c00000, 0x00000000e1d00000, 0x00000000e1d00000|100%| O|  |TAMS 0x00000000e1c00000, 0x00000000e1c00000| Untracked 
|  29|0x00000000e1d00000, 0x00000000e1e00000, 0x00000000e1e00000|100%| O|  |TAMS 0x00000000e1d00000, 0x00000000e1d00000| Untracked 
|  30|0x00000000e1e00000, 0x00000000e1f00000, 0x00000000e1f00000|100%| O|  |TAMS 0x00000000e1e00000, 0x00000000e1e00000| Untracked 
|  31|0x00000000e1f00000, 0x00000000e2000000, 0x00000000e2000000|100%| O|  |TAMS 0x00000000e1f00000, 0x00000000e1f00000| Untracked 
|  32|0x00000000e2000000, 0x00000000e2100000, 0x00000000e2100000|100%| O|  |TAMS 0x00000000e2000000, 0x00000000e2000000| Untracked 
|  33|0x00000000e2100000, 0x00000000e219ae00, 0x00000000e2200000| 60%| O|  |TAMS 0x00000000e2100000, 0x00000000e2100000| Untracked 
|  34|0x00000000e2200000, 0x00000000e2200000, 0x00000000e2300000|  0%| F|  |TAMS 0x00000000e2200000, 0x00000000e2200000| Untracked 
|  35|0x00000000e2300000, 0x00000000e2300000, 0x00000000e2400000|  0%| F|  |TAMS 0x00000000e2300000, 0x00000000e2300000| Untracked 
|  36|0x00000000e2400000, 0x00000000e2400000, 0x00000000e2500000|  0%| F|  |TAMS 0x00000000e2400000, 0x00000000e2400000| Untracked 
|  37|0x00000000e2500000, 0x00000000e2500000, 0x00000000e2600000|  0%| F|  |TAMS 0x00000000e2500000, 0x00000000e2500000| Untracked 
|  38|0x00000000e2600000, 0x00000000e2600000, 0x00000000e2700000|  0%| F|  |TAMS 0x00000000e2600000, 0x00000000e2600000| Untracked 
|  39|0x00000000e2700000, 0x00000000e2700000, 0x00000000e2800000|  0%| F|  |TAMS 0x00000000e2700000, 0x00000000e2700000| Untracked 
|  40|0x00000000e2800000, 0x00000000e2800000, 0x00000000e2900000|  0%| F|  |TAMS 0x00000000e2800000, 0x00000000e2800000| Untracked 
|  41|0x00000000e2900000, 0x00000000e2900000, 0x00000000e2a00000|  0%| F|  |TAMS 0x00000000e2900000, 0x00000000e2900000| Untracked 
|  42|0x00000000e2a00000, 0x00000000e2a00000, 0x00000000e2b00000|  0%| F|  |TAMS 0x00000000e2a00000, 0x00000000e2a00000| Untracked 
|  43|0x00000000e2b00000, 0x00000000e2b00000, 0x00000000e2c00000|  0%| F|  |TAMS 0x00000000e2b00000, 0x00000000e2b00000| Untracked 
|  44|0x00000000e2c00000, 0x00000000e2c00000, 0x00000000e2d00000|  0%| F|  |TAMS 0x00000000e2c00000, 0x00000000e2c00000| Untracked 
|  45|0x00000000e2d00000, 0x00000000e2d00000, 0x00000000e2e00000|  0%| F|  |TAMS 0x00000000e2d00000, 0x00000000e2d00000| Untracked 
|  46|0x00000000e2e00000, 0x00000000e2e00000, 0x00000000e2f00000|  0%| F|  |TAMS 0x00000000e2e00000, 0x00000000e2e00000| Untracked 
|  47|0x00000000e2f00000, 0x00000000e2f00000, 0x00000000e3000000|  0%| F|  |TAMS 0x00000000e2f00000, 0x00000000e2f00000| Untracked 
|  48|0x00000000e3000000, 0x00000000e3000000, 0x00000000e3100000|  0%| F|  |TAMS 0x00000000e3000000, 0x00000000e3000000| Untracked 
|  49|0x00000000e3100000, 0x00000000e3100000, 0x00000000e3200000|  0%| F|  |TAMS 0x00000000e3100000, 0x00000000e3100000| Untracked 
|  50|0x00000000e3200000, 0x00000000e3200000, 0x00000000e3300000|  0%| F|  |TAMS 0x00000000e3200000, 0x00000000e3200000| Untracked 
|  51|0x00000000e3300000, 0x00000000e3300000, 0x00000000e3400000|  0%| F|  |TAMS 0x00000000e3300000, 0x00000000e3300000| Untracked 
|  52|0x00000000e3400000, 0x00000000e3400000, 0x00000000e3500000|  0%| F|  |TAMS 0x00000000e3400000, 0x00000000e3400000| Untracked 
|  53|0x00000000e3500000, 0x00000000e3500000, 0x00000000e3600000|  0%| F|  |TAMS 0x00000000e3500000, 0x00000000e3500000| Untracked 
|  54|0x00000000e3600000, 0x00000000e3600000, 0x00000000e3700000|  0%| F|  |TAMS 0x00000000e3600000, 0x00000000e3600000| Untracked 
|  55|0x00000000e3700000, 0x00000000e3700000, 0x00000000e3800000|  0%| F|  |TAMS 0x00000000e3700000, 0x00000000e3700000| Untracked 
|  56|0x00000000e3800000, 0x00000000e3800000, 0x00000000e3900000|  0%| F|  |TAMS 0x00000000e3800000, 0x00000000e3800000| Untracked 
|  57|0x00000000e3900000, 0x00000000e3900000, 0x00000000e3a00000|  0%| F|  |TAMS 0x00000000e3900000, 0x00000000e3900000| Untracked 
|  58|0x00000000e3a00000, 0x00000000e3a00000, 0x00000000e3b00000|  0%| F|  |TAMS 0x00000000e3a00000, 0x00000000e3a00000| Untracked 
|  59|0x00000000e3b00000, 0x00000000e3b00000, 0x00000000e3c00000|  0%| F|  |TAMS 0x00000000e3b00000, 0x00000000e3b00000| Untracked 
|  60|0x00000000e3c00000, 0x00000000e3c00000, 0x00000000e3d00000|  0%| F|  |TAMS 0x00000000e3c00000, 0x00000000e3c00000| Untracked 
|  61|0x00000000e3d00000, 0x00000000e3d00000, 0x00000000e3e00000|  0%| F|  |TAMS 0x00000000e3d00000, 0x00000000e3d00000| Untracked 
|  62|0x00000000e3e00000, 0x00000000e3e00000, 0x00000000e3f00000|  0%| F|  |TAMS 0x00000000e3e00000, 0x00000000e3e00000| Untracked 
|  63|0x00000000e3f00000, 0x00000000e3f00000, 0x00000000e4000000|  0%| F|  |TAMS 0x00000000e3f00000, 0x00000000e3f00000| Untracked 
|  64|0x00000000e4000000, 0x00000000e4000000, 0x00000000e4100000|  0%| F|  |TAMS 0x00000000e4000000, 0x00000000e4000000| Untracked 
|  65|0x00000000e4100000, 0x00000000e4100000, 0x00000000e4200000|  0%| F|  |TAMS 0x00000000e4100000, 0x00000000e4100000| Untracked 
|  66|0x00000000e4200000, 0x00000000e4200000, 0x00000000e4300000|  0%| F|  |TAMS 0x00000000e4200000, 0x00000000e4200000| Untracked 
|  67|0x00000000e4300000, 0x00000000e4300000, 0x00000000e4400000|  0%| F|  |TAMS 0x00000000e4300000, 0x00000000e4300000| Untracked 
|  68|0x00000000e4400000, 0x00000000e4400000, 0x00000000e4500000|  0%| F|  |TAMS 0x00000000e4400000, 0x00000000e4400000| Untracked 
|  69|0x00000000e4500000, 0x00000000e4500000, 0x00000000e4600000|  0%| F|  |TAMS 0x00000000e4500000, 0x00000000e4500000| Untracked 
|  70|0x00000000e4600000, 0x00000000e4600000, 0x00000000e4700000|  0%| F|  |TAMS 0x00000000e4600000, 0x00000000e4600000| Untracked 
|  71|0x00000000e4700000, 0x00000000e4700000, 0x00000000e4800000|  0%| F|  |TAMS 0x00000000e4700000, 0x00000000e4700000| Untracked 
|  72|0x00000000e4800000, 0x00000000e4800000, 0x00000000e4900000|  0%| F|  |TAMS 0x00000000e4800000, 0x00000000e4800000| Untracked 
|  73|0x00000000e4900000, 0x00000000e4900000, 0x00000000e4a00000|  0%| F|  |TAMS 0x00000000e4900000, 0x00000000e4900000| Untracked 
|  74|0x00000000e4a00000, 0x00000000e4a00000, 0x00000000e4b00000|  0%| F|  |TAMS 0x00000000e4a00000, 0x00000000e4a00000| Untracked 
|  75|0x00000000e4b00000, 0x00000000e4b00000, 0x00000000e4c00000|  0%| F|  |TAMS 0x00000000e4b00000, 0x00000000e4b00000| Untracked 
|  76|0x00000000e4c00000, 0x00000000e4c00000, 0x00000000e4d00000|  0%| F|  |TAMS 0x00000000e4c00000, 0x00000000e4c00000| Untracked 
|  77|0x00000000e4d00000, 0x00000000e4d00000, 0x00000000e4e00000|  0%| F|  |TAMS 0x00000000e4d00000, 0x00000000e4d00000| Untracked 
|  78|0x00000000e4e00000, 0x00000000e4e00000, 0x00000000e4f00000|  0%| F|  |TAMS 0x00000000e4e00000, 0x00000000e4e00000| Untracked 
|  79|0x00000000e4f00000, 0x00000000e4f00000, 0x00000000e5000000|  0%| F|  |TAMS 0x00000000e4f00000, 0x00000000e4f00000| Untracked 
|  80|0x00000000e5000000, 0x00000000e5000000, 0x00000000e5100000|  0%| F|  |TAMS 0x00000000e5000000, 0x00000000e5000000| Untracked 
|  81|0x00000000e5100000, 0x00000000e5100000, 0x00000000e5200000|  0%| F|  |TAMS 0x00000000e5100000, 0x00000000e5100000| Untracked 
|  82|0x00000000e5200000, 0x00000000e5200000, 0x00000000e5300000|  0%| F|  |TAMS 0x00000000e5200000, 0x00000000e5200000| Untracked 
|  83|0x00000000e5300000, 0x00000000e5300000, 0x00000000e5400000|  0%| F|  |TAMS 0x00000000e5300000, 0x00000000e5300000| Untracked 
|  84|0x00000000e5400000, 0x00000000e5400000, 0x00000000e5500000|  0%| F|  |TAMS 0x00000000e5400000, 0x00000000e5400000| Untracked 
|  85|0x00000000e5500000, 0x00000000e5500000, 0x00000000e5600000|  0%| F|  |TAMS 0x00000000e5500000, 0x00000000e5500000| Untracked 
|  86|0x00000000e5600000, 0x00000000e5700000, 0x00000000e5700000|100%| S|CS|TAMS 0x00000000e5600000, 0x00000000e5600000| Complete 
|  87|0x00000000e5700000, 0x00000000e5800000, 0x00000000e5800000|100%| S|CS|TAMS 0x00000000e5700000, 0x00000000e5700000| Complete 
|  88|0x00000000e5800000, 0x00000000e5900000, 0x00000000e5900000|100%| S|CS|TAMS 0x00000000e5800000, 0x00000000e5800000| Complete 
|  89|0x00000000e5900000, 0x00000000e5a00000, 0x00000000e5a00000|100%| S|CS|TAMS 0x00000000e5900000, 0x00000000e5900000| Complete 
|  90|0x00000000e5a00000, 0x00000000e5b00000, 0x00000000e5b00000|100%| S|CS|TAMS 0x00000000e5a00000, 0x00000000e5a00000| Complete 
|  91|0x00000000e5b00000, 0x00000000e5c00000, 0x00000000e5c00000|100%| S|CS|TAMS 0x00000000e5b00000, 0x00000000e5b00000| Complete 
|  92|0x00000000e5c00000, 0x00000000e5d00000, 0x00000000e5d00000|100%| S|CS|TAMS 0x00000000e5c00000, 0x00000000e5c00000| Complete 
|  93|0x00000000e5d00000, 0x00000000e5e00000, 0x00000000e5e00000|100%| S|CS|TAMS 0x00000000e5d00000, 0x00000000e5d00000| Complete 
|  94|0x00000000e5e00000, 0x00000000e5f00000, 0x00000000e5f00000|100%| S|CS|TAMS 0x00000000e5e00000, 0x00000000e5e00000| Complete 
|  95|0x00000000e5f00000, 0x00000000e6000000, 0x00000000e6000000|100%| S|CS|TAMS 0x00000000e5f00000, 0x00000000e5f00000| Complete 
|  96|0x00000000e6000000, 0x00000000e6100000, 0x00000000e6100000|100%| S|CS|TAMS 0x00000000e6000000, 0x00000000e6000000| Complete 
|  97|0x00000000e6100000, 0x00000000e6200000, 0x00000000e6200000|100%| S|CS|TAMS 0x00000000e6100000, 0x00000000e6100000| Complete 
|  98|0x00000000e6200000, 0x00000000e6300000, 0x00000000e6300000|100%| S|CS|TAMS 0x00000000e6200000, 0x00000000e6200000| Complete 
|  99|0x00000000e6300000, 0x00000000e6400000, 0x00000000e6400000|100%| S|CS|TAMS 0x00000000e6300000, 0x00000000e6300000| Complete 
| 100|0x00000000e6400000, 0x00000000e6500000, 0x00000000e6500000|100%| S|CS|TAMS 0x00000000e6400000, 0x00000000e6400000| Complete 
| 101|0x00000000e6500000, 0x00000000e6600000, 0x00000000e6600000|100%| S|CS|TAMS 0x00000000e6500000, 0x00000000e6500000| Complete 
| 102|0x00000000e6600000, 0x00000000e6700000, 0x00000000e6700000|100%| S|CS|TAMS 0x00000000e6600000, 0x00000000e6600000| Complete 
| 103|0x00000000e6700000, 0x00000000e6700000, 0x00000000e6800000|  0%| F|  |TAMS 0x00000000e6700000, 0x00000000e6700000| Untracked 
| 104|0x00000000e6800000, 0x00000000e6800000, 0x00000000e6900000|  0%| F|  |TAMS 0x00000000e6800000, 0x00000000e6800000| Untracked 
| 105|0x00000000e6900000, 0x00000000e6900000, 0x00000000e6a00000|  0%| F|  |TAMS 0x00000000e6900000, 0x00000000e6900000| Untracked 
| 106|0x00000000e6a00000, 0x00000000e6a00000, 0x00000000e6b00000|  0%| F|  |TAMS 0x00000000e6a00000, 0x00000000e6a00000| Untracked 
| 107|0x00000000e6b00000, 0x00000000e6b00000, 0x00000000e6c00000|  0%| F|  |TAMS 0x00000000e6b00000, 0x00000000e6b00000| Untracked 
| 108|0x00000000e6c00000, 0x00000000e6c00000, 0x00000000e6d00000|  0%| F|  |TAMS 0x00000000e6c00000, 0x00000000e6c00000| Untracked 
| 109|0x00000000e6d00000, 0x00000000e6d00000, 0x00000000e6e00000|  0%| F|  |TAMS 0x00000000e6d00000, 0x00000000e6d00000| Untracked 
| 110|0x00000000e6e00000, 0x00000000e6e00000, 0x00000000e6f00000|  0%| F|  |TAMS 0x00000000e6e00000, 0x00000000e6e00000| Untracked 
| 111|0x00000000e6f00000, 0x00000000e6f00000, 0x00000000e7000000|  0%| F|  |TAMS 0x00000000e6f00000, 0x00000000e6f00000| Untracked 
| 112|0x00000000e7000000, 0x00000000e7000000, 0x00000000e7100000|  0%| F|  |TAMS 0x00000000e7000000, 0x00000000e7000000| Untracked 
| 113|0x00000000e7100000, 0x00000000e7100000, 0x00000000e7200000|  0%| F|  |TAMS 0x00000000e7100000, 0x00000000e7100000| Untracked 
| 114|0x00000000e7200000, 0x00000000e7200000, 0x00000000e7300000|  0%| F|  |TAMS 0x00000000e7200000, 0x00000000e7200000| Untracked 
| 115|0x00000000e7300000, 0x00000000e7300000, 0x00000000e7400000|  0%| F|  |TAMS 0x00000000e7300000, 0x00000000e7300000| Untracked 
| 116|0x00000000e7400000, 0x00000000e7400000, 0x00000000e7500000|  0%| F|  |TAMS 0x00000000e7400000, 0x00000000e7400000| Untracked 
| 117|0x00000000e7500000, 0x00000000e7500000, 0x00000000e7600000|  0%| F|  |TAMS 0x00000000e7500000, 0x00000000e7500000| Untracked 
| 118|0x00000000e7600000, 0x00000000e7600000, 0x00000000e7700000|  0%| F|  |TAMS 0x00000000e7600000, 0x00000000e7600000| Untracked 
| 119|0x00000000e7700000, 0x00000000e7700000, 0x00000000e7800000|  0%| F|  |TAMS 0x00000000e7700000, 0x00000000e7700000| Untracked 
| 120|0x00000000e7800000, 0x00000000e7800000, 0x00000000e7900000|  0%| F|  |TAMS 0x00000000e7800000, 0x00000000e7800000| Untracked 
| 121|0x00000000e7900000, 0x00000000e7900000, 0x00000000e7a00000|  0%| F|  |TAMS 0x00000000e7900000, 0x00000000e7900000| Untracked 
| 122|0x00000000e7a00000, 0x00000000e7a00000, 0x00000000e7b00000|  0%| F|  |TAMS 0x00000000e7a00000, 0x00000000e7a00000| Untracked 
| 123|0x00000000e7b00000, 0x00000000e7b00000, 0x00000000e7c00000|  0%| F|  |TAMS 0x00000000e7b00000, 0x00000000e7b00000| Untracked 
| 124|0x00000000e7c00000, 0x00000000e7c00000, 0x00000000e7d00000|  0%| F|  |TAMS 0x00000000e7c00000, 0x00000000e7c00000| Untracked 
| 125|0x00000000e7d00000, 0x00000000e7d00000, 0x00000000e7e00000|  0%| F|  |TAMS 0x00000000e7d00000, 0x00000000e7d00000| Untracked 
| 126|0x00000000e7e00000, 0x00000000e7e00000, 0x00000000e7f00000|  0%| F|  |TAMS 0x00000000e7e00000, 0x00000000e7e00000| Untracked 
| 127|0x00000000e7f00000, 0x00000000e7f00000, 0x00000000e8000000|  0%| F|  |TAMS 0x00000000e7f00000, 0x00000000e7f00000| Untracked 
| 128|0x00000000e8000000, 0x00000000e8000000, 0x00000000e8100000|  0%| F|  |TAMS 0x00000000e8000000, 0x00000000e8000000| Untracked 
| 129|0x00000000e8100000, 0x00000000e8100000, 0x00000000e8200000|  0%| F|  |TAMS 0x00000000e8100000, 0x00000000e8100000| Untracked 
| 130|0x00000000e8200000, 0x00000000e8200000, 0x00000000e8300000|  0%| F|  |TAMS 0x00000000e8200000, 0x00000000e8200000| Untracked 
| 131|0x00000000e8300000, 0x00000000e8300000, 0x00000000e8400000|  0%| F|  |TAMS 0x00000000e8300000, 0x00000000e8300000| Untracked 
| 132|0x00000000e8400000, 0x00000000e8400000, 0x00000000e8500000|  0%| F|  |TAMS 0x00000000e8400000, 0x00000000e8400000| Untracked 
| 133|0x00000000e8500000, 0x00000000e8500000, 0x00000000e8600000|  0%| F|  |TAMS 0x00000000e8500000, 0x00000000e8500000| Untracked 
| 134|0x00000000e8600000, 0x00000000e8600000, 0x00000000e8700000|  0%| F|  |TAMS 0x00000000e8600000, 0x00000000e8600000| Untracked 
| 135|0x00000000e8700000, 0x00000000e8700000, 0x00000000e8800000|  0%| F|  |TAMS 0x00000000e8700000, 0x00000000e8700000| Untracked 
| 136|0x00000000e8800000, 0x00000000e8800000, 0x00000000e8900000|  0%| F|  |TAMS 0x00000000e8800000, 0x00000000e8800000| Untracked 
| 137|0x00000000e8900000, 0x00000000e8900000, 0x00000000e8a00000|  0%| F|  |TAMS 0x00000000e8900000, 0x00000000e8900000| Untracked 
| 138|0x00000000e8a00000, 0x00000000e8a00000, 0x00000000e8b00000|  0%| F|  |TAMS 0x00000000e8a00000, 0x00000000e8a00000| Untracked 
| 139|0x00000000e8b00000, 0x00000000e8b00000, 0x00000000e8c00000|  0%| F|  |TAMS 0x00000000e8b00000, 0x00000000e8b00000| Untracked 
| 140|0x00000000e8c00000, 0x00000000e8c00000, 0x00000000e8d00000|  0%| F|  |TAMS 0x00000000e8c00000, 0x00000000e8c00000| Untracked 
| 141|0x00000000e8d00000, 0x00000000e8d00000, 0x00000000e8e00000|  0%| F|  |TAMS 0x00000000e8d00000, 0x00000000e8d00000| Untracked 
| 142|0x00000000e8e00000, 0x00000000e8e00000, 0x00000000e8f00000|  0%| F|  |TAMS 0x00000000e8e00000, 0x00000000e8e00000| Untracked 
| 143|0x00000000e8f00000, 0x00000000e8f00000, 0x00000000e9000000|  0%| F|  |TAMS 0x00000000e8f00000, 0x00000000e8f00000| Untracked 
| 144|0x00000000e9000000, 0x00000000e9000000, 0x00000000e9100000|  0%| F|  |TAMS 0x00000000e9000000, 0x00000000e9000000| Untracked 
| 145|0x00000000e9100000, 0x00000000e9100000, 0x00000000e9200000|  0%| F|  |TAMS 0x00000000e9100000, 0x00000000e9100000| Untracked 
| 146|0x00000000e9200000, 0x00000000e9200000, 0x00000000e9300000|  0%| F|  |TAMS 0x00000000e9200000, 0x00000000e9200000| Untracked 
| 147|0x00000000e9300000, 0x00000000e9300000, 0x00000000e9400000|  0%| F|  |TAMS 0x00000000e9300000, 0x00000000e9300000| Untracked 
| 148|0x00000000e9400000, 0x00000000e9400000, 0x00000000e9500000|  0%| F|  |TAMS 0x00000000e9400000, 0x00000000e9400000| Untracked 
| 149|0x00000000e9500000, 0x00000000e9500000, 0x00000000e9600000|  0%| F|  |TAMS 0x00000000e9500000, 0x00000000e9500000| Untracked 
| 150|0x00000000e9600000, 0x00000000e9600000, 0x00000000e9700000|  0%| F|  |TAMS 0x00000000e9600000, 0x00000000e9600000| Untracked 
| 151|0x00000000e9700000, 0x00000000e9700000, 0x00000000e9800000|  0%| F|  |TAMS 0x00000000e9700000, 0x00000000e9700000| Untracked 
| 152|0x00000000e9800000, 0x00000000e9800000, 0x00000000e9900000|  0%| F|  |TAMS 0x00000000e9800000, 0x00000000e9800000| Untracked 
| 153|0x00000000e9900000, 0x00000000e9900000, 0x00000000e9a00000|  0%| F|  |TAMS 0x00000000e9900000, 0x00000000e9900000| Untracked 
| 154|0x00000000e9a00000, 0x00000000e9a00000, 0x00000000e9b00000|  0%| F|  |TAMS 0x00000000e9a00000, 0x00000000e9a00000| Untracked 
| 155|0x00000000e9b00000, 0x00000000e9b00000, 0x00000000e9c00000|  0%| F|  |TAMS 0x00000000e9b00000, 0x00000000e9b00000| Untracked 
| 156|0x00000000e9c00000, 0x00000000e9c00000, 0x00000000e9d00000|  0%| F|  |TAMS 0x00000000e9c00000, 0x00000000e9c00000| Untracked 
| 157|0x00000000e9d00000, 0x00000000e9d00000, 0x00000000e9e00000|  0%| F|  |TAMS 0x00000000e9d00000, 0x00000000e9d00000| Untracked 
| 158|0x00000000e9e00000, 0x00000000e9e00000, 0x00000000e9f00000|  0%| F|  |TAMS 0x00000000e9e00000, 0x00000000e9e00000| Untracked 
| 159|0x00000000e9f00000, 0x00000000e9f00000, 0x00000000ea000000|  0%| F|  |TAMS 0x00000000e9f00000, 0x00000000e9f00000| Untracked 
| 160|0x00000000ea000000, 0x00000000ea000000, 0x00000000ea100000|  0%| F|  |TAMS 0x00000000ea000000, 0x00000000ea000000| Untracked 
| 161|0x00000000ea100000, 0x00000000ea100000, 0x00000000ea200000|  0%| F|  |TAMS 0x00000000ea100000, 0x00000000ea100000| Untracked 
| 162|0x00000000ea200000, 0x00000000ea200000, 0x00000000ea300000|  0%| F|  |TAMS 0x00000000ea200000, 0x00000000ea200000| Untracked 
| 163|0x00000000ea300000, 0x00000000ea300000, 0x00000000ea400000|  0%| F|  |TAMS 0x00000000ea300000, 0x00000000ea300000| Untracked 
| 164|0x00000000ea400000, 0x00000000ea400000, 0x00000000ea500000|  0%| F|  |TAMS 0x00000000ea400000, 0x00000000ea400000| Untracked 
| 165|0x00000000ea500000, 0x00000000ea500000, 0x00000000ea600000|  0%| F|  |TAMS 0x00000000ea500000, 0x00000000ea500000| Untracked 
| 166|0x00000000ea600000, 0x00000000ea600000, 0x00000000ea700000|  0%| F|  |TAMS 0x00000000ea600000, 0x00000000ea600000| Untracked 
| 167|0x00000000ea700000, 0x00000000ea700000, 0x00000000ea800000|  0%| F|  |TAMS 0x00000000ea700000, 0x00000000ea700000| Untracked 
| 168|0x00000000ea800000, 0x00000000ea800000, 0x00000000ea900000|  0%| F|  |TAMS 0x00000000ea800000, 0x00000000ea800000| Untracked 
| 169|0x00000000ea900000, 0x00000000ea900000, 0x00000000eaa00000|  0%| F|  |TAMS 0x00000000ea900000, 0x00000000ea900000| Untracked 
| 170|0x00000000eaa00000, 0x00000000eaa00000, 0x00000000eab00000|  0%| F|  |TAMS 0x00000000eaa00000, 0x00000000eaa00000| Untracked 
| 171|0x00000000eab00000, 0x00000000eab00000, 0x00000000eac00000|  0%| F|  |TAMS 0x00000000eab00000, 0x00000000eab00000| Untracked 
| 172|0x00000000eac00000, 0x00000000eac00000, 0x00000000ead00000|  0%| F|  |TAMS 0x00000000eac00000, 0x00000000eac00000| Untracked 
| 173|0x00000000ead00000, 0x00000000ead00000, 0x00000000eae00000|  0%| F|  |TAMS 0x00000000ead00000, 0x00000000ead00000| Untracked 
| 174|0x00000000eae00000, 0x00000000eae00000, 0x00000000eaf00000|  0%| F|  |TAMS 0x00000000eae00000, 0x00000000eae00000| Untracked 
| 175|0x00000000eaf00000, 0x00000000eaf00000, 0x00000000eb000000|  0%| F|  |TAMS 0x00000000eaf00000, 0x00000000eaf00000| Untracked 
| 176|0x00000000eb000000, 0x00000000eb000000, 0x00000000eb100000|  0%| F|  |TAMS 0x00000000eb000000, 0x00000000eb000000| Untracked 
| 177|0x00000000eb100000, 0x00000000eb100000, 0x00000000eb200000|  0%| F|  |TAMS 0x00000000eb100000, 0x00000000eb100000| Untracked 
| 178|0x00000000eb200000, 0x00000000eb200000, 0x00000000eb300000|  0%| F|  |TAMS 0x00000000eb200000, 0x00000000eb200000| Untracked 
| 179|0x00000000eb300000, 0x00000000eb300000, 0x00000000eb400000|  0%| F|  |TAMS 0x00000000eb300000, 0x00000000eb300000| Untracked 
| 180|0x00000000eb400000, 0x00000000eb400000, 0x00000000eb500000|  0%| F|  |TAMS 0x00000000eb400000, 0x00000000eb400000| Untracked 
| 181|0x00000000eb500000, 0x00000000eb500000, 0x00000000eb600000|  0%| F|  |TAMS 0x00000000eb500000, 0x00000000eb500000| Untracked 
| 182|0x00000000eb600000, 0x00000000eb600000, 0x00000000eb700000|  0%| F|  |TAMS 0x00000000eb600000, 0x00000000eb600000| Untracked 
| 183|0x00000000eb700000, 0x00000000eb700000, 0x00000000eb800000|  0%| F|  |TAMS 0x00000000eb700000, 0x00000000eb700000| Untracked 
| 184|0x00000000eb800000, 0x00000000eb800000, 0x00000000eb900000|  0%| F|  |TAMS 0x00000000eb800000, 0x00000000eb800000| Untracked 
| 185|0x00000000eb900000, 0x00000000eb900000, 0x00000000eba00000|  0%| F|  |TAMS 0x00000000eb900000, 0x00000000eb900000| Untracked 
| 186|0x00000000eba00000, 0x00000000eba00000, 0x00000000ebb00000|  0%| F|  |TAMS 0x00000000eba00000, 0x00000000eba00000| Untracked 
| 187|0x00000000ebb00000, 0x00000000ebb00000, 0x00000000ebc00000|  0%| F|  |TAMS 0x00000000ebb00000, 0x00000000ebb00000| Untracked 
| 188|0x00000000ebc00000, 0x00000000ebc00000, 0x00000000ebd00000|  0%| F|  |TAMS 0x00000000ebc00000, 0x00000000ebc00000| Untracked 
| 189|0x00000000ebd00000, 0x00000000ebd00000, 0x00000000ebe00000|  0%| F|  |TAMS 0x00000000ebd00000, 0x00000000ebd00000| Untracked 
| 190|0x00000000ebe00000, 0x00000000ebe00000, 0x00000000ebf00000|  0%| F|  |TAMS 0x00000000ebe00000, 0x00000000ebe00000| Untracked 
| 191|0x00000000ebf00000, 0x00000000ebfd8968, 0x00000000ec000000| 84%| E|  |TAMS 0x00000000ebf00000, 0x00000000ebf00000| Complete 
| 192|0x00000000ec000000, 0x00000000ec100000, 0x00000000ec100000|100%| E|CS|TAMS 0x00000000ec000000, 0x00000000ec000000| Complete 
| 193|0x00000000ec100000, 0x00000000ec200000, 0x00000000ec200000|100%| E|CS|TAMS 0x00000000ec100000, 0x00000000ec100000| Complete 
| 194|0x00000000ec200000, 0x00000000ec300000, 0x00000000ec300000|100%| E|CS|TAMS 0x00000000ec200000, 0x00000000ec200000| Complete 
| 195|0x00000000ec300000, 0x00000000ec400000, 0x00000000ec400000|100%| E|CS|TAMS 0x00000000ec300000, 0x00000000ec300000| Complete 
| 196|0x00000000ec400000, 0x00000000ec500000, 0x00000000ec500000|100%| E|CS|TAMS 0x00000000ec400000, 0x00000000ec400000| Complete 
| 197|0x00000000ec500000, 0x00000000ec600000, 0x00000000ec600000|100%| E|CS|TAMS 0x00000000ec500000, 0x00000000ec500000| Complete 
| 198|0x00000000ec600000, 0x00000000ec700000, 0x00000000ec700000|100%| E|CS|TAMS 0x00000000ec600000, 0x00000000ec600000| Complete 
| 199|0x00000000ec700000, 0x00000000ec800000, 0x00000000ec800000|100%| E|CS|TAMS 0x00000000ec700000, 0x00000000ec700000| Complete 
| 200|0x00000000ec800000, 0x00000000ec900000, 0x00000000ec900000|100%| E|CS|TAMS 0x00000000ec800000, 0x00000000ec800000| Complete 
| 201|0x00000000ec900000, 0x00000000eca00000, 0x00000000eca00000|100%| E|CS|TAMS 0x00000000ec900000, 0x00000000ec900000| Complete 
| 202|0x00000000eca00000, 0x00000000ecb00000, 0x00000000ecb00000|100%| E|CS|TAMS 0x00000000eca00000, 0x00000000eca00000| Complete 
| 203|0x00000000ecb00000, 0x00000000ecc00000, 0x00000000ecc00000|100%| E|CS|TAMS 0x00000000ecb00000, 0x00000000ecb00000| Complete 
| 204|0x00000000ecc00000, 0x00000000ecd00000, 0x00000000ecd00000|100%| E|CS|TAMS 0x00000000ecc00000, 0x00000000ecc00000| Complete 
| 205|0x00000000ecd00000, 0x00000000ece00000, 0x00000000ece00000|100%| E|CS|TAMS 0x00000000ecd00000, 0x00000000ecd00000| Complete 
| 206|0x00000000ece00000, 0x00000000ecf00000, 0x00000000ecf00000|100%| E|CS|TAMS 0x00000000ece00000, 0x00000000ece00000| Complete 
| 207|0x00000000ecf00000, 0x00000000ed000000, 0x00000000ed000000|100%| E|CS|TAMS 0x00000000ecf00000, 0x00000000ecf00000| Complete 
| 208|0x00000000ed000000, 0x00000000ed100000, 0x00000000ed100000|100%| E|CS|TAMS 0x00000000ed000000, 0x00000000ed000000| Complete 
| 209|0x00000000ed100000, 0x00000000ed200000, 0x00000000ed200000|100%| E|CS|TAMS 0x00000000ed100000, 0x00000000ed100000| Complete 
| 210|0x00000000ed200000, 0x00000000ed300000, 0x00000000ed300000|100%| E|CS|TAMS 0x00000000ed200000, 0x00000000ed200000| Complete 
| 211|0x00000000ed300000, 0x00000000ed400000, 0x00000000ed400000|100%| E|CS|TAMS 0x00000000ed300000, 0x00000000ed300000| Complete 
| 212|0x00000000ed400000, 0x00000000ed500000, 0x00000000ed500000|100%| E|CS|TAMS 0x00000000ed400000, 0x00000000ed400000| Complete 
| 213|0x00000000ed500000, 0x00000000ed600000, 0x00000000ed600000|100%| E|CS|TAMS 0x00000000ed500000, 0x00000000ed500000| Complete 
| 214|0x00000000ed600000, 0x00000000ed700000, 0x00000000ed700000|100%| E|CS|TAMS 0x00000000ed600000, 0x00000000ed600000| Complete 
| 215|0x00000000ed700000, 0x00000000ed800000, 0x00000000ed800000|100%| E|CS|TAMS 0x00000000ed700000, 0x00000000ed700000| Complete 
| 216|0x00000000ed800000, 0x00000000ed900000, 0x00000000ed900000|100%| E|CS|TAMS 0x00000000ed800000, 0x00000000ed800000| Complete 
| 217|0x00000000ed900000, 0x00000000eda00000, 0x00000000eda00000|100%| E|CS|TAMS 0x00000000ed900000, 0x00000000ed900000| Complete 
| 218|0x00000000eda00000, 0x00000000edb00000, 0x00000000edb00000|100%| E|CS|TAMS 0x00000000eda00000, 0x00000000eda00000| Complete 
| 219|0x00000000edb00000, 0x00000000edc00000, 0x00000000edc00000|100%| E|CS|TAMS 0x00000000edb00000, 0x00000000edb00000| Complete 
| 220|0x00000000edc00000, 0x00000000edd00000, 0x00000000edd00000|100%| E|CS|TAMS 0x00000000edc00000, 0x00000000edc00000| Complete 
| 221|0x00000000edd00000, 0x00000000ede00000, 0x00000000ede00000|100%| E|CS|TAMS 0x00000000edd00000, 0x00000000edd00000| Complete 
| 222|0x00000000ede00000, 0x00000000edf00000, 0x00000000edf00000|100%| E|CS|TAMS 0x00000000ede00000, 0x00000000ede00000| Complete 
| 223|0x00000000edf00000, 0x00000000ee000000, 0x00000000ee000000|100%| E|CS|TAMS 0x00000000edf00000, 0x00000000edf00000| Complete 
| 224|0x00000000ee000000, 0x00000000ee100000, 0x00000000ee100000|100%| E|CS|TAMS 0x00000000ee000000, 0x00000000ee000000| Complete 
| 225|0x00000000ee100000, 0x00000000ee200000, 0x00000000ee200000|100%| E|CS|TAMS 0x00000000ee100000, 0x00000000ee100000| Complete 
| 226|0x00000000ee200000, 0x00000000ee300000, 0x00000000ee300000|100%| E|CS|TAMS 0x00000000ee200000, 0x00000000ee200000| Complete 
| 227|0x00000000ee300000, 0x00000000ee400000, 0x00000000ee400000|100%| E|CS|TAMS 0x00000000ee300000, 0x00000000ee300000| Complete 
| 228|0x00000000ee400000, 0x00000000ee500000, 0x00000000ee500000|100%| E|CS|TAMS 0x00000000ee400000, 0x00000000ee400000| Complete 
| 229|0x00000000ee500000, 0x00000000ee600000, 0x00000000ee600000|100%| E|CS|TAMS 0x00000000ee500000, 0x00000000ee500000| Complete 
| 230|0x00000000ee600000, 0x00000000ee700000, 0x00000000ee700000|100%| E|CS|TAMS 0x00000000ee600000, 0x00000000ee600000| Complete 
| 231|0x00000000ee700000, 0x00000000ee800000, 0x00000000ee800000|100%| E|CS|TAMS 0x00000000ee700000, 0x00000000ee700000| Complete 
| 232|0x00000000ee800000, 0x00000000ee900000, 0x00000000ee900000|100%| E|CS|TAMS 0x00000000ee800000, 0x00000000ee800000| Complete 
| 233|0x00000000ee900000, 0x00000000eea00000, 0x00000000eea00000|100%| E|CS|TAMS 0x00000000ee900000, 0x00000000ee900000| Complete 
| 234|0x00000000eea00000, 0x00000000eeb00000, 0x00000000eeb00000|100%| E|CS|TAMS 0x00000000eea00000, 0x00000000eea00000| Complete 
| 235|0x00000000eeb00000, 0x00000000eec00000, 0x00000000eec00000|100%| E|CS|TAMS 0x00000000eeb00000, 0x00000000eeb00000| Complete 
| 236|0x00000000eec00000, 0x00000000eed00000, 0x00000000eed00000|100%| E|CS|TAMS 0x00000000eec00000, 0x00000000eec00000| Complete 
| 237|0x00000000eed00000, 0x00000000eee00000, 0x00000000eee00000|100%| E|CS|TAMS 0x00000000eed00000, 0x00000000eed00000| Complete 
| 238|0x00000000eee00000, 0x00000000eef00000, 0x00000000eef00000|100%| E|CS|TAMS 0x00000000eee00000, 0x00000000eee00000| Complete 
| 239|0x00000000eef00000, 0x00000000ef000000, 0x00000000ef000000|100%| E|CS|TAMS 0x00000000eef00000, 0x00000000eef00000| Complete 
| 240|0x00000000ef000000, 0x00000000ef100000, 0x00000000ef100000|100%| E|CS|TAMS 0x00000000ef000000, 0x00000000ef000000| Complete 
| 241|0x00000000ef100000, 0x00000000ef200000, 0x00000000ef200000|100%| E|CS|TAMS 0x00000000ef100000, 0x00000000ef100000| Complete 
| 242|0x00000000ef200000, 0x00000000ef300000, 0x00000000ef300000|100%| E|CS|TAMS 0x00000000ef200000, 0x00000000ef200000| Complete 
| 243|0x00000000ef300000, 0x00000000ef400000, 0x00000000ef400000|100%| E|CS|TAMS 0x00000000ef300000, 0x00000000ef300000| Complete 
| 244|0x00000000ef400000, 0x00000000ef500000, 0x00000000ef500000|100%| E|CS|TAMS 0x00000000ef400000, 0x00000000ef400000| Complete 
| 245|0x00000000ef500000, 0x00000000ef600000, 0x00000000ef600000|100%| E|CS|TAMS 0x00000000ef500000, 0x00000000ef500000| Complete 
| 246|0x00000000ef600000, 0x00000000ef700000, 0x00000000ef700000|100%| E|CS|TAMS 0x00000000ef600000, 0x00000000ef600000| Complete 
| 247|0x00000000ef700000, 0x00000000ef800000, 0x00000000ef800000|100%| E|CS|TAMS 0x00000000ef700000, 0x00000000ef700000| Complete 
| 248|0x00000000ef800000, 0x00000000ef900000, 0x00000000ef900000|100%| E|CS|TAMS 0x00000000ef800000, 0x00000000ef800000| Complete 
| 249|0x00000000ef900000, 0x00000000efa00000, 0x00000000efa00000|100%| E|CS|TAMS 0x00000000ef900000, 0x00000000ef900000| Complete 
| 250|0x00000000efa00000, 0x00000000efb00000, 0x00000000efb00000|100%| E|CS|TAMS 0x00000000efa00000, 0x00000000efa00000| Complete 
| 251|0x00000000efb00000, 0x00000000efc00000, 0x00000000efc00000|100%| E|CS|TAMS 0x00000000efb00000, 0x00000000efb00000| Complete 
| 252|0x00000000efc00000, 0x00000000efd00000, 0x00000000efd00000|100%| E|CS|TAMS 0x00000000efc00000, 0x00000000efc00000| Complete 
| 253|0x00000000efd00000, 0x00000000efe00000, 0x00000000efe00000|100%| E|CS|TAMS 0x00000000efd00000, 0x00000000efd00000| Complete 
| 254|0x00000000efe00000, 0x00000000eff00000, 0x00000000eff00000|100%| E|CS|TAMS 0x00000000efe00000, 0x00000000efe00000| Complete 
| 255|0x00000000eff00000, 0x00000000f0000000, 0x00000000f0000000|100%| E|CS|TAMS 0x00000000eff00000, 0x00000000eff00000| Complete 

Card table byte_map: [0x000001c07f920000,0x000001c07fa20000] _byte_map_base: 0x000001c07f220000

Marking Bits (Prev, Next): (CMBitMap*) 0x000001c077e2cff0, (CMBitMap*) 0x000001c077e2d030
 Prev Bits: [0x000001c00f000000, 0x000001c00f800000)
 Next Bits: [0x000001c00f800000, 0x000001c010000000)

Polling page: 0x000001c075c50000

Metaspace:

Usage:
  Non-class:     46.46 MB used.
      Class:      7.51 MB used.
       Both:     53.96 MB used.

Virtual space:
  Non-class space:       64.00 MB reserved,      46.75 MB ( 73%) committed,  1 nodes.
      Class space:      320.00 MB reserved,       7.75 MB (  2%) committed,  1 nodes.
             Both:      384.00 MB reserved,      54.50 MB ( 14%) committed. 

Chunk freelists:
   Non-Class:  1.22 MB
       Class:  8.22 MB
        Both:  9.43 MB

MaxMetaspaceSize: 384.00 MB
CompressedClassSpaceSize: 320.00 MB
Initial GC threshold: 21.00 MB
Current GC threshold: 58.88 MB
CDS: on
MetaspaceReclaimPolicy: balanced
 - commit_granule_bytes: 65536.
 - commit_granule_words: 8192.
 - virtual_space_node_default_size: 8388608.
 - enlarge_chunks_in_place: 1.
 - new_chunks_are_fully_committed: 0.
 - uncommit_free_chunks: 1.
 - use_allocation_guard: 0.
 - handle_deallocations: 1.


Internal statistics:

num_allocs_failed_limit: 6.
num_arena_births: 644.
num_arena_deaths: 0.
num_vsnodes_births: 2.
num_vsnodes_deaths: 0.
num_space_committed: 872.
num_space_uncommitted: 0.
num_chunks_returned_to_freelist: 6.
num_chunks_taken_from_freelist: 2960.
num_chunk_merges: 6.
num_chunk_splits: 1900.
num_chunks_enlarged: 1231.
num_inconsistent_stats: 0.

CodeHeap 'non-profiled nmethods': size=120000Kb used=5052Kb max_used=5052Kb free=114947Kb
 bounds [0x000001c007ad0000, 0x000001c007fc0000, 0x000001c00f000000]
CodeHeap 'profiled nmethods': size=120000Kb used=17347Kb max_used=17347Kb free=102653Kb
 bounds [0x000001c000000000, 0x000001c001100000, 0x000001c007530000]
CodeHeap 'non-nmethods': size=5760Kb used=2327Kb max_used=2391Kb free=3432Kb
 bounds [0x000001c007530000, 0x000001c0077a0000, 0x000001c007ad0000]
 total_blobs=9536 nmethods=8697 adapters=751
 compilation: enabled
              stopped_count=0, restarted_count=0
 full_count=0

Compilation events (20 events):
Event: 28.182 Thread 0x000001c0121d7080 9545       3       io.spring.gradle.dependencymanagement.org.apache.maven.model.ReportPlugin::getReportSets (23 bytes)
Event: 28.183 Thread 0x000001c0121d7080 nmethod 9545 0x000001c0010e9410 code [0x000001c0010e95e0, 0x000001c0010e99d8]
Event: 28.183 Thread 0x000001c0121d7080 9546       3       io.spring.gradle.dependencymanagement.org.apache.maven.model.IssueManagement::getLocation (147 bytes)
Event: 28.183 Thread 0x000001c0121aab10 9548       4       io.spring.gradle.dependencymanagement.org.apache.maven.model.Plugin::getDependencies (23 bytes)
Event: 28.184 Thread 0x000001c0121d7080 nmethod 9546 0x000001c0010e9b10 code [0x000001c0010e9d80, 0x000001c0010ea9d8]
Event: 28.184 Thread 0x000001c0121d7080 9547       3       io.spring.gradle.dependencymanagement.org.apache.maven.model.IssueManagement::setLocation (156 bytes)
Event: 28.186 Thread 0x000001c0121d7080 nmethod 9547 0x000001c0010eac10 code [0x000001c0010eaec0, 0x000001c0010ebfb8]
Event: 28.186 Thread 0x000001c0121aab10 nmethod 9548 0x000001c007fb4810 code [0x000001c007fb49a0, 0x000001c007fb4b58]
Event: 28.192 Thread 0x000001c02fb70860 nmethod 9346 0x000001c007fb4c10 code [0x000001c007fb50e0, 0x000001c007fbae00]
Event: 28.328 Thread 0x000001c0121d7080 9549       3       java.util.regex.Pattern::createGroup (86 bytes)
Event: 28.328 Thread 0x000001c0121aab10 9552       4       java.util.concurrent.ConcurrentHashMap::putAll (63 bytes)
Event: 28.329 Thread 0x000001c0121d7080 nmethod 9549 0x000001c0010ec310 code [0x000001c0010ec500, 0x000001c0010ecd38]
Event: 28.329 Thread 0x000001c0121d7080 9550       3       java.util.regex.Pattern::accept (43 bytes)
Event: 28.329 Thread 0x000001c0121d7080 nmethod 9550 0x000001c0010ecf90 code [0x000001c0010ed160, 0x000001c0010ed478]
Event: 28.329 Thread 0x000001c0121d7080 9551       3       java.util.regex.Pattern$SliceNode::study (37 bytes)
Event: 28.329 Thread 0x000001c0121d7080 nmethod 9551 0x000001c0010ed610 code [0x000001c0010ed7c0, 0x000001c0010ed9c8]
Event: 28.335 Thread 0x000001c0121d7080 9555       3       java.util.IdentityHashMap::init (11 bytes)
Event: 28.335 Thread 0x000001c0121d7080 nmethod 9555 0x000001c0010edb10 code [0x000001c0010edca0, 0x000001c0010ede98]
Event: 28.348 Thread 0x000001c0121d7080 9556       3       java.util.regex.Pattern::clazz (450 bytes)
Event: 28.351 Thread 0x000001c0121d7080 nmethod 9556 0x000001c0010edf90 code [0x000001c0010ee3a0, 0x000001c0010f01f8]

GC Heap History (14 events):
Event: 0.753 GC heap before
{Heap before GC invocations=0 (full 0):
 garbage-first heap   total 262144K, used 13312K [0x00000000e0000000, 0x0000000100000000)
  region size 1024K, 13 young (13312K), 0 survivors (0K)
 Metaspace       used 790K, committed 896K, reserved 393216K
  class space    used 61K, committed 128K, reserved 327680K
}
Event: 0.757 GC heap after
{Heap after GC invocations=1 (full 0):
 garbage-first heap   total 262144K, used 1728K [0x00000000e0000000, 0x0000000100000000)
  region size 1024K, 2 young (2048K), 2 survivors (2048K)
 Metaspace       used 790K, committed 896K, reserved 393216K
  class space    used 61K, committed 128K, reserved 327680K
}
Event: 1.640 GC heap before
{Heap before GC invocations=1 (full 0):
 garbage-first heap   total 262144K, used 22208K [0x00000000e0000000, 0x0000000100000000)
  region size 1024K, 19 young (19456K), 2 survivors (2048K)
 Metaspace       used 3246K, committed 3392K, reserved 393216K
  class space    used 411K, committed 512K, reserved 327680K
}
Event: 1.646 GC heap after
{Heap after GC invocations=2 (full 0):
 garbage-first heap   total 262144K, used 11075K [0x00000000e0000000, 0x0000000100000000)
  region size 1024K, 3 young (3072K), 3 survivors (3072K)
 Metaspace       used 3246K, committed 3392K, reserved 393216K
  class space    used 411K, committed 512K, reserved 327680K
}
Event: 2.457 GC heap before
{Heap before GC invocations=2 (full 0):
 garbage-first heap   total 262144K, used 41795K [0x00000000e0000000, 0x0000000100000000)
  region size 1024K, 33 young (33792K), 3 survivors (3072K)
 Metaspace       used 4056K, committed 4224K, reserved 393216K
  class space    used 502K, committed 640K, reserved 327680K
}
Event: 2.461 GC heap after
{Heap after GC invocations=3 (full 0):
 garbage-first heap   total 262144K, used 12158K [0x00000000e0000000, 0x0000000100000000)
  region size 1024K, 1 young (1024K), 1 survivors (1024K)
 Metaspace       used 4056K, committed 4224K, reserved 393216K
  class space    used 502K, committed 640K, reserved 327680K
}
Event: 6.226 GC heap before
{Heap before GC invocations=3 (full 0):
 garbage-first heap   total 262144K, used 132990K [0x00000000e0000000, 0x0000000100000000)
  region size 1024K, 118 young (120832K), 1 survivors (1024K)
 Metaspace       used 21221K, committed 21504K, reserved 393216K
  class space    used 3123K, committed 3264K, reserved 327680K
}
Event: 6.242 GC heap after
{Heap after GC invocations=4 (full 0):
 garbage-first heap   total 262144K, used 23583K [0x00000000e0000000, 0x0000000100000000)
  region size 1024K, 12 young (12288K), 12 survivors (12288K)
 Metaspace       used 21221K, committed 21504K, reserved 393216K
  class space    used 3123K, committed 3264K, reserved 327680K
}
Event: 9.897 GC heap before
{Heap before GC invocations=5 (full 0):
 garbage-first heap   total 262144K, used 144415K [0x00000000e0000000, 0x0000000100000000)
  region size 1024K, 127 young (130048K), 12 survivors (12288K)
 Metaspace       used 35707K, committed 36096K, reserved 393216K
  class space    used 4963K, committed 5184K, reserved 327680K
}
Event: 9.994 GC heap after
{Heap after GC invocations=6 (full 0):
 garbage-first heap   total 262144K, used 32902K [0x00000000e0000000, 0x0000000100000000)
  region size 1024K, 10 young (10240K), 10 survivors (10240K)
 Metaspace       used 35707K, committed 36096K, reserved 393216K
  class space    used 4963K, committed 5184K, reserved 327680K
}
Event: 15.796 GC heap before
{Heap before GC invocations=7 (full 0):
 garbage-first heap   total 262144K, used 145542K [0x00000000e0000000, 0x0000000100000000)
  region size 1024K, 119 young (121856K), 10 survivors (10240K)
 Metaspace       used 46889K, committed 47360K, reserved 393216K
  class space    used 6627K, committed 6848K, reserved 327680K
}
Event: 15.816 GC heap after
{Heap after GC invocations=8 (full 0):
 garbage-first heap   total 262144K, used 37893K [0x00000000e0000000, 0x0000000100000000)
  region size 1024K, 6 young (6144K), 6 survivors (6144K)
 Metaspace       used 46889K, committed 47360K, reserved 393216K
  class space    used 6627K, committed 6848K, reserved 327680K
}
Event: 23.569 GC heap before
{Heap before GC invocations=8 (full 0):
 garbage-first heap   total 262144K, used 187397K [0x00000000e0000000, 0x0000000100000000)
  region size 1024K, 153 young (156672K), 6 survivors (6144K)
 Metaspace       used 54561K, committed 55104K, reserved 393216K
  class space    used 7678K, committed 7936K, reserved 327680K
}
Event: 23.600 GC heap after
{Heap after GC invocations=9 (full 0):
 garbage-first heap   total 262144K, used 49771K [0x00000000e0000000, 0x0000000100000000)
  region size 1024K, 17 young (17408K), 17 survivors (17408K)
 Metaspace       used 54561K, committed 55104K, reserved 393216K
  class space    used 7678K, committed 7936K, reserved 327680K
}

Dll operation events (15 events):
Event: 0.018 Loaded shared library C:\Users\Giang\.jdks\corretto-17.0.10\bin\java.dll
Event: 0.047 Loaded shared library C:\Users\Giang\.jdks\corretto-17.0.10\bin\jsvml.dll
Event: 0.215 Loaded shared library C:\Users\Giang\.jdks\corretto-17.0.10\bin\zip.dll
Event: 0.221 Loaded shared library C:\Users\Giang\.jdks\corretto-17.0.10\bin\instrument.dll
Event: 0.230 Loaded shared library C:\Users\Giang\.jdks\corretto-17.0.10\bin\net.dll
Event: 0.233 Loaded shared library C:\Users\Giang\.jdks\corretto-17.0.10\bin\nio.dll
Event: 0.242 Loaded shared library C:\Users\Giang\.jdks\corretto-17.0.10\bin\zip.dll
Event: 0.761 Loaded shared library C:\Users\Giang\.jdks\corretto-17.0.10\bin\jimage.dll
Event: 0.975 Loaded shared library C:\Users\Giang\.jdks\corretto-17.0.10\bin\verify.dll
Event: 1.381 Loaded shared library C:\Users\Giang\.gradle\native\c067742578af261105cb4f569cf0c3c89f3d7b1fecec35dd04571415982c5e48\windows-amd64\native-platform.dll
Event: 1.396 Loaded shared library C:\Users\Giang\.gradle\native\100fb08df4bc3b14c8652ba06237920a3bd2aa13389f12d3474272988ae205f9\windows-amd64\native-platform-file-events.dll
Event: 3.128 Loaded shared library C:\Users\Giang\.jdks\corretto-17.0.10\bin\management.dll
Event: 3.130 Loaded shared library C:\Users\Giang\.jdks\corretto-17.0.10\bin\management_ext.dll
Event: 3.339 Loaded shared library C:\Users\Giang\.jdks\corretto-17.0.10\bin\extnet.dll
Event: 3.649 Loaded shared library C:\Users\Giang\.jdks\corretto-17.0.10\bin\sunmscapi.dll

Deoptimization events (20 events):
Event: 23.749 Thread 0x000001c01286a4a0 Uncommon trap: trap_request=0xffffffbe fr.pc=0x000001c007f11800 relative=0x00000000000003e0
Event: 23.749 Thread 0x000001c01286a4a0 Uncommon trap: reason=profile_predicate action=maybe_recompile pc=0x000001c007f11800 method=java.util.regex.Pattern$Slice.match(Ljava/util/regex/Matcher;ILjava/lang/CharSequence;)Z @ 18 c2
Event: 23.749 Thread 0x000001c01286a4a0 DEOPT PACKING pc=0x000001c007f11800 sp=0x00000051ec5f9370
Event: 23.749 Thread 0x000001c01286a4a0 DEOPT UNPACKING pc=0x000001c0075869a3 sp=0x00000051ec5f9310 mode 2
Event: 24.627 Thread 0x000001c01286a4a0 Uncommon trap: trap_request=0xffffffde fr.pc=0x000001c007def008 relative=0x0000000000000268
Event: 24.627 Thread 0x000001c01286a4a0 Uncommon trap: reason=class_check action=maybe_recompile pc=0x000001c007def008 method=java.util.concurrent.ConcurrentHashMap.get(Ljava/lang/Object;)Ljava/lang/Object; @ 93 c2
Event: 24.627 Thread 0x000001c01286a4a0 DEOPT PACKING pc=0x000001c007def008 sp=0x00000051ec5f8b50
Event: 24.627 Thread 0x000001c01286a4a0 DEOPT UNPACKING pc=0x000001c0075869a3 sp=0x00000051ec5f8aa8 mode 2
Event: 25.241 Thread 0x000001c01286a4a0 Uncommon trap: trap_request=0xffffffcc fr.pc=0x000001c007f41390 relative=0x0000000000000170
Event: 25.241 Thread 0x000001c01286a4a0 Uncommon trap: reason=intrinsic_or_type_checked_inlining action=make_not_entrant pc=0x000001c007f41390 method=java.util.ArrayList$SubList.toArray([Ljava/lang/Object;)[Ljava/lang/Object; @ 58 c2
Event: 25.241 Thread 0x000001c01286a4a0 DEOPT PACKING pc=0x000001c007f41390 sp=0x00000051ec5f96f0
Event: 25.241 Thread 0x000001c01286a4a0 DEOPT UNPACKING pc=0x000001c0075869a3 sp=0x00000051ec5f96b0 mode 2
Event: 25.991 Thread 0x000001c01286a4a0 Uncommon trap: trap_request=0xffffff45 fr.pc=0x000001c007f4ab70 relative=0x0000000000000150
Event: 25.991 Thread 0x000001c01286a4a0 Uncommon trap: reason=unstable_if action=reinterpret pc=0x000001c007f4ab70 method=java.io.BufferedInputStream.read1([BII)I @ 60 c2
Event: 25.991 Thread 0x000001c01286a4a0 DEOPT PACKING pc=0x000001c007f4ab70 sp=0x00000051ec5f9490
Event: 25.991 Thread 0x000001c01286a4a0 DEOPT UNPACKING pc=0x000001c0075869a3 sp=0x00000051ec5f9430 mode 2
Event: 26.099 Thread 0x000001c01286a4a0 Uncommon trap: trap_request=0xffffff45 fr.pc=0x000001c007e44228 relative=0x00000000000021e8
Event: 26.099 Thread 0x000001c01286a4a0 Uncommon trap: reason=unstable_if action=reinterpret pc=0x000001c007e44228 method=io.spring.gradle.dependencymanagement.org.codehaus.plexus.util.xml.pull.MXParser.isS(C)Z @ 21 c2
Event: 26.099 Thread 0x000001c01286a4a0 DEOPT PACKING pc=0x000001c007e44228 sp=0x00000051ec5f9700
Event: 26.099 Thread 0x000001c01286a4a0 DEOPT UNPACKING pc=0x000001c0075869a3 sp=0x00000051ec5f9638 mode 2

Classes unloaded (0 events):
No events

Classes redefined (0 events):
No events

Internal exceptions (20 events):
Event: 18.200 Thread 0x000001c02cddf9a0 Exception <a 'java/lang/ClassNotFoundException'{0x00000000ec0f5740}: com/google/common/collect/ImmutableListCustomizer> (0x00000000ec0f5740) 
thrown [s\src\hotspot\share\classfile\systemDictionary.cpp, line 256]
Event: 18.204 Thread 0x000001c02cddf9a0 Exception <a 'java/lang/ClassNotFoundException'{0x00000000ebf36110}: com/google/common/collect/RegularImmutableListCustomizer> (0x00000000ebf36110) 
thrown [s\src\hotspot\share\classfile\systemDictionary.cpp, line 256]
Event: 18.251 Thread 0x000001c01286a4a0 Exception <a 'java/lang/NoSuchMethodError'{0x00000000ebc3af10}: 'void java.lang.invoke.DirectMethodHandle$Holder.invokeSpecial(java.lang.Object, java.lang.Object, java.lang.Object, java.lang.Object, int, java.lang.Object, java.lang.Object)'> (0x00000000ebc3af10) 
thrown [s\src\hotspot\share\interpreter\linkResolver.cpp, line 759]
Event: 18.264 Thread 0x000001c01286a4a0 Exception <a 'java/lang/NoSuchMethodError'{0x00000000ebcd42c8}: 'void java.lang.invoke.DirectMethodHandle$Holder.invokeInterface(java.lang.Object, java.lang.Object, java.lang.Object, java.lang.Object)'> (0x00000000ebcd42c8) 
thrown [s\src\hotspot\share\interpreter\linkResolver.cpp, line 759]
Event: 18.299 Thread 0x000001c02cddea70 Exception <a 'java/lang/NoSuchMethodError'{0x00000000eb949e20}: static Lorg/gradle/internal/build/event/types/DefaultTaskStartedProgressEvent;.<clinit>()V> (0x00000000eb949e20) 
thrown [s\src\hotspot\share\prims\jni.cpp, line 1107]
Event: 18.300 Thread 0x000001c02cddea70 Exception <a 'java/lang/NoSuchMethodError'{0x00000000eb94be88}: static Lorg/gradle/internal/build/event/types/AbstractProgressEvent;.<clinit>()V> (0x00000000eb94be88) 
thrown [s\src\hotspot\share\prims\jni.cpp, line 1107]
Event: 18.301 Thread 0x000001c02cddea70 Exception <a 'java/lang/NoSuchMethodError'{0x00000000eb956668}: static Lorg/gradle/internal/build/event/types/DefaultTaskDescriptor;.<clinit>()V> (0x00000000eb956668) 
thrown [s\src\hotspot\share\prims\jni.cpp, line 1107]
Event: 18.306 Thread 0x000001c02cddea70 Exception <a 'java/lang/NoSuchMethodError'{0x00000000eb9bac30}: static Lorg/gradle/internal/operations/OperationIdentifier;.<clinit>()V> (0x00000000eb9bac30) 
thrown [s\src\hotspot\share\prims\jni.cpp, line 1107]
Event: 18.307 Thread 0x000001c02cddea70 Exception <a 'java/lang/NoSuchMethodError'{0x00000000eb9c4838}: static Lorg/gradle/internal/build/event/types/DefaultBinaryPluginIdentifier;.<clinit>()V> (0x00000000eb9c4838) 
thrown [s\src\hotspot\share\prims\jni.cpp, line 1107]
Event: 18.493 Thread 0x000001c01286a4a0 Exception <a 'java/lang/IncompatibleClassChangeError'{0x00000000eb21ab88}: Found class java.lang.Object, but interface was expected> (0x00000000eb21ab88) 
thrown [s\src\hotspot\share\interpreter\linkResolver.cpp, line 826]
Event: 18.495 Thread 0x000001c01286a4a0 Exception <a 'java/lang/NoSuchMethodError'{0x00000000eb22d1d8}: static Ljava/lang/Object;.<clinit>()V> (0x00000000eb22d1d8) 
thrown [s\src\hotspot\share\prims\jni.cpp, line 1107]
Event: 18.933 Thread 0x000001c01286a4a0 Exception <a 'java/lang/ClassNotFoundException'{0x00000000ea467600}: org/gradle/api/internal/plugins/NaggingBasePluginConventionBeanInfo> (0x00000000ea467600) 
thrown [s\src\hotspot\share\classfile\systemDictionary.cpp, line 256]
Event: 18.934 Thread 0x000001c01286a4a0 Exception <a 'java/lang/ClassNotFoundException'{0x00000000ea475a40}: org/gradle/api/plugins/BasePluginConventionBeanInfo> (0x00000000ea475a40) 
thrown [s\src\hotspot\share\classfile\systemDictionary.cpp, line 256]
Event: 18.935 Thread 0x000001c01286a4a0 Exception <a 'java/lang/ClassNotFoundException'{0x00000000ea483be8}: org/gradle/api/plugins/BasePluginConventionCustomizer> (0x00000000ea483be8) 
thrown [s\src\hotspot\share\classfile\systemDictionary.cpp, line 256]
Event: 18.936 Thread 0x000001c01286a4a0 Exception <a 'java/lang/ClassNotFoundException'{0x00000000ea49b1e0}: org/gradle/api/internal/plugins/NaggingBasePluginConventionCustomizer> (0x00000000ea49b1e0) 
thrown [s\src\hotspot\share\classfile\systemDictionary.cpp, line 256]
Event: 18.942 Thread 0x000001c01286a4a0 Exception <a 'java/lang/ClassNotFoundException'{0x00000000ea4dffb8}: org/gradle/api/plugins/internal/NaggingJavaPluginConventionBeanInfo> (0x00000000ea4dffb8) 
thrown [s\src\hotspot\share\classfile\systemDictionary.cpp, line 256]
Event: 18.943 Thread 0x000001c01286a4a0 Exception <a 'java/lang/ClassNotFoundException'{0x00000000ea4ee198}: org/gradle/api/plugins/JavaPluginConventionBeanInfo> (0x00000000ea4ee198) 
thrown [s\src\hotspot\share\classfile\systemDictionary.cpp, line 256]
Event: 18.944 Thread 0x000001c01286a4a0 Exception <a 'java/lang/ClassNotFoundException'{0x00000000ea4fc340}: org/gradle/api/plugins/JavaPluginConventionCustomizer> (0x00000000ea4fc340) 
thrown [s\src\hotspot\share\classfile\systemDictionary.cpp, line 256]
Event: 18.945 Thread 0x000001c01286a4a0 Exception <a 'java/lang/ClassNotFoundException'{0x00000000ea31dab8}: org/gradle/api/plugins/internal/NaggingJavaPluginConventionCustomizer> (0x00000000ea31dab8) 
thrown [s\src\hotspot\share\classfile\systemDictionary.cpp, line 256]
Event: 18.997 Thread 0x000001c01286a4a0 Implicit null exception at 0x000001c007dfdfcf to 0x000001c007dff188

VM Operations (20 events):
Event: 22.049 Executing VM operation: Cleanup
Event: 22.049 Executing VM operation: Cleanup done
Event: 22.460 Executing VM operation: HandshakeAllThreads
Event: 22.460 Executing VM operation: HandshakeAllThreads done
Event: 23.433 Executing VM operation: ICBufferFull
Event: 23.433 Executing VM operation: ICBufferFull done
Event: 23.564 Executing VM operation: HandshakeAllThreads
Event: 23.565 Executing VM operation: HandshakeAllThreads done
Event: 23.565 Executing VM operation: HandshakeAllThreads
Event: 23.565 Executing VM operation: HandshakeAllThreads done
Event: 23.569 Executing VM operation: G1CollectForAllocation
Event: 23.600 Executing VM operation: G1CollectForAllocation done
Event: 24.611 Executing VM operation: Cleanup
Event: 24.611 Executing VM operation: Cleanup done
Event: 25.614 Executing VM operation: Cleanup
Event: 25.614 Executing VM operation: Cleanup done
Event: 26.622 Executing VM operation: Cleanup
Event: 26.622 Executing VM operation: Cleanup done
Event: 27.625 Executing VM operation: Cleanup
Event: 27.625 Executing VM operation: Cleanup done

Events (20 events):
Event: 19.925 Thread 0x000001c02e880180 Thread added: 0x000001c02e880180
Event: 19.937 Thread 0x000001c02e880690 Thread added: 0x000001c02e880690
Event: 19.948 Thread 0x000001c02e880ba0 Thread added: 0x000001c02e880ba0
Event: 20.116 Thread 0x000001c02c2cbe10 Thread exited: 0x000001c02c2cbe10
Event: 20.378 Thread 0x000001c02e103f70 Thread added: 0x000001c02e103f70
Event: 21.892 Thread 0x000001c02e103f70 Thread exited: 0x000001c02e103f70
Event: 23.002 Thread 0x000001c012f0e810 Thread added: 0x000001c012f0e810
Event: 23.602 Thread 0x000001c0121e15a0 flushing nmethod 0x000001c000479490
Event: 23.604 Thread 0x000001c0121e15a0 flushing nmethod 0x000001c000685a90
Event: 24.037 Thread 0x000001c012f0e810 Thread exited: 0x000001c012f0e810
Event: 24.922 Thread 0x000001c02fb70860 Thread added: 0x000001c02fb70860
Event: 25.218 Thread 0x000001c02fb70860 Thread exited: 0x000001c02fb70860
Event: 25.951 Thread 0x000001c02fb70860 Thread added: 0x000001c02fb70860
Event: 26.523 Thread 0x000001c02fb70860 Thread exited: 0x000001c02fb70860
Event: 26.545 loading class jdk/internal/access/foreign/MemorySegmentProxy
Event: 26.545 loading class jdk/internal/access/foreign/MemorySegmentProxy done
Event: 26.641 loading class sun/nio/cs/ISO_8859_1$Decoder
Event: 26.642 loading class sun/nio/cs/ISO_8859_1$Decoder done
Event: 27.525 Thread 0x000001c02fb70860 Thread added: 0x000001c02fb70860
Event: 28.328 Thread 0x000001c02fb70860 Thread exited: 0x000001c02fb70860


Dynamic libraries:
0x00007ff7ca150000 - 0x00007ff7ca15e000 	C:\Users\Giang\.jdks\corretto-17.0.10\bin\java.exe
0x00007ffada3f0000 - 0x00007ffada5e8000 	C:\Windows\SYSTEM32\ntdll.dll
0x00007ffad8df0000 - 0x00007ffad8eb1000 	C:\Windows\System32\KERNEL32.DLL
0x00007ffad7d90000 - 0x00007ffad8086000 	C:\Windows\System32\KERNELBASE.dll
0x00007ffad7b70000 - 0x00007ffad7c70000 	C:\Windows\System32\ucrtbase.dll
0x00007ffad1640000 - 0x00007ffad1657000 	C:\Users\Giang\.jdks\corretto-17.0.10\bin\jli.dll
0x00007ffad94c0000 - 0x00007ffad965f000 	C:\Windows\System32\USER32.dll
0x00007ffad0f90000 - 0x00007ffad0fab000 	C:\Users\Giang\.jdks\corretto-17.0.10\bin\VCRUNTIME140.dll
0x00007ffad8290000 - 0x00007ffad82b2000 	C:\Windows\System32\win32u.dll
0x00007ffad9a30000 - 0x00007ffad9a5b000 	C:\Windows\System32\GDI32.dll
0x00007ffac8b30000 - 0x00007ffac8dca000 	C:\Windows\WinSxS\amd64_microsoft.windows.common-controls_6595b64144ccf1df_6.0.19041.4355_none_60b8b9eb71f62e16\COMCTL32.dll
0x00007ffad7c70000 - 0x00007ffad7d87000 	C:\Windows\System32\gdi32full.dll
0x00007ffad8ec0000 - 0x00007ffad8f5e000 	C:\Windows\System32\msvcrt.dll
0x00007ffad7ad0000 - 0x00007ffad7b6d000 	C:\Windows\System32\msvcp_win.dll
0x00007ffad9660000 - 0x00007ffad968f000 	C:\Windows\System32\IMM32.DLL
0x00007ffad5100000 - 0x00007ffad510c000 	C:\Users\Giang\.jdks\corretto-17.0.10\bin\vcruntime140_1.dll
0x00007ffaca6b0000 - 0x00007ffaca73d000 	C:\Users\Giang\.jdks\corretto-17.0.10\bin\msvcp140.dll
0x00007ffaa4010000 - 0x00007ffaa4c72000 	C:\Users\Giang\.jdks\corretto-17.0.10\bin\server\jvm.dll
0x00007ffada300000 - 0x00007ffada3b0000 	C:\Windows\System32\ADVAPI32.dll
0x00007ffad8600000 - 0x00007ffad86a0000 	C:\Windows\System32\sechost.dll
0x00007ffad84d0000 - 0x00007ffad85f3000 	C:\Windows\System32\RPCRT4.dll
0x00007ffad7aa0000 - 0x00007ffad7ac7000 	C:\Windows\System32\bcrypt.dll
0x00007ffad7020000 - 0x00007ffad706b000 	C:\Windows\SYSTEM32\POWRPROF.dll
0x00007ffad2df0000 - 0x00007ffad2df9000 	C:\Windows\SYSTEM32\WSOCK32.dll
0x00007ffad96f0000 - 0x00007ffad975b000 	C:\Windows\System32\WS2_32.dll
0x00007ffad3c90000 - 0x00007ffad3cb7000 	C:\Windows\SYSTEM32\WINMM.dll
0x00007ffacef70000 - 0x00007ffacef7a000 	C:\Windows\SYSTEM32\VERSION.dll
0x00007ffad6e90000 - 0x00007ffad6ea2000 	C:\Windows\SYSTEM32\UMPDC.dll
0x00007ffad5920000 - 0x00007ffad5932000 	C:\Windows\SYSTEM32\kernel.appcore.dll
0x00007ffad3bb0000 - 0x00007ffad3bba000 	C:\Users\Giang\.jdks\corretto-17.0.10\bin\jimage.dll
0x00007ffac32d0000 - 0x00007ffac34b4000 	C:\Windows\SYSTEM32\DBGHELP.DLL
0x00007ffac3250000 - 0x00007ffac3284000 	C:\Windows\SYSTEM32\dbgcore.DLL
0x00007ffad8100000 - 0x00007ffad8182000 	C:\Windows\System32\bcryptPrimitives.dll
0x00007ffad3b30000 - 0x00007ffad3b3e000 	C:\Users\Giang\.jdks\corretto-17.0.10\bin\instrument.dll
0x00007ffad07c0000 - 0x00007ffad07e5000 	C:\Users\Giang\.jdks\corretto-17.0.10\bin\java.dll
0x00007ffabb4e0000 - 0x00007ffabb5b7000 	C:\Users\Giang\.jdks\corretto-17.0.10\bin\jsvml.dll
0x00007ffad9b90000 - 0x00007ffada2fc000 	C:\Windows\System32\SHELL32.dll
0x00007ffad5b20000 - 0x00007ffad62be000 	C:\Windows\SYSTEM32\windows.storage.dll
0x00007ffad9090000 - 0x00007ffad93e3000 	C:\Windows\System32\combase.dll
0x00007ffad74c0000 - 0x00007ffad74ee000 	C:\Windows\SYSTEM32\Wldp.dll
0x00007ffad93f0000 - 0x00007ffad94bd000 	C:\Windows\System32\OLEAUT32.dll
0x00007ffad8d20000 - 0x00007ffad8dcd000 	C:\Windows\System32\SHCORE.dll
0x00007ffad9840000 - 0x00007ffad9895000 	C:\Windows\System32\shlwapi.dll
0x00007ffad79d0000 - 0x00007ffad79f4000 	C:\Windows\SYSTEM32\profapi.dll
0x00007ffad0180000 - 0x00007ffad0198000 	C:\Users\Giang\.jdks\corretto-17.0.10\bin\zip.dll
0x00007ffaca690000 - 0x00007ffaca6a9000 	C:\Users\Giang\.jdks\corretto-17.0.10\bin\net.dll
0x00007ffaceab0000 - 0x00007ffacebba000 	C:\Windows\SYSTEM32\WINHTTP.dll
0x00007ffad7220000 - 0x00007ffad728a000 	C:\Windows\system32\mswsock.dll
0x00007ffaca670000 - 0x00007ffaca686000 	C:\Users\Giang\.jdks\corretto-17.0.10\bin\nio.dll
0x00007ffad3a70000 - 0x00007ffad3a80000 	C:\Users\Giang\.jdks\corretto-17.0.10\bin\verify.dll
0x00007ffad0fb0000 - 0x00007ffad0fd7000 	C:\Users\Giang\.gradle\native\c067742578af261105cb4f569cf0c3c89f3d7b1fecec35dd04571415982c5e48\windows-amd64\native-platform.dll
0x00007ffabb0f0000 - 0x00007ffabb234000 	C:\Users\Giang\.gradle\native\100fb08df4bc3b14c8652ba06237920a3bd2aa13389f12d3474272988ae205f9\windows-amd64\native-platform-file-events.dll
0x00007ffad3920000 - 0x00007ffad3929000 	C:\Users\Giang\.jdks\corretto-17.0.10\bin\management.dll
0x00007ffad3550000 - 0x00007ffad355b000 	C:\Users\Giang\.jdks\corretto-17.0.10\bin\management_ext.dll
0x00007ffad9a60000 - 0x00007ffad9a68000 	C:\Windows\System32\PSAPI.DLL
0x00007ffad7410000 - 0x00007ffad7428000 	C:\Windows\SYSTEM32\CRYPTSP.dll
0x00007ffad6ad0000 - 0x00007ffad6b04000 	C:\Windows\system32\rsaenh.dll
0x00007ffad7940000 - 0x00007ffad796e000 	C:\Windows\SYSTEM32\USERENV.dll
0x00007ffad7430000 - 0x00007ffad743c000 	C:\Windows\SYSTEM32\CRYPTBASE.dll
0x00007ffad6eb0000 - 0x00007ffad6eeb000 	C:\Windows\SYSTEM32\IPHLPAPI.DLL
0x00007ffad9a20000 - 0x00007ffad9a28000 	C:\Windows\System32\NSI.dll
0x00007ffacf350000 - 0x00007ffacf367000 	C:\Windows\SYSTEM32\dhcpcsvc6.DLL
0x00007ffacfe80000 - 0x00007ffacfe9d000 	C:\Windows\SYSTEM32\dhcpcsvc.DLL
0x00007ffad6f00000 - 0x00007ffad6fca000 	C:\Windows\SYSTEM32\DNSAPI.dll
0x00007ffad26a0000 - 0x00007ffad26a9000 	C:\Users\Giang\.jdks\corretto-17.0.10\bin\extnet.dll
0x00007ffad14d0000 - 0x00007ffad14de000 	C:\Users\Giang\.jdks\corretto-17.0.10\bin\sunmscapi.dll
0x00007ffad82c0000 - 0x00007ffad841e000 	C:\Windows\System32\CRYPT32.dll
0x00007ffad7530000 - 0x00007ffad7559000 	C:\Windows\SYSTEM32\ncrypt.dll
0x00007ffad74f0000 - 0x00007ffad752b000 	C:\Windows\SYSTEM32\NTASN1.dll
0x00007ffacbc60000 - 0x00007ffacbc67000 	C:\Windows\system32\wshunix.dll

dbghelp: loaded successfully - version: 4.0.5 - missing functions: none
symbol engine: initialized successfully - sym options: 0x614 - pdb path: .;C:\Users\Giang\.jdks\corretto-17.0.10\bin;C:\Windows\SYSTEM32;C:\Windows\WinSxS\amd64_microsoft.windows.common-controls_6595b64144ccf1df_6.0.19041.4355_none_60b8b9eb71f62e16;C:\Users\Giang\.jdks\corretto-17.0.10\bin\server;C:\Users\Giang\.gradle\native\c067742578af261105cb4f569cf0c3c89f3d7b1fecec35dd04571415982c5e48\windows-amd64;C:\Users\Giang\.gradle\native\100fb08df4bc3b14c8652ba06237920a3bd2aa13389f12d3474272988ae205f9\windows-amd64

VM Arguments:
jvm_args: --add-opens=java.base/java.util=ALL-UNNAMED --add-opens=java.base/java.lang=ALL-UNNAMED --add-opens=java.base/java.lang.invoke=ALL-UNNAMED --add-opens=java.prefs/java.util.prefs=ALL-UNNAMED --add-opens=java.base/java.nio.charset=ALL-UNNAMED --add-opens=java.base/java.net=ALL-UNNAMED --add-opens=java.base/java.util.concurrent.atomic=ALL-UNNAMED -XX:MaxMetaspaceSize=384m -XX:+HeapDumpOnOutOfMemoryError -Xms256m -Xmx512m -Dfile.encoding=windows-1252 -Duser.country=US -Duser.language=en -Duser.variant -javaagent:C:\Users\Giang\.gradle\wrapper\dists\gradle-8.8-bin\dl7vupf4psengwqhwktix4v1\gradle-8.8\lib\agents\gradle-instrumentation-agent-8.8.jar 
java_command: org.gradle.launcher.daemon.bootstrap.GradleDaemon 8.8
java_class_path (initial): C:\Users\Giang\.gradle\wrapper\dists\gradle-8.8-bin\dl7vupf4psengwqhwktix4v1\gradle-8.8\lib\gradle-launcher-8.8.jar
Launcher Type: SUN_STANDARD

[Global flags]
     intx CICompilerCount                          = 3                                         {product} {ergonomic}
   size_t CompressedClassSpaceSize                 = 335544320                                 {product} {ergonomic}
     uint ConcGCThreads                            = 1                                         {product} {ergonomic}
     uint G1ConcRefinementThreads                  = 4                                         {product} {ergonomic}
   size_t G1HeapRegionSize                         = 1048576                                   {product} {ergonomic}
    uintx GCDrainStackTargetSize                   = 64                                        {product} {ergonomic}
     bool HeapDumpOnOutOfMemoryError               = true                                   {manageable} {command line}
   size_t InitialHeapSize                          = 268435456                                 {product} {command line}
   size_t MarkStackSize                            = 4194304                                   {product} {ergonomic}
   size_t MaxHeapSize                              = 536870912                                 {product} {command line}
   size_t MaxMetaspaceSize                         = 402653184                                 {product} {command line}
   size_t MaxNewSize                               = 321912832                                 {product} {ergonomic}
   size_t MinHeapDeltaBytes                        = 1048576                                   {product} {ergonomic}
   size_t MinHeapSize                              = 268435456                                 {product} {command line}
    uintx NonNMethodCodeHeapSize                   = 5832780                                {pd product} {ergonomic}
    uintx NonProfiledCodeHeapSize                  = 122912730                              {pd product} {ergonomic}
    uintx ProfiledCodeHeapSize                     = 122912730                              {pd product} {ergonomic}
    uintx ReservedCodeCacheSize                    = 251658240                              {pd product} {ergonomic}
     bool SegmentedCodeCache                       = true                                      {product} {ergonomic}
   size_t SoftMaxHeapSize                          = 536870912                              {manageable} {ergonomic}
     bool UseCompressedClassPointers               = true                           {product lp64_product} {ergonomic}
     bool UseCompressedOops                        = true                           {product lp64_product} {ergonomic}
     bool UseG1GC                                  = true                                      {product} {ergonomic}
     bool UseLargePagesIndividualAllocation        = false                                  {pd product} {ergonomic}

Logging:
Log output configuration:
 #0: stdout all=warning uptime,level,tags
 #1: stderr all=off uptime,level,tags

Environment Variables:
PATH=C:\Program Files\Common Files\Oracle\Java\javapath;C:\Windows\system32;C:\Windows;C:\Windows\System32\Wbem;C:\Windows\System32\WindowsPowerShell\v1.0\;C:\Windows\System32\OpenSSH\;C:\Program Files\MySQL\MySQL Server 8.0\bin;%JAVA_HOME%\bin;C:\Gradle\gradle-6.8\bin;C:\Program Files\Git\cmd;C:\Program Files\Java\jdk-17\bin;C:\Program Files\nodejs\;C:\Program Files\MySQL\MySQL Shell 8.0\bin\;C:\Users\Giang\AppData\Local\Microsoft\WindowsApps;C:\Users\Giang\AppData\Local\GitHubDesktop\bin;D:\Microsoft VS Code\bin;C:\Users\Giang\AppData\Roaming\npm
USERNAME=Giang
OS=Windows_NT
PROCESSOR_IDENTIFIER=Intel64 Family 6 Model 61 Stepping 4, GenuineIntel
TMP=C:\Users\Giang\AppData\Local\Temp
TEMP=C:\Users\Giang\AppData\Local\Temp



Periodic native trim disabled


---------------  S Y S T E M  ---------------

OS:
 Windows 10 , 64 bit Build 19041 (10.0.19041.4597)
OS uptime: 2 days 0:20 hours

CPU: total 4 (initial active 4) (2 cores per cpu, 2 threads per core) family 6 model 61 stepping 4 microcode 0x2d, cx8, cmov, fxsr, ht, mmx, 3dnowpref, sse, sse2, sse3, ssse3, sse4.1, sse4.2, popcnt, lzcnt, tsc, tscinvbit, avx, avx2, aes, erms, clmul, bmi1, bmi2, rtm, adx, fma, vzeroupper, clflush
Processor Information for all 4 processors :
  Max Mhz: 2594, Current Mhz: 2594, Mhz Limit: 2594

Memory: 4k page, system-wide physical 7887M (414M free)
TotalPageFile size 15055M (AvailPageFile size 5M)
current process WorkingSet (physical memory assigned to process): 390M, peak: 397M
current process commit charge ("private bytes"): 476M, peak: 484M

vm_info: OpenJDK 64-Bit Server VM (17.0.10+7-LTS) for windows-amd64 JRE (17.0.10+7-LTS), built on Jan 10 2024 22:11:07 by "Administrator" with MS VC++ 16.10 / 16.11 (VS2019)

END.
