#
# There is insufficient memory for the Java Runtime Environment to continue.
# Native memory allocation (malloc) failed to allocate 1581728 bytes for Chunk::new
# Possible reasons:
#   The system is out of physical RAM or swap space
#   The process is running with CompressedOops enabled, and the Java Heap may be blocking the growth of the native heap
# Possible solutions:
#   Reduce memory load on the system
#   Increase physical memory or swap space
#   Check if swap backing store is full
#   Decrease Java heap size (-Xmx/-Xms)
#   Decrease number of Java threads
#   Decrease Java thread stack sizes (-Xss)
#   Set larger code cache with -XX:ReservedCodeCacheSize=
#   JVM is running with Unscaled Compressed Oops mode in which the Java heap is
#     placed in the first 4GB address space. The Java Heap base address is the
#     maximum limit for the native heap growth. Please use -XX:HeapBaseMinAddress
#     to set the Java Heap base and to place the Java Heap above 4GB virtual address.
# This output file may be truncated or incomplete.
#
#  Out of Memory Error (arena.cpp:191), pid=3188, tid=11976
#
# JRE version: OpenJDK Runtime Environment Corretto-17.0.10.7.1 (17.0.10+7) (build 17.0.10+7-LTS)
# Java VM: OpenJDK 64-Bit Server VM Corretto-17.0.10.7.1 (17.0.10+7-LTS, mixed mode, sharing, tiered, compressed oops, compressed class ptrs, g1 gc, windows-amd64)
# No core dump will be written. Minidumps are not enabled by default on client versions of Windows
#

---------------  S U M M A R Y ------------

Command Line: --add-opens=java.base/java.util=ALL-UNNAMED --add-opens=java.base/java.lang=ALL-UNNAMED --add-opens=java.base/java.lang.invoke=ALL-UNNAMED --add-opens=java.prefs/java.util.prefs=ALL-UNNAMED --add-opens=java.base/java.nio.charset=ALL-UNNAMED --add-opens=java.base/java.net=ALL-UNNAMED --add-opens=java.base/java.util.concurrent.atomic=ALL-UNNAMED -XX:MaxMetaspaceSize=384m -XX:+HeapDumpOnOutOfMemoryError -Xms256m -Xmx512m -Dfile.encoding=windows-1252 -Duser.country=US -Duser.language=en -Duser.variant -javaagent:C:\Users\Giang\.gradle\wrapper\dists\gradle-8.8-bin\dl7vupf4psengwqhwktix4v1\gradle-8.8\lib\agents\gradle-instrumentation-agent-8.8.jar org.gradle.launcher.daemon.bootstrap.GradleDaemon 8.8

Host: Intel(R) Core(TM) i7-5600U CPU @ 2.60GHz, 4 cores, 7G,  Windows 10 , 64 bit Build 19041 (10.0.19041.4597)
Time: Wed Jul 24 21:29:05 2024 SE Asia Standard Time elapsed time: 51.504862 seconds (0d 0h 0m 51s)

---------------  T H R E A D  ---------------

Current thread (0x000002efb3901640):  JavaThread "C2 CompilerThread0" daemon [_thread_in_native, id=11976, stack(0x000000f4aa800000,0x000000f4aa900000)]


Current CompileTask:
C2:  51504 9999       4       io.spring.gradle.dependencymanagement.org.apache.maven.model.io.xpp3.MavenXpp3Reader::parseDependency (486 bytes)

Stack: [0x000000f4aa800000,0x000000f4aa900000]
Native frames: (J=compiled Java code, j=interpreted, Vv=VM code, C=native code)
V  [jvm.dll+0x67d2c9]
V  [jvm.dll+0x834b1a]
V  [jvm.dll+0x8365de]
V  [jvm.dll+0x836c43]
V  [jvm.dll+0x2477ff]
V  [jvm.dll+0xac514]
V  [jvm.dll+0xacb5c]
V  [jvm.dll+0x3667d7]
V  [jvm.dll+0x330bfa]
V  [jvm.dll+0x33009a]
V  [jvm.dll+0x219ef1]
V  [jvm.dll+0x219311]
V  [jvm.dll+0x1a502d]
V  [jvm.dll+0x2290de]
V  [jvm.dll+0x2272ac]
V  [jvm.dll+0x7e9bd7]
V  [jvm.dll+0x7e3fda]
V  [jvm.dll+0x67c1b5]
C  [ucrtbase.dll+0x21bb2]
C  [KERNEL32.DLL+0x17374]
C  [ntdll.dll+0x4cc91]


---------------  P R O C E S S  ---------------

Threads class SMR info:
_java_thread_list=0x000002efd038b5f0, length=89, elements={
0x000002ef995fec90, 0x000002efb38e3ab0, 0x000002efb38e5c50, 0x000002efb38fc1e0,
0x000002efb38fefe0, 0x000002efb38ff8b0, 0x000002efb3900180, 0x000002efb3901640,
0x000002efb3902000, 0x000002efb3a79fa0, 0x000002efb38ccd20, 0x000002efb3c29550,
0x000002efce04f6e0, 0x000002efcd9b4fe0, 0x000002efb3ad8790, 0x000002efb3a9be70,
0x000002efcd2471c0, 0x000002efce2a6650, 0x000002efce2a6b60, 0x000002efce2a5c30,
0x000002efce2a7070, 0x000002efce2a7580, 0x000002efce2a5720, 0x000002efce2a5210,
0x000002efce2a6140, 0x000002efce2a7a90, 0x000002efce2a42e0, 0x000002efce2a4d00,
0x000002efd00c3310, 0x000002efd00c23e0, 0x000002efd00c0fa0, 0x000002efd00c3820,
0x000002efd00c0a90, 0x000002efd00c14b0, 0x000002efd00c2e00, 0x000002efd00c0070,
0x000002efd016cc70, 0x000002efd016d180, 0x000002efd016f4f0, 0x000002efd016d690,
0x000002efd016ff10, 0x000002efd016efe0, 0x000002efd0170420, 0x000002efd016fa00,
0x000002efd0170e40, 0x000002efd016dba0, 0x000002efd0172280, 0x000002efd0170930,
0x000002efd016e0b0, 0x000002efd016e5c0, 0x000002efd0171350, 0x000002efd0171860,
0x000002efd0171d70, 0x000002efd01731b0, 0x000002efd016bd40, 0x000002efd01736c0,
0x000002efcf2dc2a0, 0x000002efcf2e0470, 0x000002efcf2da950, 0x000002efcf2dfa50,
0x000002efcf2df540, 0x000002efcf2dbd90, 0x000002efcf2e0980, 0x000002efcf2e0e90,
0x000002efcf2d9a20, 0x000002efcf2df030, 0x000002efcf2e13a0, 0x000002efcf2dd1d0,
0x000002efcf2da440, 0x000002efcf2ddbf0, 0x000002efcf2dc7b0, 0x000002efcf2db880,
0x000002efcf2deb20, 0x000002efcf2dae60, 0x000002efcf2dccc0, 0x000002efcf2dff60,
0x000002efcf2db370, 0x000002efcf2dd6e0, 0x000002efcf2de100, 0x000002efcf2de610,
0x000002efcf70f7f0, 0x000002efcf711650, 0x000002efcf70c550, 0x000002efcf712580,
0x000002efcf70edd0, 0x000002efcf712fa0, 0x000002efcf70f2e0, 0x000002efcf70fd00,
0x000002efcf7134b0
}

Java Threads: ( => current thread )
  0x000002ef995fec90 JavaThread "main" [_thread_blocked, id=8940, stack(0x000000f4a9b00000,0x000000f4a9c00000)]
  0x000002efb38e3ab0 JavaThread "Reference Handler" daemon [_thread_blocked, id=10160, stack(0x000000f4aa200000,0x000000f4aa300000)]
  0x000002efb38e5c50 JavaThread "Finalizer" daemon [_thread_blocked, id=7824, stack(0x000000f4aa300000,0x000000f4aa400000)]
  0x000002efb38fc1e0 JavaThread "Signal Dispatcher" daemon [_thread_blocked, id=13500, stack(0x000000f4aa400000,0x000000f4aa500000)]
  0x000002efb38fefe0 JavaThread "Attach Listener" daemon [_thread_blocked, id=2476, stack(0x000000f4aa500000,0x000000f4aa600000)]
  0x000002efb38ff8b0 JavaThread "Service Thread" daemon [_thread_blocked, id=9068, stack(0x000000f4aa600000,0x000000f4aa700000)]
  0x000002efb3900180 JavaThread "Monitor Deflation Thread" daemon [_thread_blocked, id=11476, stack(0x000000f4aa700000,0x000000f4aa800000)]
=>0x000002efb3901640 JavaThread "C2 CompilerThread0" daemon [_thread_in_native, id=11976, stack(0x000000f4aa800000,0x000000f4aa900000)]
  0x000002efb3902000 JavaThread "C1 CompilerThread0" daemon [_thread_blocked, id=8468, stack(0x000000f4aa900000,0x000000f4aaa00000)]
  0x000002efb3a79fa0 JavaThread "Sweeper thread" daemon [_thread_blocked, id=8296, stack(0x000000f4aaa00000,0x000000f4aab00000)]
  0x000002efb38ccd20 JavaThread "Common-Cleaner" daemon [_thread_blocked, id=4368, stack(0x000000f4aab00000,0x000000f4aac00000)]
  0x000002efb3c29550 JavaThread "Notification Thread" daemon [_thread_blocked, id=9260, stack(0x000000f4aac00000,0x000000f4aad00000)]
  0x000002efce04f6e0 JavaThread "Daemon health stats" [_thread_blocked, id=1628, stack(0x000000f4ab100000,0x000000f4ab200000)]
  0x000002efcd9b4fe0 JavaThread "Incoming local TCP Connector on port 60890" [_thread_in_native, id=8424, stack(0x000000f4ab200000,0x000000f4ab300000)]
  0x000002efb3ad8790 JavaThread "Daemon periodic checks" [_thread_blocked, id=9388, stack(0x000000f4ab300000,0x000000f4ab400000)]
  0x000002efb3a9be70 JavaThread "Daemon" [_thread_blocked, id=13724, stack(0x000000f4ab400000,0x000000f4ab500000)]
  0x000002efcd2471c0 JavaThread "Handler for socket connection from /127.0.0.1:60890 to /127.0.0.1:60891" [_thread_in_native, id=9112, stack(0x000000f4ab500000,0x000000f4ab600000)]
  0x000002efce2a6650 JavaThread "Cancel handler" [_thread_blocked, id=716, stack(0x000000f4ab600000,0x000000f4ab700000)]
  0x000002efce2a6b60 JavaThread "Daemon worker" [_thread_blocked, id=1872, stack(0x000000f4ab700000,0x000000f4ab800000)]
  0x000002efce2a5c30 JavaThread "Asynchronous log dispatcher for DefaultDaemonConnection: socket connection from /127.0.0.1:60890 to /127.0.0.1:60891" [_thread_blocked, id=14984, stack(0x000000f4ab800000,0x000000f4ab900000)]
  0x000002efce2a7070 JavaThread "Stdin handler" [_thread_blocked, id=10088, stack(0x000000f4ab900000,0x000000f4aba00000)]
  0x000002efce2a7580 JavaThread "Daemon client event forwarder" [_thread_blocked, id=11232, stack(0x000000f4aba00000,0x000000f4abb00000)]
  0x000002efce2a5720 JavaThread "Cache worker for journal cache (C:\Users\Giang\.gradle\caches\journal-1)" [_thread_blocked, id=3532, stack(0x000000f4abb00000,0x000000f4abc00000)]
  0x000002efce2a5210 JavaThread "File lock request listener" [_thread_in_native, id=10168, stack(0x000000f4abc00000,0x000000f4abd00000)]
  0x000002efce2a6140 JavaThread "Cache worker for file hash cache (C:\Users\Giang\.gradle\caches\8.8\fileHashes)" [_thread_blocked, id=9248, stack(0x000000f4abd00000,0x000000f4abe00000)]
  0x000002efce2a7a90 JavaThread "Cache worker for file hash cache (D:\code trung tam\Module05_OFF\ProjectModule05BackEnd\.gradle\8.8\fileHashes)" [_thread_blocked, id=14856, stack(0x000000f4abe00000,0x000000f4abf00000)]
  0x000002efce2a42e0 JavaThread "File watcher server" daemon [_thread_in_native, id=11524, stack(0x000000f4abf00000,0x000000f4ac000000)]
  0x000002efce2a4d00 JavaThread "File watcher consumer" daemon [_thread_blocked, id=7608, stack(0x000000f4ac000000,0x000000f4ac100000)]
  0x000002efd00c3310 JavaThread "Cache worker for checksums cache (D:\code trung tam\Module05_OFF\ProjectModule05BackEnd\.gradle\8.8\checksums)" [_thread_blocked, id=2036, stack(0x000000f4ac100000,0x000000f4ac200000)]
  0x000002efd00c23e0 JavaThread "Cache worker for file content cache (C:\Users\Giang\.gradle\caches\8.8\fileContent)" [_thread_blocked, id=9344, stack(0x000000f4ac200000,0x000000f4ac300000)]
  0x000002efd00c0fa0 JavaThread "Cache worker for cache directory md-rule (C:\Users\Giang\.gradle\caches\8.8\md-rule)" [_thread_blocked, id=8496, stack(0x000000f4ac300000,0x000000f4ac400000)]
  0x000002efd00c3820 JavaThread "Cache worker for cache directory md-supplier (C:\Users\Giang\.gradle\caches\8.8\md-supplier)" [_thread_blocked, id=7724, stack(0x000000f4ac400000,0x000000f4ac500000)]
  0x000002efd00c0a90 JavaThread "jar transforms" [_thread_blocked, id=13732, stack(0x000000f4ac500000,0x000000f4ac600000)]
  0x000002efd00c14b0 JavaThread "jar transforms Thread 2" [_thread_blocked, id=14220, stack(0x000000f4ac600000,0x000000f4ac700000)]
  0x000002efd00c2e00 JavaThread "jar transforms Thread 3" [_thread_blocked, id=11632, stack(0x000000f4ac700000,0x000000f4ac800000)]
  0x000002efd00c0070 JavaThread "jar transforms Thread 4" [_thread_blocked, id=3772, stack(0x000000f4ac800000,0x000000f4ac900000)]
  0x000002efd016cc70 JavaThread "Cache worker for Build Output Cleanup Cache (D:\code trung tam\Module05_OFF\ProjectModule05BackEnd\.gradle\buildOutputCleanup)" [_thread_blocked, id=14280, stack(0x000000f4acb00000,0x000000f4acc00000)]
  0x000002efd016d180 JavaThread "Unconstrained build operations" [_thread_blocked, id=12164, stack(0x000000f4acd00000,0x000000f4ace00000)]
  0x000002efd016f4f0 JavaThread "Unconstrained build operations Thread 2" [_thread_blocked, id=14556, stack(0x000000f4ace00000,0x000000f4acf00000)]
  0x000002efd016d690 JavaThread "Unconstrained build operations Thread 3" [_thread_blocked, id=10112, stack(0x000000f4acf00000,0x000000f4ad000000)]
  0x000002efd016ff10 JavaThread "Unconstrained build operations Thread 4" [_thread_blocked, id=14724, stack(0x000000f4acc00000,0x000000f4acd00000)]
  0x000002efd016efe0 JavaThread "Unconstrained build operations Thread 5" [_thread_blocked, id=484, stack(0x000000f4ad000000,0x000000f4ad100000)]
  0x000002efd0170420 JavaThread "Unconstrained build operations Thread 6" [_thread_blocked, id=10620, stack(0x000000f4ad100000,0x000000f4ad200000)]
  0x000002efd016fa00 JavaThread "Unconstrained build operations Thread 7" [_thread_blocked, id=4692, stack(0x000000f4ad200000,0x000000f4ad300000)]
  0x000002efd0170e40 JavaThread "Unconstrained build operations Thread 8" [_thread_blocked, id=1920, stack(0x000000f4ad300000,0x000000f4ad400000)]
  0x000002efd016dba0 JavaThread "Unconstrained build operations Thread 9" [_thread_blocked, id=8072, stack(0x000000f4ad400000,0x000000f4ad500000)]
  0x000002efd0172280 JavaThread "Memory manager" [_thread_blocked, id=11244, stack(0x000000f4ad600000,0x000000f4ad700000)]
  0x000002efd0170930 JavaThread "included builds" [_thread_blocked, id=1640, stack(0x000000f4ad700000,0x000000f4ad800000)]
  0x000002efd016e0b0 JavaThread "Execution worker" [_thread_blocked, id=4868, stack(0x000000f4ad800000,0x000000f4ad900000)]
  0x000002efd016e5c0 JavaThread "Execution worker Thread 2" [_thread_blocked, id=12636, stack(0x000000f4ad900000,0x000000f4ada00000)]
  0x000002efd0171350 JavaThread "Execution worker Thread 3" [_thread_blocked, id=8896, stack(0x000000f4ada00000,0x000000f4adb00000)]
  0x000002efd0171860 JavaThread "Cache worker for execution history cache (D:\code trung tam\Module05_OFF\ProjectModule05BackEnd\.gradle\8.8\executionHistory)" [_thread_blocked, id=12828, stack(0x000000f4adb00000,0x000000f4adc00000)]
  0x000002efd0171d70 JavaThread "Unconstrained build operations Thread 10" [_thread_blocked, id=11180, stack(0x000000f4adc00000,0x000000f4add00000)]
  0x000002efd01731b0 JavaThread "Unconstrained build operations Thread 11" [_thread_blocked, id=6988, stack(0x000000f4ad500000,0x000000f4ad600000)]
  0x000002efd016bd40 JavaThread "Unconstrained build operations Thread 12" [_thread_blocked, id=7772, stack(0x000000f4add00000,0x000000f4ade00000)]
  0x000002efd01736c0 JavaThread "Unconstrained build operations Thread 13" [_thread_blocked, id=13276, stack(0x000000f4ade00000,0x000000f4adf00000)]
  0x000002efcf2dc2a0 JavaThread "Unconstrained build operations Thread 14" [_thread_blocked, id=11512, stack(0x000000f4adf00000,0x000000f4ae000000)]
  0x000002efcf2e0470 JavaThread "Unconstrained build operations Thread 15" [_thread_blocked, id=11184, stack(0x000000f4ae000000,0x000000f4ae100000)]
  0x000002efcf2da950 JavaThread "Unconstrained build operations Thread 16" [_thread_blocked, id=6276, stack(0x000000f4ae100000,0x000000f4ae200000)]
  0x000002efcf2dfa50 JavaThread "Unconstrained build operations Thread 17" [_thread_blocked, id=10984, stack(0x000000f4ae200000,0x000000f4ae300000)]
  0x000002efcf2df540 JavaThread "Unconstrained build operations Thread 18" [_thread_blocked, id=9804, stack(0x000000f4ae300000,0x000000f4ae400000)]
  0x000002efcf2dbd90 JavaThread "Unconstrained build operations Thread 19" [_thread_blocked, id=13616, stack(0x000000f4ae400000,0x000000f4ae500000)]
  0x000002efcf2e0980 JavaThread "Unconstrained build operations Thread 20" [_thread_blocked, id=14816, stack(0x000000f4ae500000,0x000000f4ae600000)]
  0x000002efcf2e0e90 JavaThread "Unconstrained build operations Thread 21" [_thread_blocked, id=9376, stack(0x000000f4ae600000,0x000000f4ae700000)]
  0x000002efcf2d9a20 JavaThread "Unconstrained build operations Thread 22" [_thread_blocked, id=7896, stack(0x000000f4ae700000,0x000000f4ae800000)]
  0x000002efcf2df030 JavaThread "Unconstrained build operations Thread 23" [_thread_blocked, id=3236, stack(0x000000f4ae900000,0x000000f4aea00000)]
  0x000002efcf2e13a0 JavaThread "Unconstrained build operations Thread 24" [_thread_blocked, id=8096, stack(0x000000f4aea00000,0x000000f4aeb00000)]
  0x000002efcf2dd1d0 JavaThread "Unconstrained build operations Thread 25" [_thread_blocked, id=10208, stack(0x000000f4aeb00000,0x000000f4aec00000)]
  0x000002efcf2da440 JavaThread "Unconstrained build operations Thread 26" [_thread_blocked, id=13096, stack(0x000000f4aec00000,0x000000f4aed00000)]
  0x000002efcf2ddbf0 JavaThread "Unconstrained build operations Thread 27" [_thread_blocked, id=14992, stack(0x000000f4aed00000,0x000000f4aee00000)]
  0x000002efcf2dc7b0 JavaThread "Unconstrained build operations Thread 28" [_thread_blocked, id=1620, stack(0x000000f4ae800000,0x000000f4ae900000)]
  0x000002efcf2db880 JavaThread "Unconstrained build operations Thread 29" [_thread_blocked, id=5624, stack(0x000000f4aee00000,0x000000f4aef00000)]
  0x000002efcf2deb20 JavaThread "Unconstrained build operations Thread 30" [_thread_blocked, id=10288, stack(0x000000f4aef00000,0x000000f4af000000)]
  0x000002efcf2dae60 JavaThread "Unconstrained build operations Thread 31" [_thread_blocked, id=7164, stack(0x000000f4af000000,0x000000f4af100000)]
  0x000002efcf2dccc0 JavaThread "Unconstrained build operations Thread 32" [_thread_blocked, id=12272, stack(0x000000f4af100000,0x000000f4af200000)]
  0x000002efcf2dff60 JavaThread "Unconstrained build operations Thread 33" [_thread_blocked, id=4480, stack(0x000000f4af200000,0x000000f4af300000)]
  0x000002efcf2db370 JavaThread "Unconstrained build operations Thread 34" [_thread_blocked, id=10460, stack(0x000000f4af300000,0x000000f4af400000)]
  0x000002efcf2dd6e0 JavaThread "Unconstrained build operations Thread 35" [_thread_blocked, id=4636, stack(0x000000f4af500000,0x000000f4af600000)]
  0x000002efcf2de100 JavaThread "Unconstrained build operations Thread 36" [_thread_blocked, id=844, stack(0x000000f4af600000,0x000000f4af700000)]
  0x000002efcf2de610 JavaThread "Unconstrained build operations Thread 37" [_thread_blocked, id=14980, stack(0x000000f4af700000,0x000000f4af800000)]
  0x000002efcf70f7f0 JavaThread "Unconstrained build operations Thread 38" [_thread_blocked, id=4772, stack(0x000000f4af800000,0x000000f4af900000)]
  0x000002efcf711650 JavaThread "Unconstrained build operations Thread 39" [_thread_blocked, id=14808, stack(0x000000f4af900000,0x000000f4afa00000)]
  0x000002efcf70c550 JavaThread "Unconstrained build operations Thread 40" [_thread_blocked, id=12960, stack(0x000000f4afa00000,0x000000f4afb00000)]
  0x000002efcf712580 JavaThread "ForkJoinPool.commonPool-worker-1" daemon [_thread_blocked, id=10928, stack(0x000000f4af400000,0x000000f4af500000)]
  0x000002efcf70edd0 JavaThread "ForkJoinPool.commonPool-worker-2" daemon [_thread_blocked, id=7940, stack(0x000000f4afd00000,0x000000f4afe00000)]
  0x000002efcf712fa0 JavaThread "ForkJoinPool.commonPool-worker-3" daemon [_thread_blocked, id=10052, stack(0x000000f4afe00000,0x000000f4aff00000)]
  0x000002efcf70f2e0 JavaThread "Exec process" [_thread_in_native, id=9748, stack(0x000000f4aff00000,0x000000f4b0000000)]
  0x000002efcf70fd00 JavaThread "Exec process Thread 2" [_thread_in_native, id=13224, stack(0x000000f4b0000000,0x000000f4b0100000)]
  0x000002efcf7134b0 JavaThread "Exec process Thread 3" [_thread_in_native, id=12992, stack(0x000000f4b0100000,0x000000f4b0200000)]

Other Threads:
  0x000002efb38df900 VMThread "VM Thread" [stack: 0x000000f4aa100000,0x000000f4aa200000] [id=14892]
  0x000002efb3c00430 WatcherThread [stack: 0x000000f4aad00000,0x000000f4aae00000] [id=3344]
  0x000002ef9962da80 GCTaskThread "GC Thread#0" [stack: 0x000000f4a9c00000,0x000000f4a9d00000] [id=14592]
  0x000002efb3e4ab60 GCTaskThread "GC Thread#1" [stack: 0x000000f4aae00000,0x000000f4aaf00000] [id=10720]
  0x000002efb3c5a590 GCTaskThread "GC Thread#2" [stack: 0x000000f4aaf00000,0x000000f4ab000000] [id=13920]
  0x000002efb3d75d70 GCTaskThread "GC Thread#3" [stack: 0x000000f4ab000000,0x000000f4ab100000] [id=4896]
  0x000002ef99635900 ConcurrentGCThread "G1 Main Marker" [stack: 0x000000f4a9d00000,0x000000f4a9e00000] [id=11140]
  0x000002ef99636230 ConcurrentGCThread "G1 Conc#0" [stack: 0x000000f4a9e00000,0x000000f4a9f00000] [id=12912]
  0x000002ef996bd160 ConcurrentGCThread "G1 Refine#0" [stack: 0x000000f4a9f00000,0x000000f4aa000000] [id=10352]
  0x000002efd014c7e0 ConcurrentGCThread "G1 Refine#1" [stack: 0x000000f4ac900000,0x000000f4aca00000] [id=2304]
  0x000002efd014d690 ConcurrentGCThread "G1 Refine#2" [stack: 0x000000f4aca00000,0x000000f4acb00000] [id=7176]
  0x000002ef996bdaa0 ConcurrentGCThread "G1 Service" [stack: 0x000000f4aa000000,0x000000f4aa100000] [id=8044]

Threads with active compile tasks:
C2 CompilerThread0    51587 9999       4       io.spring.gradle.dependencymanagement.org.apache.maven.model.io.xpp3.MavenXpp3Reader::parseDependency (486 bytes)

VM state: not at safepoint (normal execution)

VM Mutex/Monitor currently owned by a thread: None

Heap address: 0x00000000e0000000, size: 512 MB, Compressed Oops mode: 32-bit

CDS archive(s) mapped at: [0x000002efb4000000-0x000002efb4bb0000-0x000002efb4bb0000), size 12255232, SharedBaseAddress: 0x000002efb4000000, ArchiveRelocationMode: 1.
Compressed class space mapped at: 0x000002efb5000000-0x000002efc9000000, reserved size: 335544320
Narrow klass base: 0x000002efb4000000, Narrow klass shift: 0, Narrow klass range: 0x100000000

GC Precious Log:
 CPUs: 4 total, 4 available
 Memory: 7887M
 Large Page Support: Disabled
 NUMA Support: Disabled
 Compressed Oops: Enabled (32-bit)
 Heap Region Size: 1M
 Heap Min Capacity: 256M
 Heap Initial Capacity: 256M
 Heap Max Capacity: 512M
 Pre-touch: Disabled
 Parallel Workers: 4
 Concurrent Workers: 1
 Concurrent Refinement Workers: 4
 Periodic GC: Disabled

Heap:
 garbage-first heap   total 262144K, used 135597K [0x00000000e0000000, 0x0000000100000000)
  region size 1024K, 93 young (95232K), 12 survivors (12288K)
 Metaspace       used 55227K, committed 55808K, reserved 393216K
  class space    used 7589K, committed 7872K, reserved 327680K

Heap Regions: E=young(eden), S=young(survivor), O=old, HS=humongous(starts), HC=humongous(continues), CS=collection set, F=free, OA=open archive, CA=closed archive, TAMS=top-at-mark-start (previous, next)
|   0|0x00000000e0000000, 0x00000000e0100000, 0x00000000e0100000|100%|HS|  |TAMS 0x00000000e0100000, 0x00000000e0000000| Complete 
|   1|0x00000000e0100000, 0x00000000e0200000, 0x00000000e0200000|100%|HC|  |TAMS 0x00000000e0200000, 0x00000000e0100000| Complete 
|   2|0x00000000e0200000, 0x00000000e0300000, 0x00000000e0300000|100%|HC|  |TAMS 0x00000000e0300000, 0x00000000e0200000| Complete 
|   3|0x00000000e0300000, 0x00000000e0400000, 0x00000000e0400000|100%|HC|  |TAMS 0x00000000e0400000, 0x00000000e0300000| Complete 
|   4|0x00000000e0400000, 0x00000000e0500000, 0x00000000e0500000|100%| O|  |TAMS 0x00000000e0500000, 0x00000000e0400000| Untracked 
|   5|0x00000000e0500000, 0x00000000e0600000, 0x00000000e0600000|100%| O|  |TAMS 0x00000000e0600000, 0x00000000e0500000| Untracked 
|   6|0x00000000e0600000, 0x00000000e0700000, 0x00000000e0700000|100%| O|  |TAMS 0x00000000e0700000, 0x00000000e0600000| Untracked 
|   7|0x00000000e0700000, 0x00000000e0800000, 0x00000000e0800000|100%| O|  |TAMS 0x00000000e0800000, 0x00000000e0700000| Untracked 
|   8|0x00000000e0800000, 0x00000000e0900000, 0x00000000e0900000|100%| O|  |TAMS 0x00000000e0800000, 0x00000000e0800000| Untracked 
|   9|0x00000000e0900000, 0x00000000e0a00000, 0x00000000e0a00000|100%| O|  |TAMS 0x00000000e0a00000, 0x00000000e0900000| Untracked 
|  10|0x00000000e0a00000, 0x00000000e0b00000, 0x00000000e0b00000|100%| O|  |TAMS 0x00000000e0b00000, 0x00000000e0a00000| Untracked 
|  11|0x00000000e0b00000, 0x00000000e0c00000, 0x00000000e0c00000|100%|HS|  |TAMS 0x00000000e0c00000, 0x00000000e0b00000| Complete 
|  12|0x00000000e0c00000, 0x00000000e0d00000, 0x00000000e0d00000|100%| O|  |TAMS 0x00000000e0d00000, 0x00000000e0c00000| Untracked 
|  13|0x00000000e0d00000, 0x00000000e0e00000, 0x00000000e0e00000|100%| O|  |TAMS 0x00000000e0e00000, 0x00000000e0d00000| Untracked 
|  14|0x00000000e0e00000, 0x00000000e0f00000, 0x00000000e0f00000|100%| O|  |TAMS 0x00000000e0f00000, 0x00000000e0e00000| Untracked 
|  15|0x00000000e0f00000, 0x00000000e1000000, 0x00000000e1000000|100%| O|  |TAMS 0x00000000e1000000, 0x00000000e0f00000| Untracked 
|  16|0x00000000e1000000, 0x00000000e1100000, 0x00000000e1100000|100%| O|  |TAMS 0x00000000e1100000, 0x00000000e1000000| Untracked 
|  17|0x00000000e1100000, 0x00000000e1200000, 0x00000000e1200000|100%| O|  |TAMS 0x00000000e1200000, 0x00000000e1100000| Untracked 
|  18|0x00000000e1200000, 0x00000000e1200000, 0x00000000e1300000|  0%| F|  |TAMS 0x00000000e1200000, 0x00000000e1200000| Untracked 
|  19|0x00000000e1300000, 0x00000000e1400000, 0x00000000e1400000|100%| O|  |TAMS 0x00000000e1400000, 0x00000000e1300000| Untracked 
|  20|0x00000000e1400000, 0x00000000e1500000, 0x00000000e1500000|100%| O|  |TAMS 0x00000000e1500000, 0x00000000e1400000| Untracked 
|  21|0x00000000e1500000, 0x00000000e1600000, 0x00000000e1600000|100%| O|  |TAMS 0x00000000e1600000, 0x00000000e1500000| Untracked 
|  22|0x00000000e1600000, 0x00000000e1700000, 0x00000000e1700000|100%| O|  |TAMS 0x00000000e1700000, 0x00000000e1600000| Untracked 
|  23|0x00000000e1700000, 0x00000000e1800000, 0x00000000e1800000|100%| O|  |TAMS 0x00000000e1800000, 0x00000000e1700000| Untracked 
|  24|0x00000000e1800000, 0x00000000e1900000, 0x00000000e1900000|100%| O|  |TAMS 0x00000000e1900000, 0x00000000e1800000| Untracked 
|  25|0x00000000e1900000, 0x00000000e1a00000, 0x00000000e1a00000|100%| O|  |TAMS 0x00000000e1a00000, 0x00000000e1900000| Untracked 
|  26|0x00000000e1a00000, 0x00000000e1b00000, 0x00000000e1b00000|100%| O|  |TAMS 0x00000000e1b00000, 0x00000000e1a00000| Untracked 
|  27|0x00000000e1b00000, 0x00000000e1c00000, 0x00000000e1c00000|100%| O|  |TAMS 0x00000000e1c00000, 0x00000000e1b00000| Untracked 
|  28|0x00000000e1c00000, 0x00000000e1d00000, 0x00000000e1d00000|100%| O|  |TAMS 0x00000000e1d00000, 0x00000000e1c00000| Untracked 
|  29|0x00000000e1d00000, 0x00000000e1e00000, 0x00000000e1e00000|100%| O|  |TAMS 0x00000000e1e00000, 0x00000000e1d00000| Untracked 
|  30|0x00000000e1e00000, 0x00000000e1f00000, 0x00000000e1f00000|100%| O|  |TAMS 0x00000000e1f00000, 0x00000000e1e00000| Untracked 
|  31|0x00000000e1f00000, 0x00000000e2000000, 0x00000000e2000000|100%| O|  |TAMS 0x00000000e2000000, 0x00000000e1f00000| Untracked 
|  32|0x00000000e2000000, 0x00000000e2100000, 0x00000000e2100000|100%| O|  |TAMS 0x00000000e2098000, 0x00000000e2000000| Untracked 
|  33|0x00000000e2100000, 0x00000000e2200000, 0x00000000e2200000|100%| O|  |TAMS 0x00000000e2100000, 0x00000000e2100000| Untracked 
|  34|0x00000000e2200000, 0x00000000e2300000, 0x00000000e2300000|100%| O|  |TAMS 0x00000000e2200000, 0x00000000e2200000| Untracked 
|  35|0x00000000e2300000, 0x00000000e2400000, 0x00000000e2400000|100%| O|  |TAMS 0x00000000e2300000, 0x00000000e2300000| Untracked 
|  36|0x00000000e2400000, 0x00000000e2500000, 0x00000000e2500000|100%| O|  |TAMS 0x00000000e2400000, 0x00000000e2400000| Untracked 
|  37|0x00000000e2500000, 0x00000000e2600000, 0x00000000e2600000|100%| O|  |TAMS 0x00000000e2500000, 0x00000000e2500000| Untracked 
|  38|0x00000000e2600000, 0x00000000e2700000, 0x00000000e2700000|100%| O|  |TAMS 0x00000000e2600000, 0x00000000e2600000| Untracked 
|  39|0x00000000e2700000, 0x00000000e2800000, 0x00000000e2800000|100%| O|  |TAMS 0x00000000e2700000, 0x00000000e2700000| Untracked 
|  40|0x00000000e2800000, 0x00000000e2900000, 0x00000000e2900000|100%| O|  |TAMS 0x00000000e2800000, 0x00000000e2800000| Untracked 
|  41|0x00000000e2900000, 0x00000000e2a00000, 0x00000000e2a00000|100%| O|  |TAMS 0x00000000e2900000, 0x00000000e2900000| Untracked 
|  42|0x00000000e2a00000, 0x00000000e2a00000, 0x00000000e2b00000|  0%| F|  |TAMS 0x00000000e2a00000, 0x00000000e2a00000| Untracked 
|  43|0x00000000e2b00000, 0x00000000e2b00000, 0x00000000e2c00000|  0%| F|  |TAMS 0x00000000e2b00000, 0x00000000e2b00000| Untracked 
|  44|0x00000000e2c00000, 0x00000000e2c00000, 0x00000000e2d00000|  0%| F|  |TAMS 0x00000000e2c00000, 0x00000000e2c00000| Untracked 
|  45|0x00000000e2d00000, 0x00000000e2d00000, 0x00000000e2e00000|  0%| F|  |TAMS 0x00000000e2d00000, 0x00000000e2d00000| Untracked 
|  46|0x00000000e2e00000, 0x00000000e2e00000, 0x00000000e2f00000|  0%| F|  |TAMS 0x00000000e2e00000, 0x00000000e2e00000| Untracked 
|  47|0x00000000e2f00000, 0x00000000e2f00000, 0x00000000e3000000|  0%| F|  |TAMS 0x00000000e2f00000, 0x00000000e2f00000| Untracked 
|  48|0x00000000e3000000, 0x00000000e3000000, 0x00000000e3100000|  0%| F|  |TAMS 0x00000000e3000000, 0x00000000e3000000| Untracked 
|  49|0x00000000e3100000, 0x00000000e3100000, 0x00000000e3200000|  0%| F|  |TAMS 0x00000000e3100000, 0x00000000e3100000| Untracked 
|  50|0x00000000e3200000, 0x00000000e3200000, 0x00000000e3300000|  0%| F|  |TAMS 0x00000000e3200000, 0x00000000e3200000| Untracked 
|  51|0x00000000e3300000, 0x00000000e3300000, 0x00000000e3400000|  0%| F|  |TAMS 0x00000000e3300000, 0x00000000e3300000| Untracked 
|  52|0x00000000e3400000, 0x00000000e3400000, 0x00000000e3500000|  0%| F|  |TAMS 0x00000000e3400000, 0x00000000e3400000| Untracked 
|  53|0x00000000e3500000, 0x00000000e3500000, 0x00000000e3600000|  0%| F|  |TAMS 0x00000000e3500000, 0x00000000e3500000| Untracked 
|  54|0x00000000e3600000, 0x00000000e3600000, 0x00000000e3700000|  0%| F|  |TAMS 0x00000000e3600000, 0x00000000e3600000| Untracked 
|  55|0x00000000e3700000, 0x00000000e3700000, 0x00000000e3800000|  0%| F|  |TAMS 0x00000000e3700000, 0x00000000e3700000| Untracked 
|  56|0x00000000e3800000, 0x00000000e3800000, 0x00000000e3900000|  0%| F|  |TAMS 0x00000000e3800000, 0x00000000e3800000| Untracked 
|  57|0x00000000e3900000, 0x00000000e3900000, 0x00000000e3a00000|  0%| F|  |TAMS 0x00000000e3900000, 0x00000000e3900000| Untracked 
|  58|0x00000000e3a00000, 0x00000000e3a00000, 0x00000000e3b00000|  0%| F|  |TAMS 0x00000000e3a00000, 0x00000000e3a00000| Untracked 
|  59|0x00000000e3b00000, 0x00000000e3b00000, 0x00000000e3c00000|  0%| F|  |TAMS 0x00000000e3b00000, 0x00000000e3b00000| Untracked 
|  60|0x00000000e3c00000, 0x00000000e3c00000, 0x00000000e3d00000|  0%| F|  |TAMS 0x00000000e3c00000, 0x00000000e3c00000| Untracked 
|  61|0x00000000e3d00000, 0x00000000e3d00000, 0x00000000e3e00000|  0%| F|  |TAMS 0x00000000e3d00000, 0x00000000e3d00000| Untracked 
|  62|0x00000000e3e00000, 0x00000000e3e00000, 0x00000000e3f00000|  0%| F|  |TAMS 0x00000000e3e00000, 0x00000000e3e00000| Untracked 
|  63|0x00000000e3f00000, 0x00000000e3f00000, 0x00000000e4000000|  0%| F|  |TAMS 0x00000000e3f00000, 0x00000000e3f00000| Untracked 
|  64|0x00000000e4000000, 0x00000000e4000000, 0x00000000e4100000|  0%| F|  |TAMS 0x00000000e4000000, 0x00000000e4000000| Untracked 
|  65|0x00000000e4100000, 0x00000000e4100000, 0x00000000e4200000|  0%| F|  |TAMS 0x00000000e4100000, 0x00000000e4100000| Untracked 
|  66|0x00000000e4200000, 0x00000000e4200000, 0x00000000e4300000|  0%| F|  |TAMS 0x00000000e4200000, 0x00000000e4200000| Untracked 
|  67|0x00000000e4300000, 0x00000000e4300000, 0x00000000e4400000|  0%| F|  |TAMS 0x00000000e4300000, 0x00000000e4300000| Untracked 
|  68|0x00000000e4400000, 0x00000000e4400000, 0x00000000e4500000|  0%| F|  |TAMS 0x00000000e4400000, 0x00000000e4400000| Untracked 
|  69|0x00000000e4500000, 0x00000000e4500000, 0x00000000e4600000|  0%| F|  |TAMS 0x00000000e4500000, 0x00000000e4500000| Untracked 
|  70|0x00000000e4600000, 0x00000000e4600000, 0x00000000e4700000|  0%| F|  |TAMS 0x00000000e4600000, 0x00000000e4600000| Untracked 
|  71|0x00000000e4700000, 0x00000000e4700000, 0x00000000e4800000|  0%| F|  |TAMS 0x00000000e4700000, 0x00000000e4700000| Untracked 
|  72|0x00000000e4800000, 0x00000000e4800000, 0x00000000e4900000|  0%| F|  |TAMS 0x00000000e4800000, 0x00000000e4800000| Untracked 
|  73|0x00000000e4900000, 0x00000000e4900000, 0x00000000e4a00000|  0%| F|  |TAMS 0x00000000e4900000, 0x00000000e4900000| Untracked 
|  74|0x00000000e4a00000, 0x00000000e4a00000, 0x00000000e4b00000|  0%| F|  |TAMS 0x00000000e4a00000, 0x00000000e4a00000| Untracked 
|  75|0x00000000e4b00000, 0x00000000e4b00000, 0x00000000e4c00000|  0%| F|  |TAMS 0x00000000e4b00000, 0x00000000e4b00000| Untracked 
|  76|0x00000000e4c00000, 0x00000000e4c00000, 0x00000000e4d00000|  0%| F|  |TAMS 0x00000000e4c00000, 0x00000000e4c00000| Untracked 
|  77|0x00000000e4d00000, 0x00000000e4d00000, 0x00000000e4e00000|  0%| F|  |TAMS 0x00000000e4d00000, 0x00000000e4d00000| Untracked 
|  78|0x00000000e4e00000, 0x00000000e4e00000, 0x00000000e4f00000|  0%| F|  |TAMS 0x00000000e4e00000, 0x00000000e4e00000| Untracked 
|  79|0x00000000e4f00000, 0x00000000e4f00000, 0x00000000e5000000|  0%| F|  |TAMS 0x00000000e4f00000, 0x00000000e4f00000| Untracked 
|  80|0x00000000e5000000, 0x00000000e5000000, 0x00000000e5100000|  0%| F|  |TAMS 0x00000000e5000000, 0x00000000e5000000| Untracked 
|  81|0x00000000e5100000, 0x00000000e5100000, 0x00000000e5200000|  0%| F|  |TAMS 0x00000000e5100000, 0x00000000e5100000| Untracked 
|  82|0x00000000e5200000, 0x00000000e5200000, 0x00000000e5300000|  0%| F|  |TAMS 0x00000000e5200000, 0x00000000e5200000| Untracked 
|  83|0x00000000e5300000, 0x00000000e5300000, 0x00000000e5400000|  0%| F|  |TAMS 0x00000000e5300000, 0x00000000e5300000| Untracked 
|  84|0x00000000e5400000, 0x00000000e5400000, 0x00000000e5500000|  0%| F|  |TAMS 0x00000000e5400000, 0x00000000e5400000| Untracked 
|  85|0x00000000e5500000, 0x00000000e5500000, 0x00000000e5600000|  0%| F|  |TAMS 0x00000000e5500000, 0x00000000e5500000| Untracked 
|  86|0x00000000e5600000, 0x00000000e5600000, 0x00000000e5700000|  0%| F|  |TAMS 0x00000000e5600000, 0x00000000e5600000| Untracked 
|  87|0x00000000e5700000, 0x00000000e5700000, 0x00000000e5800000|  0%| F|  |TAMS 0x00000000e5700000, 0x00000000e5700000| Untracked 
|  88|0x00000000e5800000, 0x00000000e5800000, 0x00000000e5900000|  0%| F|  |TAMS 0x00000000e5800000, 0x00000000e5800000| Untracked 
|  89|0x00000000e5900000, 0x00000000e5900000, 0x00000000e5a00000|  0%| F|  |TAMS 0x00000000e5900000, 0x00000000e5900000| Untracked 
|  90|0x00000000e5a00000, 0x00000000e5a00000, 0x00000000e5b00000|  0%| F|  |TAMS 0x00000000e5a00000, 0x00000000e5a00000| Untracked 
|  91|0x00000000e5b00000, 0x00000000e5b6b4b8, 0x00000000e5c00000| 41%| S|CS|TAMS 0x00000000e5b00000, 0x00000000e5b00000| Complete 
|  92|0x00000000e5c00000, 0x00000000e5d00000, 0x00000000e5d00000|100%| S|CS|TAMS 0x00000000e5c00000, 0x00000000e5c00000| Complete 
|  93|0x00000000e5d00000, 0x00000000e5e00000, 0x00000000e5e00000|100%| S|CS|TAMS 0x00000000e5d00000, 0x00000000e5d00000| Complete 
|  94|0x00000000e5e00000, 0x00000000e5f00000, 0x00000000e5f00000|100%| S|CS|TAMS 0x00000000e5e00000, 0x00000000e5e00000| Complete 
|  95|0x00000000e5f00000, 0x00000000e6000000, 0x00000000e6000000|100%| S|CS|TAMS 0x00000000e5f00000, 0x00000000e5f00000| Complete 
|  96|0x00000000e6000000, 0x00000000e6100000, 0x00000000e6100000|100%| S|CS|TAMS 0x00000000e6000000, 0x00000000e6000000| Complete 
|  97|0x00000000e6100000, 0x00000000e6200000, 0x00000000e6200000|100%| S|CS|TAMS 0x00000000e6100000, 0x00000000e6100000| Complete 
|  98|0x00000000e6200000, 0x00000000e6300000, 0x00000000e6300000|100%| S|CS|TAMS 0x00000000e6200000, 0x00000000e6200000| Complete 
|  99|0x00000000e6300000, 0x00000000e6400000, 0x00000000e6400000|100%| S|CS|TAMS 0x00000000e6300000, 0x00000000e6300000| Complete 
| 100|0x00000000e6400000, 0x00000000e6500000, 0x00000000e6500000|100%| S|CS|TAMS 0x00000000e6400000, 0x00000000e6400000| Complete 
| 101|0x00000000e6500000, 0x00000000e6600000, 0x00000000e6600000|100%| S|CS|TAMS 0x00000000e6500000, 0x00000000e6500000| Complete 
| 102|0x00000000e6600000, 0x00000000e6700000, 0x00000000e6700000|100%| S|CS|TAMS 0x00000000e6600000, 0x00000000e6600000| Complete 
| 103|0x00000000e6700000, 0x00000000e6700000, 0x00000000e6800000|  0%| F|  |TAMS 0x00000000e6700000, 0x00000000e6700000| Untracked 
| 104|0x00000000e6800000, 0x00000000e6800000, 0x00000000e6900000|  0%| F|  |TAMS 0x00000000e6800000, 0x00000000e6800000| Untracked 
| 105|0x00000000e6900000, 0x00000000e6900000, 0x00000000e6a00000|  0%| F|  |TAMS 0x00000000e6900000, 0x00000000e6900000| Untracked 
| 106|0x00000000e6a00000, 0x00000000e6a00000, 0x00000000e6b00000|  0%| F|  |TAMS 0x00000000e6a00000, 0x00000000e6a00000| Untracked 
| 107|0x00000000e6b00000, 0x00000000e6b00000, 0x00000000e6c00000|  0%| F|  |TAMS 0x00000000e6b00000, 0x00000000e6b00000| Untracked 
| 108|0x00000000e6c00000, 0x00000000e6c00000, 0x00000000e6d00000|  0%| F|  |TAMS 0x00000000e6c00000, 0x00000000e6c00000| Untracked 
| 109|0x00000000e6d00000, 0x00000000e6d00000, 0x00000000e6e00000|  0%| F|  |TAMS 0x00000000e6d00000, 0x00000000e6d00000| Untracked 
| 110|0x00000000e6e00000, 0x00000000e6e00000, 0x00000000e6f00000|  0%| F|  |TAMS 0x00000000e6e00000, 0x00000000e6e00000| Untracked 
| 111|0x00000000e6f00000, 0x00000000e6f00000, 0x00000000e7000000|  0%| F|  |TAMS 0x00000000e6f00000, 0x00000000e6f00000| Untracked 
| 112|0x00000000e7000000, 0x00000000e7000000, 0x00000000e7100000|  0%| F|  |TAMS 0x00000000e7000000, 0x00000000e7000000| Untracked 
| 113|0x00000000e7100000, 0x00000000e7100000, 0x00000000e7200000|  0%| F|  |TAMS 0x00000000e7100000, 0x00000000e7100000| Untracked 
| 114|0x00000000e7200000, 0x00000000e7200000, 0x00000000e7300000|  0%| F|  |TAMS 0x00000000e7200000, 0x00000000e7200000| Untracked 
| 115|0x00000000e7300000, 0x00000000e7300000, 0x00000000e7400000|  0%| F|  |TAMS 0x00000000e7300000, 0x00000000e7300000| Untracked 
| 116|0x00000000e7400000, 0x00000000e7400000, 0x00000000e7500000|  0%| F|  |TAMS 0x00000000e7400000, 0x00000000e7400000| Untracked 
| 117|0x00000000e7500000, 0x00000000e7500000, 0x00000000e7600000|  0%| F|  |TAMS 0x00000000e7500000, 0x00000000e7500000| Untracked 
| 118|0x00000000e7600000, 0x00000000e7600000, 0x00000000e7700000|  0%| F|  |TAMS 0x00000000e7600000, 0x00000000e7600000| Untracked 
| 119|0x00000000e7700000, 0x00000000e7700000, 0x00000000e7800000|  0%| F|  |TAMS 0x00000000e7700000, 0x00000000e7700000| Untracked 
| 120|0x00000000e7800000, 0x00000000e7800000, 0x00000000e7900000|  0%| F|  |TAMS 0x00000000e7800000, 0x00000000e7800000| Untracked 
| 121|0x00000000e7900000, 0x00000000e7900000, 0x00000000e7a00000|  0%| F|  |TAMS 0x00000000e7900000, 0x00000000e7900000| Untracked 
| 122|0x00000000e7a00000, 0x00000000e7a00000, 0x00000000e7b00000|  0%| F|  |TAMS 0x00000000e7a00000, 0x00000000e7a00000| Untracked 
| 123|0x00000000e7b00000, 0x00000000e7b00000, 0x00000000e7c00000|  0%| F|  |TAMS 0x00000000e7b00000, 0x00000000e7b00000| Untracked 
| 124|0x00000000e7c00000, 0x00000000e7c00000, 0x00000000e7d00000|  0%| F|  |TAMS 0x00000000e7c00000, 0x00000000e7c00000| Untracked 
| 125|0x00000000e7d00000, 0x00000000e7d00000, 0x00000000e7e00000|  0%| F|  |TAMS 0x00000000e7d00000, 0x00000000e7d00000| Untracked 
| 126|0x00000000e7e00000, 0x00000000e7e00000, 0x00000000e7f00000|  0%| F|  |TAMS 0x00000000e7e00000, 0x00000000e7e00000| Untracked 
| 127|0x00000000e7f00000, 0x00000000e7f00000, 0x00000000e8000000|  0%| F|  |TAMS 0x00000000e7f00000, 0x00000000e7f00000| Untracked 
| 128|0x00000000e8000000, 0x00000000e8000000, 0x00000000e8100000|  0%| F|  |TAMS 0x00000000e8000000, 0x00000000e8000000| Untracked 
| 129|0x00000000e8100000, 0x00000000e8100000, 0x00000000e8200000|  0%| F|  |TAMS 0x00000000e8100000, 0x00000000e8100000| Untracked 
| 130|0x00000000e8200000, 0x00000000e8200000, 0x00000000e8300000|  0%| F|  |TAMS 0x00000000e8200000, 0x00000000e8200000| Untracked 
| 131|0x00000000e8300000, 0x00000000e8300000, 0x00000000e8400000|  0%| F|  |TAMS 0x00000000e8300000, 0x00000000e8300000| Untracked 
| 132|0x00000000e8400000, 0x00000000e8400000, 0x00000000e8500000|  0%| F|  |TAMS 0x00000000e8400000, 0x00000000e8400000| Untracked 
| 133|0x00000000e8500000, 0x00000000e8500000, 0x00000000e8600000|  0%| F|  |TAMS 0x00000000e8500000, 0x00000000e8500000| Untracked 
| 134|0x00000000e8600000, 0x00000000e8600000, 0x00000000e8700000|  0%| F|  |TAMS 0x00000000e8600000, 0x00000000e8600000| Untracked 
| 135|0x00000000e8700000, 0x00000000e8700000, 0x00000000e8800000|  0%| F|  |TAMS 0x00000000e8700000, 0x00000000e8700000| Untracked 
| 136|0x00000000e8800000, 0x00000000e8800000, 0x00000000e8900000|  0%| F|  |TAMS 0x00000000e8800000, 0x00000000e8800000| Untracked 
| 137|0x00000000e8900000, 0x00000000e8900000, 0x00000000e8a00000|  0%| F|  |TAMS 0x00000000e8900000, 0x00000000e8900000| Untracked 
| 138|0x00000000e8a00000, 0x00000000e8a00000, 0x00000000e8b00000|  0%| F|  |TAMS 0x00000000e8a00000, 0x00000000e8a00000| Untracked 
| 139|0x00000000e8b00000, 0x00000000e8b00000, 0x00000000e8c00000|  0%| F|  |TAMS 0x00000000e8b00000, 0x00000000e8b00000| Untracked 
| 140|0x00000000e8c00000, 0x00000000e8c00000, 0x00000000e8d00000|  0%| F|  |TAMS 0x00000000e8c00000, 0x00000000e8c00000| Untracked 
| 141|0x00000000e8d00000, 0x00000000e8d00000, 0x00000000e8e00000|  0%| F|  |TAMS 0x00000000e8d00000, 0x00000000e8d00000| Untracked 
| 142|0x00000000e8e00000, 0x00000000e8e00000, 0x00000000e8f00000|  0%| F|  |TAMS 0x00000000e8e00000, 0x00000000e8e00000| Untracked 
| 143|0x00000000e8f00000, 0x00000000e8f00000, 0x00000000e9000000|  0%| F|  |TAMS 0x00000000e8f00000, 0x00000000e8f00000| Untracked 
| 144|0x00000000e9000000, 0x00000000e9000000, 0x00000000e9100000|  0%| F|  |TAMS 0x00000000e9000000, 0x00000000e9000000| Untracked 
| 145|0x00000000e9100000, 0x00000000e9100000, 0x00000000e9200000|  0%| F|  |TAMS 0x00000000e9100000, 0x00000000e9100000| Untracked 
| 146|0x00000000e9200000, 0x00000000e9200000, 0x00000000e9300000|  0%| F|  |TAMS 0x00000000e9200000, 0x00000000e9200000| Untracked 
| 147|0x00000000e9300000, 0x00000000e9300000, 0x00000000e9400000|  0%| F|  |TAMS 0x00000000e9300000, 0x00000000e9300000| Untracked 
| 148|0x00000000e9400000, 0x00000000e9400000, 0x00000000e9500000|  0%| F|  |TAMS 0x00000000e9400000, 0x00000000e9400000| Untracked 
| 149|0x00000000e9500000, 0x00000000e9500000, 0x00000000e9600000|  0%| F|  |TAMS 0x00000000e9500000, 0x00000000e9500000| Untracked 
| 150|0x00000000e9600000, 0x00000000e9600000, 0x00000000e9700000|  0%| F|  |TAMS 0x00000000e9600000, 0x00000000e9600000| Untracked 
| 151|0x00000000e9700000, 0x00000000e9700000, 0x00000000e9800000|  0%| F|  |TAMS 0x00000000e9700000, 0x00000000e9700000| Untracked 
| 152|0x00000000e9800000, 0x00000000e9800000, 0x00000000e9900000|  0%| F|  |TAMS 0x00000000e9800000, 0x00000000e9800000| Untracked 
| 153|0x00000000e9900000, 0x00000000e9900000, 0x00000000e9a00000|  0%| F|  |TAMS 0x00000000e9900000, 0x00000000e9900000| Untracked 
| 154|0x00000000e9a00000, 0x00000000e9a00000, 0x00000000e9b00000|  0%| F|  |TAMS 0x00000000e9a00000, 0x00000000e9a00000| Untracked 
| 155|0x00000000e9b00000, 0x00000000e9b00000, 0x00000000e9c00000|  0%| F|  |TAMS 0x00000000e9b00000, 0x00000000e9b00000| Untracked 
| 156|0x00000000e9c00000, 0x00000000e9c00000, 0x00000000e9d00000|  0%| F|  |TAMS 0x00000000e9c00000, 0x00000000e9c00000| Untracked 
| 157|0x00000000e9d00000, 0x00000000e9d00000, 0x00000000e9e00000|  0%| F|  |TAMS 0x00000000e9d00000, 0x00000000e9d00000| Untracked 
| 158|0x00000000e9e00000, 0x00000000e9e00000, 0x00000000e9f00000|  0%| F|  |TAMS 0x00000000e9e00000, 0x00000000e9e00000| Untracked 
| 159|0x00000000e9f00000, 0x00000000e9f00000, 0x00000000ea000000|  0%| F|  |TAMS 0x00000000e9f00000, 0x00000000e9f00000| Untracked 
| 160|0x00000000ea000000, 0x00000000ea000000, 0x00000000ea100000|  0%| F|  |TAMS 0x00000000ea000000, 0x00000000ea000000| Untracked 
| 161|0x00000000ea100000, 0x00000000ea100000, 0x00000000ea200000|  0%| F|  |TAMS 0x00000000ea100000, 0x00000000ea100000| Untracked 
| 162|0x00000000ea200000, 0x00000000ea200000, 0x00000000ea300000|  0%| F|  |TAMS 0x00000000ea200000, 0x00000000ea200000| Untracked 
| 163|0x00000000ea300000, 0x00000000ea300000, 0x00000000ea400000|  0%| F|  |TAMS 0x00000000ea300000, 0x00000000ea300000| Untracked 
| 164|0x00000000ea400000, 0x00000000ea400000, 0x00000000ea500000|  0%| F|  |TAMS 0x00000000ea400000, 0x00000000ea400000| Untracked 
| 165|0x00000000ea500000, 0x00000000ea500000, 0x00000000ea600000|  0%| F|  |TAMS 0x00000000ea500000, 0x00000000ea500000| Untracked 
| 166|0x00000000ea600000, 0x00000000ea600000, 0x00000000ea700000|  0%| F|  |TAMS 0x00000000ea600000, 0x00000000ea600000| Untracked 
| 167|0x00000000ea700000, 0x00000000ea700000, 0x00000000ea800000|  0%| F|  |TAMS 0x00000000ea700000, 0x00000000ea700000| Untracked 
| 168|0x00000000ea800000, 0x00000000ea800000, 0x00000000ea900000|  0%| F|  |TAMS 0x00000000ea800000, 0x00000000ea800000| Untracked 
| 169|0x00000000ea900000, 0x00000000ea900000, 0x00000000eaa00000|  0%| F|  |TAMS 0x00000000ea900000, 0x00000000ea900000| Untracked 
| 170|0x00000000eaa00000, 0x00000000eaa00000, 0x00000000eab00000|  0%| F|  |TAMS 0x00000000eaa00000, 0x00000000eaa00000| Untracked 
| 171|0x00000000eab00000, 0x00000000eab00000, 0x00000000eac00000|  0%| F|  |TAMS 0x00000000eab00000, 0x00000000eab00000| Untracked 
| 172|0x00000000eac00000, 0x00000000eac00000, 0x00000000ead00000|  0%| F|  |TAMS 0x00000000eac00000, 0x00000000eac00000| Untracked 
| 173|0x00000000ead00000, 0x00000000ead00000, 0x00000000eae00000|  0%| F|  |TAMS 0x00000000ead00000, 0x00000000ead00000| Untracked 
| 174|0x00000000eae00000, 0x00000000eae00000, 0x00000000eaf00000|  0%| F|  |TAMS 0x00000000eae00000, 0x00000000eae00000| Untracked 
| 175|0x00000000eaf00000, 0x00000000eafc2dd0, 0x00000000eb000000| 76%| E|  |TAMS 0x00000000eaf00000, 0x00000000eaf00000| Complete 
| 176|0x00000000eb000000, 0x00000000eb100000, 0x00000000eb100000|100%| E|CS|TAMS 0x00000000eb000000, 0x00000000eb000000| Complete 
| 177|0x00000000eb100000, 0x00000000eb200000, 0x00000000eb200000|100%| E|CS|TAMS 0x00000000eb100000, 0x00000000eb100000| Complete 
| 178|0x00000000eb200000, 0x00000000eb300000, 0x00000000eb300000|100%| E|CS|TAMS 0x00000000eb200000, 0x00000000eb200000| Complete 
| 179|0x00000000eb300000, 0x00000000eb400000, 0x00000000eb400000|100%| E|CS|TAMS 0x00000000eb300000, 0x00000000eb300000| Complete 
| 180|0x00000000eb400000, 0x00000000eb500000, 0x00000000eb500000|100%| E|CS|TAMS 0x00000000eb400000, 0x00000000eb400000| Complete 
| 181|0x00000000eb500000, 0x00000000eb600000, 0x00000000eb600000|100%| E|CS|TAMS 0x00000000eb500000, 0x00000000eb500000| Complete 
| 182|0x00000000eb600000, 0x00000000eb700000, 0x00000000eb700000|100%| E|CS|TAMS 0x00000000eb600000, 0x00000000eb600000| Complete 
| 183|0x00000000eb700000, 0x00000000eb800000, 0x00000000eb800000|100%| E|CS|TAMS 0x00000000eb700000, 0x00000000eb700000| Complete 
| 184|0x00000000eb800000, 0x00000000eb900000, 0x00000000eb900000|100%| E|CS|TAMS 0x00000000eb800000, 0x00000000eb800000| Complete 
| 185|0x00000000eb900000, 0x00000000eba00000, 0x00000000eba00000|100%| E|CS|TAMS 0x00000000eb900000, 0x00000000eb900000| Complete 
| 186|0x00000000eba00000, 0x00000000ebb00000, 0x00000000ebb00000|100%| E|CS|TAMS 0x00000000eba00000, 0x00000000eba00000| Complete 
| 187|0x00000000ebb00000, 0x00000000ebc00000, 0x00000000ebc00000|100%| E|CS|TAMS 0x00000000ebb00000, 0x00000000ebb00000| Complete 
| 188|0x00000000ebc00000, 0x00000000ebd00000, 0x00000000ebd00000|100%| E|CS|TAMS 0x00000000ebc00000, 0x00000000ebc00000| Complete 
| 189|0x00000000ebd00000, 0x00000000ebe00000, 0x00000000ebe00000|100%| E|CS|TAMS 0x00000000ebd00000, 0x00000000ebd00000| Complete 
| 190|0x00000000ebe00000, 0x00000000ebf00000, 0x00000000ebf00000|100%| E|CS|TAMS 0x00000000ebe00000, 0x00000000ebe00000| Complete 
| 191|0x00000000ebf00000, 0x00000000ec000000, 0x00000000ec000000|100%| E|CS|TAMS 0x00000000ebf00000, 0x00000000ebf00000| Complete 
| 192|0x00000000ec000000, 0x00000000ec100000, 0x00000000ec100000|100%| E|CS|TAMS 0x00000000ec000000, 0x00000000ec000000| Complete 
| 193|0x00000000ec100000, 0x00000000ec200000, 0x00000000ec200000|100%| E|CS|TAMS 0x00000000ec100000, 0x00000000ec100000| Complete 
| 194|0x00000000ec200000, 0x00000000ec300000, 0x00000000ec300000|100%| E|CS|TAMS 0x00000000ec200000, 0x00000000ec200000| Complete 
| 195|0x00000000ec300000, 0x00000000ec400000, 0x00000000ec400000|100%| E|CS|TAMS 0x00000000ec300000, 0x00000000ec300000| Complete 
| 196|0x00000000ec400000, 0x00000000ec500000, 0x00000000ec500000|100%| E|CS|TAMS 0x00000000ec400000, 0x00000000ec400000| Complete 
| 197|0x00000000ec500000, 0x00000000ec600000, 0x00000000ec600000|100%| E|CS|TAMS 0x00000000ec500000, 0x00000000ec500000| Complete 
| 198|0x00000000ec600000, 0x00000000ec700000, 0x00000000ec700000|100%| E|CS|TAMS 0x00000000ec600000, 0x00000000ec600000| Complete 
| 199|0x00000000ec700000, 0x00000000ec800000, 0x00000000ec800000|100%| E|CS|TAMS 0x00000000ec700000, 0x00000000ec700000| Complete 
| 200|0x00000000ec800000, 0x00000000ec900000, 0x00000000ec900000|100%| E|CS|TAMS 0x00000000ec800000, 0x00000000ec800000| Complete 
| 201|0x00000000ec900000, 0x00000000eca00000, 0x00000000eca00000|100%| E|CS|TAMS 0x00000000ec900000, 0x00000000ec900000| Complete 
| 202|0x00000000eca00000, 0x00000000ecb00000, 0x00000000ecb00000|100%| E|CS|TAMS 0x00000000eca00000, 0x00000000eca00000| Complete 
| 203|0x00000000ecb00000, 0x00000000ecc00000, 0x00000000ecc00000|100%| E|CS|TAMS 0x00000000ecb00000, 0x00000000ecb00000| Complete 
| 204|0x00000000ecc00000, 0x00000000ecd00000, 0x00000000ecd00000|100%| E|CS|TAMS 0x00000000ecc00000, 0x00000000ecc00000| Complete 
| 205|0x00000000ecd00000, 0x00000000ece00000, 0x00000000ece00000|100%| E|CS|TAMS 0x00000000ecd00000, 0x00000000ecd00000| Complete 
| 206|0x00000000ece00000, 0x00000000ecf00000, 0x00000000ecf00000|100%| E|CS|TAMS 0x00000000ece00000, 0x00000000ece00000| Complete 
| 207|0x00000000ecf00000, 0x00000000ed000000, 0x00000000ed000000|100%| E|CS|TAMS 0x00000000ecf00000, 0x00000000ecf00000| Complete 
| 208|0x00000000ed000000, 0x00000000ed100000, 0x00000000ed100000|100%| E|CS|TAMS 0x00000000ed000000, 0x00000000ed000000| Complete 
| 209|0x00000000ed100000, 0x00000000ed200000, 0x00000000ed200000|100%| E|CS|TAMS 0x00000000ed100000, 0x00000000ed100000| Complete 
| 210|0x00000000ed200000, 0x00000000ed300000, 0x00000000ed300000|100%| E|CS|TAMS 0x00000000ed200000, 0x00000000ed200000| Complete 
| 211|0x00000000ed300000, 0x00000000ed400000, 0x00000000ed400000|100%| E|CS|TAMS 0x00000000ed300000, 0x00000000ed300000| Complete 
| 212|0x00000000ed400000, 0x00000000ed500000, 0x00000000ed500000|100%| E|CS|TAMS 0x00000000ed400000, 0x00000000ed400000| Complete 
| 213|0x00000000ed500000, 0x00000000ed600000, 0x00000000ed600000|100%| E|CS|TAMS 0x00000000ed500000, 0x00000000ed500000| Complete 
| 214|0x00000000ed600000, 0x00000000ed700000, 0x00000000ed700000|100%| E|CS|TAMS 0x00000000ed600000, 0x00000000ed600000| Complete 
| 215|0x00000000ed700000, 0x00000000ed800000, 0x00000000ed800000|100%| E|CS|TAMS 0x00000000ed700000, 0x00000000ed700000| Complete 
| 216|0x00000000ed800000, 0x00000000ed900000, 0x00000000ed900000|100%| E|CS|TAMS 0x00000000ed800000, 0x00000000ed800000| Complete 
| 217|0x00000000ed900000, 0x00000000eda00000, 0x00000000eda00000|100%| E|CS|TAMS 0x00000000ed900000, 0x00000000ed900000| Complete 
| 218|0x00000000eda00000, 0x00000000edb00000, 0x00000000edb00000|100%| E|CS|TAMS 0x00000000eda00000, 0x00000000eda00000| Complete 
| 219|0x00000000edb00000, 0x00000000edc00000, 0x00000000edc00000|100%| E|CS|TAMS 0x00000000edb00000, 0x00000000edb00000| Complete 
| 220|0x00000000edc00000, 0x00000000edd00000, 0x00000000edd00000|100%| E|CS|TAMS 0x00000000edc00000, 0x00000000edc00000| Complete 
| 221|0x00000000edd00000, 0x00000000ede00000, 0x00000000ede00000|100%| E|CS|TAMS 0x00000000edd00000, 0x00000000edd00000| Complete 
| 222|0x00000000ede00000, 0x00000000edf00000, 0x00000000edf00000|100%| E|CS|TAMS 0x00000000ede00000, 0x00000000ede00000| Complete 
| 223|0x00000000edf00000, 0x00000000ee000000, 0x00000000ee000000|100%| E|CS|TAMS 0x00000000edf00000, 0x00000000edf00000| Complete 
| 224|0x00000000ee000000, 0x00000000ee100000, 0x00000000ee100000|100%| E|CS|TAMS 0x00000000ee000000, 0x00000000ee000000| Complete 
| 225|0x00000000ee100000, 0x00000000ee200000, 0x00000000ee200000|100%| E|CS|TAMS 0x00000000ee100000, 0x00000000ee100000| Complete 
| 226|0x00000000ee200000, 0x00000000ee300000, 0x00000000ee300000|100%| E|CS|TAMS 0x00000000ee200000, 0x00000000ee200000| Complete 
| 227|0x00000000ee300000, 0x00000000ee400000, 0x00000000ee400000|100%| E|CS|TAMS 0x00000000ee300000, 0x00000000ee300000| Complete 
| 228|0x00000000ee400000, 0x00000000ee500000, 0x00000000ee500000|100%| E|CS|TAMS 0x00000000ee400000, 0x00000000ee400000| Complete 
| 229|0x00000000ee500000, 0x00000000ee600000, 0x00000000ee600000|100%| E|CS|TAMS 0x00000000ee500000, 0x00000000ee500000| Complete 
| 230|0x00000000ee600000, 0x00000000ee700000, 0x00000000ee700000|100%| E|CS|TAMS 0x00000000ee600000, 0x00000000ee600000| Complete 
| 231|0x00000000ee700000, 0x00000000ee800000, 0x00000000ee800000|100%| E|CS|TAMS 0x00000000ee700000, 0x00000000ee700000| Complete 
| 232|0x00000000ee800000, 0x00000000ee900000, 0x00000000ee900000|100%| E|CS|TAMS 0x00000000ee800000, 0x00000000ee800000| Complete 
| 233|0x00000000ee900000, 0x00000000eea00000, 0x00000000eea00000|100%| E|CS|TAMS 0x00000000ee900000, 0x00000000ee900000| Complete 
| 234|0x00000000eea00000, 0x00000000eeb00000, 0x00000000eeb00000|100%| E|CS|TAMS 0x00000000eea00000, 0x00000000eea00000| Complete 
| 235|0x00000000eeb00000, 0x00000000eec00000, 0x00000000eec00000|100%| E|CS|TAMS 0x00000000eeb00000, 0x00000000eeb00000| Complete 
| 236|0x00000000eec00000, 0x00000000eed00000, 0x00000000eed00000|100%| E|CS|TAMS 0x00000000eec00000, 0x00000000eec00000| Complete 
| 237|0x00000000eed00000, 0x00000000eee00000, 0x00000000eee00000|100%| E|CS|TAMS 0x00000000eed00000, 0x00000000eed00000| Complete 
| 238|0x00000000eee00000, 0x00000000eef00000, 0x00000000eef00000|100%| E|CS|TAMS 0x00000000eee00000, 0x00000000eee00000| Complete 
| 239|0x00000000eef00000, 0x00000000ef000000, 0x00000000ef000000|100%| E|CS|TAMS 0x00000000eef00000, 0x00000000eef00000| Complete 
| 240|0x00000000ef000000, 0x00000000ef100000, 0x00000000ef100000|100%| E|CS|TAMS 0x00000000ef000000, 0x00000000ef000000| Complete 
| 241|0x00000000ef100000, 0x00000000ef200000, 0x00000000ef200000|100%| E|CS|TAMS 0x00000000ef100000, 0x00000000ef100000| Complete 
| 242|0x00000000ef200000, 0x00000000ef300000, 0x00000000ef300000|100%| E|CS|TAMS 0x00000000ef200000, 0x00000000ef200000| Complete 
| 243|0x00000000ef300000, 0x00000000ef400000, 0x00000000ef400000|100%| E|CS|TAMS 0x00000000ef300000, 0x00000000ef300000| Complete 
| 244|0x00000000ef400000, 0x00000000ef500000, 0x00000000ef500000|100%| E|CS|TAMS 0x00000000ef400000, 0x00000000ef400000| Complete 
| 245|0x00000000ef500000, 0x00000000ef600000, 0x00000000ef600000|100%| E|CS|TAMS 0x00000000ef500000, 0x00000000ef500000| Complete 
| 246|0x00000000ef600000, 0x00000000ef700000, 0x00000000ef700000|100%| E|CS|TAMS 0x00000000ef600000, 0x00000000ef600000| Complete 
| 247|0x00000000ef700000, 0x00000000ef800000, 0x00000000ef800000|100%| E|CS|TAMS 0x00000000ef700000, 0x00000000ef700000| Complete 
| 248|0x00000000ef800000, 0x00000000ef900000, 0x00000000ef900000|100%| E|CS|TAMS 0x00000000ef800000, 0x00000000ef800000| Complete 
| 249|0x00000000ef900000, 0x00000000efa00000, 0x00000000efa00000|100%| E|CS|TAMS 0x00000000ef900000, 0x00000000ef900000| Complete 
| 250|0x00000000efa00000, 0x00000000efb00000, 0x00000000efb00000|100%| E|CS|TAMS 0x00000000efa00000, 0x00000000efa00000| Complete 
| 251|0x00000000efb00000, 0x00000000efc00000, 0x00000000efc00000|100%| E|CS|TAMS 0x00000000efb00000, 0x00000000efb00000| Complete 
| 252|0x00000000efc00000, 0x00000000efd00000, 0x00000000efd00000|100%| E|CS|TAMS 0x00000000efc00000, 0x00000000efc00000| Complete 
| 253|0x00000000efd00000, 0x00000000efe00000, 0x00000000efe00000|100%| E|CS|TAMS 0x00000000efd00000, 0x00000000efd00000| Complete 
| 254|0x00000000efe00000, 0x00000000eff00000, 0x00000000eff00000|100%| E|CS|TAMS 0x00000000efe00000, 0x00000000efe00000| Complete 
| 255|0x00000000eff00000, 0x00000000f0000000, 0x00000000f0000000|100%| E|CS|TAMS 0x00000000eff00000, 0x00000000eff00000| Complete 

Card table byte_map: [0x000002efb0120000,0x000002efb0220000] _byte_map_base: 0x000002efafa20000

Marking Bits (Prev, Next): (CMBitMap*) 0x000002ef9962efc0, (CMBitMap*) 0x000002ef9962f000
 Prev Bits: [0x000002efb0320000, 0x000002efb0b20000)
 Next Bits: [0x000002efb0b20000, 0x000002efb1320000)

Polling page: 0x000002ef98dc0000

Metaspace:

Usage:
  Non-class:     46.52 MB used.
      Class:      7.41 MB used.
       Both:     53.93 MB used.

Virtual space:
  Non-class space:       64.00 MB reserved,      46.81 MB ( 73%) committed,  1 nodes.
      Class space:      320.00 MB reserved,       7.69 MB (  2%) committed,  1 nodes.
             Both:      384.00 MB reserved,      54.50 MB ( 14%) committed. 

Chunk freelists:
   Non-Class:  1.03 MB
       Class:  8.22 MB
        Both:  9.25 MB

MaxMetaspaceSize: 384.00 MB
CompressedClassSpaceSize: 320.00 MB
Initial GC threshold: 21.00 MB
Current GC threshold: 59.50 MB
CDS: on
MetaspaceReclaimPolicy: balanced
 - commit_granule_bytes: 65536.
 - commit_granule_words: 8192.
 - virtual_space_node_default_size: 8388608.
 - enlarge_chunks_in_place: 1.
 - new_chunks_are_fully_committed: 0.
 - uncommit_free_chunks: 1.
 - use_allocation_guard: 0.
 - handle_deallocations: 1.


Internal statistics:

num_allocs_failed_limit: 9.
num_arena_births: 636.
num_arena_deaths: 0.
num_vsnodes_births: 2.
num_vsnodes_deaths: 0.
num_space_committed: 872.
num_space_uncommitted: 0.
num_chunks_returned_to_freelist: 9.
num_chunks_taken_from_freelist: 2931.
num_chunk_merges: 9.
num_chunk_splits: 1891.
num_chunks_enlarged: 1223.
num_inconsistent_stats: 0.

CodeHeap 'non-profiled nmethods': size=120000Kb used=5172Kb max_used=5172Kb free=114827Kb
 bounds [0x000002efa8bf0000, 0x000002efa9100000, 0x000002efb0120000]
CodeHeap 'profiled nmethods': size=120000Kb used=19256Kb max_used=19256Kb free=100743Kb
 bounds [0x000002efa1120000, 0x000002efa23f0000, 0x000002efa8650000]
CodeHeap 'non-nmethods': size=5760Kb used=2323Kb max_used=2395Kb free=3436Kb
 bounds [0x000002efa8650000, 0x000002efa88c0000, 0x000002efa8bf0000]
 total_blobs=10069 nmethods=9230 adapters=751
 compilation: enabled
              stopped_count=0, restarted_count=0
 full_count=0

Compilation events (20 events):
Event: 50.353 Thread 0x000002efb3902000 10102       2       java.lang.ProcessEnvironment$CheckedEntrySet$1::next (20 bytes)
Event: 50.353 Thread 0x000002efb3902000 nmethod 10102 0x000002efa23eb710 code [0x000002efa23eb8c0, 0x000002efa23ebb08]
Event: 50.354 Thread 0x000002efb3902000 10103       2       java.lang.ProcessEnvironment$CheckedEntry::getKey (5 bytes)
Event: 50.354 Thread 0x000002efb3902000 nmethod 10103 0x000002efa23ebc10 code [0x000002efa23ebdc0, 0x000002efa23ebf28]
Event: 50.355 Thread 0x000002efb3902000 10104       2       java.lang.ProcessEnvironment$EntryComparator::compare (13 bytes)
Event: 50.355 Thread 0x000002efb3902000 nmethod 10104 0x000002efa23ec010 code [0x000002efa23ec1e0, 0x000002efa23ec4a8]
Event: 50.355 Thread 0x000002efb3902000 10106       2       java.lang.ProcessEnvironment$CheckedEntry::getValue (5 bytes)
Event: 50.355 Thread 0x000002efb3902000 nmethod 10106 0x000002efa23ec610 code [0x000002efa23ec7c0, 0x000002efa23ec928]
Event: 50.355 Thread 0x000002efb3902000 10105       2       java.lang.ProcessEnvironment$EntryComparator::compare (25 bytes)
Event: 50.356 Thread 0x000002efb3902000 nmethod 10105 0x000002efa23eca10 code [0x000002efa23ecbe0, 0x000002efa23ecde8]
Event: 50.371 Thread 0x000002efb3902000 10108       2       java.lang.invoke.InvokerBytecodeGenerator::resolveFrom (81 bytes)
Event: 50.372 Thread 0x000002efb3902000 nmethod 10108 0x000002efa23ecf10 code [0x000002efa23ed0c0, 0x000002efa23ed2e8]
Event: 50.943 Thread 0x000002efb3902000 10111       3       java.lang.ThreadLocal::get (38 bytes)
Event: 50.944 Thread 0x000002efb3902000 nmethod 10111 0x000002efa23ed410 code [0x000002efa23ed5e0, 0x000002efa23ed918]
Event: 51.015 Thread 0x000002efb3901640 nmethod 9992 0x000002efa90eb590 code [0x000002efa90eba60, 0x000002efa90f3b10]
Event: 51.018 Thread 0x000002efb3901640 10001       4       io.spring.gradle.dependencymanagement.org.codehaus.plexus.util.xml.pull.MXParser::parseAttribute (1656 bytes)
Event: 51.250 Thread 0x000002efb3901640 nmethod 10001 0x000002efa90f7f90 code [0x000002efa90f82c0, 0x000002efa90fb848]
Event: 51.250 Thread 0x000002efb3901640 9999       4       io.spring.gradle.dependencymanagement.org.apache.maven.model.io.xpp3.MavenXpp3Reader::parseDependency (486 bytes)
Event: 51.441 Thread 0x000002efb3902000 10113       3       java.lang.ProcessEnvironment$CheckedEntry::getKey (5 bytes)
Event: 51.442 Thread 0x000002efb3902000 nmethod 10113 0x000002efa23eda90 code [0x000002efa23edc40, 0x000002efa23edf88]

GC Heap History (20 events):
Event: 3.440 GC heap before
{Heap before GC invocations=0 (full 0):
 garbage-first heap   total 262144K, used 13312K [0x00000000e0000000, 0x0000000100000000)
  region size 1024K, 13 young (13312K), 0 survivors (0K)
 Metaspace       used 796K, committed 896K, reserved 393216K
  class space    used 61K, committed 128K, reserved 327680K
}
Event: 3.471 GC heap after
{Heap after GC invocations=1 (full 0):
 garbage-first heap   total 262144K, used 1688K [0x00000000e0000000, 0x0000000100000000)
  region size 1024K, 2 young (2048K), 2 survivors (2048K)
 Metaspace       used 796K, committed 896K, reserved 393216K
  class space    used 61K, committed 128K, reserved 327680K
}
Event: 6.959 GC heap before
{Heap before GC invocations=1 (full 0):
 garbage-first heap   total 262144K, used 22168K [0x00000000e0000000, 0x0000000100000000)
  region size 1024K, 19 young (19456K), 2 survivors (2048K)
 Metaspace       used 3267K, committed 3392K, reserved 393216K
  class space    used 413K, committed 512K, reserved 327680K
}
Event: 6.966 GC heap after
{Heap after GC invocations=2 (full 0):
 garbage-first heap   total 262144K, used 11023K [0x00000000e0000000, 0x0000000100000000)
  region size 1024K, 3 young (3072K), 3 survivors (3072K)
 Metaspace       used 3267K, committed 3392K, reserved 393216K
  class space    used 413K, committed 512K, reserved 327680K
}
Event: 10.208 GC heap before
{Heap before GC invocations=2 (full 0):
 garbage-first heap   total 262144K, used 41743K [0x00000000e0000000, 0x0000000100000000)
  region size 1024K, 33 young (33792K), 3 survivors (3072K)
 Metaspace       used 4100K, committed 4352K, reserved 393216K
  class space    used 506K, committed 640K, reserved 327680K
}
Event: 10.212 GC heap after
{Heap after GC invocations=3 (full 0):
 garbage-first heap   total 262144K, used 12178K [0x00000000e0000000, 0x0000000100000000)
  region size 1024K, 1 young (1024K), 1 survivors (1024K)
 Metaspace       used 4100K, committed 4352K, reserved 393216K
  class space    used 506K, committed 640K, reserved 327680K
}
Event: 20.462 GC heap before
{Heap before GC invocations=3 (full 0):
 garbage-first heap   total 262144K, used 131986K [0x00000000e0000000, 0x0000000100000000)
  region size 1024K, 117 young (119808K), 1 survivors (1024K)
 Metaspace       used 21273K, committed 21504K, reserved 393216K
  class space    used 3133K, committed 3264K, reserved 327680K
}
Event: 20.486 GC heap after
{Heap after GC invocations=4 (full 0):
 garbage-first heap   total 262144K, used 23731K [0x00000000e0000000, 0x0000000100000000)
  region size 1024K, 12 young (12288K), 12 survivors (12288K)
 Metaspace       used 21273K, committed 21504K, reserved 393216K
  class space    used 3133K, committed 3264K, reserved 327680K
}
Event: 27.169 GC heap before
{Heap before GC invocations=5 (full 0):
 garbage-first heap   total 262144K, used 145587K [0x00000000e0000000, 0x0000000100000000)
  region size 1024K, 128 young (131072K), 12 survivors (12288K)
 Metaspace       used 35860K, committed 36160K, reserved 393216K
  class space    used 4990K, committed 5120K, reserved 327680K
}
Event: 27.199 GC heap after
{Heap after GC invocations=6 (full 0):
 garbage-first heap   total 262144K, used 33119K [0x00000000e0000000, 0x0000000100000000)
  region size 1024K, 10 young (10240K), 10 survivors (10240K)
 Metaspace       used 35860K, committed 36160K, reserved 393216K
  class space    used 4990K, committed 5120K, reserved 327680K
}
Event: 27.272 GC heap before
{Heap before GC invocations=6 (full 0):
 garbage-first heap   total 262144K, used 35167K [0x00000000e0000000, 0x0000000100000000)
  region size 1024K, 12 young (12288K), 10 survivors (10240K)
 Metaspace       used 36070K, committed 36480K, reserved 393216K
  class space    used 5028K, committed 5184K, reserved 327680K
}
Event: 27.289 GC heap after
{Heap after GC invocations=7 (full 0):
 garbage-first heap   total 262144K, used 33786K [0x00000000e0000000, 0x0000000100000000)
  region size 1024K, 2 young (2048K), 2 survivors (2048K)
 Metaspace       used 36070K, committed 36480K, reserved 393216K
  class space    used 5028K, committed 5184K, reserved 327680K
}
Event: 27.318 GC heap before
{Heap before GC invocations=7 (full 0):
 garbage-first heap   total 262144K, used 33786K [0x00000000e0000000, 0x0000000100000000)
  region size 1024K, 3 young (3072K), 2 survivors (2048K)
 Metaspace       used 36140K, committed 36480K, reserved 393216K
  class space    used 5042K, committed 5184K, reserved 327680K
}
Event: 27.320 GC heap after
{Heap after GC invocations=8 (full 0):
 garbage-first heap   total 262144K, used 32779K [0x00000000e0000000, 0x0000000100000000)
  region size 1024K, 1 young (1024K), 1 survivors (1024K)
 Metaspace       used 36140K, committed 36480K, reserved 393216K
  class space    used 5042K, committed 5184K, reserved 327680K
}
Event: 35.980 GC heap before
{Heap before GC invocations=9 (full 0):
 garbage-first heap   total 262144K, used 189451K [0x00000000e0000000, 0x0000000100000000)
  region size 1024K, 153 young (156672K), 1 survivors (1024K)
 Metaspace       used 48859K, committed 49344K, reserved 393216K
  class space    used 6934K, committed 7168K, reserved 327680K
}
Event: 36.002 GC heap after
{Heap after GC invocations=10 (full 0):
 garbage-first heap   total 262144K, used 42274K [0x00000000e0000000, 0x0000000100000000)
  region size 1024K, 10 young (10240K), 10 survivors (10240K)
 Metaspace       used 48859K, committed 49344K, reserved 393216K
  class space    used 6934K, committed 7168K, reserved 327680K
}
Event: 36.137 GC heap before
{Heap before GC invocations=10 (full 0):
 garbage-first heap   total 262144K, used 44322K [0x00000000e0000000, 0x0000000100000000)
  region size 1024K, 12 young (12288K), 10 survivors (10240K)
 Metaspace       used 49078K, committed 49600K, reserved 393216K
  class space    used 6976K, committed 7232K, reserved 327680K
}
Event: 36.153 GC heap after
{Heap after GC invocations=11 (full 0):
 garbage-first heap   total 262144K, used 43338K [0x00000000e0000000, 0x0000000100000000)
  region size 1024K, 2 young (2048K), 2 survivors (2048K)
 Metaspace       used 49078K, committed 49600K, reserved 393216K
  class space    used 6976K, committed 7232K, reserved 327680K
}
Event: 46.697 GC heap before
{Heap before GC invocations=11 (full 0):
 garbage-first heap   total 262144K, used 196938K [0x00000000e0000000, 0x0000000100000000)
  region size 1024K, 153 young (156672K), 2 survivors (2048K)
 Metaspace       used 54029K, committed 54592K, reserved 393216K
  class space    used 7453K, committed 7744K, reserved 327680K
}
Event: 46.718 GC heap after
{Heap after GC invocations=12 (full 0):
 garbage-first heap   total 262144K, used 53677K [0x00000000e0000000, 0x0000000100000000)
  region size 1024K, 12 young (12288K), 12 survivors (12288K)
 Metaspace       used 54029K, committed 54592K, reserved 393216K
  class space    used 7453K, committed 7744K, reserved 327680K
}

Dll operation events (15 events):
Event: 0.064 Loaded shared library C:\Users\Giang\.jdks\corretto-17.0.10\bin\java.dll
Event: 0.187 Loaded shared library C:\Users\Giang\.jdks\corretto-17.0.10\bin\jsvml.dll
Event: 0.715 Loaded shared library C:\Users\Giang\.jdks\corretto-17.0.10\bin\zip.dll
Event: 0.723 Loaded shared library C:\Users\Giang\.jdks\corretto-17.0.10\bin\instrument.dll
Event: 0.731 Loaded shared library C:\Users\Giang\.jdks\corretto-17.0.10\bin\net.dll
Event: 0.735 Loaded shared library C:\Users\Giang\.jdks\corretto-17.0.10\bin\nio.dll
Event: 0.762 Loaded shared library C:\Users\Giang\.jdks\corretto-17.0.10\bin\zip.dll
Event: 3.624 Loaded shared library C:\Users\Giang\.jdks\corretto-17.0.10\bin\jimage.dll
Event: 4.454 Loaded shared library C:\Users\Giang\.jdks\corretto-17.0.10\bin\verify.dll
Event: 5.549 Loaded shared library C:\Users\Giang\.gradle\native\c067742578af261105cb4f569cf0c3c89f3d7b1fecec35dd04571415982c5e48\windows-amd64\native-platform.dll
Event: 5.591 Loaded shared library C:\Users\Giang\.gradle\native\100fb08df4bc3b14c8652ba06237920a3bd2aa13389f12d3474272988ae205f9\windows-amd64\native-platform-file-events.dll
Event: 13.463 Loaded shared library C:\Users\Giang\.jdks\corretto-17.0.10\bin\management.dll
Event: 13.475 Loaded shared library C:\Users\Giang\.jdks\corretto-17.0.10\bin\management_ext.dll
Event: 14.414 Loaded shared library C:\Users\Giang\.jdks\corretto-17.0.10\bin\extnet.dll
Event: 15.239 Loaded shared library C:\Users\Giang\.jdks\corretto-17.0.10\bin\sunmscapi.dll

Deoptimization events (20 events):
Event: 50.431 Thread 0x000002efcf7134b0 Uncommon trap: trap_request=0xffffffc6 fr.pc=0x000002efa8fe7b88 relative=0x00000000000001c8
Event: 50.431 Thread 0x000002efcf7134b0 Uncommon trap: reason=bimorphic_or_optimized_type_check action=maybe_recompile pc=0x000002efa8fe7b88 method=java.io.BufferedInputStream.read1([BII)I @ 39 c2
Event: 50.431 Thread 0x000002efcf7134b0 DEOPT PACKING pc=0x000002efa8fe7b88 sp=0x000000f4b01feee0
Event: 50.431 Thread 0x000002efcf7134b0 DEOPT UNPACKING pc=0x000002efa86a69a3 sp=0x000000f4b01fee68 mode 2
Event: 50.855 Thread 0x000002efcf7134b0 Uncommon trap: trap_request=0xffffffc6 fr.pc=0x000002efa8fe7b88 relative=0x00000000000001c8
Event: 50.855 Thread 0x000002efcf7134b0 Uncommon trap: reason=bimorphic_or_optimized_type_check action=maybe_recompile pc=0x000002efa8fe7b88 method=java.io.BufferedInputStream.read1([BII)I @ 39 c2
Event: 50.855 Thread 0x000002efcf7134b0 DEOPT PACKING pc=0x000002efa8fe7b88 sp=0x000000f4b01feee0
Event: 50.855 Thread 0x000002efcf7134b0 DEOPT UNPACKING pc=0x000002efa86a69a3 sp=0x000000f4b01fee68 mode 2
Event: 50.855 Thread 0x000002efcf7134b0 Uncommon trap: trap_request=0xffffffc6 fr.pc=0x000002efa8fe7b88 relative=0x00000000000001c8
Event: 50.855 Thread 0x000002efcf7134b0 Uncommon trap: reason=bimorphic_or_optimized_type_check action=maybe_recompile pc=0x000002efa8fe7b88 method=java.io.BufferedInputStream.read1([BII)I @ 39 c2
Event: 50.855 Thread 0x000002efcf7134b0 DEOPT PACKING pc=0x000002efa8fe7b88 sp=0x000000f4b01feee0
Event: 50.855 Thread 0x000002efcf7134b0 DEOPT UNPACKING pc=0x000002efa86a69a3 sp=0x000000f4b01fee68 mode 2
Event: 50.855 Thread 0x000002efcf7134b0 Uncommon trap: trap_request=0xffffffc6 fr.pc=0x000002efa8fe7b88 relative=0x00000000000001c8
Event: 50.855 Thread 0x000002efcf7134b0 Uncommon trap: reason=bimorphic_or_optimized_type_check action=maybe_recompile pc=0x000002efa8fe7b88 method=java.io.BufferedInputStream.read1([BII)I @ 39 c2
Event: 50.855 Thread 0x000002efcf7134b0 DEOPT PACKING pc=0x000002efa8fe7b88 sp=0x000000f4b01feee0
Event: 50.855 Thread 0x000002efcf7134b0 DEOPT UNPACKING pc=0x000002efa86a69a3 sp=0x000000f4b01fee68 mode 2
Event: 50.957 Thread 0x000002efd0170930 Uncommon trap: trap_request=0xffffff45 fr.pc=0x000002efa8fd0994 relative=0x0000000000000074
Event: 50.957 Thread 0x000002efd0170930 Uncommon trap: reason=unstable_if action=reinterpret pc=0x000002efa8fd0994 method=org.gradle.internal.logging.slf4j.OutputEventListenerBackedLogger.isLevelAtMost(Lorg/gradle/api/logging/LogLevel;)Z @ 11 c2
Event: 50.957 Thread 0x000002efd0170930 DEOPT PACKING pc=0x000002efa8fd0994 sp=0x000000f4ad7f4df0
Event: 50.957 Thread 0x000002efd0170930 DEOPT UNPACKING pc=0x000002efa86a69a3 sp=0x000000f4ad7f4d90 mode 2

Classes unloaded (0 events):
No events

Classes redefined (0 events):
No events

Internal exceptions (20 events):
Event: 36.792 Thread 0x000002efce2a7580 Exception <a 'java/lang/NoSuchMethodError'{0x00000000ef2ff220}: static Lorg/gradle/internal/operations/OperationIdentifier;.<clinit>()V> (0x00000000ef2ff220) 
thrown [s\src\hotspot\share\prims\jni.cpp, line 1107]
Event: 36.794 Thread 0x000002efce2a7580 Exception <a 'java/lang/NoSuchMethodError'{0x00000000ef1090e8}: static Lorg/gradle/internal/build/event/types/DefaultBinaryPluginIdentifier;.<clinit>()V> (0x00000000ef1090e8) 
thrown [s\src\hotspot\share\prims\jni.cpp, line 1107]
Event: 36.959 Thread 0x000002efd0170930 Exception <a 'java/lang/NoSuchMethodError'{0x00000000ef176a78}: 'void java.lang.invoke.DirectMethodHandle$Holder.invokeVirtual(java.lang.Object, java.lang.Object)'> (0x00000000ef176a78) 
thrown [s\src\hotspot\share\interpreter\linkResolver.cpp, line 759]
Event: 36.999 Thread 0x000002efd0170930 Exception <a 'java/lang/NoSuchMethodError'{0x00000000ef078170}: 'void java.lang.invoke.DirectMethodHandle$Holder.invokeStaticInit(java.lang.Object, java.lang.Object, java.lang.Object, int)'> (0x00000000ef078170) 
thrown [s\src\hotspot\share\interpreter\linkResolver.cpp, line 759]
Event: 37.439 Thread 0x000002efd0170930 Exception <a 'java/lang/ClassNotFoundException'{0x00000000ee179b90}: org/gradle/api/internal/plugins/NaggingBasePluginConventionBeanInfo> (0x00000000ee179b90) 
thrown [s\src\hotspot\share\classfile\systemDictionary.cpp, line 256]
Event: 37.440 Thread 0x000002efd0170930 Exception <a 'java/lang/ClassNotFoundException'{0x00000000ee18bd90}: org/gradle/api/plugins/BasePluginConventionBeanInfo> (0x00000000ee18bd90) 
thrown [s\src\hotspot\share\classfile\systemDictionary.cpp, line 256]
Event: 37.441 Thread 0x000002efd0170930 Exception <a 'java/lang/ClassNotFoundException'{0x00000000ee19df58}: org/gradle/api/plugins/BasePluginConventionCustomizer> (0x00000000ee19df58) 
thrown [s\src\hotspot\share\classfile\systemDictionary.cpp, line 256]
Event: 37.442 Thread 0x000002efd0170930 Exception <a 'java/lang/ClassNotFoundException'{0x00000000ee1bac90}: org/gradle/api/internal/plugins/NaggingBasePluginConventionCustomizer> (0x00000000ee1bac90) 
thrown [s\src\hotspot\share\classfile\systemDictionary.cpp, line 256]
Event: 37.447 Thread 0x000002efd0170930 Exception <a 'java/lang/ClassNotFoundException'{0x00000000ee0054a8}: org/gradle/api/plugins/internal/NaggingJavaPluginConventionBeanInfo> (0x00000000ee0054a8) 
thrown [s\src\hotspot\share\classfile\systemDictionary.cpp, line 256]
Event: 37.452 Thread 0x000002efd0170930 Exception <a 'java/lang/ClassNotFoundException'{0x00000000ee0176a8}: org/gradle/api/plugins/JavaPluginConventionBeanInfo> (0x00000000ee0176a8) 
thrown [s\src\hotspot\share\classfile\systemDictionary.cpp, line 256]
Event: 37.453 Thread 0x000002efd0170930 Exception <a 'java/lang/ClassNotFoundException'{0x00000000ee029870}: org/gradle/api/plugins/JavaPluginConventionCustomizer> (0x00000000ee029870) 
thrown [s\src\hotspot\share\classfile\systemDictionary.cpp, line 256]
Event: 37.454 Thread 0x000002efd0170930 Exception <a 'java/lang/ClassNotFoundException'{0x00000000ee04ff98}: org/gradle/api/plugins/internal/NaggingJavaPluginConventionCustomizer> (0x00000000ee04ff98) 
thrown [s\src\hotspot\share\classfile\systemDictionary.cpp, line 256]
Event: 40.852 Thread 0x000002efd0170930 Exception <a 'java/lang/NoSuchMethodError'{0x00000000ebd51140}: 'void java.lang.invoke.DirectMethodHandle$Holder.invokeVirtual(java.lang.Object, java.lang.Object, java.lang.Object, java.lang.Object)'> (0x00000000ebd51140) 
thrown [s\src\hotspot\share\interpreter\linkResolver.cpp, line 759]
Event: 46.727 Thread 0x000002efd0170930 Implicit null exception at 0x000002efa907eed5 to 0x000002efa907fbd4
Event: 50.237 Thread 0x000002efd0170930 Exception <a 'java/lang/NoSuchMethodError'{0x00000000eb3824b8}: 'int java.lang.invoke.DirectMethodHandle$Holder.invokeSpecialIFC(java.lang.Object, java.lang.Object, java.lang.Object, java.lang.Object, java.lang.Object)'> (0x00000000eb3824b8) 
thrown [s\src\hotspot\share\interpreter\linkResolver.cpp, line 759]
Event: 50.296 Thread 0x000002efcf712580 Implicit null exception at 0x000002efa8e1cedd to 0x000002efa8e1cf78
Event: 50.373 Thread 0x000002efcf70f2e0 Exception <a 'java/lang/NoSuchMethodError'{0x00000000eb0aba30}: 'void java.lang.invoke.DirectMethodHandle$Holder.invokeStatic(java.lang.Object, long)'> (0x00000000eb0aba30) 
thrown [s\src\hotspot\share\interpreter\linkResolver.cpp, line 759]
Event: 50.378 Thread 0x000002efcf70f2e0 Exception <a 'java/lang/NoSuchMethodError'{0x00000000eb0b68d0}: 'java.lang.Object java.lang.invoke.DirectMethodHandle$Holder.invokeStatic(java.lang.Object, java.lang.Object, long, java.lang.Object)'> (0x00000000eb0b68d0) 
thrown [s\src\hotspot\share\interpreter\linkResolver.cpp, line 759]
Event: 50.379 Thread 0x000002efcf70f2e0 Exception <a 'java/lang/NoSuchMethodError'{0x00000000eb0ba0a8}: 'java.lang.Object java.lang.invoke.DirectMethodHandle$Holder.invokeStaticInit(java.lang.Object, java.lang.Object, long, java.lang.Object)'> (0x00000000eb0ba0a8) 
thrown [s\src\hotspot\share\interpreter\linkResolver.cpp, line 759]
Event: 50.916 Thread 0x000002efcf70f2e0 Exception <a 'java/lang/NoSuchMethodError'{0x00000000eb0ccf68}: 'void java.lang.invoke.DirectMethodHandle$Holder.invokeSpecial(java.lang.Object, java.lang.Object, int)'> (0x00000000eb0ccf68) 
thrown [s\src\hotspot\share\interpreter\linkResolver.cpp, line 759]

VM Operations (20 events):
Event: 43.796 Executing VM operation: Cleanup
Event: 43.796 Executing VM operation: Cleanup done
Event: 44.804 Executing VM operation: Cleanup
Event: 44.804 Executing VM operation: Cleanup done
Event: 45.813 Executing VM operation: Cleanup
Event: 45.813 Executing VM operation: Cleanup done
Event: 46.697 Executing VM operation: G1CollectForAllocation
Event: 46.718 Executing VM operation: G1CollectForAllocation done
Event: 47.724 Executing VM operation: Cleanup
Event: 47.724 Executing VM operation: Cleanup done
Event: 48.737 Executing VM operation: Cleanup
Event: 48.737 Executing VM operation: Cleanup done
Event: 49.746 Executing VM operation: Cleanup
Event: 49.746 Executing VM operation: Cleanup done
Event: 50.207 Executing VM operation: HandshakeAllThreads
Event: 50.207 Executing VM operation: HandshakeAllThreads done
Event: 50.384 Executing VM operation: HandshakeAllThreads
Event: 50.384 Executing VM operation: HandshakeAllThreads done
Event: 51.384 Executing VM operation: Cleanup
Event: 51.384 Executing VM operation: Cleanup done

Events (20 events):
Event: 50.263 loading class java/util/stream/ReferencePipeline$15
Event: 50.263 loading class java/util/stream/ReferencePipeline$15 done
Event: 50.269 Thread 0x000002efcf712580 Thread added: 0x000002efcf712580
Event: 50.269 loading class java/util/stream/ReferencePipeline$15$1
Event: 50.269 loading class java/util/stream/ReferencePipeline$15$1 done
Event: 50.289 Thread 0x000002efcf70edd0 Thread added: 0x000002efcf70edd0
Event: 50.295 Thread 0x000002efcf712fa0 Thread added: 0x000002efcf712fa0
Event: 50.351 Thread 0x000002efcf70f2e0 Thread added: 0x000002efcf70f2e0
Event: 50.354 loading class java/lang/ProcessImpl
Event: 50.355 loading class java/lang/ProcessImpl done
Event: 50.376 loading class java/lang/ProcessHandleImpl
Event: 50.377 loading class java/lang/ProcessHandleImpl done
Event: 50.380 loading class java/lang/ProcessImpl$2
Event: 50.380 loading class java/lang/ProcessImpl$2 done
Event: 50.381 loading class java/lang/Process$PipeInputStream
Event: 50.383 loading class java/lang/Process$PipeInputStream done
Event: 50.384 loading class jdk/internal/event/ProcessStartEvent
Event: 50.385 loading class jdk/internal/event/ProcessStartEvent done
Event: 50.386 Thread 0x000002efcf70fd00 Thread added: 0x000002efcf70fd00
Event: 50.386 Thread 0x000002efcf7134b0 Thread added: 0x000002efcf7134b0


Dynamic libraries:
0x00007ff640290000 - 0x00007ff64029e000 	C:\Users\Giang\.jdks\corretto-17.0.10\bin\java.exe
0x00007ffada3f0000 - 0x00007ffada5e8000 	C:\Windows\SYSTEM32\ntdll.dll
0x00007ffad8df0000 - 0x00007ffad8eb1000 	C:\Windows\System32\KERNEL32.DLL
0x00007ffad7d90000 - 0x00007ffad8086000 	C:\Windows\System32\KERNELBASE.dll
0x00007ffad7b70000 - 0x00007ffad7c70000 	C:\Windows\System32\ucrtbase.dll
0x00007ffad0980000 - 0x00007ffad099b000 	C:\Users\Giang\.jdks\corretto-17.0.10\bin\VCRUNTIME140.dll
0x00007ffad0960000 - 0x00007ffad0977000 	C:\Users\Giang\.jdks\corretto-17.0.10\bin\jli.dll
0x00007ffad94c0000 - 0x00007ffad965f000 	C:\Windows\System32\USER32.dll
0x00007ffad8290000 - 0x00007ffad82b2000 	C:\Windows\System32\win32u.dll
0x00007ffad9a30000 - 0x00007ffad9a5b000 	C:\Windows\System32\GDI32.dll
0x00007ffad7c70000 - 0x00007ffad7d87000 	C:\Windows\System32\gdi32full.dll
0x00007ffad7ad0000 - 0x00007ffad7b6d000 	C:\Windows\System32\msvcp_win.dll
0x00007ffac8b30000 - 0x00007ffac8dca000 	C:\Windows\WinSxS\amd64_microsoft.windows.common-controls_6595b64144ccf1df_6.0.19041.4355_none_60b8b9eb71f62e16\COMCTL32.dll
0x00007ffad8ec0000 - 0x00007ffad8f5e000 	C:\Windows\System32\msvcrt.dll
0x00007ffad9660000 - 0x00007ffad968f000 	C:\Windows\System32\IMM32.DLL
0x00007ffad3520000 - 0x00007ffad352c000 	C:\Users\Giang\.jdks\corretto-17.0.10\bin\vcruntime140_1.dll
0x00007ffad08d0000 - 0x00007ffad095d000 	C:\Users\Giang\.jdks\corretto-17.0.10\bin\msvcp140.dll
0x00007ffa76250000 - 0x00007ffa76eb2000 	C:\Users\Giang\.jdks\corretto-17.0.10\bin\server\jvm.dll
0x00007ffada300000 - 0x00007ffada3b0000 	C:\Windows\System32\ADVAPI32.dll
0x00007ffad8600000 - 0x00007ffad86a0000 	C:\Windows\System32\sechost.dll
0x00007ffad84d0000 - 0x00007ffad85f3000 	C:\Windows\System32\RPCRT4.dll
0x00007ffad7aa0000 - 0x00007ffad7ac7000 	C:\Windows\System32\bcrypt.dll
0x00007ffad7020000 - 0x00007ffad706b000 	C:\Windows\SYSTEM32\POWRPROF.dll
0x00007ffad3dc0000 - 0x00007ffad3dc9000 	C:\Windows\SYSTEM32\WSOCK32.dll
0x00007ffad96f0000 - 0x00007ffad975b000 	C:\Windows\System32\WS2_32.dll
0x00007ffad3270000 - 0x00007ffad3297000 	C:\Windows\SYSTEM32\WINMM.dll
0x00007ffacef70000 - 0x00007ffacef7a000 	C:\Windows\SYSTEM32\VERSION.dll
0x00007ffad6e90000 - 0x00007ffad6ea2000 	C:\Windows\SYSTEM32\UMPDC.dll
0x00007ffad5920000 - 0x00007ffad5932000 	C:\Windows\SYSTEM32\kernel.appcore.dll
0x00007ffad3200000 - 0x00007ffad320a000 	C:\Users\Giang\.jdks\corretto-17.0.10\bin\jimage.dll
0x00007ffac32d0000 - 0x00007ffac34b4000 	C:\Windows\SYSTEM32\DBGHELP.DLL
0x00007ffac3250000 - 0x00007ffac3284000 	C:\Windows\SYSTEM32\dbgcore.DLL
0x00007ffad8100000 - 0x00007ffad8182000 	C:\Windows\System32\bcryptPrimitives.dll
0x00007ffad10c0000 - 0x00007ffad10ce000 	C:\Users\Giang\.jdks\corretto-17.0.10\bin\instrument.dll
0x00007ffad08a0000 - 0x00007ffad08c5000 	C:\Users\Giang\.jdks\corretto-17.0.10\bin\java.dll
0x00007ffabef80000 - 0x00007ffabf057000 	C:\Users\Giang\.jdks\corretto-17.0.10\bin\jsvml.dll
0x00007ffad9b90000 - 0x00007ffada2fc000 	C:\Windows\System32\SHELL32.dll
0x00007ffad5b20000 - 0x00007ffad62be000 	C:\Windows\SYSTEM32\windows.storage.dll
0x00007ffad9090000 - 0x00007ffad93e3000 	C:\Windows\System32\combase.dll
0x00007ffad74c0000 - 0x00007ffad74ee000 	C:\Windows\SYSTEM32\Wldp.dll
0x00007ffad93f0000 - 0x00007ffad94bd000 	C:\Windows\System32\OLEAUT32.dll
0x00007ffad8d20000 - 0x00007ffad8dcd000 	C:\Windows\System32\SHCORE.dll
0x00007ffad9840000 - 0x00007ffad9895000 	C:\Windows\System32\shlwapi.dll
0x00007ffad79d0000 - 0x00007ffad79f4000 	C:\Windows\SYSTEM32\profapi.dll
0x00007ffad0880000 - 0x00007ffad0898000 	C:\Users\Giang\.jdks\corretto-17.0.10\bin\zip.dll
0x00007ffad0690000 - 0x00007ffad06a9000 	C:\Users\Giang\.jdks\corretto-17.0.10\bin\net.dll
0x00007ffaceab0000 - 0x00007ffacebba000 	C:\Windows\SYSTEM32\WINHTTP.dll
0x00007ffad7220000 - 0x00007ffad728a000 	C:\Windows\system32\mswsock.dll
0x00007ffacfea0000 - 0x00007ffacfeb6000 	C:\Users\Giang\.jdks\corretto-17.0.10\bin\nio.dll
0x00007ffad0d10000 - 0x00007ffad0d20000 	C:\Users\Giang\.jdks\corretto-17.0.10\bin\verify.dll
0x00007ffad09a0000 - 0x00007ffad09c7000 	C:\Users\Giang\.gradle\native\c067742578af261105cb4f569cf0c3c89f3d7b1fecec35dd04571415982c5e48\windows-amd64\native-platform.dll
0x00007ffabb750000 - 0x00007ffabb894000 	C:\Users\Giang\.gradle\native\100fb08df4bc3b14c8652ba06237920a3bd2aa13389f12d3474272988ae205f9\windows-amd64\native-platform-file-events.dll
0x00007ffad0870000 - 0x00007ffad0879000 	C:\Users\Giang\.jdks\corretto-17.0.10\bin\management.dll
0x00007ffad0680000 - 0x00007ffad068b000 	C:\Users\Giang\.jdks\corretto-17.0.10\bin\management_ext.dll
0x00007ffad9a60000 - 0x00007ffad9a68000 	C:\Windows\System32\PSAPI.DLL
0x00007ffad7410000 - 0x00007ffad7428000 	C:\Windows\SYSTEM32\CRYPTSP.dll
0x00007ffad6ad0000 - 0x00007ffad6b04000 	C:\Windows\system32\rsaenh.dll
0x00007ffad7940000 - 0x00007ffad796e000 	C:\Windows\SYSTEM32\USERENV.dll
0x00007ffad7430000 - 0x00007ffad743c000 	C:\Windows\SYSTEM32\CRYPTBASE.dll
0x00007ffad6eb0000 - 0x00007ffad6eeb000 	C:\Windows\SYSTEM32\IPHLPAPI.DLL
0x00007ffad9a20000 - 0x00007ffad9a28000 	C:\Windows\System32\NSI.dll
0x00007ffacf350000 - 0x00007ffacf367000 	C:\Windows\SYSTEM32\dhcpcsvc6.DLL
0x00007ffacfe80000 - 0x00007ffacfe9d000 	C:\Windows\SYSTEM32\dhcpcsvc.DLL
0x00007ffad6f00000 - 0x00007ffad6fca000 	C:\Windows\SYSTEM32\DNSAPI.dll
0x00007ffad0510000 - 0x00007ffad0519000 	C:\Users\Giang\.jdks\corretto-17.0.10\bin\extnet.dll
0x00007ffacbdf0000 - 0x00007ffacbdfe000 	C:\Users\Giang\.jdks\corretto-17.0.10\bin\sunmscapi.dll
0x00007ffad82c0000 - 0x00007ffad841e000 	C:\Windows\System32\CRYPT32.dll
0x00007ffad7530000 - 0x00007ffad7559000 	C:\Windows\SYSTEM32\ncrypt.dll
0x00007ffad74f0000 - 0x00007ffad752b000 	C:\Windows\SYSTEM32\NTASN1.dll
0x00007ffad3a50000 - 0x00007ffad3a57000 	C:\Windows\system32\wshunix.dll

dbghelp: loaded successfully - version: 4.0.5 - missing functions: none
symbol engine: initialized successfully - sym options: 0x614 - pdb path: .;C:\Users\Giang\.jdks\corretto-17.0.10\bin;C:\Windows\SYSTEM32;C:\Windows\WinSxS\amd64_microsoft.windows.common-controls_6595b64144ccf1df_6.0.19041.4355_none_60b8b9eb71f62e16;C:\Users\Giang\.jdks\corretto-17.0.10\bin\server;C:\Users\Giang\.gradle\native\c067742578af261105cb4f569cf0c3c89f3d7b1fecec35dd04571415982c5e48\windows-amd64;C:\Users\Giang\.gradle\native\100fb08df4bc3b14c8652ba06237920a3bd2aa13389f12d3474272988ae205f9\windows-amd64

VM Arguments:
jvm_args: --add-opens=java.base/java.util=ALL-UNNAMED --add-opens=java.base/java.lang=ALL-UNNAMED --add-opens=java.base/java.lang.invoke=ALL-UNNAMED --add-opens=java.prefs/java.util.prefs=ALL-UNNAMED --add-opens=java.base/java.nio.charset=ALL-UNNAMED --add-opens=java.base/java.net=ALL-UNNAMED --add-opens=java.base/java.util.concurrent.atomic=ALL-UNNAMED -XX:MaxMetaspaceSize=384m -XX:+HeapDumpOnOutOfMemoryError -Xms256m -Xmx512m -Dfile.encoding=windows-1252 -Duser.country=US -Duser.language=en -Duser.variant -javaagent:C:\Users\Giang\.gradle\wrapper\dists\gradle-8.8-bin\dl7vupf4psengwqhwktix4v1\gradle-8.8\lib\agents\gradle-instrumentation-agent-8.8.jar 
java_command: org.gradle.launcher.daemon.bootstrap.GradleDaemon 8.8
java_class_path (initial): C:\Users\Giang\.gradle\wrapper\dists\gradle-8.8-bin\dl7vupf4psengwqhwktix4v1\gradle-8.8\lib\gradle-launcher-8.8.jar
Launcher Type: SUN_STANDARD

[Global flags]
     intx CICompilerCount                          = 3                                         {product} {ergonomic}
   size_t CompressedClassSpaceSize                 = 335544320                                 {product} {ergonomic}
     uint ConcGCThreads                            = 1                                         {product} {ergonomic}
     uint G1ConcRefinementThreads                  = 4                                         {product} {ergonomic}
   size_t G1HeapRegionSize                         = 1048576                                   {product} {ergonomic}
    uintx GCDrainStackTargetSize                   = 64                                        {product} {ergonomic}
     bool HeapDumpOnOutOfMemoryError               = true                                   {manageable} {command line}
   size_t InitialHeapSize                          = 268435456                                 {product} {command line}
   size_t MarkStackSize                            = 4194304                                   {product} {ergonomic}
   size_t MaxHeapSize                              = 536870912                                 {product} {command line}
   size_t MaxMetaspaceSize                         = 402653184                                 {product} {command line}
   size_t MaxNewSize                               = 321912832                                 {product} {ergonomic}
   size_t MinHeapDeltaBytes                        = 1048576                                   {product} {ergonomic}
   size_t MinHeapSize                              = 268435456                                 {product} {command line}
    uintx NonNMethodCodeHeapSize                   = 5832780                                {pd product} {ergonomic}
    uintx NonProfiledCodeHeapSize                  = 122912730                              {pd product} {ergonomic}
    uintx ProfiledCodeHeapSize                     = 122912730                              {pd product} {ergonomic}
    uintx ReservedCodeCacheSize                    = 251658240                              {pd product} {ergonomic}
     bool SegmentedCodeCache                       = true                                      {product} {ergonomic}
   size_t SoftMaxHeapSize                          = 536870912                              {manageable} {ergonomic}
     bool UseCompressedClassPointers               = true                           {product lp64_product} {ergonomic}
     bool UseCompressedOops                        = true                           {product lp64_product} {ergonomic}
     bool UseG1GC                                  = true                                      {product} {ergonomic}
     bool UseLargePagesIndividualAllocation        = false                                  {pd product} {ergonomic}

Logging:
Log output configuration:
 #0: stdout all=warning uptime,level,tags
 #1: stderr all=off uptime,level,tags

Environment Variables:
PATH=C:\Program Files\Common Files\Oracle\Java\javapath;C:\Windows\system32;C:\Windows;C:\Windows\System32\Wbem;C:\Windows\System32\WindowsPowerShell\v1.0\;C:\Windows\System32\OpenSSH\;C:\Program Files\MySQL\MySQL Server 8.0\bin;%JAVA_HOME%\bin;C:\Gradle\gradle-6.8\bin;C:\Program Files\Git\cmd;C:\Program Files\Java\jdk-17\bin;C:\Program Files\nodejs\;C:\Program Files\MySQL\MySQL Shell 8.0\bin\;C:\Users\Giang\AppData\Local\Microsoft\WindowsApps;C:\Users\Giang\AppData\Local\GitHubDesktop\bin;D:\Microsoft VS Code\bin;C:\Users\Giang\AppData\Roaming\npm
USERNAME=Giang
OS=Windows_NT
PROCESSOR_IDENTIFIER=Intel64 Family 6 Model 61 Stepping 4, GenuineIntel
TMP=C:\Users\Giang\AppData\Local\Temp
TEMP=C:\Users\Giang\AppData\Local\Temp



Periodic native trim disabled


---------------  S Y S T E M  ---------------

OS:
 Windows 10 , 64 bit Build 19041 (10.0.19041.4597)
OS uptime: 1 days 9:20 hours

CPU: total 4 (initial active 4) (2 cores per cpu, 2 threads per core) family 6 model 61 stepping 4 microcode 0x2d, cx8, cmov, fxsr, ht, mmx, 3dnowpref, sse, sse2, sse3, ssse3, sse4.1, sse4.2, popcnt, lzcnt, tsc, tscinvbit, avx, avx2, aes, erms, clmul, bmi1, bmi2, rtm, adx, fma, vzeroupper, clflush
Processor Information for all 4 processors :
  Max Mhz: 2594, Current Mhz: 2594, Mhz Limit: 2594

Memory: 4k page, system-wide physical 7887M (360M free)
TotalPageFile size 15055M (AvailPageFile size 11M)
current process WorkingSet (physical memory assigned to process): 397M, peak: 404M
current process commit charge ("private bytes"): 483M, peak: 489M

vm_info: OpenJDK 64-Bit Server VM (17.0.10+7-LTS) for windows-amd64 JRE (17.0.10+7-LTS), built on Jan 10 2024 22:11:07 by "Administrator" with MS VC++ 16.10 / 16.11 (VS2019)

END.
