#
# There is insufficient memory for the Java Runtime Environment to continue.
# Native memory allocation (malloc) failed to allocate 1241616 bytes for Chunk::new
# Possible reasons:
#   The system is out of physical RAM or swap space
#   The process is running with CompressedOops enabled, and the Java Heap may be blocking the growth of the native heap
# Possible solutions:
#   Reduce memory load on the system
#   Increase physical memory or swap space
#   Check if swap backing store is full
#   Decrease Java heap size (-Xmx/-Xms)
#   Decrease number of Java threads
#   Decrease Java thread stack sizes (-Xss)
#   Set larger code cache with -XX:ReservedCodeCacheSize=
#   JVM is running with Unscaled Compressed Oops mode in which the Java heap is
#     placed in the first 4GB address space. The Java Heap base address is the
#     maximum limit for the native heap growth. Please use -XX:HeapBaseMinAddress
#     to set the Java Heap base and to place the Java Heap above 4GB virtual address.
# This output file may be truncated or incomplete.
#
#  Out of Memory Error (arena.cpp:191), pid=10264, tid=420
#
# JRE version: OpenJDK Runtime Environment Corretto-17.0.10.7.1 (17.0.10+7) (build 17.0.10+7-LTS)
# Java VM: OpenJDK 64-Bit Server VM Corretto-17.0.10.7.1 (17.0.10+7-LTS, mixed mode, sharing, tiered, compressed oops, compressed class ptrs, g1 gc, windows-amd64)
# No core dump will be written. Minidumps are not enabled by default on client versions of Windows
#

---------------  S U M M A R Y ------------

Command Line: --add-opens=java.base/java.util=ALL-UNNAMED --add-opens=java.base/java.lang=ALL-UNNAMED --add-opens=java.base/java.lang.invoke=ALL-UNNAMED --add-opens=java.prefs/java.util.prefs=ALL-UNNAMED --add-opens=java.base/java.nio.charset=ALL-UNNAMED --add-opens=java.base/java.net=ALL-UNNAMED --add-opens=java.base/java.util.concurrent.atomic=ALL-UNNAMED -XX:MaxMetaspaceSize=384m -XX:+HeapDumpOnOutOfMemoryError -Xms256m -Xmx512m -Dfile.encoding=windows-1252 -Duser.country=US -Duser.language=en -Duser.variant -javaagent:C:\Users\Giang\.gradle\wrapper\dists\gradle-8.8-bin\dl7vupf4psengwqhwktix4v1\gradle-8.8\lib\agents\gradle-instrumentation-agent-8.8.jar org.gradle.launcher.daemon.bootstrap.GradleDaemon 8.8

Host: Intel(R) Core(TM) i7-5600U CPU @ 2.60GHz, 4 cores, 7G,  Windows 10 , 64 bit Build 19041 (10.0.19041.4597)
Time: Thu Jul 25 16:21:08 2024 SE Asia Standard Time elapsed time: 20.196344 seconds (0d 0h 0m 20s)

---------------  T H R E A D  ---------------

Current thread (0x0000019b7c039030):  JavaThread "C2 CompilerThread1" daemon [_thread_in_native, id=420, stack(0x00000031f3d00000,0x00000031f3e00000)]


Current CompileTask:
C2:  20196 8024       4       org.gradle.api.internal.artifacts.ivyservice.modulecache.ModuleMetadataSerializer$Reader::readMavenDependency (148 bytes)

Stack: [0x00000031f3d00000,0x00000031f3e00000]
Native frames: (J=compiled Java code, j=interpreted, Vv=VM code, C=native code)
V  [jvm.dll+0x67d2c9]
V  [jvm.dll+0x834b1a]
V  [jvm.dll+0x8365de]
V  [jvm.dll+0x836c43]
V  [jvm.dll+0x2477ff]
V  [jvm.dll+0xac514]
V  [jvm.dll+0xacb5c]
V  [jvm.dll+0x2aed1f]
V  [jvm.dll+0x584b67]
V  [jvm.dll+0x2228a2]
V  [jvm.dll+0x222c8f]
V  [jvm.dll+0x21bdb6]
V  [jvm.dll+0x219201]
V  [jvm.dll+0x1a502d]
V  [jvm.dll+0x2290de]
V  [jvm.dll+0x2272ac]
V  [jvm.dll+0x7e9bd7]
V  [jvm.dll+0x7e3fda]
V  [jvm.dll+0x67c1b5]
C  [ucrtbase.dll+0x21bb2]
C  [KERNEL32.DLL+0x17374]
C  [ntdll.dll+0x4cc91]


---------------  P R O C E S S  ---------------

Threads class SMR info:
_java_thread_list=0x0000019b7c865240, length=90, elements={
0x0000019b5bcb0e60, 0x0000019b75f93c20, 0x0000019b75f95eb0, 0x0000019b75faa770,
0x0000019b75fab330, 0x0000019b75fabef0, 0x0000019b75fae8c0, 0x0000019b75faf660,
0x0000019b75fb0110, 0x0000019b7600e1f0, 0x0000019b75f7c4e0, 0x0000019b762b0020,
0x0000019b7bae89a0, 0x0000019b7bfceaf0, 0x0000019b7c1eff40, 0x0000019b7bbe21a0,
0x0000019b7b775030, 0x0000019b7b067830, 0x0000019b7b46cd90, 0x0000019b76163eb0,
0x0000019b761639a0, 0x0000019b761643c0, 0x0000019b76161120, 0x0000019b76161630,
0x0000019b76162560, 0x0000019b76161b40, 0x0000019b76162050, 0x0000019b76162a70,
0x0000019b76162f80, 0x0000019b76163490, 0x0000019b7c039030, 0x0000019b7dc4aec0,
0x0000019b7dc4dc50, 0x0000019b7dc4a4a0, 0x0000019b7dc4fab0, 0x0000019b7dc4cd20,
0x0000019b7dc4d230, 0x0000019b7dc4e670, 0x0000019b7dc4f5a0, 0x0000019b7dc4b3d0,
0x0000019b7dc4a9b0, 0x0000019b7dc504d0, 0x0000019b7dc4d740, 0x0000019b7dc49f90,
0x0000019b7dc49060, 0x0000019b7dc4eb80, 0x0000019b7dc509e0, 0x0000019b7dc49570,
0x0000019b7dc4bdf0, 0x0000019b7dc4c300, 0x0000019b7cc67f30, 0x0000019b7cc68440,
0x0000019b7cc68e60, 0x0000019b7cc68950, 0x0000019b7cc69370, 0x0000019b7cc69880,
0x0000019b7cc660d0, 0x0000019b7cc665e0, 0x0000019b7cc66af0, 0x0000019b7cc67000,
0x0000019b7cc67510, 0x0000019b7cc67a20, 0x0000019b7636bf70, 0x0000019b7636e2e0,
0x0000019b7636e7f0, 0x0000019b7636c480, 0x0000019b7636a620, 0x0000019b763682b0,
0x0000019b76369c00, 0x0000019b76367890, 0x0000019b7636ab30, 0x0000019b7636b550,
0x0000019b7636c990, 0x0000019b7636d8c0, 0x0000019b7636cea0, 0x0000019b7636f210,
0x0000019b7636b040, 0x0000019b7636ba60, 0x0000019b763687c0, 0x0000019b7636a110,
0x0000019b7636d3b0, 0x0000019b76367da0, 0x0000019b7636ddd0, 0x0000019b76368cd0,
0x0000019b763691e0, 0x0000019b763696f0, 0x0000019b7dddcbe0, 0x0000019b7dddef50,
0x0000019b7dde2700, 0x0000019b7dde3120
}

Java Threads: ( => current thread )
  0x0000019b5bcb0e60 JavaThread "main" [_thread_blocked, id=2044, stack(0x00000031f1500000,0x00000031f1600000)]
  0x0000019b75f93c20 JavaThread "Reference Handler" daemon [_thread_blocked, id=19160, stack(0x00000031f1c00000,0x00000031f1d00000)]
  0x0000019b75f95eb0 JavaThread "Finalizer" daemon [_thread_blocked, id=680, stack(0x00000031f1d00000,0x00000031f1e00000)]
  0x0000019b75faa770 JavaThread "Signal Dispatcher" daemon [_thread_blocked, id=17076, stack(0x00000031f1e00000,0x00000031f1f00000)]
  0x0000019b75fab330 JavaThread "Attach Listener" daemon [_thread_blocked, id=15528, stack(0x00000031f1f00000,0x00000031f2000000)]
  0x0000019b75fabef0 JavaThread "Service Thread" daemon [_thread_blocked, id=12400, stack(0x00000031f2000000,0x00000031f2100000)]
  0x0000019b75fae8c0 JavaThread "Monitor Deflation Thread" daemon [_thread_blocked, id=7472, stack(0x00000031f2100000,0x00000031f2200000)]
  0x0000019b75faf660 JavaThread "C2 CompilerThread0" daemon [_thread_in_native, id=16368, stack(0x00000031f2200000,0x00000031f2300000)]
  0x0000019b75fb0110 JavaThread "C1 CompilerThread0" daemon [_thread_blocked, id=14228, stack(0x00000031f2300000,0x00000031f2400000)]
  0x0000019b7600e1f0 JavaThread "Sweeper thread" daemon [_thread_blocked, id=16628, stack(0x00000031f2400000,0x00000031f2500000)]
  0x0000019b75f7c4e0 JavaThread "Common-Cleaner" daemon [_thread_blocked, id=4676, stack(0x00000031f2500000,0x00000031f2600000)]
  0x0000019b762b0020 JavaThread "Notification Thread" daemon [_thread_blocked, id=5408, stack(0x00000031f2600000,0x00000031f2700000)]
  0x0000019b7bae89a0 JavaThread "Daemon health stats" [_thread_blocked, id=7480, stack(0x00000031f2c00000,0x00000031f2d00000)]
  0x0000019b7bfceaf0 JavaThread "Incoming local TCP Connector on port 55441" [_thread_in_native, id=15344, stack(0x00000031f2b00000,0x00000031f2c00000)]
  0x0000019b7c1eff40 JavaThread "Daemon periodic checks" [_thread_blocked, id=14148, stack(0x00000031f2d00000,0x00000031f2e00000)]
  0x0000019b7bbe21a0 JavaThread "Daemon" [_thread_blocked, id=8020, stack(0x00000031f2e00000,0x00000031f2f00000)]
  0x0000019b7b775030 JavaThread "Handler for socket connection from /127.0.0.1:55441 to /127.0.0.1:55442" [_thread_in_native, id=7016, stack(0x00000031f2f00000,0x00000031f3000000)]
  0x0000019b7b067830 JavaThread "Cancel handler" [_thread_blocked, id=15236, stack(0x00000031f3000000,0x00000031f3100000)]
  0x0000019b7b46cd90 JavaThread "Daemon worker" [_thread_blocked, id=10512, stack(0x00000031f3100000,0x00000031f3200000)]
  0x0000019b76163eb0 JavaThread "Asynchronous log dispatcher for DefaultDaemonConnection: socket connection from /127.0.0.1:55441 to /127.0.0.1:55442" [_thread_blocked, id=7468, stack(0x00000031f3200000,0x00000031f3300000)]
  0x0000019b761639a0 JavaThread "Stdin handler" [_thread_blocked, id=1776, stack(0x00000031f3300000,0x00000031f3400000)]
  0x0000019b761643c0 JavaThread "Daemon client event forwarder" [_thread_blocked, id=15644, stack(0x00000031f3400000,0x00000031f3500000)]
  0x0000019b76161120 JavaThread "Cache worker for journal cache (C:\Users\Giang\.gradle\caches\journal-1)" [_thread_blocked, id=1144, stack(0x00000031f3500000,0x00000031f3600000)]
  0x0000019b76161630 JavaThread "File lock request listener" [_thread_in_native, id=2292, stack(0x00000031f3600000,0x00000031f3700000)]
  0x0000019b76162560 JavaThread "Cache worker for file hash cache (C:\Users\Giang\.gradle\caches\8.8\fileHashes)" [_thread_blocked, id=6600, stack(0x00000031f3700000,0x00000031f3800000)]
  0x0000019b76161b40 JavaThread "Cache worker for file hash cache (D:\code trung tam\Module05_OFF\ProjectModule05BackEnd\.gradle\8.8\fileHashes)" [_thread_blocked, id=15768, stack(0x00000031f3900000,0x00000031f3a00000)]
  0x0000019b76162050 JavaThread "File watcher server" daemon [_thread_in_native, id=12324, stack(0x00000031f3a00000,0x00000031f3b00000)]
  0x0000019b76162a70 JavaThread "File watcher consumer" daemon [_thread_blocked, id=14452, stack(0x00000031f3b00000,0x00000031f3c00000)]
  0x0000019b76162f80 JavaThread "Cache worker for checksums cache (D:\code trung tam\Module05_OFF\ProjectModule05BackEnd\.gradle\8.8\checksums)" [_thread_blocked, id=7712, stack(0x00000031f3800000,0x00000031f3900000)]
  0x0000019b76163490 JavaThread "Cache worker for file content cache (C:\Users\Giang\.gradle\caches\8.8\fileContent)" [_thread_blocked, id=19444, stack(0x00000031f3c00000,0x00000031f3d00000)]
=>0x0000019b7c039030 JavaThread "C2 CompilerThread1" daemon [_thread_in_native, id=420, stack(0x00000031f3d00000,0x00000031f3e00000)]
  0x0000019b7dc4aec0 JavaThread "Cache worker for cache directory md-rule (C:\Users\Giang\.gradle\caches\8.8\md-rule)" [_thread_blocked, id=3468, stack(0x00000031f3e00000,0x00000031f3f00000)]
  0x0000019b7dc4dc50 JavaThread "Cache worker for cache directory md-supplier (C:\Users\Giang\.gradle\caches\8.8\md-supplier)" [_thread_blocked, id=228, stack(0x00000031f3f00000,0x00000031f4000000)]
  0x0000019b7dc4a4a0 JavaThread "jar transforms" [_thread_blocked, id=10004, stack(0x00000031f4000000,0x00000031f4100000)]
  0x0000019b7dc4fab0 JavaThread "jar transforms Thread 2" [_thread_blocked, id=13632, stack(0x00000031f4100000,0x00000031f4200000)]
  0x0000019b7dc4cd20 JavaThread "jar transforms Thread 3" [_thread_blocked, id=7196, stack(0x00000031f4200000,0x00000031f4300000)]
  0x0000019b7dc4d230 JavaThread "jar transforms Thread 4" [_thread_blocked, id=5872, stack(0x00000031f4300000,0x00000031f4400000)]
  0x0000019b7dc4e670 JavaThread "Cache worker for Build Output Cleanup Cache (D:\code trung tam\Module05_OFF\ProjectModule05BackEnd\.gradle\buildOutputCleanup)" [_thread_blocked, id=19060, stack(0x00000031f4500000,0x00000031f4600000)]
  0x0000019b7dc4f5a0 JavaThread "Unconstrained build operations" [_thread_blocked, id=776, stack(0x00000031f4600000,0x00000031f4700000)]
  0x0000019b7dc4b3d0 JavaThread "Unconstrained build operations Thread 2" [_thread_blocked, id=12336, stack(0x00000031f4700000,0x00000031f4800000)]
  0x0000019b7dc4a9b0 JavaThread "Unconstrained build operations Thread 3" [_thread_blocked, id=5920, stack(0x00000031f4800000,0x00000031f4900000)]
  0x0000019b7dc504d0 JavaThread "Unconstrained build operations Thread 4" [_thread_blocked, id=14708, stack(0x00000031f4900000,0x00000031f4a00000)]
  0x0000019b7dc4d740 JavaThread "Unconstrained build operations Thread 5" [_thread_blocked, id=7424, stack(0x00000031f4a00000,0x00000031f4b00000)]
  0x0000019b7dc49f90 JavaThread "Unconstrained build operations Thread 6" [_thread_blocked, id=3144, stack(0x00000031f4b00000,0x00000031f4c00000)]
  0x0000019b7dc49060 JavaThread "Unconstrained build operations Thread 7" [_thread_blocked, id=2372, stack(0x00000031f4c00000,0x00000031f4d00000)]
  0x0000019b7dc4eb80 JavaThread "Unconstrained build operations Thread 8" [_thread_blocked, id=17172, stack(0x00000031f4d00000,0x00000031f4e00000)]
  0x0000019b7dc509e0 JavaThread "Unconstrained build operations Thread 9" [_thread_blocked, id=15296, stack(0x00000031f4e00000,0x00000031f4f00000)]
  0x0000019b7dc49570 JavaThread "Memory manager" [_thread_blocked, id=15952, stack(0x00000031f4f00000,0x00000031f5000000)]
  0x0000019b7dc4bdf0 JavaThread "ForkJoinPool.commonPool-worker-1" daemon [_thread_blocked, id=17516, stack(0x00000031f5100000,0x00000031f5200000)]
  0x0000019b7dc4c300 JavaThread "ForkJoinPool.commonPool-worker-2" daemon [_thread_blocked, id=18484, stack(0x00000031f5200000,0x00000031f5300000)]
  0x0000019b7cc67f30 JavaThread "ForkJoinPool.commonPool-worker-3" daemon [_thread_blocked, id=19028, stack(0x00000031f5300000,0x00000031f5400000)]
  0x0000019b7cc68440 JavaThread "Exec process" daemon [_thread_blocked, id=7104, stack(0x00000031f5400000,0x00000031f5500000)]
  0x0000019b7cc68e60 JavaThread "Exec process Thread 2" daemon [_thread_blocked, id=3024, stack(0x00000031f5500000,0x00000031f5600000)]
  0x0000019b7cc68950 JavaThread "Exec process Thread 3" daemon [_thread_blocked, id=10460, stack(0x00000031f5600000,0x00000031f5700000)]
  0x0000019b7cc69370 JavaThread "included builds" [_thread_blocked, id=13744, stack(0x00000031f5700000,0x00000031f5800000)]
  0x0000019b7cc69880 JavaThread "Execution worker" [_thread_blocked, id=8056, stack(0x00000031f5800000,0x00000031f5900000)]
  0x0000019b7cc660d0 JavaThread "Execution worker Thread 2" [_thread_blocked, id=11916, stack(0x00000031f5900000,0x00000031f5a00000)]
  0x0000019b7cc665e0 JavaThread "Execution worker Thread 3" [_thread_in_Java, id=18044, stack(0x00000031f5a00000,0x00000031f5b00000)]
  0x0000019b7cc66af0 JavaThread "Cache worker for execution history cache (D:\code trung tam\Module05_OFF\ProjectModule05BackEnd\.gradle\8.8\executionHistory)" [_thread_blocked, id=13564, stack(0x00000031f5b00000,0x00000031f5c00000)]
  0x0000019b7cc67000 JavaThread "Unconstrained build operations Thread 10" [_thread_blocked, id=2132, stack(0x00000031f5c00000,0x00000031f5d00000)]
  0x0000019b7cc67510 JavaThread "Unconstrained build operations Thread 11" [_thread_blocked, id=13596, stack(0x00000031f5d00000,0x00000031f5e00000)]
  0x0000019b7cc67a20 JavaThread "Unconstrained build operations Thread 12" [_thread_blocked, id=19364, stack(0x00000031f5e00000,0x00000031f5f00000)]
  0x0000019b7636bf70 JavaThread "Unconstrained build operations Thread 13" [_thread_blocked, id=8848, stack(0x00000031f5f00000,0x00000031f6000000)]
  0x0000019b7636e2e0 JavaThread "Unconstrained build operations Thread 14" [_thread_blocked, id=3152, stack(0x00000031f6000000,0x00000031f6100000)]
  0x0000019b7636e7f0 JavaThread "Unconstrained build operations Thread 15" [_thread_blocked, id=1636, stack(0x00000031f6100000,0x00000031f6200000)]
  0x0000019b7636c480 JavaThread "Unconstrained build operations Thread 16" [_thread_blocked, id=840, stack(0x00000031f6200000,0x00000031f6300000)]
  0x0000019b7636a620 JavaThread "Unconstrained build operations Thread 17" [_thread_blocked, id=2064, stack(0x00000031f6300000,0x00000031f6400000)]
  0x0000019b763682b0 JavaThread "Unconstrained build operations Thread 18" [_thread_blocked, id=8344, stack(0x00000031f6400000,0x00000031f6500000)]
  0x0000019b76369c00 JavaThread "Unconstrained build operations Thread 19" [_thread_blocked, id=16812, stack(0x00000031f6500000,0x00000031f6600000)]
  0x0000019b76367890 JavaThread "Unconstrained build operations Thread 20" [_thread_blocked, id=10084, stack(0x00000031f6600000,0x00000031f6700000)]
  0x0000019b7636ab30 JavaThread "Unconstrained build operations Thread 21" [_thread_blocked, id=7416, stack(0x00000031f6700000,0x00000031f6800000)]
  0x0000019b7636b550 JavaThread "Unconstrained build operations Thread 22" [_thread_blocked, id=12576, stack(0x00000031f6800000,0x00000031f6900000)]
  0x0000019b7636c990 JavaThread "Unconstrained build operations Thread 23" [_thread_blocked, id=6804, stack(0x00000031f6900000,0x00000031f6a00000)]
  0x0000019b7636d8c0 JavaThread "Unconstrained build operations Thread 24" [_thread_blocked, id=6780, stack(0x00000031f6a00000,0x00000031f6b00000)]
  0x0000019b7636cea0 JavaThread "Unconstrained build operations Thread 25" [_thread_blocked, id=10784, stack(0x00000031f6b00000,0x00000031f6c00000)]
  0x0000019b7636f210 JavaThread "Unconstrained build operations Thread 26" [_thread_blocked, id=8372, stack(0x00000031f6c00000,0x00000031f6d00000)]
  0x0000019b7636b040 JavaThread "Unconstrained build operations Thread 27" [_thread_blocked, id=19156, stack(0x00000031f6d00000,0x00000031f6e00000)]
  0x0000019b7636ba60 JavaThread "Unconstrained build operations Thread 28" [_thread_blocked, id=3136, stack(0x00000031f6e00000,0x00000031f6f00000)]
  0x0000019b763687c0 JavaThread "Unconstrained build operations Thread 29" [_thread_blocked, id=13040, stack(0x00000031f6f00000,0x00000031f7000000)]
  0x0000019b7636a110 JavaThread "Unconstrained build operations Thread 30" [_thread_blocked, id=17732, stack(0x00000031f7000000,0x00000031f7100000)]
  0x0000019b7636d3b0 JavaThread "Unconstrained build operations Thread 31" [_thread_blocked, id=8180, stack(0x00000031f7100000,0x00000031f7200000)]
  0x0000019b76367da0 JavaThread "Unconstrained build operations Thread 32" [_thread_blocked, id=11660, stack(0x00000031f7200000,0x00000031f7300000)]
  0x0000019b7636ddd0 JavaThread "Unconstrained build operations Thread 33" [_thread_blocked, id=10956, stack(0x00000031f7300000,0x00000031f7400000)]
  0x0000019b76368cd0 JavaThread "Unconstrained build operations Thread 34" [_thread_blocked, id=18588, stack(0x00000031f7400000,0x00000031f7500000)]
  0x0000019b763691e0 JavaThread "Unconstrained build operations Thread 35" [_thread_blocked, id=14852, stack(0x00000031f7500000,0x00000031f7600000)]
  0x0000019b763696f0 JavaThread "Unconstrained build operations Thread 36" [_thread_blocked, id=2476, stack(0x00000031f7600000,0x00000031f7700000)]
  0x0000019b7dddcbe0 JavaThread "Unconstrained build operations Thread 37" [_thread_blocked, id=7044, stack(0x00000031f7700000,0x00000031f7800000)]
  0x0000019b7dddef50 JavaThread "Unconstrained build operations Thread 38" [_thread_blocked, id=9436, stack(0x00000031f7800000,0x00000031f7900000)]
  0x0000019b7dde2700 JavaThread "Unconstrained build operations Thread 39" [_thread_blocked, id=9640, stack(0x00000031f7900000,0x00000031f7a00000)]
  0x0000019b7dde3120 JavaThread "Unconstrained build operations Thread 40" [_thread_blocked, id=4996, stack(0x00000031f7a00000,0x00000031f7b00000)]

Other Threads:
  0x0000019b75f8ffc0 VMThread "VM Thread" [stack: 0x00000031f1b00000,0x00000031f1c00000] [id=17728]
  0x0000019b5bcb1e20 WatcherThread [stack: 0x00000031f2700000,0x00000031f2800000] [id=13332]
  0x0000019b5bcdcd20 GCTaskThread "GC Thread#0" [stack: 0x00000031f1600000,0x00000031f1700000] [id=14028]
  0x0000019b76311550 GCTaskThread "GC Thread#1" [stack: 0x00000031f2800000,0x00000031f2900000] [id=15320]
  0x0000019b763396c0 GCTaskThread "GC Thread#2" [stack: 0x00000031f2900000,0x00000031f2a00000] [id=10048]
  0x0000019b76339980 GCTaskThread "GC Thread#3" [stack: 0x00000031f2a00000,0x00000031f2b00000] [id=11552]
  0x0000019b5bce4c90 ConcurrentGCThread "G1 Main Marker" [stack: 0x00000031f1700000,0x00000031f1800000] [id=7436]
  0x0000019b5bce56b0 ConcurrentGCThread "G1 Conc#0" [stack: 0x00000031f1800000,0x00000031f1900000] [id=12236]
  0x0000019b5bd6c6d0 ConcurrentGCThread "G1 Refine#0" [stack: 0x00000031f1900000,0x00000031f1a00000] [id=11852]
  0x0000019b7d58b980 ConcurrentGCThread "G1 Refine#1" [stack: 0x00000031f4400000,0x00000031f4500000] [id=14268]
  0x0000019b7d58b690 ConcurrentGCThread "G1 Refine#2" [stack: 0x00000031f5000000,0x00000031f5100000] [id=7312]
  0x0000019b5bd6d100 ConcurrentGCThread "G1 Service" [stack: 0x00000031f1a00000,0x00000031f1b00000] [id=9452]

Threads with active compile tasks:
C2 CompilerThread0    20244 8396       4       io.spring.gradle.dependencymanagement.org.codehaus.plexus.util.xml.pull.MXParser::nextTag (83 bytes)
C2 CompilerThread1    20245 8024       4       org.gradle.api.internal.artifacts.ivyservice.modulecache.ModuleMetadataSerializer$Reader::readMavenDependency (148 bytes)

VM state: not at safepoint (normal execution)

VM Mutex/Monitor currently owned by a thread: None

Heap address: 0x00000000e0000000, size: 512 MB, Compressed Oops mode: 32-bit

CDS archive(s) mapped at: [0x0000019b00000000-0x0000019b00bb0000-0x0000019b00bb0000), size 12255232, SharedBaseAddress: 0x0000019b00000000, ArchiveRelocationMode: 1.
Compressed class space mapped at: 0x0000019b01000000-0x0000019b15000000, reserved size: 335544320
Narrow klass base: 0x0000019b00000000, Narrow klass shift: 0, Narrow klass range: 0x100000000

GC Precious Log:
 CPUs: 4 total, 4 available
 Memory: 7887M
 Large Page Support: Disabled
 NUMA Support: Disabled
 Compressed Oops: Enabled (32-bit)
 Heap Region Size: 1M
 Heap Min Capacity: 256M
 Heap Initial Capacity: 256M
 Heap Max Capacity: 512M
 Pre-touch: Disabled
 Parallel Workers: 4
 Concurrent Workers: 1
 Concurrent Refinement Workers: 4
 Periodic GC: Disabled

Heap:
 garbage-first heap   total 262144K, used 146614K [0x00000000e0000000, 0x0000000100000000)
  region size 1024K, 104 young (106496K), 1 survivors (1024K)
 Metaspace       used 54450K, committed 54976K, reserved 393216K
  class space    used 7667K, committed 7936K, reserved 327680K

Heap Regions: E=young(eden), S=young(survivor), O=old, HS=humongous(starts), HC=humongous(continues), CS=collection set, F=free, OA=open archive, CA=closed archive, TAMS=top-at-mark-start (previous, next)
|   0|0x00000000e0000000, 0x00000000e0100000, 0x00000000e0100000|100%|HS|  |TAMS 0x00000000e0100000, 0x00000000e0000000| Complete 
|   1|0x00000000e0100000, 0x00000000e0200000, 0x00000000e0200000|100%|HC|  |TAMS 0x00000000e0200000, 0x00000000e0100000| Complete 
|   2|0x00000000e0200000, 0x00000000e0300000, 0x00000000e0300000|100%|HC|  |TAMS 0x00000000e0300000, 0x00000000e0200000| Complete 
|   3|0x00000000e0300000, 0x00000000e0400000, 0x00000000e0400000|100%|HC|  |TAMS 0x00000000e0400000, 0x00000000e0300000| Complete 
|   4|0x00000000e0400000, 0x00000000e0500000, 0x00000000e0500000|100%| O|  |TAMS 0x00000000e0500000, 0x00000000e0400000| Untracked 
|   5|0x00000000e0500000, 0x00000000e0600000, 0x00000000e0600000|100%| O|  |TAMS 0x00000000e0600000, 0x00000000e0500000| Untracked 
|   6|0x00000000e0600000, 0x00000000e0700000, 0x00000000e0700000|100%| O|  |TAMS 0x00000000e0700000, 0x00000000e0600000| Untracked 
|   7|0x00000000e0700000, 0x00000000e0800000, 0x00000000e0800000|100%| O|  |TAMS 0x00000000e0800000, 0x00000000e0700000| Untracked 
|   8|0x00000000e0800000, 0x00000000e0900000, 0x00000000e0900000|100%| O|  |TAMS 0x00000000e0900000, 0x00000000e0800000| Untracked 
|   9|0x00000000e0900000, 0x00000000e0a00000, 0x00000000e0a00000|100%| O|  |TAMS 0x00000000e0900000, 0x00000000e0900000| Untracked 
|  10|0x00000000e0a00000, 0x00000000e0b00000, 0x00000000e0b00000|100%| O|  |TAMS 0x00000000e0b00000, 0x00000000e0a00000| Untracked 
|  11|0x00000000e0b00000, 0x00000000e0c00000, 0x00000000e0c00000|100%|HS|  |TAMS 0x00000000e0c00000, 0x00000000e0b00000| Complete 
|  12|0x00000000e0c00000, 0x00000000e0d00000, 0x00000000e0d00000|100%| O|  |TAMS 0x00000000e0d00000, 0x00000000e0c00000| Untracked 
|  13|0x00000000e0d00000, 0x00000000e0e00000, 0x00000000e0e00000|100%| O|  |TAMS 0x00000000e0e00000, 0x00000000e0d00000| Untracked 
|  14|0x00000000e0e00000, 0x00000000e0f00000, 0x00000000e0f00000|100%| O|  |TAMS 0x00000000e0f00000, 0x00000000e0e00000| Untracked 
|  15|0x00000000e0f00000, 0x00000000e1000000, 0x00000000e1000000|100%| O|  |TAMS 0x00000000e1000000, 0x00000000e0f00000| Untracked 
|  16|0x00000000e1000000, 0x00000000e1100000, 0x00000000e1100000|100%| O|  |TAMS 0x00000000e1100000, 0x00000000e1000000| Untracked 
|  17|0x00000000e1100000, 0x00000000e1200000, 0x00000000e1200000|100%| O|  |TAMS 0x00000000e1200000, 0x00000000e1100000| Untracked 
|  18|0x00000000e1200000, 0x00000000e1300000, 0x00000000e1300000|100%| O|  |TAMS 0x00000000e1300000, 0x00000000e1200000| Untracked 
|  19|0x00000000e1300000, 0x00000000e1400000, 0x00000000e1400000|100%| O|  |TAMS 0x00000000e1400000, 0x00000000e1300000| Untracked 
|  20|0x00000000e1400000, 0x00000000e1500000, 0x00000000e1500000|100%| O|  |TAMS 0x00000000e1500000, 0x00000000e1400000| Untracked 
|  21|0x00000000e1500000, 0x00000000e1600000, 0x00000000e1600000|100%| O|  |TAMS 0x00000000e1600000, 0x00000000e1500000| Untracked 
|  22|0x00000000e1600000, 0x00000000e1700000, 0x00000000e1700000|100%| O|  |TAMS 0x00000000e1700000, 0x00000000e1600000| Untracked 
|  23|0x00000000e1700000, 0x00000000e1800000, 0x00000000e1800000|100%| O|  |TAMS 0x00000000e1800000, 0x00000000e1700000| Untracked 
|  24|0x00000000e1800000, 0x00000000e1900000, 0x00000000e1900000|100%| O|  |TAMS 0x00000000e1900000, 0x00000000e1800000| Untracked 
|  25|0x00000000e1900000, 0x00000000e1a00000, 0x00000000e1a00000|100%| O|  |TAMS 0x00000000e1a00000, 0x00000000e1900000| Untracked 
|  26|0x00000000e1a00000, 0x00000000e1b00000, 0x00000000e1b00000|100%| O|  |TAMS 0x00000000e1b00000, 0x00000000e1a00000| Untracked 
|  27|0x00000000e1b00000, 0x00000000e1c00000, 0x00000000e1c00000|100%| O|  |TAMS 0x00000000e1c00000, 0x00000000e1b00000| Untracked 
|  28|0x00000000e1c00000, 0x00000000e1d00000, 0x00000000e1d00000|100%| O|  |TAMS 0x00000000e1d00000, 0x00000000e1c00000| Untracked 
|  29|0x00000000e1d00000, 0x00000000e1e00000, 0x00000000e1e00000|100%| O|  |TAMS 0x00000000e1e00000, 0x00000000e1d00000| Untracked 
|  30|0x00000000e1e00000, 0x00000000e1f00000, 0x00000000e1f00000|100%| O|  |TAMS 0x00000000e1f00000, 0x00000000e1e00000| Untracked 
|  31|0x00000000e1f00000, 0x00000000e1f00000, 0x00000000e2000000|  0%| F|  |TAMS 0x00000000e1f00000, 0x00000000e1f00000| Untracked 
|  32|0x00000000e2000000, 0x00000000e2100000, 0x00000000e2100000|100%| O|  |TAMS 0x00000000e20e0600, 0x00000000e2000000| Untracked 
|  33|0x00000000e2100000, 0x00000000e2200000, 0x00000000e2200000|100%| O|  |TAMS 0x00000000e2100000, 0x00000000e2100000| Untracked 
|  34|0x00000000e2200000, 0x00000000e2300000, 0x00000000e2300000|100%| O|  |TAMS 0x00000000e2200000, 0x00000000e2200000| Untracked 
|  35|0x00000000e2300000, 0x00000000e2400000, 0x00000000e2400000|100%| O|  |TAMS 0x00000000e2300000, 0x00000000e2300000| Untracked 
|  36|0x00000000e2400000, 0x00000000e2500000, 0x00000000e2500000|100%| O|  |TAMS 0x00000000e2400000, 0x00000000e2400000| Untracked 
|  37|0x00000000e2500000, 0x00000000e2600000, 0x00000000e2600000|100%| O|  |TAMS 0x00000000e2500000, 0x00000000e2500000| Untracked 
|  38|0x00000000e2600000, 0x00000000e2700000, 0x00000000e2700000|100%| O|  |TAMS 0x00000000e2600000, 0x00000000e2600000| Untracked 
|  39|0x00000000e2700000, 0x00000000e2800000, 0x00000000e2800000|100%| O|  |TAMS 0x00000000e2700000, 0x00000000e2700000| Untracked 
|  40|0x00000000e2800000, 0x00000000e2900000, 0x00000000e2900000|100%| O|  |TAMS 0x00000000e2800000, 0x00000000e2800000| Untracked 
|  41|0x00000000e2900000, 0x00000000e2a00000, 0x00000000e2a00000|100%| O|  |TAMS 0x00000000e2900000, 0x00000000e2900000| Untracked 
|  42|0x00000000e2a00000, 0x00000000e2a2d800, 0x00000000e2b00000| 17%| O|  |TAMS 0x00000000e2a00000, 0x00000000e2a00000| Untracked 
|  43|0x00000000e2b00000, 0x00000000e2b00000, 0x00000000e2c00000|  0%| F|  |TAMS 0x00000000e2b00000, 0x00000000e2b00000| Untracked 
|  44|0x00000000e2c00000, 0x00000000e2c00000, 0x00000000e2d00000|  0%| F|  |TAMS 0x00000000e2c00000, 0x00000000e2c00000| Untracked 
|  45|0x00000000e2d00000, 0x00000000e2d00000, 0x00000000e2e00000|  0%| F|  |TAMS 0x00000000e2d00000, 0x00000000e2d00000| Untracked 
|  46|0x00000000e2e00000, 0x00000000e2e00000, 0x00000000e2f00000|  0%| F|  |TAMS 0x00000000e2e00000, 0x00000000e2e00000| Untracked 
|  47|0x00000000e2f00000, 0x00000000e2f00000, 0x00000000e3000000|  0%| F|  |TAMS 0x00000000e2f00000, 0x00000000e2f00000| Untracked 
|  48|0x00000000e3000000, 0x00000000e3000000, 0x00000000e3100000|  0%| F|  |TAMS 0x00000000e3000000, 0x00000000e3000000| Untracked 
|  49|0x00000000e3100000, 0x00000000e3100000, 0x00000000e3200000|  0%| F|  |TAMS 0x00000000e3100000, 0x00000000e3100000| Untracked 
|  50|0x00000000e3200000, 0x00000000e3200000, 0x00000000e3300000|  0%| F|  |TAMS 0x00000000e3200000, 0x00000000e3200000| Untracked 
|  51|0x00000000e3300000, 0x00000000e3300000, 0x00000000e3400000|  0%| F|  |TAMS 0x00000000e3300000, 0x00000000e3300000| Untracked 
|  52|0x00000000e3400000, 0x00000000e3400000, 0x00000000e3500000|  0%| F|  |TAMS 0x00000000e3400000, 0x00000000e3400000| Untracked 
|  53|0x00000000e3500000, 0x00000000e3500000, 0x00000000e3600000|  0%| F|  |TAMS 0x00000000e3500000, 0x00000000e3500000| Untracked 
|  54|0x00000000e3600000, 0x00000000e3600000, 0x00000000e3700000|  0%| F|  |TAMS 0x00000000e3600000, 0x00000000e3600000| Untracked 
|  55|0x00000000e3700000, 0x00000000e3700000, 0x00000000e3800000|  0%| F|  |TAMS 0x00000000e3700000, 0x00000000e3700000| Untracked 
|  56|0x00000000e3800000, 0x00000000e3800000, 0x00000000e3900000|  0%| F|  |TAMS 0x00000000e3800000, 0x00000000e3800000| Untracked 
|  57|0x00000000e3900000, 0x00000000e3900000, 0x00000000e3a00000|  0%| F|  |TAMS 0x00000000e3900000, 0x00000000e3900000| Untracked 
|  58|0x00000000e3a00000, 0x00000000e3a00000, 0x00000000e3b00000|  0%| F|  |TAMS 0x00000000e3a00000, 0x00000000e3a00000| Untracked 
|  59|0x00000000e3b00000, 0x00000000e3b00000, 0x00000000e3c00000|  0%| F|  |TAMS 0x00000000e3b00000, 0x00000000e3b00000| Untracked 
|  60|0x00000000e3c00000, 0x00000000e3c00000, 0x00000000e3d00000|  0%| F|  |TAMS 0x00000000e3c00000, 0x00000000e3c00000| Untracked 
|  61|0x00000000e3d00000, 0x00000000e3d00000, 0x00000000e3e00000|  0%| F|  |TAMS 0x00000000e3d00000, 0x00000000e3d00000| Untracked 
|  62|0x00000000e3e00000, 0x00000000e3e00000, 0x00000000e3f00000|  0%| F|  |TAMS 0x00000000e3e00000, 0x00000000e3e00000| Untracked 
|  63|0x00000000e3f00000, 0x00000000e3f00000, 0x00000000e4000000|  0%| F|  |TAMS 0x00000000e3f00000, 0x00000000e3f00000| Untracked 
|  64|0x00000000e4000000, 0x00000000e4000000, 0x00000000e4100000|  0%| F|  |TAMS 0x00000000e4000000, 0x00000000e4000000| Untracked 
|  65|0x00000000e4100000, 0x00000000e4100000, 0x00000000e4200000|  0%| F|  |TAMS 0x00000000e4100000, 0x00000000e4100000| Untracked 
|  66|0x00000000e4200000, 0x00000000e4200000, 0x00000000e4300000|  0%| F|  |TAMS 0x00000000e4200000, 0x00000000e4200000| Untracked 
|  67|0x00000000e4300000, 0x00000000e4300000, 0x00000000e4400000|  0%| F|  |TAMS 0x00000000e4300000, 0x00000000e4300000| Untracked 
|  68|0x00000000e4400000, 0x00000000e4400000, 0x00000000e4500000|  0%| F|  |TAMS 0x00000000e4400000, 0x00000000e4400000| Untracked 
|  69|0x00000000e4500000, 0x00000000e4500000, 0x00000000e4600000|  0%| F|  |TAMS 0x00000000e4500000, 0x00000000e4500000| Untracked 
|  70|0x00000000e4600000, 0x00000000e4600000, 0x00000000e4700000|  0%| F|  |TAMS 0x00000000e4600000, 0x00000000e4600000| Untracked 
|  71|0x00000000e4700000, 0x00000000e4700000, 0x00000000e4800000|  0%| F|  |TAMS 0x00000000e4700000, 0x00000000e4700000| Untracked 
|  72|0x00000000e4800000, 0x00000000e4800000, 0x00000000e4900000|  0%| F|  |TAMS 0x00000000e4800000, 0x00000000e4800000| Untracked 
|  73|0x00000000e4900000, 0x00000000e4900000, 0x00000000e4a00000|  0%| F|  |TAMS 0x00000000e4900000, 0x00000000e4900000| Untracked 
|  74|0x00000000e4a00000, 0x00000000e4a00000, 0x00000000e4b00000|  0%| F|  |TAMS 0x00000000e4a00000, 0x00000000e4a00000| Untracked 
|  75|0x00000000e4b00000, 0x00000000e4b00000, 0x00000000e4c00000|  0%| F|  |TAMS 0x00000000e4b00000, 0x00000000e4b00000| Untracked 
|  76|0x00000000e4c00000, 0x00000000e4c00000, 0x00000000e4d00000|  0%| F|  |TAMS 0x00000000e4c00000, 0x00000000e4c00000| Untracked 
|  77|0x00000000e4d00000, 0x00000000e4d00000, 0x00000000e4e00000|  0%| F|  |TAMS 0x00000000e4d00000, 0x00000000e4d00000| Untracked 
|  78|0x00000000e4e00000, 0x00000000e4e00000, 0x00000000e4f00000|  0%| F|  |TAMS 0x00000000e4e00000, 0x00000000e4e00000| Untracked 
|  79|0x00000000e4f00000, 0x00000000e4f00000, 0x00000000e5000000|  0%| F|  |TAMS 0x00000000e4f00000, 0x00000000e4f00000| Untracked 
|  80|0x00000000e5000000, 0x00000000e5000000, 0x00000000e5100000|  0%| F|  |TAMS 0x00000000e5000000, 0x00000000e5000000| Untracked 
|  81|0x00000000e5100000, 0x00000000e5100000, 0x00000000e5200000|  0%| F|  |TAMS 0x00000000e5100000, 0x00000000e5100000| Untracked 
|  82|0x00000000e5200000, 0x00000000e5200000, 0x00000000e5300000|  0%| F|  |TAMS 0x00000000e5200000, 0x00000000e5200000| Untracked 
|  83|0x00000000e5300000, 0x00000000e5300000, 0x00000000e5400000|  0%| F|  |TAMS 0x00000000e5300000, 0x00000000e5300000| Untracked 
|  84|0x00000000e5400000, 0x00000000e5400000, 0x00000000e5500000|  0%| F|  |TAMS 0x00000000e5400000, 0x00000000e5400000| Untracked 
|  85|0x00000000e5500000, 0x00000000e5500000, 0x00000000e5600000|  0%| F|  |TAMS 0x00000000e5500000, 0x00000000e5500000| Untracked 
|  86|0x00000000e5600000, 0x00000000e5600000, 0x00000000e5700000|  0%| F|  |TAMS 0x00000000e5600000, 0x00000000e5600000| Untracked 
|  87|0x00000000e5700000, 0x00000000e5700000, 0x00000000e5800000|  0%| F|  |TAMS 0x00000000e5700000, 0x00000000e5700000| Untracked 
|  88|0x00000000e5800000, 0x00000000e5800000, 0x00000000e5900000|  0%| F|  |TAMS 0x00000000e5800000, 0x00000000e5800000| Untracked 
|  89|0x00000000e5900000, 0x00000000e5900000, 0x00000000e5a00000|  0%| F|  |TAMS 0x00000000e5900000, 0x00000000e5900000| Untracked 
|  90|0x00000000e5a00000, 0x00000000e5a00000, 0x00000000e5b00000|  0%| F|  |TAMS 0x00000000e5a00000, 0x00000000e5a00000| Untracked 
|  91|0x00000000e5b00000, 0x00000000e5b00000, 0x00000000e5c00000|  0%| F|  |TAMS 0x00000000e5b00000, 0x00000000e5b00000| Untracked 
|  92|0x00000000e5c00000, 0x00000000e5c00000, 0x00000000e5d00000|  0%| F|  |TAMS 0x00000000e5c00000, 0x00000000e5c00000| Untracked 
|  93|0x00000000e5d00000, 0x00000000e5d00000, 0x00000000e5e00000|  0%| F|  |TAMS 0x00000000e5d00000, 0x00000000e5d00000| Untracked 
|  94|0x00000000e5e00000, 0x00000000e5e00000, 0x00000000e5f00000|  0%| F|  |TAMS 0x00000000e5e00000, 0x00000000e5e00000| Untracked 
|  95|0x00000000e5f00000, 0x00000000e5f00000, 0x00000000e6000000|  0%| F|  |TAMS 0x00000000e5f00000, 0x00000000e5f00000| Untracked 
|  96|0x00000000e6000000, 0x00000000e6000000, 0x00000000e6100000|  0%| F|  |TAMS 0x00000000e6000000, 0x00000000e6000000| Untracked 
|  97|0x00000000e6100000, 0x00000000e6100000, 0x00000000e6200000|  0%| F|  |TAMS 0x00000000e6100000, 0x00000000e6100000| Untracked 
|  98|0x00000000e6200000, 0x00000000e6200000, 0x00000000e6300000|  0%| F|  |TAMS 0x00000000e6200000, 0x00000000e6200000| Untracked 
|  99|0x00000000e6300000, 0x00000000e6300000, 0x00000000e6400000|  0%| F|  |TAMS 0x00000000e6300000, 0x00000000e6300000| Untracked 
| 100|0x00000000e6400000, 0x00000000e6400000, 0x00000000e6500000|  0%| F|  |TAMS 0x00000000e6400000, 0x00000000e6400000| Untracked 
| 101|0x00000000e6500000, 0x00000000e6500000, 0x00000000e6600000|  0%| F|  |TAMS 0x00000000e6500000, 0x00000000e6500000| Untracked 
| 102|0x00000000e6600000, 0x00000000e6600000, 0x00000000e6700000|  0%| F|  |TAMS 0x00000000e6600000, 0x00000000e6600000| Untracked 
| 103|0x00000000e6700000, 0x00000000e6700000, 0x00000000e6800000|  0%| F|  |TAMS 0x00000000e6700000, 0x00000000e6700000| Untracked 
| 104|0x00000000e6800000, 0x00000000e6800000, 0x00000000e6900000|  0%| F|  |TAMS 0x00000000e6800000, 0x00000000e6800000| Untracked 
| 105|0x00000000e6900000, 0x00000000e6900000, 0x00000000e6a00000|  0%| F|  |TAMS 0x00000000e6900000, 0x00000000e6900000| Untracked 
| 106|0x00000000e6a00000, 0x00000000e6a00000, 0x00000000e6b00000|  0%| F|  |TAMS 0x00000000e6a00000, 0x00000000e6a00000| Untracked 
| 107|0x00000000e6b00000, 0x00000000e6b00000, 0x00000000e6c00000|  0%| F|  |TAMS 0x00000000e6b00000, 0x00000000e6b00000| Untracked 
| 108|0x00000000e6c00000, 0x00000000e6c00000, 0x00000000e6d00000|  0%| F|  |TAMS 0x00000000e6c00000, 0x00000000e6c00000| Untracked 
| 109|0x00000000e6d00000, 0x00000000e6d00000, 0x00000000e6e00000|  0%| F|  |TAMS 0x00000000e6d00000, 0x00000000e6d00000| Untracked 
| 110|0x00000000e6e00000, 0x00000000e6e00000, 0x00000000e6f00000|  0%| F|  |TAMS 0x00000000e6e00000, 0x00000000e6e00000| Untracked 
| 111|0x00000000e6f00000, 0x00000000e6f00000, 0x00000000e7000000|  0%| F|  |TAMS 0x00000000e6f00000, 0x00000000e6f00000| Untracked 
| 112|0x00000000e7000000, 0x00000000e7000000, 0x00000000e7100000|  0%| F|  |TAMS 0x00000000e7000000, 0x00000000e7000000| Untracked 
| 113|0x00000000e7100000, 0x00000000e7100000, 0x00000000e7200000|  0%| F|  |TAMS 0x00000000e7100000, 0x00000000e7100000| Untracked 
| 114|0x00000000e7200000, 0x00000000e7200000, 0x00000000e7300000|  0%| F|  |TAMS 0x00000000e7200000, 0x00000000e7200000| Untracked 
| 115|0x00000000e7300000, 0x00000000e7300000, 0x00000000e7400000|  0%| F|  |TAMS 0x00000000e7300000, 0x00000000e7300000| Untracked 
| 116|0x00000000e7400000, 0x00000000e7400000, 0x00000000e7500000|  0%| F|  |TAMS 0x00000000e7400000, 0x00000000e7400000| Untracked 
| 117|0x00000000e7500000, 0x00000000e7500000, 0x00000000e7600000|  0%| F|  |TAMS 0x00000000e7500000, 0x00000000e7500000| Untracked 
| 118|0x00000000e7600000, 0x00000000e7600000, 0x00000000e7700000|  0%| F|  |TAMS 0x00000000e7600000, 0x00000000e7600000| Untracked 
| 119|0x00000000e7700000, 0x00000000e7700000, 0x00000000e7800000|  0%| F|  |TAMS 0x00000000e7700000, 0x00000000e7700000| Untracked 
| 120|0x00000000e7800000, 0x00000000e7800000, 0x00000000e7900000|  0%| F|  |TAMS 0x00000000e7800000, 0x00000000e7800000| Untracked 
| 121|0x00000000e7900000, 0x00000000e7900000, 0x00000000e7a00000|  0%| F|  |TAMS 0x00000000e7900000, 0x00000000e7900000| Untracked 
| 122|0x00000000e7a00000, 0x00000000e7a00000, 0x00000000e7b00000|  0%| F|  |TAMS 0x00000000e7a00000, 0x00000000e7a00000| Untracked 
| 123|0x00000000e7b00000, 0x00000000e7b00000, 0x00000000e7c00000|  0%| F|  |TAMS 0x00000000e7b00000, 0x00000000e7b00000| Untracked 
| 124|0x00000000e7c00000, 0x00000000e7c00000, 0x00000000e7d00000|  0%| F|  |TAMS 0x00000000e7c00000, 0x00000000e7c00000| Untracked 
| 125|0x00000000e7d00000, 0x00000000e7d00000, 0x00000000e7e00000|  0%| F|  |TAMS 0x00000000e7d00000, 0x00000000e7d00000| Untracked 
| 126|0x00000000e7e00000, 0x00000000e7e00000, 0x00000000e7f00000|  0%| F|  |TAMS 0x00000000e7e00000, 0x00000000e7e00000| Untracked 
| 127|0x00000000e7f00000, 0x00000000e7f00000, 0x00000000e8000000|  0%| F|  |TAMS 0x00000000e7f00000, 0x00000000e7f00000| Untracked 
| 128|0x00000000e8000000, 0x00000000e8000000, 0x00000000e8100000|  0%| F|  |TAMS 0x00000000e8000000, 0x00000000e8000000| Untracked 
| 129|0x00000000e8100000, 0x00000000e8100000, 0x00000000e8200000|  0%| F|  |TAMS 0x00000000e8100000, 0x00000000e8100000| Untracked 
| 130|0x00000000e8200000, 0x00000000e8200000, 0x00000000e8300000|  0%| F|  |TAMS 0x00000000e8200000, 0x00000000e8200000| Untracked 
| 131|0x00000000e8300000, 0x00000000e8300000, 0x00000000e8400000|  0%| F|  |TAMS 0x00000000e8300000, 0x00000000e8300000| Untracked 
| 132|0x00000000e8400000, 0x00000000e8400000, 0x00000000e8500000|  0%| F|  |TAMS 0x00000000e8400000, 0x00000000e8400000| Untracked 
| 133|0x00000000e8500000, 0x00000000e8500000, 0x00000000e8600000|  0%| F|  |TAMS 0x00000000e8500000, 0x00000000e8500000| Untracked 
| 134|0x00000000e8600000, 0x00000000e8600000, 0x00000000e8700000|  0%| F|  |TAMS 0x00000000e8600000, 0x00000000e8600000| Untracked 
| 135|0x00000000e8700000, 0x00000000e8700000, 0x00000000e8800000|  0%| F|  |TAMS 0x00000000e8700000, 0x00000000e8700000| Untracked 
| 136|0x00000000e8800000, 0x00000000e8800000, 0x00000000e8900000|  0%| F|  |TAMS 0x00000000e8800000, 0x00000000e8800000| Untracked 
| 137|0x00000000e8900000, 0x00000000e8900000, 0x00000000e8a00000|  0%| F|  |TAMS 0x00000000e8900000, 0x00000000e8900000| Untracked 
| 138|0x00000000e8a00000, 0x00000000e8a00000, 0x00000000e8b00000|  0%| F|  |TAMS 0x00000000e8a00000, 0x00000000e8a00000| Untracked 
| 139|0x00000000e8b00000, 0x00000000e8b00000, 0x00000000e8c00000|  0%| F|  |TAMS 0x00000000e8b00000, 0x00000000e8b00000| Untracked 
| 140|0x00000000e8c00000, 0x00000000e8c00000, 0x00000000e8d00000|  0%| F|  |TAMS 0x00000000e8c00000, 0x00000000e8c00000| Untracked 
| 141|0x00000000e8d00000, 0x00000000e8d00000, 0x00000000e8e00000|  0%| F|  |TAMS 0x00000000e8d00000, 0x00000000e8d00000| Untracked 
| 142|0x00000000e8e00000, 0x00000000e8e00000, 0x00000000e8f00000|  0%| F|  |TAMS 0x00000000e8e00000, 0x00000000e8e00000| Untracked 
| 143|0x00000000e8f00000, 0x00000000e8f00000, 0x00000000e9000000|  0%| F|  |TAMS 0x00000000e8f00000, 0x00000000e8f00000| Untracked 
| 144|0x00000000e9000000, 0x00000000e9000000, 0x00000000e9100000|  0%| F|  |TAMS 0x00000000e9000000, 0x00000000e9000000| Untracked 
| 145|0x00000000e9100000, 0x00000000e9100000, 0x00000000e9200000|  0%| F|  |TAMS 0x00000000e9100000, 0x00000000e9100000| Untracked 
| 146|0x00000000e9200000, 0x00000000e9200000, 0x00000000e9300000|  0%| F|  |TAMS 0x00000000e9200000, 0x00000000e9200000| Untracked 
| 147|0x00000000e9300000, 0x00000000e9300000, 0x00000000e9400000|  0%| F|  |TAMS 0x00000000e9300000, 0x00000000e9300000| Untracked 
| 148|0x00000000e9400000, 0x00000000e9400000, 0x00000000e9500000|  0%| F|  |TAMS 0x00000000e9400000, 0x00000000e9400000| Untracked 
| 149|0x00000000e9500000, 0x00000000e9500000, 0x00000000e9600000|  0%| F|  |TAMS 0x00000000e9500000, 0x00000000e9500000| Untracked 
| 150|0x00000000e9600000, 0x00000000e9600000, 0x00000000e9700000|  0%| F|  |TAMS 0x00000000e9600000, 0x00000000e9600000| Untracked 
| 151|0x00000000e9700000, 0x00000000e9700000, 0x00000000e9800000|  0%| F|  |TAMS 0x00000000e9700000, 0x00000000e9700000| Untracked 
| 152|0x00000000e9800000, 0x00000000e9900000, 0x00000000e9900000|100%| E|  |TAMS 0x00000000e9800000, 0x00000000e9800000| Complete 
| 153|0x00000000e9900000, 0x00000000e9a00000, 0x00000000e9a00000|100%| E|CS|TAMS 0x00000000e9900000, 0x00000000e9900000| Complete 
| 154|0x00000000e9a00000, 0x00000000e9b00000, 0x00000000e9b00000|100%| E|CS|TAMS 0x00000000e9a00000, 0x00000000e9a00000| Complete 
| 155|0x00000000e9b00000, 0x00000000e9c00000, 0x00000000e9c00000|100%| E|CS|TAMS 0x00000000e9b00000, 0x00000000e9b00000| Complete 
| 156|0x00000000e9c00000, 0x00000000e9d00000, 0x00000000e9d00000|100%| E|CS|TAMS 0x00000000e9c00000, 0x00000000e9c00000| Complete 
| 157|0x00000000e9d00000, 0x00000000e9e00000, 0x00000000e9e00000|100%| E|CS|TAMS 0x00000000e9d00000, 0x00000000e9d00000| Complete 
| 158|0x00000000e9e00000, 0x00000000e9f00000, 0x00000000e9f00000|100%| E|CS|TAMS 0x00000000e9e00000, 0x00000000e9e00000| Complete 
| 159|0x00000000e9f00000, 0x00000000ea000000, 0x00000000ea000000|100%| E|CS|TAMS 0x00000000e9f00000, 0x00000000e9f00000| Complete 
| 160|0x00000000ea000000, 0x00000000ea100000, 0x00000000ea100000|100%| E|CS|TAMS 0x00000000ea000000, 0x00000000ea000000| Complete 
| 161|0x00000000ea100000, 0x00000000ea200000, 0x00000000ea200000|100%| E|CS|TAMS 0x00000000ea100000, 0x00000000ea100000| Complete 
| 162|0x00000000ea200000, 0x00000000ea300000, 0x00000000ea300000|100%| E|CS|TAMS 0x00000000ea200000, 0x00000000ea200000| Complete 
| 163|0x00000000ea300000, 0x00000000ea400000, 0x00000000ea400000|100%| E|CS|TAMS 0x00000000ea300000, 0x00000000ea300000| Complete 
| 164|0x00000000ea400000, 0x00000000ea500000, 0x00000000ea500000|100%| E|CS|TAMS 0x00000000ea400000, 0x00000000ea400000| Complete 
| 165|0x00000000ea500000, 0x00000000ea600000, 0x00000000ea600000|100%| E|CS|TAMS 0x00000000ea500000, 0x00000000ea500000| Complete 
| 166|0x00000000ea600000, 0x00000000ea700000, 0x00000000ea700000|100%| E|CS|TAMS 0x00000000ea600000, 0x00000000ea600000| Complete 
| 167|0x00000000ea700000, 0x00000000ea800000, 0x00000000ea800000|100%| E|CS|TAMS 0x00000000ea700000, 0x00000000ea700000| Complete 
| 168|0x00000000ea800000, 0x00000000ea900000, 0x00000000ea900000|100%| E|CS|TAMS 0x00000000ea800000, 0x00000000ea800000| Complete 
| 169|0x00000000ea900000, 0x00000000eaa00000, 0x00000000eaa00000|100%| E|CS|TAMS 0x00000000ea900000, 0x00000000ea900000| Complete 
| 170|0x00000000eaa00000, 0x00000000eab00000, 0x00000000eab00000|100%| E|CS|TAMS 0x00000000eaa00000, 0x00000000eaa00000| Complete 
| 171|0x00000000eab00000, 0x00000000eac00000, 0x00000000eac00000|100%| E|CS|TAMS 0x00000000eab00000, 0x00000000eab00000| Complete 
| 172|0x00000000eac00000, 0x00000000ead00000, 0x00000000ead00000|100%| E|CS|TAMS 0x00000000eac00000, 0x00000000eac00000| Complete 
| 173|0x00000000ead00000, 0x00000000eae00000, 0x00000000eae00000|100%| E|CS|TAMS 0x00000000ead00000, 0x00000000ead00000| Complete 
| 174|0x00000000eae00000, 0x00000000eaf00000, 0x00000000eaf00000|100%| E|CS|TAMS 0x00000000eae00000, 0x00000000eae00000| Complete 
| 175|0x00000000eaf00000, 0x00000000eb000000, 0x00000000eb000000|100%| E|CS|TAMS 0x00000000eaf00000, 0x00000000eaf00000| Complete 
| 176|0x00000000eb000000, 0x00000000eb100000, 0x00000000eb100000|100%| E|CS|TAMS 0x00000000eb000000, 0x00000000eb000000| Complete 
| 177|0x00000000eb100000, 0x00000000eb200000, 0x00000000eb200000|100%| E|CS|TAMS 0x00000000eb100000, 0x00000000eb100000| Complete 
| 178|0x00000000eb200000, 0x00000000eb300000, 0x00000000eb300000|100%| E|CS|TAMS 0x00000000eb200000, 0x00000000eb200000| Complete 
| 179|0x00000000eb300000, 0x00000000eb400000, 0x00000000eb400000|100%| E|CS|TAMS 0x00000000eb300000, 0x00000000eb300000| Complete 
| 180|0x00000000eb400000, 0x00000000eb500000, 0x00000000eb500000|100%| E|CS|TAMS 0x00000000eb400000, 0x00000000eb400000| Complete 
| 181|0x00000000eb500000, 0x00000000eb600000, 0x00000000eb600000|100%| E|CS|TAMS 0x00000000eb500000, 0x00000000eb500000| Complete 
| 182|0x00000000eb600000, 0x00000000eb700000, 0x00000000eb700000|100%| E|CS|TAMS 0x00000000eb600000, 0x00000000eb600000| Complete 
| 183|0x00000000eb700000, 0x00000000eb800000, 0x00000000eb800000|100%| E|CS|TAMS 0x00000000eb700000, 0x00000000eb700000| Complete 
| 184|0x00000000eb800000, 0x00000000eb900000, 0x00000000eb900000|100%| E|CS|TAMS 0x00000000eb800000, 0x00000000eb800000| Complete 
| 185|0x00000000eb900000, 0x00000000eba00000, 0x00000000eba00000|100%| E|CS|TAMS 0x00000000eb900000, 0x00000000eb900000| Complete 
| 186|0x00000000eba00000, 0x00000000ebb00000, 0x00000000ebb00000|100%| E|CS|TAMS 0x00000000eba00000, 0x00000000eba00000| Complete 
| 187|0x00000000ebb00000, 0x00000000ebc00000, 0x00000000ebc00000|100%| E|CS|TAMS 0x00000000ebb00000, 0x00000000ebb00000| Complete 
| 188|0x00000000ebc00000, 0x00000000ebd00000, 0x00000000ebd00000|100%| E|CS|TAMS 0x00000000ebc00000, 0x00000000ebc00000| Complete 
| 189|0x00000000ebd00000, 0x00000000ebe00000, 0x00000000ebe00000|100%| E|CS|TAMS 0x00000000ebd00000, 0x00000000ebd00000| Complete 
| 190|0x00000000ebe00000, 0x00000000ebf00000, 0x00000000ebf00000|100%| E|CS|TAMS 0x00000000ebe00000, 0x00000000ebe00000| Complete 
| 191|0x00000000ebf00000, 0x00000000ec000000, 0x00000000ec000000|100%| E|CS|TAMS 0x00000000ebf00000, 0x00000000ebf00000| Complete 
| 192|0x00000000ec000000, 0x00000000ec100000, 0x00000000ec100000|100%| E|CS|TAMS 0x00000000ec000000, 0x00000000ec000000| Complete 
| 193|0x00000000ec100000, 0x00000000ec200000, 0x00000000ec200000|100%| E|CS|TAMS 0x00000000ec100000, 0x00000000ec100000| Complete 
| 194|0x00000000ec200000, 0x00000000ec300000, 0x00000000ec300000|100%| E|CS|TAMS 0x00000000ec200000, 0x00000000ec200000| Complete 
| 195|0x00000000ec300000, 0x00000000ec400000, 0x00000000ec400000|100%| E|CS|TAMS 0x00000000ec300000, 0x00000000ec300000| Complete 
| 196|0x00000000ec400000, 0x00000000ec500000, 0x00000000ec500000|100%| E|CS|TAMS 0x00000000ec400000, 0x00000000ec400000| Complete 
| 197|0x00000000ec500000, 0x00000000ec600000, 0x00000000ec600000|100%| E|CS|TAMS 0x00000000ec500000, 0x00000000ec500000| Complete 
| 198|0x00000000ec600000, 0x00000000ec700000, 0x00000000ec700000|100%| E|CS|TAMS 0x00000000ec600000, 0x00000000ec600000| Complete 
| 199|0x00000000ec700000, 0x00000000ec800000, 0x00000000ec800000|100%| E|CS|TAMS 0x00000000ec700000, 0x00000000ec700000| Complete 
| 200|0x00000000ec800000, 0x00000000ec900000, 0x00000000ec900000|100%| E|CS|TAMS 0x00000000ec800000, 0x00000000ec800000| Complete 
| 201|0x00000000ec900000, 0x00000000eca00000, 0x00000000eca00000|100%| E|CS|TAMS 0x00000000ec900000, 0x00000000ec900000| Complete 
| 202|0x00000000eca00000, 0x00000000ecb00000, 0x00000000ecb00000|100%| E|CS|TAMS 0x00000000eca00000, 0x00000000eca00000| Complete 
| 203|0x00000000ecb00000, 0x00000000ecc00000, 0x00000000ecc00000|100%| E|CS|TAMS 0x00000000ecb00000, 0x00000000ecb00000| Complete 
| 204|0x00000000ecc00000, 0x00000000ecd00000, 0x00000000ecd00000|100%| E|CS|TAMS 0x00000000ecc00000, 0x00000000ecc00000| Complete 
| 205|0x00000000ecd00000, 0x00000000ece00000, 0x00000000ece00000|100%| E|CS|TAMS 0x00000000ecd00000, 0x00000000ecd00000| Complete 
| 206|0x00000000ece00000, 0x00000000ecf00000, 0x00000000ecf00000|100%| E|CS|TAMS 0x00000000ece00000, 0x00000000ece00000| Complete 
| 207|0x00000000ecf00000, 0x00000000ed000000, 0x00000000ed000000|100%| E|CS|TAMS 0x00000000ecf00000, 0x00000000ecf00000| Complete 
| 208|0x00000000ed000000, 0x00000000ed100000, 0x00000000ed100000|100%| E|CS|TAMS 0x00000000ed000000, 0x00000000ed000000| Complete 
| 209|0x00000000ed100000, 0x00000000ed200000, 0x00000000ed200000|100%| E|CS|TAMS 0x00000000ed100000, 0x00000000ed100000| Complete 
| 210|0x00000000ed200000, 0x00000000ed300000, 0x00000000ed300000|100%| E|CS|TAMS 0x00000000ed200000, 0x00000000ed200000| Complete 
| 211|0x00000000ed300000, 0x00000000ed400000, 0x00000000ed400000|100%| E|CS|TAMS 0x00000000ed300000, 0x00000000ed300000| Complete 
| 212|0x00000000ed400000, 0x00000000ed500000, 0x00000000ed500000|100%| E|  |TAMS 0x00000000ed400000, 0x00000000ed400000| Complete 
| 213|0x00000000ed500000, 0x00000000ed600000, 0x00000000ed600000|100%| E|CS|TAMS 0x00000000ed500000, 0x00000000ed500000| Complete 
| 214|0x00000000ed600000, 0x00000000ed700000, 0x00000000ed700000|100%| E|CS|TAMS 0x00000000ed600000, 0x00000000ed600000| Complete 
| 215|0x00000000ed700000, 0x00000000ed800000, 0x00000000ed800000|100%| E|CS|TAMS 0x00000000ed700000, 0x00000000ed700000| Complete 
| 216|0x00000000ed800000, 0x00000000ed900000, 0x00000000ed900000|100%| E|CS|TAMS 0x00000000ed800000, 0x00000000ed800000| Complete 
| 217|0x00000000ed900000, 0x00000000eda00000, 0x00000000eda00000|100%| E|CS|TAMS 0x00000000ed900000, 0x00000000ed900000| Complete 
| 218|0x00000000eda00000, 0x00000000edb00000, 0x00000000edb00000|100%| E|CS|TAMS 0x00000000eda00000, 0x00000000eda00000| Complete 
| 219|0x00000000edb00000, 0x00000000edc00000, 0x00000000edc00000|100%| E|CS|TAMS 0x00000000edb00000, 0x00000000edb00000| Complete 
| 220|0x00000000edc00000, 0x00000000edd00000, 0x00000000edd00000|100%| E|CS|TAMS 0x00000000edc00000, 0x00000000edc00000| Complete 
| 221|0x00000000edd00000, 0x00000000ede00000, 0x00000000ede00000|100%| E|CS|TAMS 0x00000000edd00000, 0x00000000edd00000| Complete 
| 222|0x00000000ede00000, 0x00000000edf00000, 0x00000000edf00000|100%| E|CS|TAMS 0x00000000ede00000, 0x00000000ede00000| Complete 
| 223|0x00000000edf00000, 0x00000000ee000000, 0x00000000ee000000|100%| E|CS|TAMS 0x00000000edf00000, 0x00000000edf00000| Complete 
| 224|0x00000000ee000000, 0x00000000ee100000, 0x00000000ee100000|100%| E|CS|TAMS 0x00000000ee000000, 0x00000000ee000000| Complete 
| 225|0x00000000ee100000, 0x00000000ee200000, 0x00000000ee200000|100%| E|CS|TAMS 0x00000000ee100000, 0x00000000ee100000| Complete 
| 226|0x00000000ee200000, 0x00000000ee300000, 0x00000000ee300000|100%| E|CS|TAMS 0x00000000ee200000, 0x00000000ee200000| Complete 
| 227|0x00000000ee300000, 0x00000000ee400000, 0x00000000ee400000|100%| E|CS|TAMS 0x00000000ee300000, 0x00000000ee300000| Complete 
| 228|0x00000000ee400000, 0x00000000ee500000, 0x00000000ee500000|100%| E|CS|TAMS 0x00000000ee400000, 0x00000000ee400000| Complete 
| 229|0x00000000ee500000, 0x00000000ee600000, 0x00000000ee600000|100%| E|CS|TAMS 0x00000000ee500000, 0x00000000ee500000| Complete 
| 230|0x00000000ee600000, 0x00000000ee700000, 0x00000000ee700000|100%| E|CS|TAMS 0x00000000ee600000, 0x00000000ee600000| Complete 
| 231|0x00000000ee700000, 0x00000000ee800000, 0x00000000ee800000|100%| E|CS|TAMS 0x00000000ee700000, 0x00000000ee700000| Complete 
| 232|0x00000000ee800000, 0x00000000ee900000, 0x00000000ee900000|100%| E|CS|TAMS 0x00000000ee800000, 0x00000000ee800000| Complete 
| 233|0x00000000ee900000, 0x00000000eea00000, 0x00000000eea00000|100%| E|CS|TAMS 0x00000000ee900000, 0x00000000ee900000| Complete 
| 234|0x00000000eea00000, 0x00000000eeb00000, 0x00000000eeb00000|100%| E|CS|TAMS 0x00000000eea00000, 0x00000000eea00000| Complete 
| 235|0x00000000eeb00000, 0x00000000eec00000, 0x00000000eec00000|100%| E|CS|TAMS 0x00000000eeb00000, 0x00000000eeb00000| Complete 
| 236|0x00000000eec00000, 0x00000000eed00000, 0x00000000eed00000|100%| E|CS|TAMS 0x00000000eec00000, 0x00000000eec00000| Complete 
| 237|0x00000000eed00000, 0x00000000eee00000, 0x00000000eee00000|100%| E|CS|TAMS 0x00000000eed00000, 0x00000000eed00000| Complete 
| 238|0x00000000eee00000, 0x00000000eef00000, 0x00000000eef00000|100%| E|CS|TAMS 0x00000000eee00000, 0x00000000eee00000| Complete 
| 239|0x00000000eef00000, 0x00000000ef000000, 0x00000000ef000000|100%| E|CS|TAMS 0x00000000eef00000, 0x00000000eef00000| Complete 
| 240|0x00000000ef000000, 0x00000000ef100000, 0x00000000ef100000|100%| E|CS|TAMS 0x00000000ef000000, 0x00000000ef000000| Complete 
| 241|0x00000000ef100000, 0x00000000ef200000, 0x00000000ef200000|100%| E|CS|TAMS 0x00000000ef100000, 0x00000000ef100000| Complete 
| 242|0x00000000ef200000, 0x00000000ef300000, 0x00000000ef300000|100%| E|CS|TAMS 0x00000000ef200000, 0x00000000ef200000| Complete 
| 243|0x00000000ef300000, 0x00000000ef400000, 0x00000000ef400000|100%| E|CS|TAMS 0x00000000ef300000, 0x00000000ef300000| Complete 
| 244|0x00000000ef400000, 0x00000000ef500000, 0x00000000ef500000|100%| E|CS|TAMS 0x00000000ef400000, 0x00000000ef400000| Complete 
| 245|0x00000000ef500000, 0x00000000ef600000, 0x00000000ef600000|100%| E|CS|TAMS 0x00000000ef500000, 0x00000000ef500000| Complete 
| 246|0x00000000ef600000, 0x00000000ef700000, 0x00000000ef700000|100%| E|CS|TAMS 0x00000000ef600000, 0x00000000ef600000| Complete 
| 247|0x00000000ef700000, 0x00000000ef800000, 0x00000000ef800000|100%| E|CS|TAMS 0x00000000ef700000, 0x00000000ef700000| Complete 
| 248|0x00000000ef800000, 0x00000000ef900000, 0x00000000ef900000|100%| E|CS|TAMS 0x00000000ef800000, 0x00000000ef800000| Complete 
| 249|0x00000000ef900000, 0x00000000efa00000, 0x00000000efa00000|100%| E|CS|TAMS 0x00000000ef900000, 0x00000000ef900000| Complete 
| 250|0x00000000efa00000, 0x00000000efb00000, 0x00000000efb00000|100%| E|CS|TAMS 0x00000000efa00000, 0x00000000efa00000| Complete 
| 251|0x00000000efb00000, 0x00000000efc00000, 0x00000000efc00000|100%| E|CS|TAMS 0x00000000efb00000, 0x00000000efb00000| Complete 
| 252|0x00000000efc00000, 0x00000000efd00000, 0x00000000efd00000|100%| E|CS|TAMS 0x00000000efc00000, 0x00000000efc00000| Complete 
| 253|0x00000000efd00000, 0x00000000efe00000, 0x00000000efe00000|100%| S|CS|TAMS 0x00000000efd00000, 0x00000000efd00000| Complete 
| 254|0x00000000efe00000, 0x00000000eff00000, 0x00000000eff00000|100%| E|CS|TAMS 0x00000000efe00000, 0x00000000efe00000| Complete 
| 255|0x00000000eff00000, 0x00000000f0000000, 0x00000000f0000000|100%| E|CS|TAMS 0x00000000eff00000, 0x00000000eff00000| Complete 

Card table byte_map: [0x0000019b727d0000,0x0000019b728d0000] _byte_map_base: 0x0000019b720d0000

Marking Bits (Prev, Next): (CMBitMap*) 0x0000019b5bcde350, (CMBitMap*) 0x0000019b5bcde390
 Prev Bits: [0x0000019b729d0000, 0x0000019b731d0000)
 Next Bits: [0x0000019b731d0000, 0x0000019b739d0000)

Polling page: 0x0000019b59c70000

Metaspace:

Usage:
  Non-class:     45.69 MB used.
      Class:      7.49 MB used.
       Both:     53.18 MB used.

Virtual space:
  Non-class space:       64.00 MB reserved,      46.00 MB ( 72%) committed,  1 nodes.
      Class space:      320.00 MB reserved,       7.75 MB (  2%) committed,  1 nodes.
             Both:      384.00 MB reserved,      53.75 MB ( 14%) committed. 

Chunk freelists:
   Non-Class:  2.02 MB
       Class:  8.22 MB
        Both:  10.23 MB

MaxMetaspaceSize: 384.00 MB
CompressedClassSpaceSize: 320.00 MB
Initial GC threshold: 21.00 MB
Current GC threshold: 59.38 MB
CDS: on
MetaspaceReclaimPolicy: balanced
 - commit_granule_bytes: 65536.
 - commit_granule_words: 8192.
 - virtual_space_node_default_size: 8388608.
 - enlarge_chunks_in_place: 1.
 - new_chunks_are_fully_committed: 0.
 - uncommit_free_chunks: 1.
 - use_allocation_guard: 0.
 - handle_deallocations: 1.


Internal statistics:

num_allocs_failed_limit: 9.
num_arena_births: 632.
num_arena_deaths: 0.
num_vsnodes_births: 2.
num_vsnodes_deaths: 0.
num_space_committed: 860.
num_space_uncommitted: 0.
num_chunks_returned_to_freelist: 9.
num_chunks_taken_from_freelist: 2896.
num_chunk_merges: 9.
num_chunk_splits: 1868.
num_chunks_enlarged: 1230.
num_inconsistent_stats: 0.

CodeHeap 'non-profiled nmethods': size=120000Kb used=4086Kb max_used=4086Kb free=115913Kb
 bounds [0x0000019b6b2a0000, 0x0000019b6b6a0000, 0x0000019b727d0000]
CodeHeap 'profiled nmethods': size=120000Kb used=14933Kb max_used=14933Kb free=105067Kb
 bounds [0x0000019b637d0000, 0x0000019b64670000, 0x0000019b6ad00000]
CodeHeap 'non-nmethods': size=5760Kb used=2323Kb max_used=2389Kb free=3436Kb
 bounds [0x0000019b6ad00000, 0x0000019b6af70000, 0x0000019b6b2a0000]
 total_blobs=8502 nmethods=7664 adapters=750
 compilation: enabled
              stopped_count=0, restarted_count=0
 full_count=0

Compilation events (20 events):
Event: 20.125 Thread 0x0000019b75fb0110 8383       3       org.gradle.api.internal.artifacts.ivyservice.resolveengine.result.ComponentIdentifierSerializer::resolveImplementation (193 bytes)
Event: 20.133 Thread 0x0000019b75fb0110 nmethod 8383 0x0000019b64656110 code [0x0000019b646564c0, 0x0000019b64657db8]
Event: 20.139 Thread 0x0000019b75faf660 nmethod 8052 0x0000019b6b693a10 code [0x0000019b6b693c20, 0x0000019b6b694020]
Event: 20.139 Thread 0x0000019b75faf660 8384       4       java.lang.String::substring (58 bytes)
Event: 20.153 Thread 0x0000019b75faf660 nmethod 8384 0x0000019b6b694490 code [0x0000019b6b694640, 0x0000019b6b694b88]
Event: 20.153 Thread 0x0000019b75faf660 8385       4       com.esotericsoftware.kryo.io.Input::readUtf8Length (139 bytes)
Event: 20.155 Thread 0x0000019b75fb0110 8387       3       java.util.Optional::orElseThrow (22 bytes)
Event: 20.155 Thread 0x0000019b75faf660 nmethod 8385 0x0000019b6b694e10 code [0x0000019b6b694f80, 0x0000019b6b695098]
Event: 20.155 Thread 0x0000019b75faf660 8386       4       sun.security.provider.MD5::implReset (33 bytes)
Event: 20.156 Thread 0x0000019b75fb0110 nmethod 8387 0x0000019b64658390 code [0x0000019b64658540, 0x0000019b64658848]
Event: 20.156 Thread 0x0000019b75faf660 nmethod 8386 0x0000019b6b695190 code [0x0000019b6b695300, 0x0000019b6b6953d8]
Event: 20.156 Thread 0x0000019b75faf660 8160       4       it.unimi.dsi.fastutil.HashCommon::mix (20 bytes)
Event: 20.157 Thread 0x0000019b75faf660 nmethod 8160 0x0000019b6b695490 code [0x0000019b6b695600, 0x0000019b6b695678]
Event: 20.164 Thread 0x0000019b75fb0110 8388       3       org.gradle.api.internal.artifacts.ivyservice.resolveengine.artifact.ArtifactVisitor::endVisitCollection (1 bytes)
Event: 20.164 Thread 0x0000019b75fb0110 nmethod 8388 0x0000019b64658990 code [0x0000019b64658b20, 0x0000019b64658c38]
Event: 20.166 Thread 0x0000019b75fb0110 8389       3       org.gradle.api.internal.artifacts.ivyservice.modulecache.artifacts.ArtifactAtRepositoryKey::hashCode (16 bytes)
Event: 20.167 Thread 0x0000019b75fb0110 nmethod 8389 0x0000019b64658d10 code [0x0000019b64658ec0, 0x0000019b646590d8]
Event: 20.167 Thread 0x0000019b75fb0110 8390       3       org.gradle.api.internal.artifacts.ivyservice.modulecache.artifacts.DefaultCachedArtifact::isMissing (13 bytes)
Event: 20.168 Thread 0x0000019b75fb0110 nmethod 8390 0x0000019b64659210 code [0x0000019b646593a0, 0x0000019b64659518]
Event: 20.169 Thread 0x0000019b75faf660 8391       4       sun.nio.fs.WindowsPath::elementAsString (62 bytes)

GC Heap History (20 events):
Event: 1.126 GC heap before
{Heap before GC invocations=0 (full 0):
 garbage-first heap   total 262144K, used 13312K [0x00000000e0000000, 0x0000000100000000)
  region size 1024K, 13 young (13312K), 0 survivors (0K)
 Metaspace       used 786K, committed 896K, reserved 393216K
  class space    used 61K, committed 128K, reserved 327680K
}
Event: 1.141 GC heap after
{Heap after GC invocations=1 (full 0):
 garbage-first heap   total 262144K, used 1668K [0x00000000e0000000, 0x0000000100000000)
  region size 1024K, 2 young (2048K), 2 survivors (2048K)
 Metaspace       used 786K, committed 896K, reserved 393216K
  class space    used 61K, committed 128K, reserved 327680K
}
Event: 3.034 GC heap before
{Heap before GC invocations=1 (full 0):
 garbage-first heap   total 262144K, used 22148K [0x00000000e0000000, 0x0000000100000000)
  region size 1024K, 19 young (19456K), 2 survivors (2048K)
 Metaspace       used 3279K, committed 3456K, reserved 393216K
  class space    used 411K, committed 512K, reserved 327680K
}
Event: 3.040 GC heap after
{Heap after GC invocations=2 (full 0):
 garbage-first heap   total 262144K, used 11034K [0x00000000e0000000, 0x0000000100000000)
  region size 1024K, 3 young (3072K), 3 survivors (3072K)
 Metaspace       used 3279K, committed 3456K, reserved 393216K
  class space    used 411K, committed 512K, reserved 327680K
}
Event: 4.699 GC heap before
{Heap before GC invocations=2 (full 0):
 garbage-first heap   total 262144K, used 41754K [0x00000000e0000000, 0x0000000100000000)
  region size 1024K, 33 young (33792K), 3 survivors (3072K)
 Metaspace       used 4097K, committed 4352K, reserved 393216K
  class space    used 502K, committed 640K, reserved 327680K
}
Event: 4.704 GC heap after
{Heap after GC invocations=3 (full 0):
 garbage-first heap   total 262144K, used 12188K [0x00000000e0000000, 0x0000000100000000)
  region size 1024K, 1 young (1024K), 1 survivors (1024K)
 Metaspace       used 4097K, committed 4352K, reserved 393216K
  class space    used 502K, committed 640K, reserved 327680K
}
Event: 9.624 GC heap before
{Heap before GC invocations=3 (full 0):
 garbage-first heap   total 262144K, used 128924K [0x00000000e0000000, 0x0000000100000000)
  region size 1024K, 113 young (115712K), 1 survivors (1024K)
 Metaspace       used 20553K, committed 20864K, reserved 393216K
  class space    used 3005K, committed 3136K, reserved 327680K
}
Event: 9.640 GC heap after
{Heap after GC invocations=4 (full 0):
 garbage-first heap   total 262144K, used 23600K [0x00000000e0000000, 0x0000000100000000)
  region size 1024K, 12 young (12288K), 12 survivors (12288K)
 Metaspace       used 20553K, committed 20864K, reserved 393216K
  class space    used 3005K, committed 3136K, reserved 327680K
}
Event: 9.737 GC heap before
{Heap before GC invocations=4 (full 0):
 garbage-first heap   total 262144K, used 27696K [0x00000000e0000000, 0x0000000100000000)
  region size 1024K, 17 young (17408K), 12 survivors (12288K)
 Metaspace       used 21204K, committed 21504K, reserved 393216K
  class space    used 3122K, committed 3264K, reserved 327680K
}
Event: 9.747 GC heap after
{Heap after GC invocations=5 (full 0):
 garbage-first heap   total 262144K, used 24015K [0x00000000e0000000, 0x0000000100000000)
  region size 1024K, 11 young (11264K), 11 survivors (11264K)
 Metaspace       used 21204K, committed 21504K, reserved 393216K
  class space    used 3122K, committed 3264K, reserved 327680K
}
Event: 12.327 GC heap before
{Heap before GC invocations=6 (full 0):
 garbage-first heap   total 262144K, used 145871K [0x00000000e0000000, 0x0000000100000000)
  region size 1024K, 127 young (130048K), 11 survivors (11264K)
 Metaspace       used 35697K, committed 36096K, reserved 393216K
  class space    used 4963K, committed 5184K, reserved 327680K
}
Event: 12.357 GC heap after
{Heap after GC invocations=7 (full 0):
 garbage-first heap   total 262144K, used 33207K [0x00000000e0000000, 0x0000000100000000)
  region size 1024K, 10 young (10240K), 10 survivors (10240K)
 Metaspace       used 35697K, committed 36096K, reserved 393216K
  class space    used 4963K, committed 5184K, reserved 327680K
}
Event: 12.424 GC heap before
{Heap before GC invocations=7 (full 0):
 garbage-first heap   total 262144K, used 35255K [0x00000000e0000000, 0x0000000100000000)
  region size 1024K, 12 young (12288K), 10 survivors (10240K)
 Metaspace       used 35942K, committed 36352K, reserved 393216K
  class space    used 5013K, committed 5248K, reserved 327680K
}
Event: 12.438 GC heap after
{Heap after GC invocations=8 (full 0):
 garbage-first heap   total 262144K, used 34111K [0x00000000e0000000, 0x0000000100000000)
  region size 1024K, 2 young (2048K), 2 survivors (2048K)
 Metaspace       used 35942K, committed 36352K, reserved 393216K
  class space    used 5013K, committed 5248K, reserved 327680K
}
Event: 12.470 GC heap before
{Heap before GC invocations=8 (full 0):
 garbage-first heap   total 262144K, used 35135K [0x00000000e0000000, 0x0000000100000000)
  region size 1024K, 4 young (4096K), 2 survivors (2048K)
 Metaspace       used 36048K, committed 36416K, reserved 393216K
  class space    used 5034K, committed 5248K, reserved 327680K
}
Event: 12.472 GC heap after
{Heap after GC invocations=9 (full 0):
 garbage-first heap   total 262144K, used 33106K [0x00000000e0000000, 0x0000000100000000)
  region size 1024K, 1 young (1024K), 1 survivors (1024K)
 Metaspace       used 36048K, committed 36416K, reserved 393216K
  class space    used 5034K, committed 5248K, reserved 327680K
}
Event: 16.737 GC heap before
{Heap before GC invocations=10 (full 0):
 garbage-first heap   total 262144K, used 189778K [0x00000000e0000000, 0x0000000100000000)
  region size 1024K, 153 young (156672K), 1 survivors (1024K)
 Metaspace       used 48721K, committed 49216K, reserved 393216K
  class space    used 6921K, committed 7168K, reserved 327680K
}
Event: 16.759 GC heap after
{Heap after GC invocations=11 (full 0):
 garbage-first heap   total 262144K, used 42502K [0x00000000e0000000, 0x0000000100000000)
  region size 1024K, 10 young (10240K), 10 survivors (10240K)
 Metaspace       used 48721K, committed 49216K, reserved 393216K
  class space    used 6921K, committed 7168K, reserved 327680K
}
Event: 16.848 GC heap before
{Heap before GC invocations=11 (full 0):
 garbage-first heap   total 262144K, used 44550K [0x00000000e0000000, 0x0000000100000000)
  region size 1024K, 12 young (12288K), 10 survivors (10240K)
 Metaspace       used 48959K, committed 49408K, reserved 393216K
  class space    used 6967K, committed 7168K, reserved 327680K
}
Event: 16.861 GC heap after
{Heap after GC invocations=12 (full 0):
 garbage-first heap   total 262144K, used 43190K [0x00000000e0000000, 0x0000000100000000)
  region size 1024K, 1 young (1024K), 1 survivors (1024K)
 Metaspace       used 48959K, committed 49408K, reserved 393216K
  class space    used 6967K, committed 7168K, reserved 327680K
}

Dll operation events (15 events):
Event: 0.017 Loaded shared library C:\Users\Giang\.jdks\corretto-17.0.10\bin\java.dll
Event: 0.109 Loaded shared library C:\Users\Giang\.jdks\corretto-17.0.10\bin\jsvml.dll
Event: 0.307 Loaded shared library C:\Users\Giang\.jdks\corretto-17.0.10\bin\zip.dll
Event: 0.311 Loaded shared library C:\Users\Giang\.jdks\corretto-17.0.10\bin\instrument.dll
Event: 0.321 Loaded shared library C:\Users\Giang\.jdks\corretto-17.0.10\bin\net.dll
Event: 0.323 Loaded shared library C:\Users\Giang\.jdks\corretto-17.0.10\bin\nio.dll
Event: 0.332 Loaded shared library C:\Users\Giang\.jdks\corretto-17.0.10\bin\zip.dll
Event: 1.144 Loaded shared library C:\Users\Giang\.jdks\corretto-17.0.10\bin\jimage.dll
Event: 1.487 Loaded shared library C:\Users\Giang\.jdks\corretto-17.0.10\bin\verify.dll
Event: 2.187 Loaded shared library C:\Users\Giang\.gradle\native\c067742578af261105cb4f569cf0c3c89f3d7b1fecec35dd04571415982c5e48\windows-amd64\native-platform.dll
Event: 2.255 Loaded shared library C:\Users\Giang\.gradle\native\100fb08df4bc3b14c8652ba06237920a3bd2aa13389f12d3474272988ae205f9\windows-amd64\native-platform-file-events.dll
Event: 6.195 Loaded shared library C:\Users\Giang\.jdks\corretto-17.0.10\bin\management.dll
Event: 6.199 Loaded shared library C:\Users\Giang\.jdks\corretto-17.0.10\bin\management_ext.dll
Event: 6.758 Loaded shared library C:\Users\Giang\.jdks\corretto-17.0.10\bin\extnet.dll
Event: 7.260 Loaded shared library C:\Users\Giang\.jdks\corretto-17.0.10\bin\sunmscapi.dll

Deoptimization events (20 events):
Event: 19.541 Thread 0x0000019b7cc665e0 Uncommon trap: trap_request=0xffffffc6 fr.pc=0x0000019b6b637f34 relative=0x00000000000002f4
Event: 19.541 Thread 0x0000019b7cc665e0 Uncommon trap: reason=bimorphic_or_optimized_type_check action=maybe_recompile pc=0x0000019b6b637f34 method=com.google.common.collect.ImmutableList.hashCode()I @ 23 c2
Event: 19.541 Thread 0x0000019b7cc665e0 DEOPT PACKING pc=0x0000019b6b637f34 sp=0x00000031f5af9be0
Event: 19.541 Thread 0x0000019b7cc665e0 DEOPT UNPACKING pc=0x0000019b6ad569a3 sp=0x00000031f5af9b68 mode 2
Event: 19.742 Thread 0x0000019b7cc665e0 Uncommon trap: trap_request=0xffffff45 fr.pc=0x0000019b6b62cbe8 relative=0x0000000000000068
Event: 19.742 Thread 0x0000019b7cc665e0 Uncommon trap: reason=unstable_if action=reinterpret pc=0x0000019b6b62cbe8 method=com.esotericsoftware.kryo.io.Output.require(I)Z @ 10 c2
Event: 19.742 Thread 0x0000019b7cc665e0 DEOPT PACKING pc=0x0000019b6b62cbe8 sp=0x00000031f5af9d60
Event: 19.742 Thread 0x0000019b7cc665e0 DEOPT UNPACKING pc=0x0000019b6ad569a3 sp=0x00000031f5af9ce0 mode 2
Event: 19.769 Thread 0x0000019b7cc665e0 Uncommon trap: trap_request=0xffffff45 fr.pc=0x0000019b6b3f14f0 relative=0x0000000000000b70
Event: 19.769 Thread 0x0000019b7cc665e0 Uncommon trap: reason=unstable_if action=reinterpret pc=0x0000019b6b3f14f0 method=com.esotericsoftware.kryo.io.Input.readString()Ljava/lang/String; @ 28 c2
Event: 19.769 Thread 0x0000019b7cc665e0 DEOPT PACKING pc=0x0000019b6b3f14f0 sp=0x00000031f5afaa90
Event: 19.769 Thread 0x0000019b7cc665e0 DEOPT UNPACKING pc=0x0000019b6ad569a3 sp=0x00000031f5afaa68 mode 2
Event: 19.769 Thread 0x0000019b7cc665e0 Uncommon trap: trap_request=0xffffff45 fr.pc=0x0000019b6b5c5658 relative=0x00000000000001b8
Event: 19.769 Thread 0x0000019b7cc665e0 Uncommon trap: reason=unstable_if action=reinterpret pc=0x0000019b6b5c5658 method=com.esotericsoftware.kryo.io.Input.require(I)I @ 65 c2
Event: 19.769 Thread 0x0000019b7cc665e0 DEOPT PACKING pc=0x0000019b6b5c5658 sp=0x00000031f5afa9f0
Event: 19.769 Thread 0x0000019b7cc665e0 DEOPT UNPACKING pc=0x0000019b6ad569a3 sp=0x00000031f5afa9a0 mode 2
Event: 19.770 Thread 0x0000019b7cc665e0 Uncommon trap: trap_request=0xffffffde fr.pc=0x0000019b6b66f494 relative=0x00000000000029f4
Event: 19.770 Thread 0x0000019b7cc665e0 Uncommon trap: reason=class_check action=maybe_recompile pc=0x0000019b6b66f494 method=org.gradle.api.internal.artifacts.ivyservice.resolveengine.result.DesugaredAttributeContainerSerializer.read(Lorg/gradle/internal/serialize/Decoder;)Lorg/gradle/api/inte
Event: 19.770 Thread 0x0000019b7cc665e0 DEOPT PACKING pc=0x0000019b6b66f494 sp=0x00000031f5afaa30
Event: 19.770 Thread 0x0000019b7cc665e0 DEOPT UNPACKING pc=0x0000019b6ad569a3 sp=0x00000031f5afaa30 mode 2

Classes unloaded (0 events):
No events

Classes redefined (0 events):
No events

Internal exceptions (20 events):
Event: 17.967 Thread 0x0000019b7b46cd90 Exception <a 'java/lang/ClassNotFoundException'{0x00000000eed9ca10}: com/google/common/collect/ImmutableCollectionCustomizer> (0x00000000eed9ca10) 
thrown [s\src\hotspot\share\classfile\systemDictionary.cpp, line 256]
Event: 17.969 Thread 0x0000019b7b46cd90 Exception <a 'java/lang/ClassNotFoundException'{0x00000000eedb6b00}: com/google/common/collect/ImmutableListCustomizer> (0x00000000eedb6b00) 
thrown [s\src\hotspot\share\classfile\systemDictionary.cpp, line 256]
Event: 17.972 Thread 0x0000019b7b46cd90 Exception <a 'java/lang/ClassNotFoundException'{0x00000000eedf7230}: com/google/common/collect/RegularImmutableListCustomizer> (0x00000000eedf7230) 
thrown [s\src\hotspot\share\classfile\systemDictionary.cpp, line 256]
Event: 18.024 Thread 0x0000019b7cc69370 Exception <a 'java/lang/NoSuchMethodError'{0x00000000ee942468}: 'void java.lang.invoke.DirectMethodHandle$Holder.invokeSpecial(java.lang.Object, java.lang.Object, java.lang.Object, java.lang.Object, int, java.lang.Object, java.lang.Object)'> (0x00000000ee942468) 
thrown [s\src\hotspot\share\interpreter\linkResolver.cpp, line 759]
Event: 18.047 Thread 0x0000019b7cc665e0 Exception <a 'java/lang/NoSuchMethodError'{0x00000000eea74b20}: 'void java.lang.invoke.DirectMethodHandle$Holder.invokeInterface(java.lang.Object, java.lang.Object, java.lang.Object, java.lang.Object)'> (0x00000000eea74b20) 
thrown [s\src\hotspot\share\interpreter\linkResolver.cpp, line 759]
Event: 18.117 Thread 0x0000019b761643c0 Exception <a 'java/lang/NoSuchMethodError'{0x00000000ee670870}: static Lorg/gradle/internal/build/event/types/DefaultTaskStartedProgressEvent;.<clinit>()V> (0x00000000ee670870) 
thrown [s\src\hotspot\share\prims\jni.cpp, line 1107]
Event: 18.118 Thread 0x0000019b761643c0 Exception <a 'java/lang/NoSuchMethodError'{0x00000000ee672ba0}: static Lorg/gradle/internal/build/event/types/AbstractProgressEvent;.<clinit>()V> (0x00000000ee672ba0) 
thrown [s\src\hotspot\share\prims\jni.cpp, line 1107]
Event: 18.120 Thread 0x0000019b761643c0 Exception <a 'java/lang/NoSuchMethodError'{0x00000000ee67d380}: static Lorg/gradle/internal/build/event/types/DefaultTaskDescriptor;.<clinit>()V> (0x00000000ee67d380) 
thrown [s\src\hotspot\share\prims\jni.cpp, line 1107]
Event: 18.124 Thread 0x0000019b761643c0 Exception <a 'java/lang/NoSuchMethodError'{0x00000000ee6a66b8}: static Lorg/gradle/internal/operations/OperationIdentifier;.<clinit>()V> (0x00000000ee6a66b8) 
thrown [s\src\hotspot\share\prims\jni.cpp, line 1107]
Event: 18.126 Thread 0x0000019b761643c0 Exception <a 'java/lang/NoSuchMethodError'{0x00000000ee6b0080}: static Lorg/gradle/internal/build/event/types/DefaultBinaryPluginIdentifier;.<clinit>()V> (0x00000000ee6b0080) 
thrown [s\src\hotspot\share\prims\jni.cpp, line 1107]
Event: 18.317 Thread 0x0000019b7cc665e0 Exception <a 'java/lang/IncompatibleClassChangeError'{0x00000000edf5e740}: Found class java.lang.Object, but interface was expected> (0x00000000edf5e740) 
thrown [s\src\hotspot\share\interpreter\linkResolver.cpp, line 826]
Event: 18.319 Thread 0x0000019b7cc665e0 Exception <a 'java/lang/NoSuchMethodError'{0x00000000edf6f1e8}: static Ljava/lang/Object;.<clinit>()V> (0x00000000edf6f1e8) 
thrown [s\src\hotspot\share\prims\jni.cpp, line 1107]
Event: 18.549 Thread 0x0000019b7cc665e0 Exception <a 'java/lang/ClassNotFoundException'{0x00000000ed1a1d30}: org/gradle/api/internal/plugins/NaggingBasePluginConventionBeanInfo> (0x00000000ed1a1d30) 
thrown [s\src\hotspot\share\classfile\systemDictionary.cpp, line 256]
Event: 18.549 Thread 0x0000019b7cc665e0 Exception <a 'java/lang/ClassNotFoundException'{0x00000000ed1ae9d0}: org/gradle/api/plugins/BasePluginConventionBeanInfo> (0x00000000ed1ae9d0) 
thrown [s\src\hotspot\share\classfile\systemDictionary.cpp, line 256]
Event: 18.550 Thread 0x0000019b7cc665e0 Exception <a 'java/lang/ClassNotFoundException'{0x00000000ed1bbb28}: org/gradle/api/plugins/BasePluginConventionCustomizer> (0x00000000ed1bbb28) 
thrown [s\src\hotspot\share\classfile\systemDictionary.cpp, line 256]
Event: 18.551 Thread 0x0000019b7cc665e0 Exception <a 'java/lang/ClassNotFoundException'{0x00000000ed1d1be0}: org/gradle/api/internal/plugins/NaggingBasePluginConventionCustomizer> (0x00000000ed1d1be0) 
thrown [s\src\hotspot\share\classfile\systemDictionary.cpp, line 256]
Event: 18.553 Thread 0x0000019b7cc665e0 Exception <a 'java/lang/ClassNotFoundException'{0x00000000ed015490}: org/gradle/api/plugins/internal/NaggingJavaPluginConventionBeanInfo> (0x00000000ed015490) 
thrown [s\src\hotspot\share\classfile\systemDictionary.cpp, line 256]
Event: 18.554 Thread 0x0000019b7cc665e0 Exception <a 'java/lang/ClassNotFoundException'{0x00000000ed022130}: org/gradle/api/plugins/JavaPluginConventionBeanInfo> (0x00000000ed022130) 
thrown [s\src\hotspot\share\classfile\systemDictionary.cpp, line 256]
Event: 18.554 Thread 0x0000019b7cc665e0 Exception <a 'java/lang/ClassNotFoundException'{0x00000000ed02f040}: org/gradle/api/plugins/JavaPluginConventionCustomizer> (0x00000000ed02f040) 
thrown [s\src\hotspot\share\classfile\systemDictionary.cpp, line 256]
Event: 18.556 Thread 0x0000019b7cc665e0 Exception <a 'java/lang/ClassNotFoundException'{0x00000000ed04ed98}: org/gradle/api/plugins/internal/NaggingJavaPluginConventionCustomizer> (0x00000000ed04ed98) 
thrown [s\src\hotspot\share\classfile\systemDictionary.cpp, line 256]

VM Operations (20 events):
Event: 17.975 Executing VM operation: HandshakeAllThreads
Event: 17.975 Executing VM operation: HandshakeAllThreads done
Event: 18.040 Executing VM operation: HandshakeAllThreads
Event: 18.040 Executing VM operation: HandshakeAllThreads done
Event: 18.107 Executing VM operation: HandshakeAllThreads
Event: 18.107 Executing VM operation: HandshakeAllThreads done
Event: 18.262 Executing VM operation: ICBufferFull
Event: 18.262 Executing VM operation: ICBufferFull done
Event: 18.652 Executing VM operation: HandshakeAllThreads
Event: 18.652 Executing VM operation: HandshakeAllThreads done
Event: 18.669 Executing VM operation: ICBufferFull
Event: 18.669 Executing VM operation: ICBufferFull done
Event: 19.062 Executing VM operation: ICBufferFull
Event: 19.062 Executing VM operation: ICBufferFull done
Event: 19.523 Executing VM operation: ICBufferFull
Event: 19.523 Executing VM operation: ICBufferFull done
Event: 19.667 Executing VM operation: HandshakeAllThreads
Event: 19.668 Executing VM operation: HandshakeAllThreads done
Event: 19.971 Executing VM operation: ICBufferFull
Event: 19.972 Executing VM operation: ICBufferFull done

Events (20 events):
Event: 18.783 Thread 0x0000019b7636ab30 Thread added: 0x0000019b7636ab30
Event: 18.798 Thread 0x0000019b7636b550 Thread added: 0x0000019b7636b550
Event: 18.837 Thread 0x0000019b7636c990 Thread added: 0x0000019b7636c990
Event: 18.849 Thread 0x0000019b7636d8c0 Thread added: 0x0000019b7636d8c0
Event: 18.856 Thread 0x0000019b7636cea0 Thread added: 0x0000019b7636cea0
Event: 18.879 Thread 0x0000019b7636f210 Thread added: 0x0000019b7636f210
Event: 18.896 Thread 0x0000019b7636b040 Thread added: 0x0000019b7636b040
Event: 18.912 Thread 0x0000019b7636ba60 Thread added: 0x0000019b7636ba60
Event: 18.928 Thread 0x0000019b763687c0 Thread added: 0x0000019b763687c0
Event: 18.939 Thread 0x0000019b7636a110 Thread added: 0x0000019b7636a110
Event: 18.955 Thread 0x0000019b7636d3b0 Thread added: 0x0000019b7636d3b0
Event: 18.968 Thread 0x0000019b76367da0 Thread added: 0x0000019b76367da0
Event: 18.978 Thread 0x0000019b7636ddd0 Thread added: 0x0000019b7636ddd0
Event: 18.989 Thread 0x0000019b76368cd0 Thread added: 0x0000019b76368cd0
Event: 19.013 Thread 0x0000019b763691e0 Thread added: 0x0000019b763691e0
Event: 19.024 Thread 0x0000019b763696f0 Thread added: 0x0000019b763696f0
Event: 19.034 Thread 0x0000019b7dddcbe0 Thread added: 0x0000019b7dddcbe0
Event: 19.043 Thread 0x0000019b7dddef50 Thread added: 0x0000019b7dddef50
Event: 19.053 Thread 0x0000019b7dde2700 Thread added: 0x0000019b7dde2700
Event: 19.065 Thread 0x0000019b7dde3120 Thread added: 0x0000019b7dde3120


Dynamic libraries:
0x00007ff7ca150000 - 0x00007ff7ca15e000 	C:\Users\Giang\.jdks\corretto-17.0.10\bin\java.exe
0x00007ffada3f0000 - 0x00007ffada5e8000 	C:\Windows\SYSTEM32\ntdll.dll
0x00007ffad8df0000 - 0x00007ffad8eb1000 	C:\Windows\System32\KERNEL32.DLL
0x00007ffad7d90000 - 0x00007ffad8086000 	C:\Windows\System32\KERNELBASE.dll
0x00007ffad7b70000 - 0x00007ffad7c70000 	C:\Windows\System32\ucrtbase.dll
0x00007ffad1640000 - 0x00007ffad1657000 	C:\Users\Giang\.jdks\corretto-17.0.10\bin\jli.dll
0x00007ffad94c0000 - 0x00007ffad965f000 	C:\Windows\System32\USER32.dll
0x00007ffad8290000 - 0x00007ffad82b2000 	C:\Windows\System32\win32u.dll
0x00007ffad9a30000 - 0x00007ffad9a5b000 	C:\Windows\System32\GDI32.dll
0x00007ffad7c70000 - 0x00007ffad7d87000 	C:\Windows\System32\gdi32full.dll
0x00007ffad7ad0000 - 0x00007ffad7b6d000 	C:\Windows\System32\msvcp_win.dll
0x00007ffad0f90000 - 0x00007ffad0fab000 	C:\Users\Giang\.jdks\corretto-17.0.10\bin\VCRUNTIME140.dll
0x00007ffac8b30000 - 0x00007ffac8dca000 	C:\Windows\WinSxS\amd64_microsoft.windows.common-controls_6595b64144ccf1df_6.0.19041.4355_none_60b8b9eb71f62e16\COMCTL32.dll
0x00007ffad8ec0000 - 0x00007ffad8f5e000 	C:\Windows\System32\msvcrt.dll
0x00007ffad9660000 - 0x00007ffad968f000 	C:\Windows\System32\IMM32.DLL
0x00007ffad5100000 - 0x00007ffad510c000 	C:\Users\Giang\.jdks\corretto-17.0.10\bin\vcruntime140_1.dll
0x00007ffaca6b0000 - 0x00007ffaca73d000 	C:\Users\Giang\.jdks\corretto-17.0.10\bin\msvcp140.dll
0x00007ffaa4010000 - 0x00007ffaa4c72000 	C:\Users\Giang\.jdks\corretto-17.0.10\bin\server\jvm.dll
0x00007ffada300000 - 0x00007ffada3b0000 	C:\Windows\System32\ADVAPI32.dll
0x00007ffad8600000 - 0x00007ffad86a0000 	C:\Windows\System32\sechost.dll
0x00007ffad84d0000 - 0x00007ffad85f3000 	C:\Windows\System32\RPCRT4.dll
0x00007ffad7aa0000 - 0x00007ffad7ac7000 	C:\Windows\System32\bcrypt.dll
0x00007ffad7020000 - 0x00007ffad706b000 	C:\Windows\SYSTEM32\POWRPROF.dll
0x00007ffad2df0000 - 0x00007ffad2df9000 	C:\Windows\SYSTEM32\WSOCK32.dll
0x00007ffad96f0000 - 0x00007ffad975b000 	C:\Windows\System32\WS2_32.dll
0x00007ffad3c90000 - 0x00007ffad3cb7000 	C:\Windows\SYSTEM32\WINMM.dll
0x00007ffacef70000 - 0x00007ffacef7a000 	C:\Windows\SYSTEM32\VERSION.dll
0x00007ffad6e90000 - 0x00007ffad6ea2000 	C:\Windows\SYSTEM32\UMPDC.dll
0x00007ffad5920000 - 0x00007ffad5932000 	C:\Windows\SYSTEM32\kernel.appcore.dll
0x00007ffad3bb0000 - 0x00007ffad3bba000 	C:\Users\Giang\.jdks\corretto-17.0.10\bin\jimage.dll
0x00007ffac32d0000 - 0x00007ffac34b4000 	C:\Windows\SYSTEM32\DBGHELP.DLL
0x00007ffac3250000 - 0x00007ffac3284000 	C:\Windows\SYSTEM32\dbgcore.DLL
0x00007ffad8100000 - 0x00007ffad8182000 	C:\Windows\System32\bcryptPrimitives.dll
0x00007ffad3b30000 - 0x00007ffad3b3e000 	C:\Users\Giang\.jdks\corretto-17.0.10\bin\instrument.dll
0x00007ffad07c0000 - 0x00007ffad07e5000 	C:\Users\Giang\.jdks\corretto-17.0.10\bin\java.dll
0x00007ffabb4e0000 - 0x00007ffabb5b7000 	C:\Users\Giang\.jdks\corretto-17.0.10\bin\jsvml.dll
0x00007ffad9b90000 - 0x00007ffada2fc000 	C:\Windows\System32\SHELL32.dll
0x00007ffad5b20000 - 0x00007ffad62be000 	C:\Windows\SYSTEM32\windows.storage.dll
0x00007ffad9090000 - 0x00007ffad93e3000 	C:\Windows\System32\combase.dll
0x00007ffad74c0000 - 0x00007ffad74ee000 	C:\Windows\SYSTEM32\Wldp.dll
0x00007ffad93f0000 - 0x00007ffad94bd000 	C:\Windows\System32\OLEAUT32.dll
0x00007ffad8d20000 - 0x00007ffad8dcd000 	C:\Windows\System32\SHCORE.dll
0x00007ffad9840000 - 0x00007ffad9895000 	C:\Windows\System32\shlwapi.dll
0x00007ffad79d0000 - 0x00007ffad79f4000 	C:\Windows\SYSTEM32\profapi.dll
0x00007ffad0180000 - 0x00007ffad0198000 	C:\Users\Giang\.jdks\corretto-17.0.10\bin\zip.dll
0x00007ffaca690000 - 0x00007ffaca6a9000 	C:\Users\Giang\.jdks\corretto-17.0.10\bin\net.dll
0x00007ffaceab0000 - 0x00007ffacebba000 	C:\Windows\SYSTEM32\WINHTTP.dll
0x00007ffad7220000 - 0x00007ffad728a000 	C:\Windows\system32\mswsock.dll
0x00007ffaca670000 - 0x00007ffaca686000 	C:\Users\Giang\.jdks\corretto-17.0.10\bin\nio.dll
0x00007ffad3a70000 - 0x00007ffad3a80000 	C:\Users\Giang\.jdks\corretto-17.0.10\bin\verify.dll
0x00007ffad0fb0000 - 0x00007ffad0fd7000 	C:\Users\Giang\.gradle\native\c067742578af261105cb4f569cf0c3c89f3d7b1fecec35dd04571415982c5e48\windows-amd64\native-platform.dll
0x00007ffaac250000 - 0x00007ffaac394000 	C:\Users\Giang\.gradle\native\100fb08df4bc3b14c8652ba06237920a3bd2aa13389f12d3474272988ae205f9\windows-amd64\native-platform-file-events.dll
0x00007ffad3920000 - 0x00007ffad3929000 	C:\Users\Giang\.jdks\corretto-17.0.10\bin\management.dll
0x00007ffad3550000 - 0x00007ffad355b000 	C:\Users\Giang\.jdks\corretto-17.0.10\bin\management_ext.dll
0x00007ffad9a60000 - 0x00007ffad9a68000 	C:\Windows\System32\PSAPI.DLL
0x00007ffad7410000 - 0x00007ffad7428000 	C:\Windows\SYSTEM32\CRYPTSP.dll
0x00007ffad6ad0000 - 0x00007ffad6b04000 	C:\Windows\system32\rsaenh.dll
0x00007ffad7940000 - 0x00007ffad796e000 	C:\Windows\SYSTEM32\USERENV.dll
0x00007ffad7430000 - 0x00007ffad743c000 	C:\Windows\SYSTEM32\CRYPTBASE.dll
0x00007ffad6eb0000 - 0x00007ffad6eeb000 	C:\Windows\SYSTEM32\IPHLPAPI.DLL
0x00007ffad9a20000 - 0x00007ffad9a28000 	C:\Windows\System32\NSI.dll
0x00007ffacf350000 - 0x00007ffacf367000 	C:\Windows\SYSTEM32\dhcpcsvc6.DLL
0x00007ffacfe80000 - 0x00007ffacfe9d000 	C:\Windows\SYSTEM32\dhcpcsvc.DLL
0x00007ffad6f00000 - 0x00007ffad6fca000 	C:\Windows\SYSTEM32\DNSAPI.dll
0x00007ffad26a0000 - 0x00007ffad26a9000 	C:\Users\Giang\.jdks\corretto-17.0.10\bin\extnet.dll
0x00007ffad14d0000 - 0x00007ffad14de000 	C:\Users\Giang\.jdks\corretto-17.0.10\bin\sunmscapi.dll
0x00007ffad82c0000 - 0x00007ffad841e000 	C:\Windows\System32\CRYPT32.dll
0x00007ffad7530000 - 0x00007ffad7559000 	C:\Windows\SYSTEM32\ncrypt.dll
0x00007ffad74f0000 - 0x00007ffad752b000 	C:\Windows\SYSTEM32\NTASN1.dll
0x00007ffacbc60000 - 0x00007ffacbc67000 	C:\Windows\system32\wshunix.dll

dbghelp: loaded successfully - version: 4.0.5 - missing functions: none
symbol engine: initialized successfully - sym options: 0x614 - pdb path: .;C:\Users\Giang\.jdks\corretto-17.0.10\bin;C:\Windows\SYSTEM32;C:\Windows\WinSxS\amd64_microsoft.windows.common-controls_6595b64144ccf1df_6.0.19041.4355_none_60b8b9eb71f62e16;C:\Users\Giang\.jdks\corretto-17.0.10\bin\server;C:\Users\Giang\.gradle\native\c067742578af261105cb4f569cf0c3c89f3d7b1fecec35dd04571415982c5e48\windows-amd64;C:\Users\Giang\.gradle\native\100fb08df4bc3b14c8652ba06237920a3bd2aa13389f12d3474272988ae205f9\windows-amd64

VM Arguments:
jvm_args: --add-opens=java.base/java.util=ALL-UNNAMED --add-opens=java.base/java.lang=ALL-UNNAMED --add-opens=java.base/java.lang.invoke=ALL-UNNAMED --add-opens=java.prefs/java.util.prefs=ALL-UNNAMED --add-opens=java.base/java.nio.charset=ALL-UNNAMED --add-opens=java.base/java.net=ALL-UNNAMED --add-opens=java.base/java.util.concurrent.atomic=ALL-UNNAMED -XX:MaxMetaspaceSize=384m -XX:+HeapDumpOnOutOfMemoryError -Xms256m -Xmx512m -Dfile.encoding=windows-1252 -Duser.country=US -Duser.language=en -Duser.variant -javaagent:C:\Users\Giang\.gradle\wrapper\dists\gradle-8.8-bin\dl7vupf4psengwqhwktix4v1\gradle-8.8\lib\agents\gradle-instrumentation-agent-8.8.jar 
java_command: org.gradle.launcher.daemon.bootstrap.GradleDaemon 8.8
java_class_path (initial): C:\Users\Giang\.gradle\wrapper\dists\gradle-8.8-bin\dl7vupf4psengwqhwktix4v1\gradle-8.8\lib\gradle-launcher-8.8.jar
Launcher Type: SUN_STANDARD

[Global flags]
     intx CICompilerCount                          = 3                                         {product} {ergonomic}
   size_t CompressedClassSpaceSize                 = 335544320                                 {product} {ergonomic}
     uint ConcGCThreads                            = 1                                         {product} {ergonomic}
     uint G1ConcRefinementThreads                  = 4                                         {product} {ergonomic}
   size_t G1HeapRegionSize                         = 1048576                                   {product} {ergonomic}
    uintx GCDrainStackTargetSize                   = 64                                        {product} {ergonomic}
     bool HeapDumpOnOutOfMemoryError               = true                                   {manageable} {command line}
   size_t InitialHeapSize                          = 268435456                                 {product} {command line}
   size_t MarkStackSize                            = 4194304                                   {product} {ergonomic}
   size_t MaxHeapSize                              = 536870912                                 {product} {command line}
   size_t MaxMetaspaceSize                         = 402653184                                 {product} {command line}
   size_t MaxNewSize                               = 321912832                                 {product} {ergonomic}
   size_t MinHeapDeltaBytes                        = 1048576                                   {product} {ergonomic}
   size_t MinHeapSize                              = 268435456                                 {product} {command line}
    uintx NonNMethodCodeHeapSize                   = 5832780                                {pd product} {ergonomic}
    uintx NonProfiledCodeHeapSize                  = 122912730                              {pd product} {ergonomic}
    uintx ProfiledCodeHeapSize                     = 122912730                              {pd product} {ergonomic}
    uintx ReservedCodeCacheSize                    = 251658240                              {pd product} {ergonomic}
     bool SegmentedCodeCache                       = true                                      {product} {ergonomic}
   size_t SoftMaxHeapSize                          = 536870912                              {manageable} {ergonomic}
     bool UseCompressedClassPointers               = true                           {product lp64_product} {ergonomic}
     bool UseCompressedOops                        = true                           {product lp64_product} {ergonomic}
     bool UseG1GC                                  = true                                      {product} {ergonomic}
     bool UseLargePagesIndividualAllocation        = false                                  {pd product} {ergonomic}

Logging:
Log output configuration:
 #0: stdout all=warning uptime,level,tags
 #1: stderr all=off uptime,level,tags

Environment Variables:
PATH=C:\Program Files\Common Files\Oracle\Java\javapath;C:\Windows\system32;C:\Windows;C:\Windows\System32\Wbem;C:\Windows\System32\WindowsPowerShell\v1.0\;C:\Windows\System32\OpenSSH\;C:\Program Files\MySQL\MySQL Server 8.0\bin;%JAVA_HOME%\bin;C:\Gradle\gradle-6.8\bin;C:\Program Files\Git\cmd;C:\Program Files\Java\jdk-17\bin;C:\Program Files\nodejs\;C:\Program Files\MySQL\MySQL Shell 8.0\bin\;C:\Users\Giang\AppData\Local\Microsoft\WindowsApps;C:\Users\Giang\AppData\Local\GitHubDesktop\bin;D:\Microsoft VS Code\bin;C:\Users\Giang\AppData\Roaming\npm
USERNAME=Giang
OS=Windows_NT
PROCESSOR_IDENTIFIER=Intel64 Family 6 Model 61 Stepping 4, GenuineIntel
TMP=C:\Users\Giang\AppData\Local\Temp
TEMP=C:\Users\Giang\AppData\Local\Temp



Periodic native trim disabled


---------------  S Y S T E M  ---------------

OS:
 Windows 10 , 64 bit Build 19041 (10.0.19041.4597)
OS uptime: 2 days 4:12 hours

CPU: total 4 (initial active 4) (2 cores per cpu, 2 threads per core) family 6 model 61 stepping 4 microcode 0x2d, cx8, cmov, fxsr, ht, mmx, 3dnowpref, sse, sse2, sse3, ssse3, sse4.1, sse4.2, popcnt, lzcnt, tsc, tscinvbit, avx, avx2, aes, erms, clmul, bmi1, bmi2, rtm, adx, fma, vzeroupper, clflush
Processor Information for all 4 processors :
  Max Mhz: 2594, Current Mhz: 2594, Mhz Limit: 2594

Memory: 4k page, system-wide physical 7887M (362M free)
TotalPageFile size 15055M (AvailPageFile size 6M)
current process WorkingSet (physical memory assigned to process): 392M, peak: 398M
current process commit charge ("private bytes"): 484M, peak: 485M

vm_info: OpenJDK 64-Bit Server VM (17.0.10+7-LTS) for windows-amd64 JRE (17.0.10+7-LTS), built on Jan 10 2024 22:11:07 by "Administrator" with MS VC++ 16.10 / 16.11 (VS2019)

END.
