#
# There is insufficient memory for the Java Runtime Environment to continue.
# Native memory allocation (malloc) failed to allocate 1860336 bytes for Chunk::new
# Possible reasons:
#   The system is out of physical RAM or swap space
#   The process is running with CompressedOops enabled, and the Java Heap may be blocking the growth of the native heap
# Possible solutions:
#   Reduce memory load on the system
#   Increase physical memory or swap space
#   Check if swap backing store is full
#   Decrease Java heap size (-Xmx/-Xms)
#   Decrease number of Java threads
#   Decrease Java thread stack sizes (-Xss)
#   Set larger code cache with -XX:ReservedCodeCacheSize=
#   JVM is running with Unscaled Compressed Oops mode in which the Java heap is
#     placed in the first 4GB address space. The Java Heap base address is the
#     maximum limit for the native heap growth. Please use -XX:HeapBaseMinAddress
#     to set the Java Heap base and to place the Java Heap above 4GB virtual address.
# This output file may be truncated or incomplete.
#
#  Out of Memory Error (arena.cpp:191), pid=7864, tid=5440
#
# JRE version: OpenJDK Runtime Environment Corretto-17.0.10.7.1 (17.0.10+7) (build 17.0.10+7-LTS)
# Java VM: OpenJDK 64-Bit Server VM Corretto-17.0.10.7.1 (17.0.10+7-LTS, mixed mode, sharing, tiered, compressed oops, compressed class ptrs, g1 gc, windows-amd64)
# No core dump will be written. Minidumps are not enabled by default on client versions of Windows
#

---------------  S U M M A R Y ------------

Command Line: --add-opens=java.base/java.util=ALL-UNNAMED --add-opens=java.base/java.lang=ALL-UNNAMED --add-opens=java.base/java.lang.invoke=ALL-UNNAMED --add-opens=java.prefs/java.util.prefs=ALL-UNNAMED --add-opens=java.base/java.nio.charset=ALL-UNNAMED --add-opens=java.base/java.net=ALL-UNNAMED --add-opens=java.base/java.util.concurrent.atomic=ALL-UNNAMED -XX:MaxMetaspaceSize=384m -XX:+HeapDumpOnOutOfMemoryError -Xms256m -Xmx512m -Dfile.encoding=windows-1252 -Duser.country=US -Duser.language=en -Duser.variant -javaagent:C:\Users\Giang\.gradle\wrapper\dists\gradle-8.8-bin\dl7vupf4psengwqhwktix4v1\gradle-8.8\lib\agents\gradle-instrumentation-agent-8.8.jar org.gradle.launcher.daemon.bootstrap.GradleDaemon 8.8

Host: Intel(R) Core(TM) i7-5600U CPU @ 2.60GHz, 4 cores, 7G,  Windows 10 , 64 bit Build 19041 (10.0.19041.4597)
Time: Thu Jul 25 11:21:13 2024 SE Asia Standard Time elapsed time: 24.123338 seconds (0d 0h 0m 24s)

---------------  T H R E A D  ---------------

Current thread (0x000001ea9c850d40):  JavaThread "C2 CompilerThread0" daemon [_thread_in_native, id=5440, stack(0x0000009fcf000000,0x0000009fcf100000)]


Current CompileTask:
C2:  24123 5778       4       org.objectweb.asm.Frame::execute (2303 bytes)

Stack: [0x0000009fcf000000,0x0000009fcf100000]
Native frames: (J=compiled Java code, j=interpreted, Vv=VM code, C=native code)
V  [jvm.dll+0x67d2c9]
V  [jvm.dll+0x834b1a]
V  [jvm.dll+0x8365de]
V  [jvm.dll+0x836c43]
V  [jvm.dll+0x2477ff]
V  [jvm.dll+0xac514]
V  [jvm.dll+0xacb5c]
V  [jvm.dll+0x366782]
V  [jvm.dll+0x330bfa]
V  [jvm.dll+0x33009a]
V  [jvm.dll+0x219ef1]
V  [jvm.dll+0x219311]
V  [jvm.dll+0x1a502d]
V  [jvm.dll+0x2290de]
V  [jvm.dll+0x2272ac]
V  [jvm.dll+0x7e9bd7]
V  [jvm.dll+0x7e3fda]
V  [jvm.dll+0x67c1b5]
C  [ucrtbase.dll+0x21bb2]
C  [KERNEL32.DLL+0x17374]
C  [ntdll.dll+0x4cc91]


---------------  P R O C E S S  ---------------

Threads class SMR info:
_java_thread_list=0x000001eab7ba8e40, length=48, elements={
0x000001ea8062ee30, 0x000001ea9c8353f0, 0x000001ea9c837190, 0x000001ea9c84c410,
0x000001ea9c84cee0, 0x000001ea9c84f7c0, 0x000001ea9c850090, 0x000001ea9c850d40,
0x000001ea9c8a9560, 0x000001ea9c9dae50, 0x000001ea9c81f970, 0x000001ea9cb11940,
0x000001eab61bf030, 0x000001ea9ca04f40, 0x000001ea9c9cd660, 0x000001ea9cce9ea0,
0x000001eab77d0820, 0x000001eab61d9920, 0x000001eab6c02210, 0x000001eab61ec320,
0x000001eab61eb900, 0x000001eab61ebe10, 0x000001eab61ecd40, 0x000001eab61ec830,
0x000001eab61ed250, 0x000001eab61ea4c0, 0x000001eab61ea9d0, 0x000001eab61ed760,
0x000001eab61eaee0, 0x000001eab61eb3f0, 0x000001eab8690360, 0x000001eab868e500,
0x000001eab868dae0, 0x000001eab868ea10, 0x000001eab8690870, 0x000001eab868f430,
0x000001eab868f940, 0x000001eab868fe50, 0x000001eab8690d80, 0x000001eab8691290,
0x000001eab7b43920, 0x000001eab7b44340, 0x000001eab7b48510, 0x000001eab7b45780,
0x000001eab7b45c90, 0x000001eab7b44850, 0x000001eab7b466b0, 0x000001eab7b41fd0
}

Java Threads: ( => current thread )
  0x000001ea8062ee30 JavaThread "main" [_thread_blocked, id=9552, stack(0x0000009fce300000,0x0000009fce400000)]
  0x000001ea9c8353f0 JavaThread "Reference Handler" daemon [_thread_blocked, id=19032, stack(0x0000009fcea00000,0x0000009fceb00000)]
  0x000001ea9c837190 JavaThread "Finalizer" daemon [_thread_blocked, id=18376, stack(0x0000009fceb00000,0x0000009fcec00000)]
  0x000001ea9c84c410 JavaThread "Signal Dispatcher" daemon [_thread_blocked, id=2196, stack(0x0000009fcec00000,0x0000009fced00000)]
  0x000001ea9c84cee0 JavaThread "Attach Listener" daemon [_thread_blocked, id=6064, stack(0x0000009fced00000,0x0000009fcee00000)]
  0x000001ea9c84f7c0 JavaThread "Service Thread" daemon [_thread_blocked, id=12656, stack(0x0000009fcee00000,0x0000009fcef00000)]
  0x000001ea9c850090 JavaThread "Monitor Deflation Thread" daemon [_thread_blocked, id=11704, stack(0x0000009fcef00000,0x0000009fcf000000)]
=>0x000001ea9c850d40 JavaThread "C2 CompilerThread0" daemon [_thread_in_native, id=5440, stack(0x0000009fcf000000,0x0000009fcf100000)]
  0x000001ea9c8a9560 JavaThread "C1 CompilerThread0" daemon [_thread_blocked, id=17996, stack(0x0000009fcf100000,0x0000009fcf200000)]
  0x000001ea9c9dae50 JavaThread "Sweeper thread" daemon [_thread_blocked, id=5172, stack(0x0000009fcf200000,0x0000009fcf300000)]
  0x000001ea9c81f970 JavaThread "Common-Cleaner" daemon [_thread_blocked, id=16628, stack(0x0000009fcf300000,0x0000009fcf400000)]
  0x000001ea9cb11940 JavaThread "Notification Thread" daemon [_thread_blocked, id=17508, stack(0x0000009fcf400000,0x0000009fcf500000)]
  0x000001eab61bf030 JavaThread "Daemon health stats" [_thread_blocked, id=15828, stack(0x0000009fcf900000,0x0000009fcfa00000)]
  0x000001ea9ca04f40 JavaThread "Incoming local TCP Connector on port 57391" [_thread_in_native, id=19400, stack(0x0000009fcfa00000,0x0000009fcfb00000)]
  0x000001ea9c9cd660 JavaThread "Daemon periodic checks" [_thread_blocked, id=18988, stack(0x0000009fcfb00000,0x0000009fcfc00000)]
  0x000001ea9cce9ea0 JavaThread "Daemon" [_thread_blocked, id=19140, stack(0x0000009fcfc00000,0x0000009fcfd00000)]
  0x000001eab77d0820 JavaThread "Handler for socket connection from /127.0.0.1:57391 to /127.0.0.1:57392" [_thread_in_native, id=14460, stack(0x0000009fcfd00000,0x0000009fcfe00000)]
  0x000001eab61d9920 JavaThread "Cancel handler" [_thread_blocked, id=11392, stack(0x0000009fcfe00000,0x0000009fcff00000)]
  0x000001eab6c02210 JavaThread "Daemon worker" [_thread_in_Java, id=7432, stack(0x0000009fcff00000,0x0000009fd0000000)]
  0x000001eab61ec320 JavaThread "Asynchronous log dispatcher for DefaultDaemonConnection: socket connection from /127.0.0.1:57391 to /127.0.0.1:57392" [_thread_blocked, id=15956, stack(0x0000009fd0000000,0x0000009fd0100000)]
  0x000001eab61eb900 JavaThread "Stdin handler" [_thread_blocked, id=7224, stack(0x0000009fd0100000,0x0000009fd0200000)]
  0x000001eab61ebe10 JavaThread "Daemon client event forwarder" [_thread_blocked, id=4360, stack(0x0000009fd0200000,0x0000009fd0300000)]
  0x000001eab61ecd40 JavaThread "Cache worker for journal cache (C:\Users\Giang\.gradle\caches\journal-1)" [_thread_blocked, id=14736, stack(0x0000009fd0300000,0x0000009fd0400000)]
  0x000001eab61ec830 JavaThread "File lock request listener" [_thread_in_native, id=13620, stack(0x0000009fd0400000,0x0000009fd0500000)]
  0x000001eab61ed250 JavaThread "Cache worker for file hash cache (C:\Users\Giang\.gradle\caches\8.8\fileHashes)" [_thread_blocked, id=11356, stack(0x0000009fd0500000,0x0000009fd0600000)]
  0x000001eab61ea4c0 JavaThread "Cache worker for file hash cache (D:\code trung tam\Module05_OFF\ProjectModule05BackEnd\.gradle\8.8\fileHashes)" [_thread_blocked, id=7912, stack(0x0000009fd0600000,0x0000009fd0700000)]
  0x000001eab61ea9d0 JavaThread "File watcher server" daemon [_thread_in_native, id=11212, stack(0x0000009fd0700000,0x0000009fd0800000)]
  0x000001eab61ed760 JavaThread "File watcher consumer" daemon [_thread_blocked, id=5624, stack(0x0000009fd0800000,0x0000009fd0900000)]
  0x000001eab61eaee0 JavaThread "Cache worker for checksums cache (D:\code trung tam\Module05_OFF\ProjectModule05BackEnd\.gradle\8.8\checksums)" [_thread_blocked, id=7216, stack(0x0000009fd0900000,0x0000009fd0a00000)]
  0x000001eab61eb3f0 JavaThread "Cache worker for file content cache (C:\Users\Giang\.gradle\caches\8.8\fileContent)" [_thread_blocked, id=9288, stack(0x0000009fd0a00000,0x0000009fd0b00000)]
  0x000001eab8690360 JavaThread "Cache worker for cache directory md-rule (C:\Users\Giang\.gradle\caches\8.8\md-rule)" [_thread_blocked, id=776, stack(0x0000009fd0b00000,0x0000009fd0c00000)]
  0x000001eab868e500 JavaThread "File lock release action executor" [_thread_blocked, id=14484, stack(0x0000009fd0c00000,0x0000009fd0d00000)]
  0x000001eab868dae0 JavaThread "Cache worker for cache directory md-supplier (C:\Users\Giang\.gradle\caches\8.8\md-supplier)" [_thread_blocked, id=10536, stack(0x0000009fd0d00000,0x0000009fd0e00000)]
  0x000001eab868ea10 JavaThread "jar transforms" [_thread_blocked, id=4240, stack(0x0000009fd0e00000,0x0000009fd0f00000)]
  0x000001eab8690870 JavaThread "jar transforms Thread 2" [_thread_blocked, id=10440, stack(0x0000009fd0f00000,0x0000009fd1000000)]
  0x000001eab868f430 JavaThread "jar transforms Thread 3" [_thread_blocked, id=7080, stack(0x0000009fd1000000,0x0000009fd1100000)]
  0x000001eab868f940 JavaThread "jar transforms Thread 4" [_thread_blocked, id=9368, stack(0x0000009fd1100000,0x0000009fd1200000)]
  0x000001eab868fe50 JavaThread "Cache worker for Build Output Cleanup Cache (D:\code trung tam\Module05_OFF\ProjectModule05BackEnd\.gradle\buildOutputCleanup)" [_thread_blocked, id=11472, stack(0x0000009fd1200000,0x0000009fd1300000)]
  0x000001eab8690d80 JavaThread "Unconstrained build operations" [_thread_blocked, id=14488, stack(0x0000009fd1300000,0x0000009fd1400000)]
  0x000001eab8691290 JavaThread "Unconstrained build operations Thread 2" [_thread_blocked, id=11800, stack(0x0000009fd1400000,0x0000009fd1500000)]
  0x000001eab7b43920 JavaThread "Unconstrained build operations Thread 3" [_thread_blocked, id=14540, stack(0x0000009fd1500000,0x0000009fd1600000)]
  0x000001eab7b44340 JavaThread "Unconstrained build operations Thread 4" [_thread_blocked, id=17068, stack(0x0000009fd1600000,0x0000009fd1700000)]
  0x000001eab7b48510 JavaThread "Unconstrained build operations Thread 5" [_thread_blocked, id=6012, stack(0x0000009fd1700000,0x0000009fd1800000)]
  0x000001eab7b45780 JavaThread "Unconstrained build operations Thread 6" [_thread_blocked, id=2844, stack(0x0000009fd1800000,0x0000009fd1900000)]
  0x000001eab7b45c90 JavaThread "Unconstrained build operations Thread 7" [_thread_blocked, id=3500, stack(0x0000009fd1900000,0x0000009fd1a00000)]
  0x000001eab7b44850 JavaThread "Unconstrained build operations Thread 8" [_thread_blocked, id=2240, stack(0x0000009fd1a00000,0x0000009fd1b00000)]
  0x000001eab7b466b0 JavaThread "Unconstrained build operations Thread 9" [_thread_blocked, id=16368, stack(0x0000009fd1b00000,0x0000009fd1c00000)]
  0x000001eab7b41fd0 JavaThread "Memory manager" [_thread_blocked, id=13428, stack(0x0000009fd1c00000,0x0000009fd1d00000)]

Other Threads:
  0x000001ea9c831c20 VMThread "VM Thread" [stack: 0x0000009fce900000,0x0000009fcea00000] [id=9816]
  0x000001ea8062fd00 WatcherThread [stack: 0x0000009fcf500000,0x0000009fcf600000] [id=11540]
  0x000001ea8065dc20 GCTaskThread "GC Thread#0" [stack: 0x0000009fce400000,0x0000009fce500000] [id=16564]
  0x000001ea9cbe8540 GCTaskThread "GC Thread#1" [stack: 0x0000009fcf600000,0x0000009fcf700000] [id=8352]
  0x000001ea9cbe7f30 GCTaskThread "GC Thread#2" [stack: 0x0000009fcf700000,0x0000009fcf800000] [id=19272]
  0x000001ea9cd8e6b0 GCTaskThread "GC Thread#3" [stack: 0x0000009fcf800000,0x0000009fcf900000] [id=16792]
  0x000001ea80665aa0 ConcurrentGCThread "G1 Main Marker" [stack: 0x0000009fce500000,0x0000009fce600000] [id=17604]
  0x000001ea806663d0 ConcurrentGCThread "G1 Conc#0" [stack: 0x0000009fce600000,0x0000009fce700000] [id=14876]
  0x000001ea806ed300 ConcurrentGCThread "G1 Refine#0" [stack: 0x0000009fce700000,0x0000009fce800000] [id=7988]
  0x000001ea806edc40 ConcurrentGCThread "G1 Service" [stack: 0x0000009fce800000,0x0000009fce900000] [id=18124]

Threads with active compile tasks:
C2 CompilerThread0    24191 5778       4       org.objectweb.asm.Frame::execute (2303 bytes)

VM state: not at safepoint (normal execution)

VM Mutex/Monitor currently owned by a thread: None

Heap address: 0x00000000e0000000, size: 512 MB, Compressed Oops mode: 32-bit

CDS archive(s) mapped at: [0x000001ea9d000000-0x000001ea9dbb0000-0x000001ea9dbb0000), size 12255232, SharedBaseAddress: 0x000001ea9d000000, ArchiveRelocationMode: 1.
Compressed class space mapped at: 0x000001ea9e000000-0x000001eab2000000, reserved size: 335544320
Narrow klass base: 0x000001ea9d000000, Narrow klass shift: 0, Narrow klass range: 0x100000000

GC Precious Log:
 CPUs: 4 total, 4 available
 Memory: 7887M
 Large Page Support: Disabled
 NUMA Support: Disabled
 Compressed Oops: Enabled (32-bit)
 Heap Region Size: 1M
 Heap Min Capacity: 256M
 Heap Initial Capacity: 256M
 Heap Max Capacity: 512M
 Pre-touch: Disabled
 Parallel Workers: 4
 Concurrent Workers: 1
 Concurrent Refinement Workers: 4
 Periodic GC: Disabled

Heap:
 garbage-first heap   total 262144K, used 143814K [0x00000000e0000000, 0x0000000100000000)
  region size 1024K, 118 young (120832K), 10 survivors (10240K)
 Metaspace       used 46493K, committed 47040K, reserved 393216K
  class space    used 6566K, committed 6848K, reserved 327680K

Heap Regions: E=young(eden), S=young(survivor), O=old, HS=humongous(starts), HC=humongous(continues), CS=collection set, F=free, OA=open archive, CA=closed archive, TAMS=top-at-mark-start (previous, next)
|   0|0x00000000e0000000, 0x00000000e0100000, 0x00000000e0100000|100%|HS|  |TAMS 0x00000000e0100000, 0x00000000e0000000| Complete 
|   1|0x00000000e0100000, 0x00000000e0200000, 0x00000000e0200000|100%|HC|  |TAMS 0x00000000e0200000, 0x00000000e0100000| Complete 
|   2|0x00000000e0200000, 0x00000000e0300000, 0x00000000e0300000|100%|HC|  |TAMS 0x00000000e0300000, 0x00000000e0200000| Complete 
|   3|0x00000000e0300000, 0x00000000e0400000, 0x00000000e0400000|100%|HC|  |TAMS 0x00000000e0400000, 0x00000000e0300000| Complete 
|   4|0x00000000e0400000, 0x00000000e0500000, 0x00000000e0500000|100%| O|  |TAMS 0x00000000e0500000, 0x00000000e0400000| Untracked 
|   5|0x00000000e0500000, 0x00000000e0600000, 0x00000000e0600000|100%| O|  |TAMS 0x00000000e0600000, 0x00000000e0500000| Untracked 
|   6|0x00000000e0600000, 0x00000000e0700000, 0x00000000e0700000|100%| O|  |TAMS 0x00000000e0700000, 0x00000000e0600000| Untracked 
|   7|0x00000000e0700000, 0x00000000e0800000, 0x00000000e0800000|100%| O|  |TAMS 0x00000000e0800000, 0x00000000e0700000| Untracked 
|   8|0x00000000e0800000, 0x00000000e0900000, 0x00000000e0900000|100%| O|  |TAMS 0x00000000e0900000, 0x00000000e0800000| Untracked 
|   9|0x00000000e0900000, 0x00000000e0a00000, 0x00000000e0a00000|100%| O|  |TAMS 0x00000000e0a00000, 0x00000000e0900000| Untracked 
|  10|0x00000000e0a00000, 0x00000000e0b00000, 0x00000000e0b00000|100%| O|  |TAMS 0x00000000e0b00000, 0x00000000e0a00000| Untracked 
|  11|0x00000000e0b00000, 0x00000000e0c00000, 0x00000000e0c00000|100%| O|  |TAMS 0x00000000e0b43400, 0x00000000e0b00000| Untracked 
|  12|0x00000000e0c00000, 0x00000000e0d00000, 0x00000000e0d00000|100%|HS|  |TAMS 0x00000000e0d00000, 0x00000000e0c00000| Complete 
|  13|0x00000000e0d00000, 0x00000000e0e00000, 0x00000000e0e00000|100%|HS|  |TAMS 0x00000000e0d00000, 0x00000000e0d00000| Complete 
|  14|0x00000000e0e00000, 0x00000000e0f00000, 0x00000000e0f00000|100%|HS|  |TAMS 0x00000000e0e00000, 0x00000000e0e00000| Complete 
|  15|0x00000000e0f00000, 0x00000000e0f00000, 0x00000000e1000000|  0%| F|  |TAMS 0x00000000e0f00000, 0x00000000e0f00000| Untracked 
|  16|0x00000000e1000000, 0x00000000e1000000, 0x00000000e1100000|  0%| F|  |TAMS 0x00000000e1000000, 0x00000000e1000000| Untracked 
|  17|0x00000000e1100000, 0x00000000e1100000, 0x00000000e1200000|  0%| F|  |TAMS 0x00000000e1100000, 0x00000000e1100000| Untracked 
|  18|0x00000000e1200000, 0x00000000e1300000, 0x00000000e1300000|100%| O|  |TAMS 0x00000000e1200000, 0x00000000e1200000| Untracked 
|  19|0x00000000e1300000, 0x00000000e1400000, 0x00000000e1400000|100%| O|  |TAMS 0x00000000e1300000, 0x00000000e1300000| Untracked 
|  20|0x00000000e1400000, 0x00000000e1500000, 0x00000000e1500000|100%| O|  |TAMS 0x00000000e1400000, 0x00000000e1400000| Untracked 
|  21|0x00000000e1500000, 0x00000000e1600000, 0x00000000e1600000|100%| O|  |TAMS 0x00000000e1500000, 0x00000000e1500000| Untracked 
|  22|0x00000000e1600000, 0x00000000e1700000, 0x00000000e1700000|100%| O|  |TAMS 0x00000000e1600000, 0x00000000e1600000| Untracked 
|  23|0x00000000e1700000, 0x00000000e1800000, 0x00000000e1800000|100%| O|  |TAMS 0x00000000e1700000, 0x00000000e1700000| Untracked 
|  24|0x00000000e1800000, 0x00000000e1900000, 0x00000000e1900000|100%| O|  |TAMS 0x00000000e1800000, 0x00000000e1800000| Untracked 
|  25|0x00000000e1900000, 0x00000000e1a00000, 0x00000000e1a00000|100%| O|  |TAMS 0x00000000e1900000, 0x00000000e1900000| Untracked 
|  26|0x00000000e1a00000, 0x00000000e1b00000, 0x00000000e1b00000|100%| O|  |TAMS 0x00000000e1a00000, 0x00000000e1a00000| Untracked 
|  27|0x00000000e1b00000, 0x00000000e1bfba00, 0x00000000e1c00000| 98%| O|  |TAMS 0x00000000e1b00000, 0x00000000e1b00000| Untracked 
|  28|0x00000000e1c00000, 0x00000000e1c00000, 0x00000000e1d00000|  0%| F|  |TAMS 0x00000000e1c00000, 0x00000000e1c00000| Untracked 
|  29|0x00000000e1d00000, 0x00000000e1d00000, 0x00000000e1e00000|  0%| F|  |TAMS 0x00000000e1d00000, 0x00000000e1d00000| Untracked 
|  30|0x00000000e1e00000, 0x00000000e1e00000, 0x00000000e1f00000|  0%| F|  |TAMS 0x00000000e1e00000, 0x00000000e1e00000| Untracked 
|  31|0x00000000e1f00000, 0x00000000e1f00000, 0x00000000e2000000|  0%| F|  |TAMS 0x00000000e1f00000, 0x00000000e1f00000| Untracked 
|  32|0x00000000e2000000, 0x00000000e2000000, 0x00000000e2100000|  0%| F|  |TAMS 0x00000000e2000000, 0x00000000e2000000| Untracked 
|  33|0x00000000e2100000, 0x00000000e2100000, 0x00000000e2200000|  0%| F|  |TAMS 0x00000000e2100000, 0x00000000e2100000| Untracked 
|  34|0x00000000e2200000, 0x00000000e2200000, 0x00000000e2300000|  0%| F|  |TAMS 0x00000000e2200000, 0x00000000e2200000| Untracked 
|  35|0x00000000e2300000, 0x00000000e2300000, 0x00000000e2400000|  0%| F|  |TAMS 0x00000000e2300000, 0x00000000e2300000| Untracked 
|  36|0x00000000e2400000, 0x00000000e2400000, 0x00000000e2500000|  0%| F|  |TAMS 0x00000000e2400000, 0x00000000e2400000| Untracked 
|  37|0x00000000e2500000, 0x00000000e2500000, 0x00000000e2600000|  0%| F|  |TAMS 0x00000000e2500000, 0x00000000e2500000| Untracked 
|  38|0x00000000e2600000, 0x00000000e2600000, 0x00000000e2700000|  0%| F|  |TAMS 0x00000000e2600000, 0x00000000e2600000| Untracked 
|  39|0x00000000e2700000, 0x00000000e2700000, 0x00000000e2800000|  0%| F|  |TAMS 0x00000000e2700000, 0x00000000e2700000| Untracked 
|  40|0x00000000e2800000, 0x00000000e2800000, 0x00000000e2900000|  0%| F|  |TAMS 0x00000000e2800000, 0x00000000e2800000| Untracked 
|  41|0x00000000e2900000, 0x00000000e2900000, 0x00000000e2a00000|  0%| F|  |TAMS 0x00000000e2900000, 0x00000000e2900000| Untracked 
|  42|0x00000000e2a00000, 0x00000000e2a00000, 0x00000000e2b00000|  0%| F|  |TAMS 0x00000000e2a00000, 0x00000000e2a00000| Untracked 
|  43|0x00000000e2b00000, 0x00000000e2b00000, 0x00000000e2c00000|  0%| F|  |TAMS 0x00000000e2b00000, 0x00000000e2b00000| Untracked 
|  44|0x00000000e2c00000, 0x00000000e2c00000, 0x00000000e2d00000|  0%| F|  |TAMS 0x00000000e2c00000, 0x00000000e2c00000| Untracked 
|  45|0x00000000e2d00000, 0x00000000e2d00000, 0x00000000e2e00000|  0%| F|  |TAMS 0x00000000e2d00000, 0x00000000e2d00000| Untracked 
|  46|0x00000000e2e00000, 0x00000000e2e00000, 0x00000000e2f00000|  0%| F|  |TAMS 0x00000000e2e00000, 0x00000000e2e00000| Untracked 
|  47|0x00000000e2f00000, 0x00000000e2f00000, 0x00000000e3000000|  0%| F|  |TAMS 0x00000000e2f00000, 0x00000000e2f00000| Untracked 
|  48|0x00000000e3000000, 0x00000000e3000000, 0x00000000e3100000|  0%| F|  |TAMS 0x00000000e3000000, 0x00000000e3000000| Untracked 
|  49|0x00000000e3100000, 0x00000000e3100000, 0x00000000e3200000|  0%| F|  |TAMS 0x00000000e3100000, 0x00000000e3100000| Untracked 
|  50|0x00000000e3200000, 0x00000000e3200000, 0x00000000e3300000|  0%| F|  |TAMS 0x00000000e3200000, 0x00000000e3200000| Untracked 
|  51|0x00000000e3300000, 0x00000000e3300000, 0x00000000e3400000|  0%| F|  |TAMS 0x00000000e3300000, 0x00000000e3300000| Untracked 
|  52|0x00000000e3400000, 0x00000000e3400000, 0x00000000e3500000|  0%| F|  |TAMS 0x00000000e3400000, 0x00000000e3400000| Untracked 
|  53|0x00000000e3500000, 0x00000000e3500000, 0x00000000e3600000|  0%| F|  |TAMS 0x00000000e3500000, 0x00000000e3500000| Untracked 
|  54|0x00000000e3600000, 0x00000000e3600000, 0x00000000e3700000|  0%| F|  |TAMS 0x00000000e3600000, 0x00000000e3600000| Untracked 
|  55|0x00000000e3700000, 0x00000000e3700000, 0x00000000e3800000|  0%| F|  |TAMS 0x00000000e3700000, 0x00000000e3700000| Untracked 
|  56|0x00000000e3800000, 0x00000000e3800000, 0x00000000e3900000|  0%| F|  |TAMS 0x00000000e3800000, 0x00000000e3800000| Untracked 
|  57|0x00000000e3900000, 0x00000000e3900000, 0x00000000e3a00000|  0%| F|  |TAMS 0x00000000e3900000, 0x00000000e3900000| Untracked 
|  58|0x00000000e3a00000, 0x00000000e3a00000, 0x00000000e3b00000|  0%| F|  |TAMS 0x00000000e3a00000, 0x00000000e3a00000| Untracked 
|  59|0x00000000e3b00000, 0x00000000e3b00000, 0x00000000e3c00000|  0%| F|  |TAMS 0x00000000e3b00000, 0x00000000e3b00000| Untracked 
|  60|0x00000000e3c00000, 0x00000000e3c00000, 0x00000000e3d00000|  0%| F|  |TAMS 0x00000000e3c00000, 0x00000000e3c00000| Untracked 
|  61|0x00000000e3d00000, 0x00000000e3d00000, 0x00000000e3e00000|  0%| F|  |TAMS 0x00000000e3d00000, 0x00000000e3d00000| Untracked 
|  62|0x00000000e3e00000, 0x00000000e3e00000, 0x00000000e3f00000|  0%| F|  |TAMS 0x00000000e3e00000, 0x00000000e3e00000| Untracked 
|  63|0x00000000e3f00000, 0x00000000e3f00000, 0x00000000e4000000|  0%| F|  |TAMS 0x00000000e3f00000, 0x00000000e3f00000| Untracked 
|  64|0x00000000e4000000, 0x00000000e4000000, 0x00000000e4100000|  0%| F|  |TAMS 0x00000000e4000000, 0x00000000e4000000| Untracked 
|  65|0x00000000e4100000, 0x00000000e4100000, 0x00000000e4200000|  0%| F|  |TAMS 0x00000000e4100000, 0x00000000e4100000| Untracked 
|  66|0x00000000e4200000, 0x00000000e4200000, 0x00000000e4300000|  0%| F|  |TAMS 0x00000000e4200000, 0x00000000e4200000| Untracked 
|  67|0x00000000e4300000, 0x00000000e4300000, 0x00000000e4400000|  0%| F|  |TAMS 0x00000000e4300000, 0x00000000e4300000| Untracked 
|  68|0x00000000e4400000, 0x00000000e4400000, 0x00000000e4500000|  0%| F|  |TAMS 0x00000000e4400000, 0x00000000e4400000| Untracked 
|  69|0x00000000e4500000, 0x00000000e4500000, 0x00000000e4600000|  0%| F|  |TAMS 0x00000000e4500000, 0x00000000e4500000| Untracked 
|  70|0x00000000e4600000, 0x00000000e4600000, 0x00000000e4700000|  0%| F|  |TAMS 0x00000000e4600000, 0x00000000e4600000| Untracked 
|  71|0x00000000e4700000, 0x00000000e4700000, 0x00000000e4800000|  0%| F|  |TAMS 0x00000000e4700000, 0x00000000e4700000| Untracked 
|  72|0x00000000e4800000, 0x00000000e4800000, 0x00000000e4900000|  0%| F|  |TAMS 0x00000000e4800000, 0x00000000e4800000| Untracked 
|  73|0x00000000e4900000, 0x00000000e4900000, 0x00000000e4a00000|  0%| F|  |TAMS 0x00000000e4900000, 0x00000000e4900000| Untracked 
|  74|0x00000000e4a00000, 0x00000000e4a00000, 0x00000000e4b00000|  0%| F|  |TAMS 0x00000000e4a00000, 0x00000000e4a00000| Untracked 
|  75|0x00000000e4b00000, 0x00000000e4b00000, 0x00000000e4c00000|  0%| F|  |TAMS 0x00000000e4b00000, 0x00000000e4b00000| Untracked 
|  76|0x00000000e4c00000, 0x00000000e4c00000, 0x00000000e4d00000|  0%| F|  |TAMS 0x00000000e4c00000, 0x00000000e4c00000| Untracked 
|  77|0x00000000e4d00000, 0x00000000e4d00000, 0x00000000e4e00000|  0%| F|  |TAMS 0x00000000e4d00000, 0x00000000e4d00000| Untracked 
|  78|0x00000000e4e00000, 0x00000000e4e00000, 0x00000000e4f00000|  0%| F|  |TAMS 0x00000000e4e00000, 0x00000000e4e00000| Untracked 
|  79|0x00000000e4f00000, 0x00000000e4f00000, 0x00000000e5000000|  0%| F|  |TAMS 0x00000000e4f00000, 0x00000000e4f00000| Untracked 
|  80|0x00000000e5000000, 0x00000000e5000000, 0x00000000e5100000|  0%| F|  |TAMS 0x00000000e5000000, 0x00000000e5000000| Untracked 
|  81|0x00000000e5100000, 0x00000000e5100000, 0x00000000e5200000|  0%| F|  |TAMS 0x00000000e5100000, 0x00000000e5100000| Untracked 
|  82|0x00000000e5200000, 0x00000000e5200000, 0x00000000e5300000|  0%| F|  |TAMS 0x00000000e5200000, 0x00000000e5200000| Untracked 
|  83|0x00000000e5300000, 0x00000000e5300000, 0x00000000e5400000|  0%| F|  |TAMS 0x00000000e5300000, 0x00000000e5300000| Untracked 
|  84|0x00000000e5400000, 0x00000000e5400000, 0x00000000e5500000|  0%| F|  |TAMS 0x00000000e5400000, 0x00000000e5400000| Untracked 
|  85|0x00000000e5500000, 0x00000000e5500000, 0x00000000e5600000|  0%| F|  |TAMS 0x00000000e5500000, 0x00000000e5500000| Untracked 
|  86|0x00000000e5600000, 0x00000000e5600000, 0x00000000e5700000|  0%| F|  |TAMS 0x00000000e5600000, 0x00000000e5600000| Untracked 
|  87|0x00000000e5700000, 0x00000000e5700000, 0x00000000e5800000|  0%| F|  |TAMS 0x00000000e5700000, 0x00000000e5700000| Untracked 
|  88|0x00000000e5800000, 0x00000000e5800000, 0x00000000e5900000|  0%| F|  |TAMS 0x00000000e5800000, 0x00000000e5800000| Untracked 
|  89|0x00000000e5900000, 0x00000000e5900000, 0x00000000e5a00000|  0%| F|  |TAMS 0x00000000e5900000, 0x00000000e5900000| Untracked 
|  90|0x00000000e5a00000, 0x00000000e5a00000, 0x00000000e5b00000|  0%| F|  |TAMS 0x00000000e5a00000, 0x00000000e5a00000| Untracked 
|  91|0x00000000e5b00000, 0x00000000e5b00000, 0x00000000e5c00000|  0%| F|  |TAMS 0x00000000e5b00000, 0x00000000e5b00000| Untracked 
|  92|0x00000000e5c00000, 0x00000000e5c00000, 0x00000000e5d00000|  0%| F|  |TAMS 0x00000000e5c00000, 0x00000000e5c00000| Untracked 
|  93|0x00000000e5d00000, 0x00000000e5d00000, 0x00000000e5e00000|  0%| F|  |TAMS 0x00000000e5d00000, 0x00000000e5d00000| Untracked 
|  94|0x00000000e5e00000, 0x00000000e5e00000, 0x00000000e5f00000|  0%| F|  |TAMS 0x00000000e5e00000, 0x00000000e5e00000| Untracked 
|  95|0x00000000e5f00000, 0x00000000e5f00000, 0x00000000e6000000|  0%| F|  |TAMS 0x00000000e5f00000, 0x00000000e5f00000| Untracked 
|  96|0x00000000e6000000, 0x00000000e6000000, 0x00000000e6100000|  0%| F|  |TAMS 0x00000000e6000000, 0x00000000e6000000| Untracked 
|  97|0x00000000e6100000, 0x00000000e6100000, 0x00000000e6200000|  0%| F|  |TAMS 0x00000000e6100000, 0x00000000e6100000| Untracked 
|  98|0x00000000e6200000, 0x00000000e6200000, 0x00000000e6300000|  0%| F|  |TAMS 0x00000000e6200000, 0x00000000e6200000| Untracked 
|  99|0x00000000e6300000, 0x00000000e6300000, 0x00000000e6400000|  0%| F|  |TAMS 0x00000000e6300000, 0x00000000e6300000| Untracked 
| 100|0x00000000e6400000, 0x00000000e6400000, 0x00000000e6500000|  0%| F|  |TAMS 0x00000000e6400000, 0x00000000e6400000| Untracked 
| 101|0x00000000e6500000, 0x00000000e6500000, 0x00000000e6600000|  0%| F|  |TAMS 0x00000000e6500000, 0x00000000e6500000| Untracked 
| 102|0x00000000e6600000, 0x00000000e6600000, 0x00000000e6700000|  0%| F|  |TAMS 0x00000000e6600000, 0x00000000e6600000| Untracked 
| 103|0x00000000e6700000, 0x00000000e6700000, 0x00000000e6800000|  0%| F|  |TAMS 0x00000000e6700000, 0x00000000e6700000| Untracked 
| 104|0x00000000e6800000, 0x00000000e6800000, 0x00000000e6900000|  0%| F|  |TAMS 0x00000000e6800000, 0x00000000e6800000| Untracked 
| 105|0x00000000e6900000, 0x00000000e6900000, 0x00000000e6a00000|  0%| F|  |TAMS 0x00000000e6900000, 0x00000000e6900000| Untracked 
| 106|0x00000000e6a00000, 0x00000000e6a00000, 0x00000000e6b00000|  0%| F|  |TAMS 0x00000000e6a00000, 0x00000000e6a00000| Untracked 
| 107|0x00000000e6b00000, 0x00000000e6b00000, 0x00000000e6c00000|  0%| F|  |TAMS 0x00000000e6b00000, 0x00000000e6b00000| Untracked 
| 108|0x00000000e6c00000, 0x00000000e6c00000, 0x00000000e6d00000|  0%| F|  |TAMS 0x00000000e6c00000, 0x00000000e6c00000| Untracked 
| 109|0x00000000e6d00000, 0x00000000e6d00000, 0x00000000e6e00000|  0%| F|  |TAMS 0x00000000e6d00000, 0x00000000e6d00000| Untracked 
| 110|0x00000000e6e00000, 0x00000000e6e00000, 0x00000000e6f00000|  0%| F|  |TAMS 0x00000000e6e00000, 0x00000000e6e00000| Untracked 
| 111|0x00000000e6f00000, 0x00000000e6f00000, 0x00000000e7000000|  0%| F|  |TAMS 0x00000000e6f00000, 0x00000000e6f00000| Untracked 
| 112|0x00000000e7000000, 0x00000000e7000000, 0x00000000e7100000|  0%| F|  |TAMS 0x00000000e7000000, 0x00000000e7000000| Untracked 
| 113|0x00000000e7100000, 0x00000000e7100000, 0x00000000e7200000|  0%| F|  |TAMS 0x00000000e7100000, 0x00000000e7100000| Untracked 
| 114|0x00000000e7200000, 0x00000000e7200000, 0x00000000e7300000|  0%| F|  |TAMS 0x00000000e7200000, 0x00000000e7200000| Untracked 
| 115|0x00000000e7300000, 0x00000000e7300000, 0x00000000e7400000|  0%| F|  |TAMS 0x00000000e7300000, 0x00000000e7300000| Untracked 
| 116|0x00000000e7400000, 0x00000000e7400000, 0x00000000e7500000|  0%| F|  |TAMS 0x00000000e7400000, 0x00000000e7400000| Untracked 
| 117|0x00000000e7500000, 0x00000000e7500000, 0x00000000e7600000|  0%| F|  |TAMS 0x00000000e7500000, 0x00000000e7500000| Untracked 
| 118|0x00000000e7600000, 0x00000000e7600000, 0x00000000e7700000|  0%| F|  |TAMS 0x00000000e7600000, 0x00000000e7600000| Untracked 
| 119|0x00000000e7700000, 0x00000000e7776190, 0x00000000e7800000| 46%| S|CS|TAMS 0x00000000e7700000, 0x00000000e7700000| Complete 
| 120|0x00000000e7800000, 0x00000000e7900000, 0x00000000e7900000|100%| S|CS|TAMS 0x00000000e7800000, 0x00000000e7800000| Complete 
| 121|0x00000000e7900000, 0x00000000e7a00000, 0x00000000e7a00000|100%| S|CS|TAMS 0x00000000e7900000, 0x00000000e7900000| Complete 
| 122|0x00000000e7a00000, 0x00000000e7b00000, 0x00000000e7b00000|100%| S|CS|TAMS 0x00000000e7a00000, 0x00000000e7a00000| Complete 
| 123|0x00000000e7b00000, 0x00000000e7c00000, 0x00000000e7c00000|100%| S|CS|TAMS 0x00000000e7b00000, 0x00000000e7b00000| Complete 
| 124|0x00000000e7c00000, 0x00000000e7d00000, 0x00000000e7d00000|100%| S|CS|TAMS 0x00000000e7c00000, 0x00000000e7c00000| Complete 
| 125|0x00000000e7d00000, 0x00000000e7d00000, 0x00000000e7e00000|  0%| F|  |TAMS 0x00000000e7d00000, 0x00000000e7d00000| Untracked 
| 126|0x00000000e7e00000, 0x00000000e7e00000, 0x00000000e7f00000|  0%| F|  |TAMS 0x00000000e7e00000, 0x00000000e7e00000| Untracked 
| 127|0x00000000e7f00000, 0x00000000e7f00000, 0x00000000e8000000|  0%| F|  |TAMS 0x00000000e7f00000, 0x00000000e7f00000| Untracked 
| 128|0x00000000e8000000, 0x00000000e8000000, 0x00000000e8100000|  0%| F|  |TAMS 0x00000000e8000000, 0x00000000e8000000| Untracked 
| 129|0x00000000e8100000, 0x00000000e8100000, 0x00000000e8200000|  0%| F|  |TAMS 0x00000000e8100000, 0x00000000e8100000| Untracked 
| 130|0x00000000e8200000, 0x00000000e8200000, 0x00000000e8300000|  0%| F|  |TAMS 0x00000000e8200000, 0x00000000e8200000| Untracked 
| 131|0x00000000e8300000, 0x00000000e8300000, 0x00000000e8400000|  0%| F|  |TAMS 0x00000000e8300000, 0x00000000e8300000| Untracked 
| 132|0x00000000e8400000, 0x00000000e8400000, 0x00000000e8500000|  0%| F|  |TAMS 0x00000000e8400000, 0x00000000e8400000| Untracked 
| 133|0x00000000e8500000, 0x00000000e8500000, 0x00000000e8600000|  0%| F|  |TAMS 0x00000000e8500000, 0x00000000e8500000| Untracked 
| 134|0x00000000e8600000, 0x00000000e8600000, 0x00000000e8700000|  0%| F|  |TAMS 0x00000000e8600000, 0x00000000e8600000| Untracked 
| 135|0x00000000e8700000, 0x00000000e8700000, 0x00000000e8800000|  0%| F|  |TAMS 0x00000000e8700000, 0x00000000e8700000| Untracked 
| 136|0x00000000e8800000, 0x00000000e8800000, 0x00000000e8900000|  0%| F|  |TAMS 0x00000000e8800000, 0x00000000e8800000| Untracked 
| 137|0x00000000e8900000, 0x00000000e8a00000, 0x00000000e8a00000|100%| S|CS|TAMS 0x00000000e8900000, 0x00000000e8900000| Complete 
| 138|0x00000000e8a00000, 0x00000000e8b00000, 0x00000000e8b00000|100%| S|CS|TAMS 0x00000000e8a00000, 0x00000000e8a00000| Complete 
| 139|0x00000000e8b00000, 0x00000000e8c00000, 0x00000000e8c00000|100%| S|CS|TAMS 0x00000000e8b00000, 0x00000000e8b00000| Complete 
| 140|0x00000000e8c00000, 0x00000000e8d00000, 0x00000000e8d00000|100%| S|CS|TAMS 0x00000000e8c00000, 0x00000000e8c00000| Complete 
| 141|0x00000000e8d00000, 0x00000000e8d00000, 0x00000000e8e00000|  0%| F|  |TAMS 0x00000000e8d00000, 0x00000000e8d00000| Untracked 
| 142|0x00000000e8e00000, 0x00000000e8e00000, 0x00000000e8f00000|  0%| F|  |TAMS 0x00000000e8e00000, 0x00000000e8e00000| Untracked 
| 143|0x00000000e8f00000, 0x00000000e8f00000, 0x00000000e9000000|  0%| F|  |TAMS 0x00000000e8f00000, 0x00000000e8f00000| Untracked 
| 144|0x00000000e9000000, 0x00000000e9000000, 0x00000000e9100000|  0%| F|  |TAMS 0x00000000e9000000, 0x00000000e9000000| Untracked 
| 145|0x00000000e9100000, 0x00000000e9100000, 0x00000000e9200000|  0%| F|  |TAMS 0x00000000e9100000, 0x00000000e9100000| Untracked 
| 146|0x00000000e9200000, 0x00000000e9200000, 0x00000000e9300000|  0%| F|  |TAMS 0x00000000e9200000, 0x00000000e9200000| Untracked 
| 147|0x00000000e9300000, 0x00000000e9300000, 0x00000000e9400000|  0%| F|  |TAMS 0x00000000e9300000, 0x00000000e9300000| Untracked 
| 148|0x00000000e9400000, 0x00000000e9500000, 0x00000000e9500000|100%| E|  |TAMS 0x00000000e9400000, 0x00000000e9400000| Complete 
| 149|0x00000000e9500000, 0x00000000e9600000, 0x00000000e9600000|100%| E|CS|TAMS 0x00000000e9500000, 0x00000000e9500000| Complete 
| 150|0x00000000e9600000, 0x00000000e9700000, 0x00000000e9700000|100%| E|CS|TAMS 0x00000000e9600000, 0x00000000e9600000| Complete 
| 151|0x00000000e9700000, 0x00000000e9800000, 0x00000000e9800000|100%| E|CS|TAMS 0x00000000e9700000, 0x00000000e9700000| Complete 
| 152|0x00000000e9800000, 0x00000000e9900000, 0x00000000e9900000|100%| E|CS|TAMS 0x00000000e9800000, 0x00000000e9800000| Complete 
| 153|0x00000000e9900000, 0x00000000e9a00000, 0x00000000e9a00000|100%| E|CS|TAMS 0x00000000e9900000, 0x00000000e9900000| Complete 
| 154|0x00000000e9a00000, 0x00000000e9b00000, 0x00000000e9b00000|100%| E|CS|TAMS 0x00000000e9a00000, 0x00000000e9a00000| Complete 
| 155|0x00000000e9b00000, 0x00000000e9c00000, 0x00000000e9c00000|100%| E|CS|TAMS 0x00000000e9b00000, 0x00000000e9b00000| Complete 
| 156|0x00000000e9c00000, 0x00000000e9d00000, 0x00000000e9d00000|100%| E|CS|TAMS 0x00000000e9c00000, 0x00000000e9c00000| Complete 
| 157|0x00000000e9d00000, 0x00000000e9e00000, 0x00000000e9e00000|100%| E|CS|TAMS 0x00000000e9d00000, 0x00000000e9d00000| Complete 
| 158|0x00000000e9e00000, 0x00000000e9f00000, 0x00000000e9f00000|100%| E|CS|TAMS 0x00000000e9e00000, 0x00000000e9e00000| Complete 
| 159|0x00000000e9f00000, 0x00000000ea000000, 0x00000000ea000000|100%| E|CS|TAMS 0x00000000e9f00000, 0x00000000e9f00000| Complete 
| 160|0x00000000ea000000, 0x00000000ea100000, 0x00000000ea100000|100%| E|CS|TAMS 0x00000000ea000000, 0x00000000ea000000| Complete 
| 161|0x00000000ea100000, 0x00000000ea200000, 0x00000000ea200000|100%| E|CS|TAMS 0x00000000ea100000, 0x00000000ea100000| Complete 
| 162|0x00000000ea200000, 0x00000000ea300000, 0x00000000ea300000|100%| E|CS|TAMS 0x00000000ea200000, 0x00000000ea200000| Complete 
| 163|0x00000000ea300000, 0x00000000ea400000, 0x00000000ea400000|100%| E|CS|TAMS 0x00000000ea300000, 0x00000000ea300000| Complete 
| 164|0x00000000ea400000, 0x00000000ea500000, 0x00000000ea500000|100%| E|CS|TAMS 0x00000000ea400000, 0x00000000ea400000| Complete 
| 165|0x00000000ea500000, 0x00000000ea600000, 0x00000000ea600000|100%| E|CS|TAMS 0x00000000ea500000, 0x00000000ea500000| Complete 
| 166|0x00000000ea600000, 0x00000000ea700000, 0x00000000ea700000|100%| E|CS|TAMS 0x00000000ea600000, 0x00000000ea600000| Complete 
| 167|0x00000000ea700000, 0x00000000ea800000, 0x00000000ea800000|100%| E|CS|TAMS 0x00000000ea700000, 0x00000000ea700000| Complete 
| 168|0x00000000ea800000, 0x00000000ea900000, 0x00000000ea900000|100%| E|CS|TAMS 0x00000000ea800000, 0x00000000ea800000| Complete 
| 169|0x00000000ea900000, 0x00000000eaa00000, 0x00000000eaa00000|100%| E|CS|TAMS 0x00000000ea900000, 0x00000000ea900000| Complete 
| 170|0x00000000eaa00000, 0x00000000eab00000, 0x00000000eab00000|100%| E|CS|TAMS 0x00000000eaa00000, 0x00000000eaa00000| Complete 
| 171|0x00000000eab00000, 0x00000000eac00000, 0x00000000eac00000|100%| E|CS|TAMS 0x00000000eab00000, 0x00000000eab00000| Complete 
| 172|0x00000000eac00000, 0x00000000ead00000, 0x00000000ead00000|100%| E|CS|TAMS 0x00000000eac00000, 0x00000000eac00000| Complete 
| 173|0x00000000ead00000, 0x00000000eae00000, 0x00000000eae00000|100%| E|CS|TAMS 0x00000000ead00000, 0x00000000ead00000| Complete 
| 174|0x00000000eae00000, 0x00000000eaf00000, 0x00000000eaf00000|100%| E|CS|TAMS 0x00000000eae00000, 0x00000000eae00000| Complete 
| 175|0x00000000eaf00000, 0x00000000eb000000, 0x00000000eb000000|100%| E|CS|TAMS 0x00000000eaf00000, 0x00000000eaf00000| Complete 
| 176|0x00000000eb000000, 0x00000000eb100000, 0x00000000eb100000|100%| E|CS|TAMS 0x00000000eb000000, 0x00000000eb000000| Complete 
| 177|0x00000000eb100000, 0x00000000eb200000, 0x00000000eb200000|100%| E|CS|TAMS 0x00000000eb100000, 0x00000000eb100000| Complete 
| 178|0x00000000eb200000, 0x00000000eb300000, 0x00000000eb300000|100%| E|CS|TAMS 0x00000000eb200000, 0x00000000eb200000| Complete 
| 179|0x00000000eb300000, 0x00000000eb400000, 0x00000000eb400000|100%| E|CS|TAMS 0x00000000eb300000, 0x00000000eb300000| Complete 
| 180|0x00000000eb400000, 0x00000000eb500000, 0x00000000eb500000|100%| E|CS|TAMS 0x00000000eb400000, 0x00000000eb400000| Complete 
| 181|0x00000000eb500000, 0x00000000eb600000, 0x00000000eb600000|100%| E|CS|TAMS 0x00000000eb500000, 0x00000000eb500000| Complete 
| 182|0x00000000eb600000, 0x00000000eb700000, 0x00000000eb700000|100%| E|CS|TAMS 0x00000000eb600000, 0x00000000eb600000| Complete 
| 183|0x00000000eb700000, 0x00000000eb800000, 0x00000000eb800000|100%| E|CS|TAMS 0x00000000eb700000, 0x00000000eb700000| Complete 
| 184|0x00000000eb800000, 0x00000000eb900000, 0x00000000eb900000|100%| E|CS|TAMS 0x00000000eb800000, 0x00000000eb800000| Complete 
| 185|0x00000000eb900000, 0x00000000eba00000, 0x00000000eba00000|100%| E|CS|TAMS 0x00000000eb900000, 0x00000000eb900000| Complete 
| 186|0x00000000eba00000, 0x00000000ebb00000, 0x00000000ebb00000|100%| E|CS|TAMS 0x00000000eba00000, 0x00000000eba00000| Complete 
| 187|0x00000000ebb00000, 0x00000000ebc00000, 0x00000000ebc00000|100%| E|CS|TAMS 0x00000000ebb00000, 0x00000000ebb00000| Complete 
| 188|0x00000000ebc00000, 0x00000000ebd00000, 0x00000000ebd00000|100%| E|CS|TAMS 0x00000000ebc00000, 0x00000000ebc00000| Complete 
| 189|0x00000000ebd00000, 0x00000000ebe00000, 0x00000000ebe00000|100%| E|CS|TAMS 0x00000000ebd00000, 0x00000000ebd00000| Complete 
| 190|0x00000000ebe00000, 0x00000000ebf00000, 0x00000000ebf00000|100%| E|CS|TAMS 0x00000000ebe00000, 0x00000000ebe00000| Complete 
| 191|0x00000000ebf00000, 0x00000000ec000000, 0x00000000ec000000|100%| E|CS|TAMS 0x00000000ebf00000, 0x00000000ebf00000| Complete 
| 192|0x00000000ec000000, 0x00000000ec100000, 0x00000000ec100000|100%| E|CS|TAMS 0x00000000ec000000, 0x00000000ec000000| Complete 
| 193|0x00000000ec100000, 0x00000000ec200000, 0x00000000ec200000|100%| E|CS|TAMS 0x00000000ec100000, 0x00000000ec100000| Complete 
| 194|0x00000000ec200000, 0x00000000ec300000, 0x00000000ec300000|100%| E|CS|TAMS 0x00000000ec200000, 0x00000000ec200000| Complete 
| 195|0x00000000ec300000, 0x00000000ec400000, 0x00000000ec400000|100%| E|CS|TAMS 0x00000000ec300000, 0x00000000ec300000| Complete 
| 196|0x00000000ec400000, 0x00000000ec500000, 0x00000000ec500000|100%| E|CS|TAMS 0x00000000ec400000, 0x00000000ec400000| Complete 
| 197|0x00000000ec500000, 0x00000000ec600000, 0x00000000ec600000|100%| E|CS|TAMS 0x00000000ec500000, 0x00000000ec500000| Complete 
| 198|0x00000000ec600000, 0x00000000ec700000, 0x00000000ec700000|100%| E|CS|TAMS 0x00000000ec600000, 0x00000000ec600000| Complete 
| 199|0x00000000ec700000, 0x00000000ec800000, 0x00000000ec800000|100%| E|CS|TAMS 0x00000000ec700000, 0x00000000ec700000| Complete 
| 200|0x00000000ec800000, 0x00000000ec900000, 0x00000000ec900000|100%| E|CS|TAMS 0x00000000ec800000, 0x00000000ec800000| Complete 
| 201|0x00000000ec900000, 0x00000000eca00000, 0x00000000eca00000|100%| E|CS|TAMS 0x00000000ec900000, 0x00000000ec900000| Complete 
| 202|0x00000000eca00000, 0x00000000ecb00000, 0x00000000ecb00000|100%| E|CS|TAMS 0x00000000eca00000, 0x00000000eca00000| Complete 
| 203|0x00000000ecb00000, 0x00000000ecc00000, 0x00000000ecc00000|100%| E|CS|TAMS 0x00000000ecb00000, 0x00000000ecb00000| Complete 
| 204|0x00000000ecc00000, 0x00000000ecd00000, 0x00000000ecd00000|100%| E|CS|TAMS 0x00000000ecc00000, 0x00000000ecc00000| Complete 
| 205|0x00000000ecd00000, 0x00000000ece00000, 0x00000000ece00000|100%| E|CS|TAMS 0x00000000ecd00000, 0x00000000ecd00000| Complete 
| 206|0x00000000ece00000, 0x00000000ecf00000, 0x00000000ecf00000|100%| E|CS|TAMS 0x00000000ece00000, 0x00000000ece00000| Complete 
| 207|0x00000000ecf00000, 0x00000000ed000000, 0x00000000ed000000|100%| E|CS|TAMS 0x00000000ecf00000, 0x00000000ecf00000| Complete 
| 208|0x00000000ed000000, 0x00000000ed100000, 0x00000000ed100000|100%| E|CS|TAMS 0x00000000ed000000, 0x00000000ed000000| Complete 
| 209|0x00000000ed100000, 0x00000000ed200000, 0x00000000ed200000|100%| E|CS|TAMS 0x00000000ed100000, 0x00000000ed100000| Complete 
| 210|0x00000000ed200000, 0x00000000ed300000, 0x00000000ed300000|100%| E|CS|TAMS 0x00000000ed200000, 0x00000000ed200000| Complete 
| 211|0x00000000ed300000, 0x00000000ed400000, 0x00000000ed400000|100%| E|CS|TAMS 0x00000000ed300000, 0x00000000ed300000| Complete 
| 212|0x00000000ed400000, 0x00000000ed500000, 0x00000000ed500000|100%| E|CS|TAMS 0x00000000ed400000, 0x00000000ed400000| Complete 
| 213|0x00000000ed500000, 0x00000000ed600000, 0x00000000ed600000|100%| E|CS|TAMS 0x00000000ed500000, 0x00000000ed500000| Complete 
| 214|0x00000000ed600000, 0x00000000ed700000, 0x00000000ed700000|100%| E|CS|TAMS 0x00000000ed600000, 0x00000000ed600000| Complete 
| 215|0x00000000ed700000, 0x00000000ed800000, 0x00000000ed800000|100%| E|CS|TAMS 0x00000000ed700000, 0x00000000ed700000| Complete 
| 216|0x00000000ed800000, 0x00000000ed900000, 0x00000000ed900000|100%| E|CS|TAMS 0x00000000ed800000, 0x00000000ed800000| Complete 
| 217|0x00000000ed900000, 0x00000000eda00000, 0x00000000eda00000|100%| E|CS|TAMS 0x00000000ed900000, 0x00000000ed900000| Complete 
| 218|0x00000000eda00000, 0x00000000edb00000, 0x00000000edb00000|100%| E|CS|TAMS 0x00000000eda00000, 0x00000000eda00000| Complete 
| 219|0x00000000edb00000, 0x00000000edc00000, 0x00000000edc00000|100%| E|CS|TAMS 0x00000000edb00000, 0x00000000edb00000| Complete 
| 220|0x00000000edc00000, 0x00000000edd00000, 0x00000000edd00000|100%| E|CS|TAMS 0x00000000edc00000, 0x00000000edc00000| Complete 
| 221|0x00000000edd00000, 0x00000000ede00000, 0x00000000ede00000|100%| E|CS|TAMS 0x00000000edd00000, 0x00000000edd00000| Complete 
| 222|0x00000000ede00000, 0x00000000edf00000, 0x00000000edf00000|100%| E|CS|TAMS 0x00000000ede00000, 0x00000000ede00000| Complete 
| 223|0x00000000edf00000, 0x00000000ee000000, 0x00000000ee000000|100%| E|CS|TAMS 0x00000000edf00000, 0x00000000edf00000| Complete 
| 224|0x00000000ee000000, 0x00000000ee100000, 0x00000000ee100000|100%| E|CS|TAMS 0x00000000ee000000, 0x00000000ee000000| Complete 
| 225|0x00000000ee100000, 0x00000000ee200000, 0x00000000ee200000|100%| E|CS|TAMS 0x00000000ee100000, 0x00000000ee100000| Complete 
| 226|0x00000000ee200000, 0x00000000ee300000, 0x00000000ee300000|100%| E|CS|TAMS 0x00000000ee200000, 0x00000000ee200000| Complete 
| 227|0x00000000ee300000, 0x00000000ee400000, 0x00000000ee400000|100%| E|CS|TAMS 0x00000000ee300000, 0x00000000ee300000| Complete 
| 228|0x00000000ee400000, 0x00000000ee500000, 0x00000000ee500000|100%| E|CS|TAMS 0x00000000ee400000, 0x00000000ee400000| Complete 
| 229|0x00000000ee500000, 0x00000000ee600000, 0x00000000ee600000|100%| E|CS|TAMS 0x00000000ee500000, 0x00000000ee500000| Complete 
| 230|0x00000000ee600000, 0x00000000ee700000, 0x00000000ee700000|100%| E|CS|TAMS 0x00000000ee600000, 0x00000000ee600000| Complete 
| 231|0x00000000ee700000, 0x00000000ee800000, 0x00000000ee800000|100%| E|CS|TAMS 0x00000000ee700000, 0x00000000ee700000| Complete 
| 232|0x00000000ee800000, 0x00000000ee900000, 0x00000000ee900000|100%| E|CS|TAMS 0x00000000ee800000, 0x00000000ee800000| Complete 
| 233|0x00000000ee900000, 0x00000000eea00000, 0x00000000eea00000|100%| E|CS|TAMS 0x00000000ee900000, 0x00000000ee900000| Complete 
| 234|0x00000000eea00000, 0x00000000eeb00000, 0x00000000eeb00000|100%| E|CS|TAMS 0x00000000eea00000, 0x00000000eea00000| Complete 
| 235|0x00000000eeb00000, 0x00000000eec00000, 0x00000000eec00000|100%| E|CS|TAMS 0x00000000eeb00000, 0x00000000eeb00000| Complete 
| 236|0x00000000eec00000, 0x00000000eed00000, 0x00000000eed00000|100%| E|  |TAMS 0x00000000eec00000, 0x00000000eec00000| Complete 
| 237|0x00000000eed00000, 0x00000000eee00000, 0x00000000eee00000|100%| E|CS|TAMS 0x00000000eed00000, 0x00000000eed00000| Complete 
| 238|0x00000000eee00000, 0x00000000eef00000, 0x00000000eef00000|100%| E|CS|TAMS 0x00000000eee00000, 0x00000000eee00000| Complete 
| 239|0x00000000eef00000, 0x00000000ef000000, 0x00000000ef000000|100%| E|CS|TAMS 0x00000000eef00000, 0x00000000eef00000| Complete 
| 240|0x00000000ef000000, 0x00000000ef100000, 0x00000000ef100000|100%| E|CS|TAMS 0x00000000ef000000, 0x00000000ef000000| Complete 
| 241|0x00000000ef100000, 0x00000000ef200000, 0x00000000ef200000|100%| E|CS|TAMS 0x00000000ef100000, 0x00000000ef100000| Complete 
| 242|0x00000000ef200000, 0x00000000ef300000, 0x00000000ef300000|100%| E|CS|TAMS 0x00000000ef200000, 0x00000000ef200000| Complete 
| 243|0x00000000ef300000, 0x00000000ef400000, 0x00000000ef400000|100%| E|CS|TAMS 0x00000000ef300000, 0x00000000ef300000| Complete 
| 244|0x00000000ef400000, 0x00000000ef500000, 0x00000000ef500000|100%| E|CS|TAMS 0x00000000ef400000, 0x00000000ef400000| Complete 
| 245|0x00000000ef500000, 0x00000000ef600000, 0x00000000ef600000|100%| E|CS|TAMS 0x00000000ef500000, 0x00000000ef500000| Complete 
| 246|0x00000000ef600000, 0x00000000ef700000, 0x00000000ef700000|100%| E|CS|TAMS 0x00000000ef600000, 0x00000000ef600000| Complete 
| 247|0x00000000ef700000, 0x00000000ef800000, 0x00000000ef800000|100%| E|CS|TAMS 0x00000000ef700000, 0x00000000ef700000| Complete 
| 248|0x00000000ef800000, 0x00000000ef900000, 0x00000000ef900000|100%| E|CS|TAMS 0x00000000ef800000, 0x00000000ef800000| Complete 
| 249|0x00000000ef900000, 0x00000000efa00000, 0x00000000efa00000|100%| E|CS|TAMS 0x00000000ef900000, 0x00000000ef900000| Complete 
| 250|0x00000000efa00000, 0x00000000efb00000, 0x00000000efb00000|100%| E|CS|TAMS 0x00000000efa00000, 0x00000000efa00000| Complete 
| 251|0x00000000efb00000, 0x00000000efc00000, 0x00000000efc00000|100%| E|CS|TAMS 0x00000000efb00000, 0x00000000efb00000| Complete 
| 252|0x00000000efc00000, 0x00000000efd00000, 0x00000000efd00000|100%| E|CS|TAMS 0x00000000efc00000, 0x00000000efc00000| Complete 
| 253|0x00000000efd00000, 0x00000000efe00000, 0x00000000efe00000|100%| E|CS|TAMS 0x00000000efd00000, 0x00000000efd00000| Complete 
| 254|0x00000000efe00000, 0x00000000eff00000, 0x00000000eff00000|100%| E|CS|TAMS 0x00000000efe00000, 0x00000000efe00000| Complete 
| 255|0x00000000eff00000, 0x00000000f0000000, 0x00000000f0000000|100%| E|CS|TAMS 0x00000000eff00000, 0x00000000eff00000| Complete 

Card table byte_map: [0x000001ea99050000,0x000001ea99150000] _byte_map_base: 0x000001ea98950000

Marking Bits (Prev, Next): (CMBitMap*) 0x000001ea8065f160, (CMBitMap*) 0x000001ea8065f1a0
 Prev Bits: [0x000001ea99250000, 0x000001ea99a50000)
 Next Bits: [0x000001ea99a50000, 0x000001ea9a250000)

Polling page: 0x000001ea89900000

Metaspace:

Usage:
  Non-class:     38.99 MB used.
      Class:      6.41 MB used.
       Both:     45.41 MB used.

Virtual space:
  Non-class space:       64.00 MB reserved,      39.25 MB ( 61%) committed,  1 nodes.
      Class space:      320.00 MB reserved,       6.69 MB (  2%) committed,  1 nodes.
             Both:      384.00 MB reserved,      45.94 MB ( 12%) committed. 

Chunk freelists:
   Non-Class:  8.23 MB
       Class:  9.30 MB
        Both:  17.53 MB

MaxMetaspaceSize: 384.00 MB
CompressedClassSpaceSize: 320.00 MB
Initial GC threshold: 21.00 MB
Current GC threshold: 58.75 MB
CDS: on
MetaspaceReclaimPolicy: balanced
 - commit_granule_bytes: 65536.
 - commit_granule_words: 8192.
 - virtual_space_node_default_size: 8388608.
 - enlarge_chunks_in_place: 1.
 - new_chunks_are_fully_committed: 0.
 - uncommit_free_chunks: 1.
 - use_allocation_guard: 0.
 - handle_deallocations: 1.


Internal statistics:

num_allocs_failed_limit: 6.
num_arena_births: 536.
num_arena_deaths: 0.
num_vsnodes_births: 2.
num_vsnodes_deaths: 0.
num_space_committed: 735.
num_space_uncommitted: 0.
num_chunks_returned_to_freelist: 6.
num_chunks_taken_from_freelist: 2363.
num_chunk_merges: 6.
num_chunk_splits: 1567.
num_chunks_enlarged: 1071.
num_inconsistent_stats: 0.

CodeHeap 'non-profiled nmethods': size=120000Kb used=3227Kb max_used=3227Kb free=116772Kb
 bounds [0x000001ea913f0000, 0x000001ea91720000, 0x000001ea98920000]
CodeHeap 'profiled nmethods': size=120000Kb used=11858Kb max_used=11858Kb free=108141Kb
 bounds [0x000001ea89920000, 0x000001ea8a4c0000, 0x000001ea90e50000]
CodeHeap 'non-nmethods': size=5760Kb used=2320Kb max_used=2358Kb free=3439Kb
 bounds [0x000001ea90e50000, 0x000001ea910c0000, 0x000001ea913f0000]
 total_blobs=6608 nmethods=5773 adapters=747
 compilation: enabled
              stopped_count=0, restarted_count=0
 full_count=0

Compilation events (20 events):
Event: 23.852 Thread 0x000001ea9c850d40 nmethod 5739 0x000001ea91715910 code [0x000001ea91715ac0, 0x000001ea91715fc8]
Event: 23.852 Thread 0x000001ea9c850d40 5773       4       java.lang.Class::getInterfaces (49 bytes)
Event: 23.867 Thread 0x000001ea9c850d40 nmethod 5773 0x000001ea91716410 code [0x000001ea917165c0, 0x000001ea91716c08]
Event: 23.868 Thread 0x000001ea9c850d40 5778       4       org.objectweb.asm.Frame::execute (2303 bytes)
Event: 23.918 Thread 0x000001ea9c8a9560 5779       3       org.gradle.internal.instantiation.generator.AsmBackedClassGenerator$ClassBuilderImpl::addLazyGetter (18 bytes)
Event: 23.918 Thread 0x000001ea9c8a9560 nmethod 5779 0x000001ea8a4aa690 code [0x000001ea8a4aa840, 0x000001ea8a4aa9a8]
Event: 23.959 Thread 0x000001ea9c8a9560 5782       3       org.gradle.internal.instantiation.generator.AbstractClassGenerator::assembleProperties (239 bytes)
Event: 23.962 Thread 0x000001ea9c8a9560 nmethod 5782 0x000001ea8a4aaa90 code [0x000001ea8a4aaf60, 0x000001ea8a4adab8]
Event: 23.963 Thread 0x000001ea9c8a9560 5783       3       org.gradle.internal.instantiation.generator.AsmBackedClassGenerator$ClassBuilderImpl::access$2700 (4 bytes)
Event: 23.964 Thread 0x000001ea9c8a9560 nmethod 5783 0x000001ea8a4ae910 code [0x000001ea8a4aeaa0, 0x000001ea8a4aeb98]
Event: 23.985 Thread 0x000001ea9c8a9560 5784       3       java.lang.Long::stringSize (55 bytes)
Event: 23.986 Thread 0x000001ea9c8a9560 nmethod 5784 0x000001ea8a4aec10 code [0x000001ea8a4aedc0, 0x000001ea8a4af058]
Event: 23.986 Thread 0x000001ea9c8a9560 5785       3       java.lang.Long::getChars (208 bytes)
Event: 23.987 Thread 0x000001ea9c8a9560 nmethod 5785 0x000001ea8a4af110 code [0x000001ea8a4af300, 0x000001ea8a4af918]
Event: 23.987 Thread 0x000001ea9c8a9560 5786       3       java.lang.reflect.Method::toShortSignature (78 bytes)
Event: 23.989 Thread 0x000001ea9c8a9560 nmethod 5786 0x000001ea8a4afc90 code [0x000001ea8a4aff20, 0x000001ea8a4b08d8]
Event: 24.089 Thread 0x000001ea9c8a9560 5787       3       java.util.concurrent.ConcurrentSkipListMap::cpr (26 bytes)
Event: 24.090 Thread 0x000001ea9c8a9560 nmethod 5787 0x000001ea8a4b0c90 code [0x000001ea8a4b0e60, 0x000001ea8a4b1258]
Event: 24.090 Thread 0x000001ea9c8a9560 5788       3       org.gradle.internal.serialize.DefaultSerializerRegistry$1::compare (13 bytes)
Event: 24.091 Thread 0x000001ea9c8a9560 nmethod 5788 0x000001ea8a4b1390 code [0x000001ea8a4b1580, 0x000001ea8a4b1b28]

GC Heap History (10 events):
Event: 1.786 GC heap before
{Heap before GC invocations=0 (full 0):
 garbage-first heap   total 262144K, used 13312K [0x00000000e0000000, 0x0000000100000000)
  region size 1024K, 13 young (13312K), 0 survivors (0K)
 Metaspace       used 787K, committed 896K, reserved 393216K
  class space    used 61K, committed 128K, reserved 327680K
}
Event: 1.794 GC heap after
{Heap after GC invocations=1 (full 0):
 garbage-first heap   total 262144K, used 1696K [0x00000000e0000000, 0x0000000100000000)
  region size 1024K, 2 young (2048K), 2 survivors (2048K)
 Metaspace       used 787K, committed 896K, reserved 393216K
  class space    used 61K, committed 128K, reserved 327680K
}
Event: 3.467 GC heap before
{Heap before GC invocations=1 (full 0):
 garbage-first heap   total 262144K, used 22176K [0x00000000e0000000, 0x0000000100000000)
  region size 1024K, 19 young (19456K), 2 survivors (2048K)
 Metaspace       used 3262K, committed 3392K, reserved 393216K
  class space    used 413K, committed 512K, reserved 327680K
}
Event: 3.474 GC heap after
{Heap after GC invocations=2 (full 0):
 garbage-first heap   total 262144K, used 11529K [0x00000000e0000000, 0x0000000100000000)
  region size 1024K, 3 young (3072K), 3 survivors (3072K)
 Metaspace       used 3262K, committed 3392K, reserved 393216K
  class space    used 413K, committed 512K, reserved 327680K
}
Event: 5.028 GC heap before
{Heap before GC invocations=2 (full 0):
 garbage-first heap   total 262144K, used 42249K [0x00000000e0000000, 0x0000000100000000)
  region size 1024K, 33 young (33792K), 3 survivors (3072K)
 Metaspace       used 4067K, committed 4224K, reserved 393216K
  class space    used 505K, committed 640K, reserved 327680K
}
Event: 5.036 GC heap after
{Heap after GC invocations=3 (full 0):
 garbage-first heap   total 262144K, used 12557K [0x00000000e0000000, 0x0000000100000000)
  region size 1024K, 1 young (1024K), 1 survivors (1024K)
 Metaspace       used 4067K, committed 4224K, reserved 393216K
  class space    used 505K, committed 640K, reserved 327680K
}
Event: 11.108 GC heap before
{Heap before GC invocations=3 (full 0):
 garbage-first heap   total 262144K, used 134413K [0x00000000e0000000, 0x0000000100000000)
  region size 1024K, 119 young (121856K), 1 survivors (1024K)
 Metaspace       used 21216K, committed 21504K, reserved 393216K
  class space    used 3126K, committed 3264K, reserved 327680K
}
Event: 11.125 GC heap after
{Heap after GC invocations=4 (full 0):
 garbage-first heap   total 262144K, used 24033K [0x00000000e0000000, 0x0000000100000000)
  region size 1024K, 12 young (12288K), 12 survivors (12288K)
 Metaspace       used 21216K, committed 21504K, reserved 393216K
  class space    used 3126K, committed 3264K, reserved 327680K
}
Event: 16.845 GC heap before
{Heap before GC invocations=5 (full 0):
 garbage-first heap   total 262144K, used 144865K [0x00000000e0000000, 0x0000000100000000)
  region size 1024K, 127 young (130048K), 12 survivors (12288K)
 Metaspace       used 35574K, committed 35968K, reserved 393216K
  class space    used 4946K, committed 5120K, reserved 327680K
}
Event: 16.872 GC heap after
{Heap after GC invocations=6 (full 0):
 garbage-first heap   total 262144K, used 33222K [0x00000000e0000000, 0x0000000100000000)
  region size 1024K, 10 young (10240K), 10 survivors (10240K)
 Metaspace       used 35574K, committed 35968K, reserved 393216K
  class space    used 4946K, committed 5120K, reserved 327680K
}

Dll operation events (15 events):
Event: 0.028 Loaded shared library C:\Users\Giang\.jdks\corretto-17.0.10\bin\java.dll
Event: 0.073 Loaded shared library C:\Users\Giang\.jdks\corretto-17.0.10\bin\jsvml.dll
Event: 0.221 Loaded shared library C:\Users\Giang\.jdks\corretto-17.0.10\bin\zip.dll
Event: 0.227 Loaded shared library C:\Users\Giang\.jdks\corretto-17.0.10\bin\instrument.dll
Event: 0.248 Loaded shared library C:\Users\Giang\.jdks\corretto-17.0.10\bin\net.dll
Event: 0.252 Loaded shared library C:\Users\Giang\.jdks\corretto-17.0.10\bin\nio.dll
Event: 0.269 Loaded shared library C:\Users\Giang\.jdks\corretto-17.0.10\bin\zip.dll
Event: 1.800 Loaded shared library C:\Users\Giang\.jdks\corretto-17.0.10\bin\jimage.dll
Event: 2.064 Loaded shared library C:\Users\Giang\.jdks\corretto-17.0.10\bin\verify.dll
Event: 2.620 Loaded shared library C:\Users\Giang\.gradle\native\c067742578af261105cb4f569cf0c3c89f3d7b1fecec35dd04571415982c5e48\windows-amd64\native-platform.dll
Event: 2.664 Loaded shared library C:\Users\Giang\.gradle\native\100fb08df4bc3b14c8652ba06237920a3bd2aa13389f12d3474272988ae205f9\windows-amd64\native-platform-file-events.dll
Event: 6.480 Loaded shared library C:\Users\Giang\.jdks\corretto-17.0.10\bin\management.dll
Event: 6.485 Loaded shared library C:\Users\Giang\.jdks\corretto-17.0.10\bin\management_ext.dll
Event: 6.977 Loaded shared library C:\Users\Giang\.jdks\corretto-17.0.10\bin\extnet.dll
Event: 7.401 Loaded shared library C:\Users\Giang\.jdks\corretto-17.0.10\bin\sunmscapi.dll

Deoptimization events (20 events):
Event: 22.989 Thread 0x000001eab7b466b0 DEOPT PACKING pc=0x000001ea914ab714 sp=0x0000009fd1bfd870
Event: 22.989 Thread 0x000001eab7b466b0 DEOPT UNPACKING pc=0x000001ea90ea69a3 sp=0x0000009fd1bfd7b0 mode 2
Event: 23.001 Thread 0x000001eab6c02210 DEOPT PACKING pc=0x000001ea89d93e5c sp=0x0000009fcfff74d0
Event: 23.002 Thread 0x000001eab6c02210 DEOPT UNPACKING pc=0x000001ea90ea7143 sp=0x0000009fcfff6a50 mode 0
Event: 23.002 Thread 0x000001eab7b44850 Uncommon trap: trap_request=0xffffff45 fr.pc=0x000001ea91638fe0 relative=0x0000000000001580
Event: 23.002 Thread 0x000001eab7b44850 Uncommon trap: reason=unstable_if action=reinterpret pc=0x000001ea91638fe0 method=java.util.concurrent.ConcurrentHashMap.addCount(JI)V @ 34 c2
Event: 23.002 Thread 0x000001eab7b44850 DEOPT PACKING pc=0x000001ea91638fe0 sp=0x0000009fd1afe060
Event: 23.002 Thread 0x000001eab7b44850 DEOPT UNPACKING pc=0x000001ea90ea69a3 sp=0x0000009fd1afdf38 mode 2
Event: 23.009 Thread 0x000001eab7b45c90 Uncommon trap: trap_request=0xffffff45 fr.pc=0x000001ea91638fc4 relative=0x0000000000001564
Event: 23.009 Thread 0x000001eab7b45c90 Uncommon trap: reason=unstable_if action=reinterpret pc=0x000001ea91638fc4 method=java.util.concurrent.ConcurrentHashMap.addCount(JI)V @ 7 c2
Event: 23.009 Thread 0x000001eab7b45c90 DEOPT PACKING pc=0x000001ea91638fc4 sp=0x0000009fd19fe010
Event: 23.009 Thread 0x000001eab7b45c90 DEOPT UNPACKING pc=0x000001ea90ea69a3 sp=0x0000009fd19fdee8 mode 2
Event: 23.026 Thread 0x000001eab7b466b0 Uncommon trap: trap_request=0xffffff45 fr.pc=0x000001ea91638fc4 relative=0x0000000000001564
Event: 23.026 Thread 0x000001eab7b466b0 Uncommon trap: reason=unstable_if action=reinterpret pc=0x000001ea91638fc4 method=java.util.concurrent.ConcurrentHashMap.addCount(JI)V @ 7 c2
Event: 23.026 Thread 0x000001eab7b466b0 DEOPT PACKING pc=0x000001ea91638fc4 sp=0x0000009fd1bfde30
Event: 23.026 Thread 0x000001eab7b466b0 DEOPT UNPACKING pc=0x000001ea90ea69a3 sp=0x0000009fd1bfdd08 mode 2
Event: 23.083 Thread 0x000001eab61ed250 DEOPT PACKING pc=0x000001ea8a2c59f1 sp=0x0000009fd05fe2b0
Event: 23.083 Thread 0x000001eab61ed250 DEOPT UNPACKING pc=0x000001ea90ea7143 sp=0x0000009fd05fd750 mode 0
Event: 23.090 Thread 0x000001eab7b44850 DEOPT PACKING pc=0x000001ea89d93e5c sp=0x0000009fd1afd4f0
Event: 23.090 Thread 0x000001eab7b44850 DEOPT UNPACKING pc=0x000001ea90ea7143 sp=0x0000009fd1afca70 mode 0

Classes unloaded (0 events):
No events

Classes redefined (0 events):
No events

Internal exceptions (20 events):
Event: 20.942 Thread 0x000001eab6c02210 Exception <a 'java/lang/NoSuchMethodError'{0x00000000ec759018}: 'java.lang.Object java.lang.invoke.DirectMethodHandle$Holder.invokeSpecial(java.lang.Object, java.lang.Object, java.lang.Object, java.lang.Object, java.lang.Object, java.lang.Object, int)'> (0x00000000ec759018) 
thrown [s\src\hotspot\share\interpreter\linkResolver.cpp, line 759]
Event: 20.972 Thread 0x000001eab6c02210 Exception <a 'java/lang/NoSuchMethodError'{0x00000000ec7b6360}: 'java.lang.Object java.lang.invoke.DirectMethodHandle$Holder.invokeSpecial(java.lang.Object, java.lang.Object, java.lang.Object, java.lang.Object, java.lang.Object, long)'> (0x00000000ec7b6360) 
thrown [s\src\hotspot\share\interpreter\linkResolver.cpp, line 759]
Event: 20.985 Thread 0x000001eab6c02210 Exception <a 'java/lang/NoSuchMethodError'{0x00000000ec7dfad0}: 'void java.lang.invoke.DirectMethodHandle$Holder.invokeStatic(java.lang.Object, java.lang.Object, java.lang.Object, int, java.lang.Object)'> (0x00000000ec7dfad0) 
thrown [s\src\hotspot\share\interpreter\linkResolver.cpp, line 759]
Event: 21.518 Thread 0x000001eab6c02210 Exception <a 'java/lang/NoSuchMethodError'{0x00000000ec011c68}: 'java.lang.Object java.lang.invoke.DirectMethodHandle$Holder.invokeSpecial(java.lang.Object, java.lang.Object, java.lang.Object, java.lang.Object, int, java.lang.Object)'> (0x00000000ec011c68) 
thrown [s\src\hotspot\share\interpreter\linkResolver.cpp, line 759]
Event: 21.519 Thread 0x000001eab6c02210 Exception <a 'java/lang/NoSuchMethodError'{0x00000000ec01a960}: 'java.lang.Object java.lang.invoke.DirectMethodHandle$Holder.newInvokeSpecial(java.lang.Object, java.lang.Object, java.lang.Object, java.lang.Object, int)'> (0x00000000ec01a960) 
thrown [s\src\hotspot\share\interpreter\linkResolver.cpp, line 759]
Event: 21.520 Thread 0x000001eab6c02210 Exception <a 'java/lang/NoSuchMethodError'{0x00000000ec01f858}: 'java.lang.Object java.lang.invoke.DirectMethodHandle$Holder.invokeSpecial(java.lang.Object, java.lang.Object, java.lang.Object, java.lang.Object, java.lang.Object, int)'> (0x00000000ec01f858) 
thrown [s\src\hotspot\share\interpreter\linkResolver.cpp, line 759]
Event: 21.520 Thread 0x000001eab6c02210 Exception <a 'java/lang/NoSuchMethodError'{0x00000000ec024088}: 'java.lang.Object java.lang.invoke.Invokers$Holder.linkToTargetMethod(java.lang.Object, java.lang.Object, java.lang.Object, int, java.lang.Object)'> (0x00000000ec024088) 
thrown [s\src\hotspot\share\interpreter\linkResolver.cpp, line 759]
Event: 21.633 Thread 0x000001eab6c02210 Exception <a 'java/lang/NoSuchMethodError'{0x00000000ebe5add0}: 'int java.lang.invoke.DirectMethodHandle$Holder.invokeInterface(java.lang.Object, java.lang.Object, java.lang.Object, java.lang.Object)'> (0x00000000ebe5add0) 
thrown [s\src\hotspot\share\interpreter\linkResolver.cpp, line 759]
Event: 21.736 Thread 0x000001eab6c02210 Exception <a 'java/lang/NoSuchMethodError'{0x00000000ebc1f860}: 'java.lang.Object java.lang.invoke.DirectMethodHandle$Holder.invokeStatic(java.lang.Object, long, java.lang.Object)'> (0x00000000ebc1f860) 
thrown [s\src\hotspot\share\interpreter\linkResolver.cpp, line 759]
Event: 21.737 Thread 0x000001eab6c02210 Exception <a 'java/lang/NoSuchMethodError'{0x00000000ebc276b8}: 'java.lang.Object java.lang.invoke.DirectMethodHandle$Holder.newInvokeSpecial(java.lang.Object, long)'> (0x00000000ebc276b8) 
thrown [s\src\hotspot\share\interpreter\linkResolver.cpp, line 759]
Event: 21.776 Thread 0x000001eab6c02210 Exception <a 'java/lang/NoSuchMethodError'{0x00000000ebc843f0}: 'java.lang.Object java.lang.invoke.DirectMethodHandle$Holder.newInvokeSpecial(java.lang.Object, java.lang.Object, java.lang.Object, java.lang.Object, java.lang.Object, long)'> (0x00000000ebc843f0) 
thrown [s\src\hotspot\share\interpreter\linkResolver.cpp, line 759]
Event: 21.777 Thread 0x000001eab6c02210 Exception <a 'java/lang/NoSuchMethodError'{0x00000000ebc89300}: 'java.lang.Object java.lang.invoke.DirectMethodHandle$Holder.invokeSpecial(java.lang.Object, java.lang.Object, java.lang.Object, java.lang.Object, java.lang.Object, java.lang.Object, long)'> (0x00000000ebc89300) 
thrown [s\src\hotspot\share\interpreter\linkResolver.cpp, line 759]
Event: 21.783 Thread 0x000001eab6c02210 Exception <a 'java/lang/NoSuchMethodError'{0x00000000ebcd5850}: 'java.lang.Object java.lang.invoke.DirectMethodHandle$Holder.newInvokeSpecial(java.lang.Object, java.lang.Object, java.lang.Object, long)'> (0x00000000ebcd5850) 
thrown [s\src\hotspot\share\interpreter\linkResolver.cpp, line 759]
Event: 21.784 Thread 0x000001eab6c02210 Exception <a 'java/lang/NoSuchMethodError'{0x00000000ebcda890}: 'java.lang.Object java.lang.invoke.DirectMethodHandle$Holder.invokeSpecial(java.lang.Object, java.lang.Object, java.lang.Object, java.lang.Object, long)'> (0x00000000ebcda890) 
thrown [s\src\hotspot\share\interpreter\linkResolver.cpp, line 759]
Event: 21.785 Thread 0x000001eab6c02210 Exception <a 'java/lang/NoSuchMethodError'{0x00000000ebcdefb8}: 'java.lang.Object java.lang.invoke.Invokers$Holder.linkToTargetMethod(java.lang.Object, java.lang.Object, long, java.lang.Object)'> (0x00000000ebcdefb8) 
thrown [s\src\hotspot\share\interpreter\linkResolver.cpp, line 759]
Event: 21.936 Thread 0x000001eab6c02210 Exception <a 'java/lang/NoSuchMethodError'{0x00000000eb90c988}: 'java.lang.Object java.lang.invoke.DirectMethodHandle$Holder.invokeSpecial(java.lang.Object, java.lang.Object, long, java.lang.Object, java.lang.Object)'> (0x00000000eb90c988) 
thrown [s\src\hotspot\share\interpreter\linkResolver.cpp, line 759]
Event: 22.056 Thread 0x000001eab6c02210 Exception <a 'java/lang/NoSuchMethodError'{0x00000000eb8c8880}: 'java.lang.Object java.lang.invoke.DirectMethodHandle$Holder.newInvokeSpecial(java.lang.Object, java.lang.Object, int)'> (0x00000000eb8c8880) 
thrown [s\src\hotspot\share\interpreter\linkResolver.cpp, line 759]
Event: 22.521 Thread 0x000001eab6c02210 Exception <a 'java/lang/NoSuchMethodError'{0x00000000eb3a86b0}: 'java.lang.Object java.lang.invoke.DirectMethodHandle$Holder.newInvokeSpecial(java.lang.Object, java.lang.Object, java.lang.Object, java.lang.Object, int, java.lang.Object)'> (0x00000000eb3a86b0) 
thrown [s\src\hotspot\share\interpreter\linkResolver.cpp, line 759]
Event: 22.522 Thread 0x000001eab6c02210 Exception <a 'java/lang/NoSuchMethodError'{0x00000000eb3ad760}: 'java.lang.Object java.lang.invoke.Invokers$Holder.linkToTargetMethod(java.lang.Object, java.lang.Object, java.lang.Object, int, java.lang.Object, java.lang.Object)'> (0x00000000eb3ad760) 
thrown [s\src\hotspot\share\interpreter\linkResolver.cpp, line 759]
Event: 22.799 Thread 0x000001eab6c02210 Exception <a 'java/lang/NoSuchMethodError'{0x00000000eac752a0}: 'java.lang.Object java.lang.invoke.DirectMethodHandle$Holder.invokeSpecialIFC(java.lang.Object, java.lang.Object, java.lang.Object)'> (0x00000000eac752a0) 
thrown [s\src\hotspot\share\interpreter\linkResolver.cpp, line 759]

VM Operations (20 events):
Event: 17.681 Executing VM operation: HandshakeAllThreads
Event: 17.681 Executing VM operation: HandshakeAllThreads done
Event: 18.691 Executing VM operation: Cleanup
Event: 18.707 Executing VM operation: Cleanup done
Event: 19.719 Executing VM operation: Cleanup
Event: 19.719 Executing VM operation: Cleanup done
Event: 20.725 Executing VM operation: Cleanup
Event: 20.725 Executing VM operation: Cleanup done
Event: 21.602 Executing VM operation: HandshakeAllThreads
Event: 21.602 Executing VM operation: HandshakeAllThreads done
Event: 21.631 Executing VM operation: HandshakeAllThreads
Event: 21.631 Executing VM operation: HandshakeAllThreads done
Event: 22.194 Executing VM operation: ICBufferFull
Event: 22.194 Executing VM operation: ICBufferFull done
Event: 22.451 Executing VM operation: HandshakeAllThreads
Event: 22.451 Executing VM operation: HandshakeAllThreads done
Event: 22.773 Executing VM operation: ICBufferFull
Event: 22.773 Executing VM operation: ICBufferFull done
Event: 23.121 Executing VM operation: ICBufferFull
Event: 23.121 Executing VM operation: ICBufferFull done

Events (20 events):
Event: 23.671 loading class javax/xml/parsers/FactoryFinder done
Event: 23.672 loading class javax/xml/parsers/FactoryFinder$1
Event: 23.672 loading class javax/xml/parsers/FactoryFinder$1 done
Event: 23.675 loading class com/sun/org/apache/xerces/internal/jaxp/DocumentBuilderFactoryImpl
Event: 23.678 loading class com/sun/org/apache/xerces/internal/jaxp/DocumentBuilderFactoryImpl done
Event: 23.679 loading class com/sun/org/apache/xerces/internal/utils/XMLSecurityManager
Event: 23.679 loading class com/sun/org/apache/xerces/internal/utils/XMLSecurityManager done
Event: 23.680 loading class com/sun/org/apache/xerces/internal/utils/XMLSecurityManager$Limit
Event: 23.682 loading class com/sun/org/apache/xerces/internal/utils/XMLSecurityManager$Limit done
Event: 23.682 loading class com/sun/org/apache/xerces/internal/utils/XMLSecurityManager$NameMap
Event: 23.683 loading class com/sun/org/apache/xerces/internal/utils/XMLSecurityManager$NameMap done
Event: 23.683 loading class com/sun/org/apache/xerces/internal/utils/XMLSecurityPropertyManager
Event: 23.683 loading class com/sun/org/apache/xerces/internal/utils/XMLSecurityPropertyManager done
Event: 23.684 loading class com/sun/org/apache/xerces/internal/utils/XMLSecurityPropertyManager$State
Event: 23.684 loading class com/sun/org/apache/xerces/internal/utils/XMLSecurityPropertyManager$State done
Event: 23.684 loading class com/sun/org/apache/xerces/internal/utils/XMLSecurityPropertyManager$Property
Event: 23.684 loading class com/sun/org/apache/xerces/internal/utils/XMLSecurityPropertyManager$Property done
Event: 23.945 loading class java/util/regex/Pattern$SliceI
Event: 23.947 loading class java/util/regex/Pattern$SliceI done
Event: 24.022 Thread 0x000001eab7b41fd0 Thread added: 0x000001eab7b41fd0


Dynamic libraries:
0x00007ff7ca150000 - 0x00007ff7ca15e000 	C:\Users\Giang\.jdks\corretto-17.0.10\bin\java.exe
0x00007ffada3f0000 - 0x00007ffada5e8000 	C:\Windows\SYSTEM32\ntdll.dll
0x00007ffad8df0000 - 0x00007ffad8eb1000 	C:\Windows\System32\KERNEL32.DLL
0x00007ffad7d90000 - 0x00007ffad8086000 	C:\Windows\System32\KERNELBASE.dll
0x00007ffad7b70000 - 0x00007ffad7c70000 	C:\Windows\System32\ucrtbase.dll
0x00007ffad1640000 - 0x00007ffad1657000 	C:\Users\Giang\.jdks\corretto-17.0.10\bin\jli.dll
0x00007ffad0f90000 - 0x00007ffad0fab000 	C:\Users\Giang\.jdks\corretto-17.0.10\bin\VCRUNTIME140.dll
0x00007ffad94c0000 - 0x00007ffad965f000 	C:\Windows\System32\USER32.dll
0x00007ffad8290000 - 0x00007ffad82b2000 	C:\Windows\System32\win32u.dll
0x00007ffac8b30000 - 0x00007ffac8dca000 	C:\Windows\WinSxS\amd64_microsoft.windows.common-controls_6595b64144ccf1df_6.0.19041.4355_none_60b8b9eb71f62e16\COMCTL32.dll
0x00007ffad9a30000 - 0x00007ffad9a5b000 	C:\Windows\System32\GDI32.dll
0x00007ffad8ec0000 - 0x00007ffad8f5e000 	C:\Windows\System32\msvcrt.dll
0x00007ffad7c70000 - 0x00007ffad7d87000 	C:\Windows\System32\gdi32full.dll
0x00007ffad7ad0000 - 0x00007ffad7b6d000 	C:\Windows\System32\msvcp_win.dll
0x00007ffad9660000 - 0x00007ffad968f000 	C:\Windows\System32\IMM32.DLL
0x00007ffad5100000 - 0x00007ffad510c000 	C:\Users\Giang\.jdks\corretto-17.0.10\bin\vcruntime140_1.dll
0x00007ffaca6b0000 - 0x00007ffaca73d000 	C:\Users\Giang\.jdks\corretto-17.0.10\bin\msvcp140.dll
0x00007ffaa4010000 - 0x00007ffaa4c72000 	C:\Users\Giang\.jdks\corretto-17.0.10\bin\server\jvm.dll
0x00007ffada300000 - 0x00007ffada3b0000 	C:\Windows\System32\ADVAPI32.dll
0x00007ffad8600000 - 0x00007ffad86a0000 	C:\Windows\System32\sechost.dll
0x00007ffad84d0000 - 0x00007ffad85f3000 	C:\Windows\System32\RPCRT4.dll
0x00007ffad7aa0000 - 0x00007ffad7ac7000 	C:\Windows\System32\bcrypt.dll
0x00007ffad2df0000 - 0x00007ffad2df9000 	C:\Windows\SYSTEM32\WSOCK32.dll
0x00007ffad96f0000 - 0x00007ffad975b000 	C:\Windows\System32\WS2_32.dll
0x00007ffad3c90000 - 0x00007ffad3cb7000 	C:\Windows\SYSTEM32\WINMM.dll
0x00007ffacef70000 - 0x00007ffacef7a000 	C:\Windows\SYSTEM32\VERSION.dll
0x00007ffad7020000 - 0x00007ffad706b000 	C:\Windows\SYSTEM32\POWRPROF.dll
0x00007ffad6e90000 - 0x00007ffad6ea2000 	C:\Windows\SYSTEM32\UMPDC.dll
0x00007ffad5920000 - 0x00007ffad5932000 	C:\Windows\SYSTEM32\kernel.appcore.dll
0x00007ffad3bb0000 - 0x00007ffad3bba000 	C:\Users\Giang\.jdks\corretto-17.0.10\bin\jimage.dll
0x00007ffac32d0000 - 0x00007ffac34b4000 	C:\Windows\SYSTEM32\DBGHELP.DLL
0x00007ffac3250000 - 0x00007ffac3284000 	C:\Windows\SYSTEM32\dbgcore.DLL
0x00007ffad8100000 - 0x00007ffad8182000 	C:\Windows\System32\bcryptPrimitives.dll
0x00007ffad3b30000 - 0x00007ffad3b3e000 	C:\Users\Giang\.jdks\corretto-17.0.10\bin\instrument.dll
0x00007ffad07c0000 - 0x00007ffad07e5000 	C:\Users\Giang\.jdks\corretto-17.0.10\bin\java.dll
0x00007ffabb4e0000 - 0x00007ffabb5b7000 	C:\Users\Giang\.jdks\corretto-17.0.10\bin\jsvml.dll
0x00007ffad9b90000 - 0x00007ffada2fc000 	C:\Windows\System32\SHELL32.dll
0x00007ffad5b20000 - 0x00007ffad62be000 	C:\Windows\SYSTEM32\windows.storage.dll
0x00007ffad9090000 - 0x00007ffad93e3000 	C:\Windows\System32\combase.dll
0x00007ffad74c0000 - 0x00007ffad74ee000 	C:\Windows\SYSTEM32\Wldp.dll
0x00007ffad93f0000 - 0x00007ffad94bd000 	C:\Windows\System32\OLEAUT32.dll
0x00007ffad8d20000 - 0x00007ffad8dcd000 	C:\Windows\System32\SHCORE.dll
0x00007ffad9840000 - 0x00007ffad9895000 	C:\Windows\System32\shlwapi.dll
0x00007ffad79d0000 - 0x00007ffad79f4000 	C:\Windows\SYSTEM32\profapi.dll
0x00007ffad0180000 - 0x00007ffad0198000 	C:\Users\Giang\.jdks\corretto-17.0.10\bin\zip.dll
0x00007ffaca690000 - 0x00007ffaca6a9000 	C:\Users\Giang\.jdks\corretto-17.0.10\bin\net.dll
0x00007ffaceab0000 - 0x00007ffacebba000 	C:\Windows\SYSTEM32\WINHTTP.dll
0x00007ffad7220000 - 0x00007ffad728a000 	C:\Windows\system32\mswsock.dll
0x00007ffaca670000 - 0x00007ffaca686000 	C:\Users\Giang\.jdks\corretto-17.0.10\bin\nio.dll
0x00007ffad3a70000 - 0x00007ffad3a80000 	C:\Users\Giang\.jdks\corretto-17.0.10\bin\verify.dll
0x00007ffad0fb0000 - 0x00007ffad0fd7000 	C:\Users\Giang\.gradle\native\c067742578af261105cb4f569cf0c3c89f3d7b1fecec35dd04571415982c5e48\windows-amd64\native-platform.dll
0x00007ffabb0f0000 - 0x00007ffabb234000 	C:\Users\Giang\.gradle\native\100fb08df4bc3b14c8652ba06237920a3bd2aa13389f12d3474272988ae205f9\windows-amd64\native-platform-file-events.dll
0x00007ffad3920000 - 0x00007ffad3929000 	C:\Users\Giang\.jdks\corretto-17.0.10\bin\management.dll
0x00007ffad3550000 - 0x00007ffad355b000 	C:\Users\Giang\.jdks\corretto-17.0.10\bin\management_ext.dll
0x00007ffad9a60000 - 0x00007ffad9a68000 	C:\Windows\System32\PSAPI.DLL
0x00007ffad7410000 - 0x00007ffad7428000 	C:\Windows\SYSTEM32\CRYPTSP.dll
0x00007ffad6ad0000 - 0x00007ffad6b04000 	C:\Windows\system32\rsaenh.dll
0x00007ffad7940000 - 0x00007ffad796e000 	C:\Windows\SYSTEM32\USERENV.dll
0x00007ffad7430000 - 0x00007ffad743c000 	C:\Windows\SYSTEM32\CRYPTBASE.dll
0x00007ffad6eb0000 - 0x00007ffad6eeb000 	C:\Windows\SYSTEM32\IPHLPAPI.DLL
0x00007ffad9a20000 - 0x00007ffad9a28000 	C:\Windows\System32\NSI.dll
0x00007ffacf350000 - 0x00007ffacf367000 	C:\Windows\SYSTEM32\dhcpcsvc6.DLL
0x00007ffacfe80000 - 0x00007ffacfe9d000 	C:\Windows\SYSTEM32\dhcpcsvc.DLL
0x00007ffad6f00000 - 0x00007ffad6fca000 	C:\Windows\SYSTEM32\DNSAPI.dll
0x00007ffad26a0000 - 0x00007ffad26a9000 	C:\Users\Giang\.jdks\corretto-17.0.10\bin\extnet.dll
0x00007ffad14d0000 - 0x00007ffad14de000 	C:\Users\Giang\.jdks\corretto-17.0.10\bin\sunmscapi.dll
0x00007ffad82c0000 - 0x00007ffad841e000 	C:\Windows\System32\CRYPT32.dll
0x00007ffad7530000 - 0x00007ffad7559000 	C:\Windows\SYSTEM32\ncrypt.dll
0x00007ffad74f0000 - 0x00007ffad752b000 	C:\Windows\SYSTEM32\NTASN1.dll
0x00007ffacbc60000 - 0x00007ffacbc67000 	C:\Windows\system32\wshunix.dll

dbghelp: loaded successfully - version: 4.0.5 - missing functions: none
symbol engine: initialized successfully - sym options: 0x614 - pdb path: .;C:\Users\Giang\.jdks\corretto-17.0.10\bin;C:\Windows\SYSTEM32;C:\Windows\WinSxS\amd64_microsoft.windows.common-controls_6595b64144ccf1df_6.0.19041.4355_none_60b8b9eb71f62e16;C:\Users\Giang\.jdks\corretto-17.0.10\bin\server;C:\Users\Giang\.gradle\native\c067742578af261105cb4f569cf0c3c89f3d7b1fecec35dd04571415982c5e48\windows-amd64;C:\Users\Giang\.gradle\native\100fb08df4bc3b14c8652ba06237920a3bd2aa13389f12d3474272988ae205f9\windows-amd64

VM Arguments:
jvm_args: --add-opens=java.base/java.util=ALL-UNNAMED --add-opens=java.base/java.lang=ALL-UNNAMED --add-opens=java.base/java.lang.invoke=ALL-UNNAMED --add-opens=java.prefs/java.util.prefs=ALL-UNNAMED --add-opens=java.base/java.nio.charset=ALL-UNNAMED --add-opens=java.base/java.net=ALL-UNNAMED --add-opens=java.base/java.util.concurrent.atomic=ALL-UNNAMED -XX:MaxMetaspaceSize=384m -XX:+HeapDumpOnOutOfMemoryError -Xms256m -Xmx512m -Dfile.encoding=windows-1252 -Duser.country=US -Duser.language=en -Duser.variant -javaagent:C:\Users\Giang\.gradle\wrapper\dists\gradle-8.8-bin\dl7vupf4psengwqhwktix4v1\gradle-8.8\lib\agents\gradle-instrumentation-agent-8.8.jar 
java_command: org.gradle.launcher.daemon.bootstrap.GradleDaemon 8.8
java_class_path (initial): C:\Users\Giang\.gradle\wrapper\dists\gradle-8.8-bin\dl7vupf4psengwqhwktix4v1\gradle-8.8\lib\gradle-launcher-8.8.jar
Launcher Type: SUN_STANDARD

[Global flags]
     intx CICompilerCount                          = 3                                         {product} {ergonomic}
   size_t CompressedClassSpaceSize                 = 335544320                                 {product} {ergonomic}
     uint ConcGCThreads                            = 1                                         {product} {ergonomic}
     uint G1ConcRefinementThreads                  = 4                                         {product} {ergonomic}
   size_t G1HeapRegionSize                         = 1048576                                   {product} {ergonomic}
    uintx GCDrainStackTargetSize                   = 64                                        {product} {ergonomic}
     bool HeapDumpOnOutOfMemoryError               = true                                   {manageable} {command line}
   size_t InitialHeapSize                          = 268435456                                 {product} {command line}
   size_t MarkStackSize                            = 4194304                                   {product} {ergonomic}
   size_t MaxHeapSize                              = 536870912                                 {product} {command line}
   size_t MaxMetaspaceSize                         = 402653184                                 {product} {command line}
   size_t MaxNewSize                               = 321912832                                 {product} {ergonomic}
   size_t MinHeapDeltaBytes                        = 1048576                                   {product} {ergonomic}
   size_t MinHeapSize                              = 268435456                                 {product} {command line}
    uintx NonNMethodCodeHeapSize                   = 5832780                                {pd product} {ergonomic}
    uintx NonProfiledCodeHeapSize                  = 122912730                              {pd product} {ergonomic}
    uintx ProfiledCodeHeapSize                     = 122912730                              {pd product} {ergonomic}
    uintx ReservedCodeCacheSize                    = 251658240                              {pd product} {ergonomic}
     bool SegmentedCodeCache                       = true                                      {product} {ergonomic}
   size_t SoftMaxHeapSize                          = 536870912                              {manageable} {ergonomic}
     bool UseCompressedClassPointers               = true                           {product lp64_product} {ergonomic}
     bool UseCompressedOops                        = true                           {product lp64_product} {ergonomic}
     bool UseG1GC                                  = true                                      {product} {ergonomic}
     bool UseLargePagesIndividualAllocation        = false                                  {pd product} {ergonomic}

Logging:
Log output configuration:
 #0: stdout all=warning uptime,level,tags
 #1: stderr all=off uptime,level,tags

Environment Variables:
PATH=C:\Program Files\Common Files\Oracle\Java\javapath;C:\Windows\system32;C:\Windows;C:\Windows\System32\Wbem;C:\Windows\System32\WindowsPowerShell\v1.0\;C:\Windows\System32\OpenSSH\;C:\Program Files\MySQL\MySQL Server 8.0\bin;%JAVA_HOME%\bin;C:\Gradle\gradle-6.8\bin;C:\Program Files\Git\cmd;C:\Program Files\Java\jdk-17\bin;C:\Program Files\nodejs\;C:\Program Files\MySQL\MySQL Shell 8.0\bin\;C:\Users\Giang\AppData\Local\Microsoft\WindowsApps;C:\Users\Giang\AppData\Local\GitHubDesktop\bin;D:\Microsoft VS Code\bin;C:\Users\Giang\AppData\Roaming\npm
USERNAME=Giang
OS=Windows_NT
PROCESSOR_IDENTIFIER=Intel64 Family 6 Model 61 Stepping 4, GenuineIntel
TMP=C:\Users\Giang\AppData\Local\Temp
TEMP=C:\Users\Giang\AppData\Local\Temp



Periodic native trim disabled


---------------  S Y S T E M  ---------------

OS:
 Windows 10 , 64 bit Build 19041 (10.0.19041.4597)
OS uptime: 1 days 23:12 hours

CPU: total 4 (initial active 4) (2 cores per cpu, 2 threads per core) family 6 model 61 stepping 4 microcode 0x2d, cx8, cmov, fxsr, ht, mmx, 3dnowpref, sse, sse2, sse3, ssse3, sse4.1, sse4.2, popcnt, lzcnt, tsc, tscinvbit, avx, avx2, aes, erms, clmul, bmi1, bmi2, rtm, adx, fma, vzeroupper, clflush
Processor Information for all 4 processors :
  Max Mhz: 2594, Current Mhz: 2594, Mhz Limit: 2594

Memory: 4k page, system-wide physical 7887M (233M free)
TotalPageFile size 15055M (AvailPageFile size 3M)
current process WorkingSet (physical memory assigned to process): 325M, peak: 325M
current process commit charge ("private bytes"): 452M, peak: 454M

vm_info: OpenJDK 64-Bit Server VM (17.0.10+7-LTS) for windows-amd64 JRE (17.0.10+7-LTS), built on Jan 10 2024 22:11:07 by "Administrator" with MS VC++ 16.10 / 16.11 (VS2019)

END.
