#
# There is insufficient memory for the Java Runtime Environment to continue.
# Native memory allocation (malloc) failed to allocate 2129088 bytes for Chunk::new
# Possible reasons:
#   The system is out of physical RAM or swap space
#   The process is running with CompressedOops enabled, and the Java Heap may be blocking the growth of the native heap
# Possible solutions:
#   Reduce memory load on the system
#   Increase physical memory or swap space
#   Check if swap backing store is full
#   Decrease Java heap size (-Xmx/-Xms)
#   Decrease number of Java threads
#   Decrease Java thread stack sizes (-Xss)
#   Set larger code cache with -XX:ReservedCodeCacheSize=
#   JVM is running with Unscaled Compressed Oops mode in which the Java heap is
#     placed in the first 4GB address space. The Java Heap base address is the
#     maximum limit for the native heap growth. Please use -XX:HeapBaseMinAddress
#     to set the Java Heap base and to place the Java Heap above 4GB virtual address.
# This output file may be truncated or incomplete.
#
#  Out of Memory Error (arena.cpp:191), pid=16432, tid=11524
#
# JRE version: OpenJDK Runtime Environment Corretto-17.0.10.7.1 (17.0.10+7) (build 17.0.10+7-LTS)
# Java VM: OpenJDK 64-Bit Server VM Corretto-17.0.10.7.1 (17.0.10+7-LTS, mixed mode, sharing, tiered, compressed oops, compressed class ptrs, g1 gc, windows-amd64)
# No core dump will be written. Minidumps are not enabled by default on client versions of Windows
#

---------------  S U M M A R Y ------------

Command Line: --add-opens=java.base/java.util=ALL-UNNAMED --add-opens=java.base/java.lang=ALL-UNNAMED --add-opens=java.base/java.lang.invoke=ALL-UNNAMED --add-opens=java.prefs/java.util.prefs=ALL-UNNAMED --add-opens=java.base/java.nio.charset=ALL-UNNAMED --add-opens=java.base/java.net=ALL-UNNAMED --add-opens=java.base/java.util.concurrent.atomic=ALL-UNNAMED -XX:MaxMetaspaceSize=384m -XX:+HeapDumpOnOutOfMemoryError -Xms256m -Xmx512m -Dfile.encoding=windows-1252 -Duser.country=US -Duser.language=en -Duser.variant -javaagent:C:\Users\Giang\.gradle\wrapper\dists\gradle-8.8-bin\dl7vupf4psengwqhwktix4v1\gradle-8.8\lib\agents\gradle-instrumentation-agent-8.8.jar org.gradle.launcher.daemon.bootstrap.GradleDaemon 8.8

Host: Intel(R) Core(TM) i7-5600U CPU @ 2.60GHz, 4 cores, 7G,  Windows 10 , 64 bit Build 19041 (10.0.19041.4597)
Time: Thu Jul 25 14:51:14 2024 SE Asia Standard Time elapsed time: 11.989855 seconds (0d 0h 0m 11s)

---------------  T H R E A D  ---------------

Current thread (0x0000029afcb14e70):  JavaThread "C2 CompilerThread0" daemon [_thread_in_native, id=11524, stack(0x000000f05f100000,0x000000f05f200000)]


Current CompileTask:
C2:  11990 2322   !   4       java.lang.ClassLoader::loadClass (121 bytes)

Stack: [0x000000f05f100000,0x000000f05f200000]
Native frames: (J=compiled Java code, j=interpreted, Vv=VM code, C=native code)
V  [jvm.dll+0x67d2c9]
V  [jvm.dll+0x834b1a]
V  [jvm.dll+0x8365de]
V  [jvm.dll+0x836c43]
V  [jvm.dll+0x2477ff]
V  [jvm.dll+0xac514]
V  [jvm.dll+0xacb5c]
V  [jvm.dll+0x3667d7]
V  [jvm.dll+0x330bfa]
V  [jvm.dll+0x33009a]
V  [jvm.dll+0x219ef1]
V  [jvm.dll+0x219311]
V  [jvm.dll+0x1a502d]
V  [jvm.dll+0x2290de]
V  [jvm.dll+0x2272ac]
V  [jvm.dll+0x7e9bd7]
V  [jvm.dll+0x7e3fda]
V  [jvm.dll+0x67c1b5]
C  [ucrtbase.dll+0x21bb2]
C  [KERNEL32.DLL+0x17374]
C  [ntdll.dll+0x4cc91]


---------------  P R O C E S S  ---------------

Threads class SMR info:
_java_thread_list=0x0000029ab03ce580, length=26, elements={
0x0000029af9260550, 0x0000029afcaf7890, 0x0000029afcaf9630, 0x0000029afcb0c630,
0x0000029afcb0d100, 0x0000029afcb0dbd0, 0x0000029afcb139b0, 0x0000029afcb14e70,
0x0000029afcb16040, 0x0000029afcb31130, 0x0000029afcb6ea20, 0x0000029a96d090c0,
0x0000029ab0c75120, 0x0000029ab101ed60, 0x0000029a96cbeaa0, 0x0000029ab15385b0,
0x0000029ab13a87b0, 0x0000029a96d47860, 0x0000029a96d47d70, 0x0000029a96d47350,
0x0000029a96d454f0, 0x0000029a96d48280, 0x0000029a96d44fe0, 0x0000029a96d45a00,
0x0000029a96d46420, 0x0000029a96d46930
}

Java Threads: ( => current thread )
  0x0000029af9260550 JavaThread "main" [_thread_blocked, id=15856, stack(0x000000f05e400000,0x000000f05e500000)]
  0x0000029afcaf7890 JavaThread "Reference Handler" daemon [_thread_blocked, id=14708, stack(0x000000f05eb00000,0x000000f05ec00000)]
  0x0000029afcaf9630 JavaThread "Finalizer" daemon [_thread_blocked, id=18328, stack(0x000000f05ec00000,0x000000f05ed00000)]
  0x0000029afcb0c630 JavaThread "Signal Dispatcher" daemon [_thread_blocked, id=18584, stack(0x000000f05ed00000,0x000000f05ee00000)]
  0x0000029afcb0d100 JavaThread "Attach Listener" daemon [_thread_blocked, id=9348, stack(0x000000f05ee00000,0x000000f05ef00000)]
  0x0000029afcb0dbd0 JavaThread "Service Thread" daemon [_thread_blocked, id=18720, stack(0x000000f05ef00000,0x000000f05f000000)]
  0x0000029afcb139b0 JavaThread "Monitor Deflation Thread" daemon [_thread_blocked, id=5636, stack(0x000000f05f000000,0x000000f05f100000)]
=>0x0000029afcb14e70 JavaThread "C2 CompilerThread0" daemon [_thread_in_native, id=11524, stack(0x000000f05f100000,0x000000f05f200000)]
  0x0000029afcb16040 JavaThread "C1 CompilerThread0" daemon [_thread_blocked, id=16224, stack(0x000000f05f200000,0x000000f05f300000)]
  0x0000029afcb31130 JavaThread "Sweeper thread" daemon [_thread_blocked, id=4188, stack(0x000000f05f300000,0x000000f05f400000)]
  0x0000029afcb6ea20 JavaThread "Common-Cleaner" daemon [_thread_blocked, id=2932, stack(0x000000f05f400000,0x000000f05f500000)]
  0x0000029a96d090c0 JavaThread "Notification Thread" daemon [_thread_blocked, id=6740, stack(0x000000f05f500000,0x000000f05f600000)]
  0x0000029ab0c75120 JavaThread "Daemon health stats" [_thread_blocked, id=7420, stack(0x000000f05fa00000,0x000000f05fb00000)]
  0x0000029ab101ed60 JavaThread "Incoming local TCP Connector on port 50454" [_thread_in_native, id=1172, stack(0x000000f05fb00000,0x000000f05fc00000)]
  0x0000029a96cbeaa0 JavaThread "Daemon periodic checks" [_thread_blocked, id=1764, stack(0x000000f05fc00000,0x000000f05fd00000)]
  0x0000029ab15385b0 JavaThread "Daemon" [_thread_blocked, id=7004, stack(0x000000f05fe00000,0x000000f05ff00000)]
  0x0000029ab13a87b0 JavaThread "Handler for socket connection from /127.0.0.1:50454 to /127.0.0.1:50457" [_thread_in_native, id=1308, stack(0x000000f05ff00000,0x000000f060000000)]
  0x0000029a96d47860 JavaThread "Cancel handler" [_thread_blocked, id=11308, stack(0x000000f060000000,0x000000f060100000)]
  0x0000029a96d47d70 JavaThread "Daemon worker" [_thread_in_native, id=3052, stack(0x000000f060100000,0x000000f060200000)]
  0x0000029a96d47350 JavaThread "Asynchronous log dispatcher for DefaultDaemonConnection: socket connection from /127.0.0.1:50454 to /127.0.0.1:50457" [_thread_blocked, id=19260, stack(0x000000f060200000,0x000000f060300000)]
  0x0000029a96d454f0 JavaThread "Stdin handler" [_thread_blocked, id=14048, stack(0x000000f060300000,0x000000f060400000)]
  0x0000029a96d48280 JavaThread "Daemon client event forwarder" [_thread_blocked, id=18088, stack(0x000000f060400000,0x000000f060500000)]
  0x0000029a96d44fe0 JavaThread "Cache worker for journal cache (C:\Users\Giang\.gradle\caches\journal-1)" [_thread_blocked, id=17864, stack(0x000000f05fd00000,0x000000f05fe00000)]
  0x0000029a96d45a00 JavaThread "File lock request listener" [_thread_in_native, id=9748, stack(0x000000f060500000,0x000000f060600000)]
  0x0000029a96d46420 JavaThread "File lock release action executor" [_thread_blocked, id=6860, stack(0x000000f060600000,0x000000f060700000)]
  0x0000029a96d46930 JavaThread "Cache worker for file hash cache (C:\Users\Giang\.gradle\caches\8.8\fileHashes)" [_thread_blocked, id=14764, stack(0x000000f060700000,0x000000f060800000)]

Other Threads:
  0x0000029afcaf00b0 VMThread "VM Thread" [stack: 0x000000f05ea00000,0x000000f05eb00000] [id=16596]
  0x0000029a96c767f0 WatcherThread [stack: 0x000000f05f600000,0x000000f05f700000] [id=14408]
  0x0000029af928c320 GCTaskThread "GC Thread#0" [stack: 0x000000f05e500000,0x000000f05e600000] [id=368]
  0x0000029a96d4bab0 GCTaskThread "GC Thread#1" [stack: 0x000000f05f700000,0x000000f05f800000] [id=11444]
  0x0000029a96d28650 GCTaskThread "GC Thread#2" [stack: 0x000000f05f800000,0x000000f05f900000] [id=14796]
  0x0000029a96d28910 GCTaskThread "GC Thread#3" [stack: 0x000000f05f900000,0x000000f05fa00000] [id=15068]
  0x0000029af92951b0 ConcurrentGCThread "G1 Main Marker" [stack: 0x000000f05e600000,0x000000f05e700000] [id=17980]
  0x0000029af9295ae0 ConcurrentGCThread "G1 Conc#0" [stack: 0x000000f05e700000,0x000000f05e800000] [id=5060]
  0x0000029af931d230 ConcurrentGCThread "G1 Refine#0" [stack: 0x000000f05e800000,0x000000f05e900000] [id=3388]
  0x0000029af931db70 ConcurrentGCThread "G1 Service" [stack: 0x000000f05e900000,0x000000f05ea00000] [id=10776]

Threads with active compile tasks:
C2 CompilerThread0    12073 2322   !   4       java.lang.ClassLoader::loadClass (121 bytes)

VM state: not at safepoint (normal execution)

VM Mutex/Monitor currently owned by a thread: None

Heap address: 0x00000000e0000000, size: 512 MB, Compressed Oops mode: 32-bit

CDS archive(s) mapped at: [0x0000029a97000000-0x0000029a97bb0000-0x0000029a97bb0000), size 12255232, SharedBaseAddress: 0x0000029a97000000, ArchiveRelocationMode: 1.
Compressed class space mapped at: 0x0000029a98000000-0x0000029aac000000, reserved size: 335544320
Narrow klass base: 0x0000029a97000000, Narrow klass shift: 0, Narrow klass range: 0x100000000

GC Precious Log:
 CPUs: 4 total, 4 available
 Memory: 7887M
 Large Page Support: Disabled
 NUMA Support: Disabled
 Compressed Oops: Enabled (32-bit)
 Heap Region Size: 1M
 Heap Min Capacity: 256M
 Heap Initial Capacity: 256M
 Heap Max Capacity: 512M
 Pre-touch: Disabled
 Parallel Workers: 4
 Concurrent Workers: 1
 Concurrent Refinement Workers: 4
 Periodic GC: Disabled

Heap:
 garbage-first heap   total 262144K, used 80993K [0x00000000e0000000, 0x0000000100000000)
  region size 1024K, 68 young (69632K), 1 survivors (1024K)
 Metaspace       used 14887K, committed 15232K, reserved 393216K
  class space    used 2055K, committed 2240K, reserved 327680K

Heap Regions: E=young(eden), S=young(survivor), O=old, HS=humongous(starts), HC=humongous(continues), CS=collection set, F=free, OA=open archive, CA=closed archive, TAMS=top-at-mark-start (previous, next)
|   0|0x00000000e0000000, 0x00000000e0100000, 0x00000000e0100000|100%|HS|  |TAMS 0x00000000e0000000, 0x00000000e0000000| Complete 
|   1|0x00000000e0100000, 0x00000000e0200000, 0x00000000e0200000|100%|HC|  |TAMS 0x00000000e0100000, 0x00000000e0100000| Complete 
|   2|0x00000000e0200000, 0x00000000e0300000, 0x00000000e0300000|100%|HC|  |TAMS 0x00000000e0200000, 0x00000000e0200000| Complete 
|   3|0x00000000e0300000, 0x00000000e0400000, 0x00000000e0400000|100%|HC|  |TAMS 0x00000000e0300000, 0x00000000e0300000| Complete 
|   4|0x00000000e0400000, 0x00000000e0500000, 0x00000000e0500000|100%| O|  |TAMS 0x00000000e0400000, 0x00000000e0400000| Untracked 
|   5|0x00000000e0500000, 0x00000000e0600000, 0x00000000e0600000|100%| O|  |TAMS 0x00000000e0500000, 0x00000000e0500000| Untracked 
|   6|0x00000000e0600000, 0x00000000e0700000, 0x00000000e0700000|100%| O|  |TAMS 0x00000000e0600000, 0x00000000e0600000| Untracked 
|   7|0x00000000e0700000, 0x00000000e0800000, 0x00000000e0800000|100%| O|  |TAMS 0x00000000e0700000, 0x00000000e0700000| Untracked 
|   8|0x00000000e0800000, 0x00000000e0900000, 0x00000000e0900000|100%| O|  |TAMS 0x00000000e0800000, 0x00000000e0800000| Untracked 
|   9|0x00000000e0900000, 0x00000000e0a00000, 0x00000000e0a00000|100%| O|  |TAMS 0x00000000e0900000, 0x00000000e0900000| Untracked 
|  10|0x00000000e0a00000, 0x00000000e0b00000, 0x00000000e0b00000|100%| O|  |TAMS 0x00000000e0a00000, 0x00000000e0a00000| Untracked 
|  11|0x00000000e0b00000, 0x00000000e0b28600, 0x00000000e0c00000| 15%| O|  |TAMS 0x00000000e0b00000, 0x00000000e0b00000| Untracked 
|  12|0x00000000e0c00000, 0x00000000e0d00000, 0x00000000e0d00000|100%|HS|  |TAMS 0x00000000e0c00000, 0x00000000e0c00000| Complete 
|  13|0x00000000e0d00000, 0x00000000e0e00000, 0x00000000e0e00000|100%|HS|  |TAMS 0x00000000e0d00000, 0x00000000e0d00000| Complete 
|  14|0x00000000e0e00000, 0x00000000e0e00000, 0x00000000e0f00000|  0%| F|  |TAMS 0x00000000e0e00000, 0x00000000e0e00000| Untracked 
|  15|0x00000000e0f00000, 0x00000000e0f00000, 0x00000000e1000000|  0%| F|  |TAMS 0x00000000e0f00000, 0x00000000e0f00000| Untracked 
|  16|0x00000000e1000000, 0x00000000e1000000, 0x00000000e1100000|  0%| F|  |TAMS 0x00000000e1000000, 0x00000000e1000000| Untracked 
|  17|0x00000000e1100000, 0x00000000e1100000, 0x00000000e1200000|  0%| F|  |TAMS 0x00000000e1100000, 0x00000000e1100000| Untracked 
|  18|0x00000000e1200000, 0x00000000e1200000, 0x00000000e1300000|  0%| F|  |TAMS 0x00000000e1200000, 0x00000000e1200000| Untracked 
|  19|0x00000000e1300000, 0x00000000e1300000, 0x00000000e1400000|  0%| F|  |TAMS 0x00000000e1300000, 0x00000000e1300000| Untracked 
|  20|0x00000000e1400000, 0x00000000e1400000, 0x00000000e1500000|  0%| F|  |TAMS 0x00000000e1400000, 0x00000000e1400000| Untracked 
|  21|0x00000000e1500000, 0x00000000e1500000, 0x00000000e1600000|  0%| F|  |TAMS 0x00000000e1500000, 0x00000000e1500000| Untracked 
|  22|0x00000000e1600000, 0x00000000e1600000, 0x00000000e1700000|  0%| F|  |TAMS 0x00000000e1600000, 0x00000000e1600000| Untracked 
|  23|0x00000000e1700000, 0x00000000e1700000, 0x00000000e1800000|  0%| F|  |TAMS 0x00000000e1700000, 0x00000000e1700000| Untracked 
|  24|0x00000000e1800000, 0x00000000e1800000, 0x00000000e1900000|  0%| F|  |TAMS 0x00000000e1800000, 0x00000000e1800000| Untracked 
|  25|0x00000000e1900000, 0x00000000e1900000, 0x00000000e1a00000|  0%| F|  |TAMS 0x00000000e1900000, 0x00000000e1900000| Untracked 
|  26|0x00000000e1a00000, 0x00000000e1a00000, 0x00000000e1b00000|  0%| F|  |TAMS 0x00000000e1a00000, 0x00000000e1a00000| Untracked 
|  27|0x00000000e1b00000, 0x00000000e1b00000, 0x00000000e1c00000|  0%| F|  |TAMS 0x00000000e1b00000, 0x00000000e1b00000| Untracked 
|  28|0x00000000e1c00000, 0x00000000e1c00000, 0x00000000e1d00000|  0%| F|  |TAMS 0x00000000e1c00000, 0x00000000e1c00000| Untracked 
|  29|0x00000000e1d00000, 0x00000000e1d00000, 0x00000000e1e00000|  0%| F|  |TAMS 0x00000000e1d00000, 0x00000000e1d00000| Untracked 
|  30|0x00000000e1e00000, 0x00000000e1e00000, 0x00000000e1f00000|  0%| F|  |TAMS 0x00000000e1e00000, 0x00000000e1e00000| Untracked 
|  31|0x00000000e1f00000, 0x00000000e1f00000, 0x00000000e2000000|  0%| F|  |TAMS 0x00000000e1f00000, 0x00000000e1f00000| Untracked 
|  32|0x00000000e2000000, 0x00000000e2000000, 0x00000000e2100000|  0%| F|  |TAMS 0x00000000e2000000, 0x00000000e2000000| Untracked 
|  33|0x00000000e2100000, 0x00000000e2100000, 0x00000000e2200000|  0%| F|  |TAMS 0x00000000e2100000, 0x00000000e2100000| Untracked 
|  34|0x00000000e2200000, 0x00000000e2200000, 0x00000000e2300000|  0%| F|  |TAMS 0x00000000e2200000, 0x00000000e2200000| Untracked 
|  35|0x00000000e2300000, 0x00000000e2300000, 0x00000000e2400000|  0%| F|  |TAMS 0x00000000e2300000, 0x00000000e2300000| Untracked 
|  36|0x00000000e2400000, 0x00000000e2400000, 0x00000000e2500000|  0%| F|  |TAMS 0x00000000e2400000, 0x00000000e2400000| Untracked 
|  37|0x00000000e2500000, 0x00000000e2500000, 0x00000000e2600000|  0%| F|  |TAMS 0x00000000e2500000, 0x00000000e2500000| Untracked 
|  38|0x00000000e2600000, 0x00000000e2600000, 0x00000000e2700000|  0%| F|  |TAMS 0x00000000e2600000, 0x00000000e2600000| Untracked 
|  39|0x00000000e2700000, 0x00000000e2700000, 0x00000000e2800000|  0%| F|  |TAMS 0x00000000e2700000, 0x00000000e2700000| Untracked 
|  40|0x00000000e2800000, 0x00000000e2800000, 0x00000000e2900000|  0%| F|  |TAMS 0x00000000e2800000, 0x00000000e2800000| Untracked 
|  41|0x00000000e2900000, 0x00000000e2900000, 0x00000000e2a00000|  0%| F|  |TAMS 0x00000000e2900000, 0x00000000e2900000| Untracked 
|  42|0x00000000e2a00000, 0x00000000e2a00000, 0x00000000e2b00000|  0%| F|  |TAMS 0x00000000e2a00000, 0x00000000e2a00000| Untracked 
|  43|0x00000000e2b00000, 0x00000000e2b00000, 0x00000000e2c00000|  0%| F|  |TAMS 0x00000000e2b00000, 0x00000000e2b00000| Untracked 
|  44|0x00000000e2c00000, 0x00000000e2c00000, 0x00000000e2d00000|  0%| F|  |TAMS 0x00000000e2c00000, 0x00000000e2c00000| Untracked 
|  45|0x00000000e2d00000, 0x00000000e2d00000, 0x00000000e2e00000|  0%| F|  |TAMS 0x00000000e2d00000, 0x00000000e2d00000| Untracked 
|  46|0x00000000e2e00000, 0x00000000e2e00000, 0x00000000e2f00000|  0%| F|  |TAMS 0x00000000e2e00000, 0x00000000e2e00000| Untracked 
|  47|0x00000000e2f00000, 0x00000000e2f00000, 0x00000000e3000000|  0%| F|  |TAMS 0x00000000e2f00000, 0x00000000e2f00000| Untracked 
|  48|0x00000000e3000000, 0x00000000e3000000, 0x00000000e3100000|  0%| F|  |TAMS 0x00000000e3000000, 0x00000000e3000000| Untracked 
|  49|0x00000000e3100000, 0x00000000e3100000, 0x00000000e3200000|  0%| F|  |TAMS 0x00000000e3100000, 0x00000000e3100000| Untracked 
|  50|0x00000000e3200000, 0x00000000e3200000, 0x00000000e3300000|  0%| F|  |TAMS 0x00000000e3200000, 0x00000000e3200000| Untracked 
|  51|0x00000000e3300000, 0x00000000e3300000, 0x00000000e3400000|  0%| F|  |TAMS 0x00000000e3300000, 0x00000000e3300000| Untracked 
|  52|0x00000000e3400000, 0x00000000e3400000, 0x00000000e3500000|  0%| F|  |TAMS 0x00000000e3400000, 0x00000000e3400000| Untracked 
|  53|0x00000000e3500000, 0x00000000e3500000, 0x00000000e3600000|  0%| F|  |TAMS 0x00000000e3500000, 0x00000000e3500000| Untracked 
|  54|0x00000000e3600000, 0x00000000e3600000, 0x00000000e3700000|  0%| F|  |TAMS 0x00000000e3600000, 0x00000000e3600000| Untracked 
|  55|0x00000000e3700000, 0x00000000e3700000, 0x00000000e3800000|  0%| F|  |TAMS 0x00000000e3700000, 0x00000000e3700000| Untracked 
|  56|0x00000000e3800000, 0x00000000e3800000, 0x00000000e3900000|  0%| F|  |TAMS 0x00000000e3800000, 0x00000000e3800000| Untracked 
|  57|0x00000000e3900000, 0x00000000e3900000, 0x00000000e3a00000|  0%| F|  |TAMS 0x00000000e3900000, 0x00000000e3900000| Untracked 
|  58|0x00000000e3a00000, 0x00000000e3a00000, 0x00000000e3b00000|  0%| F|  |TAMS 0x00000000e3a00000, 0x00000000e3a00000| Untracked 
|  59|0x00000000e3b00000, 0x00000000e3b00000, 0x00000000e3c00000|  0%| F|  |TAMS 0x00000000e3b00000, 0x00000000e3b00000| Untracked 
|  60|0x00000000e3c00000, 0x00000000e3c00000, 0x00000000e3d00000|  0%| F|  |TAMS 0x00000000e3c00000, 0x00000000e3c00000| Untracked 
|  61|0x00000000e3d00000, 0x00000000e3d00000, 0x00000000e3e00000|  0%| F|  |TAMS 0x00000000e3d00000, 0x00000000e3d00000| Untracked 
|  62|0x00000000e3e00000, 0x00000000e3e00000, 0x00000000e3f00000|  0%| F|  |TAMS 0x00000000e3e00000, 0x00000000e3e00000| Untracked 
|  63|0x00000000e3f00000, 0x00000000e3f00000, 0x00000000e4000000|  0%| F|  |TAMS 0x00000000e3f00000, 0x00000000e3f00000| Untracked 
|  64|0x00000000e4000000, 0x00000000e4000000, 0x00000000e4100000|  0%| F|  |TAMS 0x00000000e4000000, 0x00000000e4000000| Untracked 
|  65|0x00000000e4100000, 0x00000000e4100000, 0x00000000e4200000|  0%| F|  |TAMS 0x00000000e4100000, 0x00000000e4100000| Untracked 
|  66|0x00000000e4200000, 0x00000000e4200000, 0x00000000e4300000|  0%| F|  |TAMS 0x00000000e4200000, 0x00000000e4200000| Untracked 
|  67|0x00000000e4300000, 0x00000000e4300000, 0x00000000e4400000|  0%| F|  |TAMS 0x00000000e4300000, 0x00000000e4300000| Untracked 
|  68|0x00000000e4400000, 0x00000000e4400000, 0x00000000e4500000|  0%| F|  |TAMS 0x00000000e4400000, 0x00000000e4400000| Untracked 
|  69|0x00000000e4500000, 0x00000000e4500000, 0x00000000e4600000|  0%| F|  |TAMS 0x00000000e4500000, 0x00000000e4500000| Untracked 
|  70|0x00000000e4600000, 0x00000000e4600000, 0x00000000e4700000|  0%| F|  |TAMS 0x00000000e4600000, 0x00000000e4600000| Untracked 
|  71|0x00000000e4700000, 0x00000000e4700000, 0x00000000e4800000|  0%| F|  |TAMS 0x00000000e4700000, 0x00000000e4700000| Untracked 
|  72|0x00000000e4800000, 0x00000000e4800000, 0x00000000e4900000|  0%| F|  |TAMS 0x00000000e4800000, 0x00000000e4800000| Untracked 
|  73|0x00000000e4900000, 0x00000000e4900000, 0x00000000e4a00000|  0%| F|  |TAMS 0x00000000e4900000, 0x00000000e4900000| Untracked 
|  74|0x00000000e4a00000, 0x00000000e4a00000, 0x00000000e4b00000|  0%| F|  |TAMS 0x00000000e4a00000, 0x00000000e4a00000| Untracked 
|  75|0x00000000e4b00000, 0x00000000e4b00000, 0x00000000e4c00000|  0%| F|  |TAMS 0x00000000e4b00000, 0x00000000e4b00000| Untracked 
|  76|0x00000000e4c00000, 0x00000000e4c00000, 0x00000000e4d00000|  0%| F|  |TAMS 0x00000000e4c00000, 0x00000000e4c00000| Untracked 
|  77|0x00000000e4d00000, 0x00000000e4d00000, 0x00000000e4e00000|  0%| F|  |TAMS 0x00000000e4d00000, 0x00000000e4d00000| Untracked 
|  78|0x00000000e4e00000, 0x00000000e4e00000, 0x00000000e4f00000|  0%| F|  |TAMS 0x00000000e4e00000, 0x00000000e4e00000| Untracked 
|  79|0x00000000e4f00000, 0x00000000e4f00000, 0x00000000e5000000|  0%| F|  |TAMS 0x00000000e4f00000, 0x00000000e4f00000| Untracked 
|  80|0x00000000e5000000, 0x00000000e5000000, 0x00000000e5100000|  0%| F|  |TAMS 0x00000000e5000000, 0x00000000e5000000| Untracked 
|  81|0x00000000e5100000, 0x00000000e5100000, 0x00000000e5200000|  0%| F|  |TAMS 0x00000000e5100000, 0x00000000e5100000| Untracked 
|  82|0x00000000e5200000, 0x00000000e5200000, 0x00000000e5300000|  0%| F|  |TAMS 0x00000000e5200000, 0x00000000e5200000| Untracked 
|  83|0x00000000e5300000, 0x00000000e5300000, 0x00000000e5400000|  0%| F|  |TAMS 0x00000000e5300000, 0x00000000e5300000| Untracked 
|  84|0x00000000e5400000, 0x00000000e5400000, 0x00000000e5500000|  0%| F|  |TAMS 0x00000000e5400000, 0x00000000e5400000| Untracked 
|  85|0x00000000e5500000, 0x00000000e5500000, 0x00000000e5600000|  0%| F|  |TAMS 0x00000000e5500000, 0x00000000e5500000| Untracked 
|  86|0x00000000e5600000, 0x00000000e5600000, 0x00000000e5700000|  0%| F|  |TAMS 0x00000000e5600000, 0x00000000e5600000| Untracked 
|  87|0x00000000e5700000, 0x00000000e5700000, 0x00000000e5800000|  0%| F|  |TAMS 0x00000000e5700000, 0x00000000e5700000| Untracked 
|  88|0x00000000e5800000, 0x00000000e5800000, 0x00000000e5900000|  0%| F|  |TAMS 0x00000000e5800000, 0x00000000e5800000| Untracked 
|  89|0x00000000e5900000, 0x00000000e5900000, 0x00000000e5a00000|  0%| F|  |TAMS 0x00000000e5900000, 0x00000000e5900000| Untracked 
|  90|0x00000000e5a00000, 0x00000000e5a00000, 0x00000000e5b00000|  0%| F|  |TAMS 0x00000000e5a00000, 0x00000000e5a00000| Untracked 
|  91|0x00000000e5b00000, 0x00000000e5b00000, 0x00000000e5c00000|  0%| F|  |TAMS 0x00000000e5b00000, 0x00000000e5b00000| Untracked 
|  92|0x00000000e5c00000, 0x00000000e5c00000, 0x00000000e5d00000|  0%| F|  |TAMS 0x00000000e5c00000, 0x00000000e5c00000| Untracked 
|  93|0x00000000e5d00000, 0x00000000e5d00000, 0x00000000e5e00000|  0%| F|  |TAMS 0x00000000e5d00000, 0x00000000e5d00000| Untracked 
|  94|0x00000000e5e00000, 0x00000000e5e00000, 0x00000000e5f00000|  0%| F|  |TAMS 0x00000000e5e00000, 0x00000000e5e00000| Untracked 
|  95|0x00000000e5f00000, 0x00000000e5f00000, 0x00000000e6000000|  0%| F|  |TAMS 0x00000000e5f00000, 0x00000000e5f00000| Untracked 
|  96|0x00000000e6000000, 0x00000000e6000000, 0x00000000e6100000|  0%| F|  |TAMS 0x00000000e6000000, 0x00000000e6000000| Untracked 
|  97|0x00000000e6100000, 0x00000000e6100000, 0x00000000e6200000|  0%| F|  |TAMS 0x00000000e6100000, 0x00000000e6100000| Untracked 
|  98|0x00000000e6200000, 0x00000000e6200000, 0x00000000e6300000|  0%| F|  |TAMS 0x00000000e6200000, 0x00000000e6200000| Untracked 
|  99|0x00000000e6300000, 0x00000000e6300000, 0x00000000e6400000|  0%| F|  |TAMS 0x00000000e6300000, 0x00000000e6300000| Untracked 
| 100|0x00000000e6400000, 0x00000000e6400000, 0x00000000e6500000|  0%| F|  |TAMS 0x00000000e6400000, 0x00000000e6400000| Untracked 
| 101|0x00000000e6500000, 0x00000000e6500000, 0x00000000e6600000|  0%| F|  |TAMS 0x00000000e6500000, 0x00000000e6500000| Untracked 
| 102|0x00000000e6600000, 0x00000000e6600000, 0x00000000e6700000|  0%| F|  |TAMS 0x00000000e6600000, 0x00000000e6600000| Untracked 
| 103|0x00000000e6700000, 0x00000000e6700000, 0x00000000e6800000|  0%| F|  |TAMS 0x00000000e6700000, 0x00000000e6700000| Untracked 
| 104|0x00000000e6800000, 0x00000000e6800000, 0x00000000e6900000|  0%| F|  |TAMS 0x00000000e6800000, 0x00000000e6800000| Untracked 
| 105|0x00000000e6900000, 0x00000000e6900000, 0x00000000e6a00000|  0%| F|  |TAMS 0x00000000e6900000, 0x00000000e6900000| Untracked 
| 106|0x00000000e6a00000, 0x00000000e6a00000, 0x00000000e6b00000|  0%| F|  |TAMS 0x00000000e6a00000, 0x00000000e6a00000| Untracked 
| 107|0x00000000e6b00000, 0x00000000e6b00000, 0x00000000e6c00000|  0%| F|  |TAMS 0x00000000e6b00000, 0x00000000e6b00000| Untracked 
| 108|0x00000000e6c00000, 0x00000000e6c00000, 0x00000000e6d00000|  0%| F|  |TAMS 0x00000000e6c00000, 0x00000000e6c00000| Untracked 
| 109|0x00000000e6d00000, 0x00000000e6d00000, 0x00000000e6e00000|  0%| F|  |TAMS 0x00000000e6d00000, 0x00000000e6d00000| Untracked 
| 110|0x00000000e6e00000, 0x00000000e6e00000, 0x00000000e6f00000|  0%| F|  |TAMS 0x00000000e6e00000, 0x00000000e6e00000| Untracked 
| 111|0x00000000e6f00000, 0x00000000e6f00000, 0x00000000e7000000|  0%| F|  |TAMS 0x00000000e6f00000, 0x00000000e6f00000| Untracked 
| 112|0x00000000e7000000, 0x00000000e7000000, 0x00000000e7100000|  0%| F|  |TAMS 0x00000000e7000000, 0x00000000e7000000| Untracked 
| 113|0x00000000e7100000, 0x00000000e7100000, 0x00000000e7200000|  0%| F|  |TAMS 0x00000000e7100000, 0x00000000e7100000| Untracked 
| 114|0x00000000e7200000, 0x00000000e7200000, 0x00000000e7300000|  0%| F|  |TAMS 0x00000000e7200000, 0x00000000e7200000| Untracked 
| 115|0x00000000e7300000, 0x00000000e7300000, 0x00000000e7400000|  0%| F|  |TAMS 0x00000000e7300000, 0x00000000e7300000| Untracked 
| 116|0x00000000e7400000, 0x00000000e7400000, 0x00000000e7500000|  0%| F|  |TAMS 0x00000000e7400000, 0x00000000e7400000| Untracked 
| 117|0x00000000e7500000, 0x00000000e7500000, 0x00000000e7600000|  0%| F|  |TAMS 0x00000000e7500000, 0x00000000e7500000| Untracked 
| 118|0x00000000e7600000, 0x00000000e7600000, 0x00000000e7700000|  0%| F|  |TAMS 0x00000000e7600000, 0x00000000e7600000| Untracked 
| 119|0x00000000e7700000, 0x00000000e7700000, 0x00000000e7800000|  0%| F|  |TAMS 0x00000000e7700000, 0x00000000e7700000| Untracked 
| 120|0x00000000e7800000, 0x00000000e7800000, 0x00000000e7900000|  0%| F|  |TAMS 0x00000000e7800000, 0x00000000e7800000| Untracked 
| 121|0x00000000e7900000, 0x00000000e7900000, 0x00000000e7a00000|  0%| F|  |TAMS 0x00000000e7900000, 0x00000000e7900000| Untracked 
| 122|0x00000000e7a00000, 0x00000000e7a00000, 0x00000000e7b00000|  0%| F|  |TAMS 0x00000000e7a00000, 0x00000000e7a00000| Untracked 
| 123|0x00000000e7b00000, 0x00000000e7b00000, 0x00000000e7c00000|  0%| F|  |TAMS 0x00000000e7b00000, 0x00000000e7b00000| Untracked 
| 124|0x00000000e7c00000, 0x00000000e7c00000, 0x00000000e7d00000|  0%| F|  |TAMS 0x00000000e7c00000, 0x00000000e7c00000| Untracked 
| 125|0x00000000e7d00000, 0x00000000e7d00000, 0x00000000e7e00000|  0%| F|  |TAMS 0x00000000e7d00000, 0x00000000e7d00000| Untracked 
| 126|0x00000000e7e00000, 0x00000000e7e00000, 0x00000000e7f00000|  0%| F|  |TAMS 0x00000000e7e00000, 0x00000000e7e00000| Untracked 
| 127|0x00000000e7f00000, 0x00000000e7f00000, 0x00000000e8000000|  0%| F|  |TAMS 0x00000000e7f00000, 0x00000000e7f00000| Untracked 
| 128|0x00000000e8000000, 0x00000000e8000000, 0x00000000e8100000|  0%| F|  |TAMS 0x00000000e8000000, 0x00000000e8000000| Untracked 
| 129|0x00000000e8100000, 0x00000000e8100000, 0x00000000e8200000|  0%| F|  |TAMS 0x00000000e8100000, 0x00000000e8100000| Untracked 
| 130|0x00000000e8200000, 0x00000000e8200000, 0x00000000e8300000|  0%| F|  |TAMS 0x00000000e8200000, 0x00000000e8200000| Untracked 
| 131|0x00000000e8300000, 0x00000000e8300000, 0x00000000e8400000|  0%| F|  |TAMS 0x00000000e8300000, 0x00000000e8300000| Untracked 
| 132|0x00000000e8400000, 0x00000000e8400000, 0x00000000e8500000|  0%| F|  |TAMS 0x00000000e8400000, 0x00000000e8400000| Untracked 
| 133|0x00000000e8500000, 0x00000000e8500000, 0x00000000e8600000|  0%| F|  |TAMS 0x00000000e8500000, 0x00000000e8500000| Untracked 
| 134|0x00000000e8600000, 0x00000000e8600000, 0x00000000e8700000|  0%| F|  |TAMS 0x00000000e8600000, 0x00000000e8600000| Untracked 
| 135|0x00000000e8700000, 0x00000000e8700000, 0x00000000e8800000|  0%| F|  |TAMS 0x00000000e8700000, 0x00000000e8700000| Untracked 
| 136|0x00000000e8800000, 0x00000000e8800000, 0x00000000e8900000|  0%| F|  |TAMS 0x00000000e8800000, 0x00000000e8800000| Untracked 
| 137|0x00000000e8900000, 0x00000000e8900000, 0x00000000e8a00000|  0%| F|  |TAMS 0x00000000e8900000, 0x00000000e8900000| Untracked 
| 138|0x00000000e8a00000, 0x00000000e8a00000, 0x00000000e8b00000|  0%| F|  |TAMS 0x00000000e8a00000, 0x00000000e8a00000| Untracked 
| 139|0x00000000e8b00000, 0x00000000e8b00000, 0x00000000e8c00000|  0%| F|  |TAMS 0x00000000e8b00000, 0x00000000e8b00000| Untracked 
| 140|0x00000000e8c00000, 0x00000000e8c00000, 0x00000000e8d00000|  0%| F|  |TAMS 0x00000000e8c00000, 0x00000000e8c00000| Untracked 
| 141|0x00000000e8d00000, 0x00000000e8d00000, 0x00000000e8e00000|  0%| F|  |TAMS 0x00000000e8d00000, 0x00000000e8d00000| Untracked 
| 142|0x00000000e8e00000, 0x00000000e8e00000, 0x00000000e8f00000|  0%| F|  |TAMS 0x00000000e8e00000, 0x00000000e8e00000| Untracked 
| 143|0x00000000e8f00000, 0x00000000e8f00000, 0x00000000e9000000|  0%| F|  |TAMS 0x00000000e8f00000, 0x00000000e8f00000| Untracked 
| 144|0x00000000e9000000, 0x00000000e9000000, 0x00000000e9100000|  0%| F|  |TAMS 0x00000000e9000000, 0x00000000e9000000| Untracked 
| 145|0x00000000e9100000, 0x00000000e9100000, 0x00000000e9200000|  0%| F|  |TAMS 0x00000000e9100000, 0x00000000e9100000| Untracked 
| 146|0x00000000e9200000, 0x00000000e9200000, 0x00000000e9300000|  0%| F|  |TAMS 0x00000000e9200000, 0x00000000e9200000| Untracked 
| 147|0x00000000e9300000, 0x00000000e9300000, 0x00000000e9400000|  0%| F|  |TAMS 0x00000000e9300000, 0x00000000e9300000| Untracked 
| 148|0x00000000e9400000, 0x00000000e9400000, 0x00000000e9500000|  0%| F|  |TAMS 0x00000000e9400000, 0x00000000e9400000| Untracked 
| 149|0x00000000e9500000, 0x00000000e9500000, 0x00000000e9600000|  0%| F|  |TAMS 0x00000000e9500000, 0x00000000e9500000| Untracked 
| 150|0x00000000e9600000, 0x00000000e9600000, 0x00000000e9700000|  0%| F|  |TAMS 0x00000000e9600000, 0x00000000e9600000| Untracked 
| 151|0x00000000e9700000, 0x00000000e9700000, 0x00000000e9800000|  0%| F|  |TAMS 0x00000000e9700000, 0x00000000e9700000| Untracked 
| 152|0x00000000e9800000, 0x00000000e9800000, 0x00000000e9900000|  0%| F|  |TAMS 0x00000000e9800000, 0x00000000e9800000| Untracked 
| 153|0x00000000e9900000, 0x00000000e9900000, 0x00000000e9a00000|  0%| F|  |TAMS 0x00000000e9900000, 0x00000000e9900000| Untracked 
| 154|0x00000000e9a00000, 0x00000000e9a00000, 0x00000000e9b00000|  0%| F|  |TAMS 0x00000000e9a00000, 0x00000000e9a00000| Untracked 
| 155|0x00000000e9b00000, 0x00000000e9b00000, 0x00000000e9c00000|  0%| F|  |TAMS 0x00000000e9b00000, 0x00000000e9b00000| Untracked 
| 156|0x00000000e9c00000, 0x00000000e9c00000, 0x00000000e9d00000|  0%| F|  |TAMS 0x00000000e9c00000, 0x00000000e9c00000| Untracked 
| 157|0x00000000e9d00000, 0x00000000e9d00000, 0x00000000e9e00000|  0%| F|  |TAMS 0x00000000e9d00000, 0x00000000e9d00000| Untracked 
| 158|0x00000000e9e00000, 0x00000000e9e00000, 0x00000000e9f00000|  0%| F|  |TAMS 0x00000000e9e00000, 0x00000000e9e00000| Untracked 
| 159|0x00000000e9f00000, 0x00000000e9f00000, 0x00000000ea000000|  0%| F|  |TAMS 0x00000000e9f00000, 0x00000000e9f00000| Untracked 
| 160|0x00000000ea000000, 0x00000000ea000000, 0x00000000ea100000|  0%| F|  |TAMS 0x00000000ea000000, 0x00000000ea000000| Untracked 
| 161|0x00000000ea100000, 0x00000000ea100000, 0x00000000ea200000|  0%| F|  |TAMS 0x00000000ea100000, 0x00000000ea100000| Untracked 
| 162|0x00000000ea200000, 0x00000000ea200000, 0x00000000ea300000|  0%| F|  |TAMS 0x00000000ea200000, 0x00000000ea200000| Untracked 
| 163|0x00000000ea300000, 0x00000000ea300000, 0x00000000ea400000|  0%| F|  |TAMS 0x00000000ea300000, 0x00000000ea300000| Untracked 
| 164|0x00000000ea400000, 0x00000000ea400000, 0x00000000ea500000|  0%| F|  |TAMS 0x00000000ea400000, 0x00000000ea400000| Untracked 
| 165|0x00000000ea500000, 0x00000000ea500000, 0x00000000ea600000|  0%| F|  |TAMS 0x00000000ea500000, 0x00000000ea500000| Untracked 
| 166|0x00000000ea600000, 0x00000000ea600000, 0x00000000ea700000|  0%| F|  |TAMS 0x00000000ea600000, 0x00000000ea600000| Untracked 
| 167|0x00000000ea700000, 0x00000000ea700000, 0x00000000ea800000|  0%| F|  |TAMS 0x00000000ea700000, 0x00000000ea700000| Untracked 
| 168|0x00000000ea800000, 0x00000000ea800000, 0x00000000ea900000|  0%| F|  |TAMS 0x00000000ea800000, 0x00000000ea800000| Untracked 
| 169|0x00000000ea900000, 0x00000000ea900000, 0x00000000eaa00000|  0%| F|  |TAMS 0x00000000ea900000, 0x00000000ea900000| Untracked 
| 170|0x00000000eaa00000, 0x00000000eaa00000, 0x00000000eab00000|  0%| F|  |TAMS 0x00000000eaa00000, 0x00000000eaa00000| Untracked 
| 171|0x00000000eab00000, 0x00000000eab00000, 0x00000000eac00000|  0%| F|  |TAMS 0x00000000eab00000, 0x00000000eab00000| Untracked 
| 172|0x00000000eac00000, 0x00000000eac00000, 0x00000000ead00000|  0%| F|  |TAMS 0x00000000eac00000, 0x00000000eac00000| Untracked 
| 173|0x00000000ead00000, 0x00000000ead00000, 0x00000000eae00000|  0%| F|  |TAMS 0x00000000ead00000, 0x00000000ead00000| Untracked 
| 174|0x00000000eae00000, 0x00000000eae00000, 0x00000000eaf00000|  0%| F|  |TAMS 0x00000000eae00000, 0x00000000eae00000| Untracked 
| 175|0x00000000eaf00000, 0x00000000eaf00000, 0x00000000eb000000|  0%| F|  |TAMS 0x00000000eaf00000, 0x00000000eaf00000| Untracked 
| 176|0x00000000eb000000, 0x00000000eb000000, 0x00000000eb100000|  0%| F|  |TAMS 0x00000000eb000000, 0x00000000eb000000| Untracked 
| 177|0x00000000eb100000, 0x00000000eb100000, 0x00000000eb200000|  0%| F|  |TAMS 0x00000000eb100000, 0x00000000eb100000| Untracked 
| 178|0x00000000eb200000, 0x00000000eb200000, 0x00000000eb300000|  0%| F|  |TAMS 0x00000000eb200000, 0x00000000eb200000| Untracked 
| 179|0x00000000eb300000, 0x00000000eb300000, 0x00000000eb400000|  0%| F|  |TAMS 0x00000000eb300000, 0x00000000eb300000| Untracked 
| 180|0x00000000eb400000, 0x00000000eb400000, 0x00000000eb500000|  0%| F|  |TAMS 0x00000000eb400000, 0x00000000eb400000| Untracked 
| 181|0x00000000eb500000, 0x00000000eb500000, 0x00000000eb600000|  0%| F|  |TAMS 0x00000000eb500000, 0x00000000eb500000| Untracked 
| 182|0x00000000eb600000, 0x00000000eb600000, 0x00000000eb700000|  0%| F|  |TAMS 0x00000000eb600000, 0x00000000eb600000| Untracked 
| 183|0x00000000eb700000, 0x00000000eb700000, 0x00000000eb800000|  0%| F|  |TAMS 0x00000000eb700000, 0x00000000eb700000| Untracked 
| 184|0x00000000eb800000, 0x00000000eb800000, 0x00000000eb900000|  0%| F|  |TAMS 0x00000000eb800000, 0x00000000eb800000| Untracked 
| 185|0x00000000eb900000, 0x00000000eb900000, 0x00000000eba00000|  0%| F|  |TAMS 0x00000000eb900000, 0x00000000eb900000| Untracked 
| 186|0x00000000eba00000, 0x00000000eba00000, 0x00000000ebb00000|  0%| F|  |TAMS 0x00000000eba00000, 0x00000000eba00000| Untracked 
| 187|0x00000000ebb00000, 0x00000000ebb00000, 0x00000000ebc00000|  0%| F|  |TAMS 0x00000000ebb00000, 0x00000000ebb00000| Untracked 
| 188|0x00000000ebc00000, 0x00000000ebd00000, 0x00000000ebd00000|100%| E|  |TAMS 0x00000000ebc00000, 0x00000000ebc00000| Complete 
| 189|0x00000000ebd00000, 0x00000000ebe00000, 0x00000000ebe00000|100%| E|CS|TAMS 0x00000000ebd00000, 0x00000000ebd00000| Complete 
| 190|0x00000000ebe00000, 0x00000000ebf00000, 0x00000000ebf00000|100%| E|CS|TAMS 0x00000000ebe00000, 0x00000000ebe00000| Complete 
| 191|0x00000000ebf00000, 0x00000000ec000000, 0x00000000ec000000|100%| E|CS|TAMS 0x00000000ebf00000, 0x00000000ebf00000| Complete 
| 192|0x00000000ec000000, 0x00000000ec100000, 0x00000000ec100000|100%| E|CS|TAMS 0x00000000ec000000, 0x00000000ec000000| Complete 
| 193|0x00000000ec100000, 0x00000000ec200000, 0x00000000ec200000|100%| E|CS|TAMS 0x00000000ec100000, 0x00000000ec100000| Complete 
| 194|0x00000000ec200000, 0x00000000ec300000, 0x00000000ec300000|100%| E|CS|TAMS 0x00000000ec200000, 0x00000000ec200000| Complete 
| 195|0x00000000ec300000, 0x00000000ec400000, 0x00000000ec400000|100%| E|CS|TAMS 0x00000000ec300000, 0x00000000ec300000| Complete 
| 196|0x00000000ec400000, 0x00000000ec500000, 0x00000000ec500000|100%| E|CS|TAMS 0x00000000ec400000, 0x00000000ec400000| Complete 
| 197|0x00000000ec500000, 0x00000000ec600000, 0x00000000ec600000|100%| E|CS|TAMS 0x00000000ec500000, 0x00000000ec500000| Complete 
| 198|0x00000000ec600000, 0x00000000ec700000, 0x00000000ec700000|100%| E|CS|TAMS 0x00000000ec600000, 0x00000000ec600000| Complete 
| 199|0x00000000ec700000, 0x00000000ec800000, 0x00000000ec800000|100%| E|CS|TAMS 0x00000000ec700000, 0x00000000ec700000| Complete 
| 200|0x00000000ec800000, 0x00000000ec900000, 0x00000000ec900000|100%| E|CS|TAMS 0x00000000ec800000, 0x00000000ec800000| Complete 
| 201|0x00000000ec900000, 0x00000000eca00000, 0x00000000eca00000|100%| E|CS|TAMS 0x00000000ec900000, 0x00000000ec900000| Complete 
| 202|0x00000000eca00000, 0x00000000ecb00000, 0x00000000ecb00000|100%| E|CS|TAMS 0x00000000eca00000, 0x00000000eca00000| Complete 
| 203|0x00000000ecb00000, 0x00000000ecc00000, 0x00000000ecc00000|100%| E|CS|TAMS 0x00000000ecb00000, 0x00000000ecb00000| Complete 
| 204|0x00000000ecc00000, 0x00000000ecd00000, 0x00000000ecd00000|100%| E|CS|TAMS 0x00000000ecc00000, 0x00000000ecc00000| Complete 
| 205|0x00000000ecd00000, 0x00000000ece00000, 0x00000000ece00000|100%| E|CS|TAMS 0x00000000ecd00000, 0x00000000ecd00000| Complete 
| 206|0x00000000ece00000, 0x00000000ecf00000, 0x00000000ecf00000|100%| E|CS|TAMS 0x00000000ece00000, 0x00000000ece00000| Complete 
| 207|0x00000000ecf00000, 0x00000000ed000000, 0x00000000ed000000|100%| E|CS|TAMS 0x00000000ecf00000, 0x00000000ecf00000| Complete 
| 208|0x00000000ed000000, 0x00000000ed100000, 0x00000000ed100000|100%| E|CS|TAMS 0x00000000ed000000, 0x00000000ed000000| Complete 
| 209|0x00000000ed100000, 0x00000000ed200000, 0x00000000ed200000|100%| E|CS|TAMS 0x00000000ed100000, 0x00000000ed100000| Complete 
| 210|0x00000000ed200000, 0x00000000ed300000, 0x00000000ed300000|100%| E|CS|TAMS 0x00000000ed200000, 0x00000000ed200000| Complete 
| 211|0x00000000ed300000, 0x00000000ed400000, 0x00000000ed400000|100%| E|CS|TAMS 0x00000000ed300000, 0x00000000ed300000| Complete 
| 212|0x00000000ed400000, 0x00000000ed500000, 0x00000000ed500000|100%| E|CS|TAMS 0x00000000ed400000, 0x00000000ed400000| Complete 
| 213|0x00000000ed500000, 0x00000000ed600000, 0x00000000ed600000|100%| E|CS|TAMS 0x00000000ed500000, 0x00000000ed500000| Complete 
| 214|0x00000000ed600000, 0x00000000ed700000, 0x00000000ed700000|100%| E|CS|TAMS 0x00000000ed600000, 0x00000000ed600000| Complete 
| 215|0x00000000ed700000, 0x00000000ed800000, 0x00000000ed800000|100%| E|CS|TAMS 0x00000000ed700000, 0x00000000ed700000| Complete 
| 216|0x00000000ed800000, 0x00000000ed900000, 0x00000000ed900000|100%| E|CS|TAMS 0x00000000ed800000, 0x00000000ed800000| Complete 
| 217|0x00000000ed900000, 0x00000000eda00000, 0x00000000eda00000|100%| E|CS|TAMS 0x00000000ed900000, 0x00000000ed900000| Complete 
| 218|0x00000000eda00000, 0x00000000edb00000, 0x00000000edb00000|100%| E|CS|TAMS 0x00000000eda00000, 0x00000000eda00000| Complete 
| 219|0x00000000edb00000, 0x00000000edc00000, 0x00000000edc00000|100%| E|CS|TAMS 0x00000000edb00000, 0x00000000edb00000| Complete 
| 220|0x00000000edc00000, 0x00000000edd00000, 0x00000000edd00000|100%| E|CS|TAMS 0x00000000edc00000, 0x00000000edc00000| Complete 
| 221|0x00000000edd00000, 0x00000000ede00000, 0x00000000ede00000|100%| E|CS|TAMS 0x00000000edd00000, 0x00000000edd00000| Complete 
| 222|0x00000000ede00000, 0x00000000edef0168, 0x00000000edf00000| 93%| S|CS|TAMS 0x00000000ede00000, 0x00000000ede00000| Complete 
| 223|0x00000000edf00000, 0x00000000ee000000, 0x00000000ee000000|100%| E|CS|TAMS 0x00000000edf00000, 0x00000000edf00000| Complete 
| 224|0x00000000ee000000, 0x00000000ee100000, 0x00000000ee100000|100%| E|CS|TAMS 0x00000000ee000000, 0x00000000ee000000| Complete 
| 225|0x00000000ee100000, 0x00000000ee200000, 0x00000000ee200000|100%| E|CS|TAMS 0x00000000ee100000, 0x00000000ee100000| Complete 
| 226|0x00000000ee200000, 0x00000000ee300000, 0x00000000ee300000|100%| E|CS|TAMS 0x00000000ee200000, 0x00000000ee200000| Complete 
| 227|0x00000000ee300000, 0x00000000ee400000, 0x00000000ee400000|100%| E|CS|TAMS 0x00000000ee300000, 0x00000000ee300000| Complete 
| 228|0x00000000ee400000, 0x00000000ee500000, 0x00000000ee500000|100%| E|CS|TAMS 0x00000000ee400000, 0x00000000ee400000| Complete 
| 229|0x00000000ee500000, 0x00000000ee600000, 0x00000000ee600000|100%| E|CS|TAMS 0x00000000ee500000, 0x00000000ee500000| Complete 
| 230|0x00000000ee600000, 0x00000000ee700000, 0x00000000ee700000|100%| E|CS|TAMS 0x00000000ee600000, 0x00000000ee600000| Complete 
| 231|0x00000000ee700000, 0x00000000ee800000, 0x00000000ee800000|100%| E|CS|TAMS 0x00000000ee700000, 0x00000000ee700000| Complete 
| 232|0x00000000ee800000, 0x00000000ee900000, 0x00000000ee900000|100%| E|CS|TAMS 0x00000000ee800000, 0x00000000ee800000| Complete 
| 233|0x00000000ee900000, 0x00000000eea00000, 0x00000000eea00000|100%| E|CS|TAMS 0x00000000ee900000, 0x00000000ee900000| Complete 
| 234|0x00000000eea00000, 0x00000000eeb00000, 0x00000000eeb00000|100%| E|CS|TAMS 0x00000000eea00000, 0x00000000eea00000| Complete 
| 235|0x00000000eeb00000, 0x00000000eec00000, 0x00000000eec00000|100%| E|CS|TAMS 0x00000000eeb00000, 0x00000000eeb00000| Complete 
| 236|0x00000000eec00000, 0x00000000eed00000, 0x00000000eed00000|100%| E|CS|TAMS 0x00000000eec00000, 0x00000000eec00000| Complete 
| 237|0x00000000eed00000, 0x00000000eee00000, 0x00000000eee00000|100%| E|CS|TAMS 0x00000000eed00000, 0x00000000eed00000| Complete 
| 238|0x00000000eee00000, 0x00000000eef00000, 0x00000000eef00000|100%| E|CS|TAMS 0x00000000eee00000, 0x00000000eee00000| Complete 
| 239|0x00000000eef00000, 0x00000000ef000000, 0x00000000ef000000|100%| E|CS|TAMS 0x00000000eef00000, 0x00000000eef00000| Complete 
| 240|0x00000000ef000000, 0x00000000ef100000, 0x00000000ef100000|100%| E|CS|TAMS 0x00000000ef000000, 0x00000000ef000000| Complete 
| 241|0x00000000ef100000, 0x00000000ef200000, 0x00000000ef200000|100%| E|CS|TAMS 0x00000000ef100000, 0x00000000ef100000| Complete 
| 242|0x00000000ef200000, 0x00000000ef300000, 0x00000000ef300000|100%| E|CS|TAMS 0x00000000ef200000, 0x00000000ef200000| Complete 
| 243|0x00000000ef300000, 0x00000000ef400000, 0x00000000ef400000|100%| E|CS|TAMS 0x00000000ef300000, 0x00000000ef300000| Complete 
| 244|0x00000000ef400000, 0x00000000ef500000, 0x00000000ef500000|100%| E|CS|TAMS 0x00000000ef400000, 0x00000000ef400000| Complete 
| 245|0x00000000ef500000, 0x00000000ef600000, 0x00000000ef600000|100%| E|CS|TAMS 0x00000000ef500000, 0x00000000ef500000| Complete 
| 246|0x00000000ef600000, 0x00000000ef700000, 0x00000000ef700000|100%| E|CS|TAMS 0x00000000ef600000, 0x00000000ef600000| Complete 
| 247|0x00000000ef700000, 0x00000000ef800000, 0x00000000ef800000|100%| E|CS|TAMS 0x00000000ef700000, 0x00000000ef700000| Complete 
| 248|0x00000000ef800000, 0x00000000ef900000, 0x00000000ef900000|100%| E|CS|TAMS 0x00000000ef800000, 0x00000000ef800000| Complete 
| 249|0x00000000ef900000, 0x00000000efa00000, 0x00000000efa00000|100%| E|CS|TAMS 0x00000000ef900000, 0x00000000ef900000| Complete 
| 250|0x00000000efa00000, 0x00000000efb00000, 0x00000000efb00000|100%| E|CS|TAMS 0x00000000efa00000, 0x00000000efa00000| Complete 
| 251|0x00000000efb00000, 0x00000000efc00000, 0x00000000efc00000|100%| E|CS|TAMS 0x00000000efb00000, 0x00000000efb00000| Complete 
| 252|0x00000000efc00000, 0x00000000efd00000, 0x00000000efd00000|100%| E|  |TAMS 0x00000000efc00000, 0x00000000efc00000| Complete 
| 253|0x00000000efd00000, 0x00000000efe00000, 0x00000000efe00000|100%| E|CS|TAMS 0x00000000efd00000, 0x00000000efd00000| Complete 
| 254|0x00000000efe00000, 0x00000000eff00000, 0x00000000eff00000|100%| E|CS|TAMS 0x00000000efe00000, 0x00000000efe00000| Complete 
| 255|0x00000000eff00000, 0x00000000f0000000, 0x00000000f0000000|100%| E|CS|TAMS 0x00000000eff00000, 0x00000000eff00000| Complete 

Card table byte_map: [0x0000029af9320000,0x0000029af9420000] _byte_map_base: 0x0000029af8c20000

Marking Bits (Prev, Next): (CMBitMap*) 0x0000029af928e870, (CMBitMap*) 0x0000029af928e8b0
 Prev Bits: [0x0000029af9520000, 0x0000029af9d20000)
 Next Bits: [0x0000029af9d20000, 0x0000029afa520000)

Polling page: 0x0000029af70d0000

Metaspace:

Usage:
  Non-class:     12.53 MB used.
      Class:      2.01 MB used.
       Both:     14.54 MB used.

Virtual space:
  Non-class space:       64.00 MB reserved,      12.69 MB ( 20%) committed,  1 nodes.
      Class space:      320.00 MB reserved,       2.19 MB ( <1%) committed,  1 nodes.
             Both:      384.00 MB reserved,      14.88 MB (  4%) committed. 

Chunk freelists:
   Non-Class:  3.02 MB
       Class:  13.86 MB
        Both:  16.88 MB

MaxMetaspaceSize: 384.00 MB
CompressedClassSpaceSize: 320.00 MB
Initial GC threshold: 21.00 MB
Current GC threshold: 21.00 MB
CDS: on
MetaspaceReclaimPolicy: balanced
 - commit_granule_bytes: 65536.
 - commit_granule_words: 8192.
 - virtual_space_node_default_size: 8388608.
 - enlarge_chunks_in_place: 1.
 - new_chunks_are_fully_committed: 0.
 - uncommit_free_chunks: 1.
 - use_allocation_guard: 0.
 - handle_deallocations: 1.


Internal statistics:

num_allocs_failed_limit: 0.
num_arena_births: 204.
num_arena_deaths: 0.
num_vsnodes_births: 2.
num_vsnodes_deaths: 0.
num_space_committed: 238.
num_space_uncommitted: 0.
num_chunks_returned_to_freelist: 0.
num_chunks_taken_from_freelist: 664.
num_chunk_merges: 0.
num_chunk_splits: 444.
num_chunks_enlarged: 341.
num_inconsistent_stats: 0.

CodeHeap 'non-profiled nmethods': size=120000Kb used=1128Kb max_used=1128Kb free=118871Kb
 bounds [0x0000029a8f530000, 0x0000029a8f7a0000, 0x0000029a96a60000]
CodeHeap 'profiled nmethods': size=120000Kb used=4824Kb max_used=4824Kb free=115175Kb
 bounds [0x0000029a87a60000, 0x0000029a87f20000, 0x0000029a8ef90000]
CodeHeap 'non-nmethods': size=5760Kb used=1222Kb max_used=1257Kb free=4537Kb
 bounds [0x0000029a8ef90000, 0x0000029a8f200000, 0x0000029a8f530000]
 total_blobs=2873 nmethods=2345 adapters=440
 compilation: enabled
              stopped_count=0, restarted_count=0
 full_count=0

Compilation events (20 events):
Event: 11.822 Thread 0x0000029afcb16040 2339       1       jdk.internal.reflect.DelegatingMethodAccessorImpl::setDelegate (6 bytes)
Event: 11.822 Thread 0x0000029afcb16040 nmethod 2339 0x0000029a8f649410 code [0x0000029a8f6495a0, 0x0000029a8f6496b8]
Event: 11.823 Thread 0x0000029afcb16040 2340       1       java.lang.reflect.Method::getMethodAccessor (5 bytes)
Event: 11.823 Thread 0x0000029afcb16040 nmethod 2340 0x0000029a8f649710 code [0x0000029a8f6498a0, 0x0000029a8f649978]
Event: 11.823 Thread 0x0000029afcb16040 2341       3       jdk.internal.reflect.MethodAccessorImpl::<init> (5 bytes)
Event: 11.823 Thread 0x0000029afcb16040 nmethod 2341 0x0000029a87f0ee90 code [0x0000029a87f0f040, 0x0000029a87f0f1f8]
Event: 11.823 Thread 0x0000029afcb16040 2342       1       jdk.internal.reflect.NativeMethodAccessorImpl::setParent (6 bytes)
Event: 11.823 Thread 0x0000029afcb16040 nmethod 2342 0x0000029a8f649a10 code [0x0000029a8f649ba0, 0x0000029a8f649cb8]
Event: 11.823 Thread 0x0000029afcb16040 2343       3       java.lang.reflect.Method::setMethodAccessor (21 bytes)
Event: 11.824 Thread 0x0000029afcb16040 nmethod 2343 0x0000029a87f0f310 code [0x0000029a87f0f4c0, 0x0000029a87f0f7a8]
Event: 11.862 Thread 0x0000029afcb16040 2344       3       jdk.internal.org.objectweb.asm.FieldWriter::<init> (69 bytes)
Event: 11.863 Thread 0x0000029afcb16040 nmethod 2344 0x0000029a87f0f890 code [0x0000029a87f0fa80, 0x0000029a87f0fe48]
Event: 11.863 Thread 0x0000029afcb16040 2345       3       jdk.internal.org.objectweb.asm.FieldVisitor::<init> (88 bytes)
Event: 11.864 Thread 0x0000029afcb16040 nmethod 2345 0x0000029a87f10090 code [0x0000029a87f102e0, 0x0000029a87f10bc8]
Event: 11.883 Thread 0x0000029afcb16040 2346       3       com.google.common.collect.Hashing::smear (19 bytes)
Event: 11.883 Thread 0x0000029afcb16040 nmethod 2346 0x0000029a87f10e90 code [0x0000029a87f11020, 0x0000029a87f11198]
Event: 11.883 Thread 0x0000029afcb16040 2347       3       java.lang.Integer::rotateLeft (9 bytes)
Event: 11.883 Thread 0x0000029afcb16040 nmethod 2347 0x0000029a87f11290 code [0x0000029a87f11420, 0x0000029a87f11518]
Event: 11.884 Thread 0x0000029afcb16040 2348       3       java.lang.invoke.TypeConvertingMethodAdapter::convertType (299 bytes)
Event: 11.888 Thread 0x0000029afcb16040 nmethod 2348 0x0000029a87f11590 code [0x0000029a87f11ba0, 0x0000029a87f15128]

GC Heap History (6 events):
Event: 1.227 GC heap before
{Heap before GC invocations=0 (full 0):
 garbage-first heap   total 262144K, used 13312K [0x00000000e0000000, 0x0000000100000000)
  region size 1024K, 13 young (13312K), 0 survivors (0K)
 Metaspace       used 789K, committed 896K, reserved 393216K
  class space    used 61K, committed 128K, reserved 327680K
}
Event: 1.409 GC heap after
{Heap after GC invocations=1 (full 0):
 garbage-first heap   total 262144K, used 1688K [0x00000000e0000000, 0x0000000100000000)
  region size 1024K, 2 young (2048K), 2 survivors (2048K)
 Metaspace       used 789K, committed 896K, reserved 393216K
  class space    used 61K, committed 128K, reserved 327680K
}
Event: 3.222 GC heap before
{Heap before GC invocations=1 (full 0):
 garbage-first heap   total 262144K, used 22168K [0x00000000e0000000, 0x0000000100000000)
  region size 1024K, 19 young (19456K), 2 survivors (2048K)
 Metaspace       used 3259K, committed 3392K, reserved 393216K
  class space    used 411K, committed 512K, reserved 327680K
}
Event: 3.228 GC heap after
{Heap after GC invocations=2 (full 0):
 garbage-first heap   total 262144K, used 11347K [0x00000000e0000000, 0x0000000100000000)
  region size 1024K, 3 young (3072K), 3 survivors (3072K)
 Metaspace       used 3259K, committed 3392K, reserved 393216K
  class space    used 411K, committed 512K, reserved 327680K
}
Event: 5.791 GC heap before
{Heap before GC invocations=2 (full 0):
 garbage-first heap   total 262144K, used 42067K [0x00000000e0000000, 0x0000000100000000)
  region size 1024K, 33 young (33792K), 3 survivors (3072K)
 Metaspace       used 4082K, committed 4352K, reserved 393216K
  class space    used 503K, committed 640K, reserved 327680K
}
Event: 5.795 GC heap after
{Heap after GC invocations=3 (full 0):
 garbage-first heap   total 262144K, used 12385K [0x00000000e0000000, 0x0000000100000000)
  region size 1024K, 1 young (1024K), 1 survivors (1024K)
 Metaspace       used 4082K, committed 4352K, reserved 393216K
  class space    used 503K, committed 640K, reserved 327680K
}

Dll operation events (15 events):
Event: 0.013 Loaded shared library C:\Users\Giang\.jdks\corretto-17.0.10\bin\java.dll
Event: 0.047 Loaded shared library C:\Users\Giang\.jdks\corretto-17.0.10\bin\jsvml.dll
Event: 0.153 Loaded shared library C:\Users\Giang\.jdks\corretto-17.0.10\bin\zip.dll
Event: 0.157 Loaded shared library C:\Users\Giang\.jdks\corretto-17.0.10\bin\instrument.dll
Event: 0.162 Loaded shared library C:\Users\Giang\.jdks\corretto-17.0.10\bin\net.dll
Event: 0.165 Loaded shared library C:\Users\Giang\.jdks\corretto-17.0.10\bin\nio.dll
Event: 0.172 Loaded shared library C:\Users\Giang\.jdks\corretto-17.0.10\bin\zip.dll
Event: 1.415 Loaded shared library C:\Users\Giang\.jdks\corretto-17.0.10\bin\jimage.dll
Event: 1.747 Loaded shared library C:\Users\Giang\.jdks\corretto-17.0.10\bin\verify.dll
Event: 2.489 Loaded shared library C:\Users\Giang\.gradle\native\c067742578af261105cb4f569cf0c3c89f3d7b1fecec35dd04571415982c5e48\windows-amd64\native-platform.dll
Event: 2.501 Loaded shared library C:\Users\Giang\.gradle\native\100fb08df4bc3b14c8652ba06237920a3bd2aa13389f12d3474272988ae205f9\windows-amd64\native-platform-file-events.dll
Event: 7.389 Loaded shared library C:\Users\Giang\.jdks\corretto-17.0.10\bin\management.dll
Event: 7.394 Loaded shared library C:\Users\Giang\.jdks\corretto-17.0.10\bin\management_ext.dll
Event: 8.419 Loaded shared library C:\Users\Giang\.jdks\corretto-17.0.10\bin\extnet.dll
Event: 9.478 Loaded shared library C:\Users\Giang\.jdks\corretto-17.0.10\bin\sunmscapi.dll

Deoptimization events (20 events):
Event: 11.522 Thread 0x0000029a96d47d70 Uncommon trap: trap_request=0xffffff45 fr.pc=0x0000029a8f54e8b8 relative=0x0000000000000198
Event: 11.522 Thread 0x0000029a96d47d70 Uncommon trap: reason=unstable_if action=reinterpret pc=0x0000029a8f54e8b8 method=java.util.regex.Matcher.reset()Ljava/util/regex/Matcher; @ 47 c2
Event: 11.522 Thread 0x0000029a96d47d70 DEOPT PACKING pc=0x0000029a8f54e8b8 sp=0x000000f0601fa910
Event: 11.522 Thread 0x0000029a96d47d70 DEOPT UNPACKING pc=0x0000029a8efe69a3 sp=0x000000f0601fa8a0 mode 2
Event: 11.614 Thread 0x0000029a96d47d70 Uncommon trap: trap_request=0xffffff45 fr.pc=0x0000029a8f602438 relative=0x0000000000000038
Event: 11.614 Thread 0x0000029a96d47d70 Uncommon trap: reason=unstable_if action=reinterpret pc=0x0000029a8f602438 method=jdk.internal.misc.Unsafe.convEndian(ZI)I @ 4 c2
Event: 11.614 Thread 0x0000029a96d47d70 DEOPT PACKING pc=0x0000029a8f602438 sp=0x000000f0601fb0f0
Event: 11.614 Thread 0x0000029a96d47d70 DEOPT UNPACKING pc=0x0000029a8efe69a3 sp=0x000000f0601fb088 mode 2
Event: 11.615 Thread 0x0000029a96d47d70 Uncommon trap: trap_request=0xffffff45 fr.pc=0x0000029a8f600e74 relative=0x0000000000000074
Event: 11.615 Thread 0x0000029a96d47d70 Uncommon trap: reason=unstable_if action=reinterpret pc=0x0000029a8f600e74 method=jdk.internal.misc.Unsafe.convEndian(ZI)I @ 4 c2
Event: 11.615 Thread 0x0000029a96d47d70 DEOPT PACKING pc=0x0000029a8f600e74 sp=0x000000f0601fae30
Event: 11.615 Thread 0x0000029a96d47d70 DEOPT UNPACKING pc=0x0000029a8efe69a3 sp=0x000000f0601fad38 mode 2
Event: 11.692 Thread 0x0000029a96d47d70 Uncommon trap: trap_request=0xffffff45 fr.pc=0x0000029a8f5525a0 relative=0x0000000000000aa0
Event: 11.692 Thread 0x0000029a96d47d70 Uncommon trap: reason=unstable_if action=reinterpret pc=0x0000029a8f5525a0 method=java.io.WinNTFileSystem.resolve(Ljava/lang/String;Ljava/lang/String;)Ljava/lang/String; @ 19 c2
Event: 11.692 Thread 0x0000029a96d47d70 DEOPT PACKING pc=0x0000029a8f5525a0 sp=0x000000f0601fb440
Event: 11.692 Thread 0x0000029a96d47d70 DEOPT UNPACKING pc=0x0000029a8efe69a3 sp=0x000000f0601fb3e8 mode 2
Event: 11.703 Thread 0x0000029a96d47d70 Uncommon trap: trap_request=0xffffff45 fr.pc=0x0000029a8f5b4400 relative=0x00000000000005c0
Event: 11.703 Thread 0x0000029a96d47d70 Uncommon trap: reason=unstable_if action=reinterpret pc=0x0000029a8f5b4400 method=java.io.File.getName()Ljava/lang/String; @ 16 c2
Event: 11.703 Thread 0x0000029a96d47d70 DEOPT PACKING pc=0x0000029a8f5b4400 sp=0x000000f0601fb3e0
Event: 11.704 Thread 0x0000029a96d47d70 DEOPT UNPACKING pc=0x0000029a8efe69a3 sp=0x000000f0601fb3b0 mode 2

Classes unloaded (0 events):
No events

Classes redefined (0 events):
No events

Internal exceptions (20 events):
Event: 9.457 Thread 0x0000029af9260550 Implicit null exception at 0x0000029a8f5745f2 to 0x0000029a8f574bc8
Event: 9.770 Thread 0x0000029a96d47d70 Exception <a 'java/lang/NoSuchMethodError'{0x00000000ed7f9410}: 'void java.lang.invoke.DirectMethodHandle$Holder.invokeSpecial(java.lang.Object, java.lang.Object, java.lang.Object)'> (0x00000000ed7f9410) 
thrown [s\src\hotspot\share\interpreter\linkResolver.cpp, line 759]
Event: 9.812 Thread 0x0000029a96d47d70 Exception <a 'java/lang/NoSuchMethodError'{0x00000000ed6c1910}: 'long java.lang.invoke.DirectMethodHandle$Holder.invokeInterface(java.lang.Object, java.lang.Object)'> (0x00000000ed6c1910) 
thrown [s\src\hotspot\share\interpreter\linkResolver.cpp, line 759]
Event: 9.958 Thread 0x0000029a96d47d70 Exception <a 'java/lang/NoSuchMethodError'{0x00000000ed10ca78}: 'void java.lang.invoke.DirectMethodHandle$Holder.invokeStatic(java.lang.Object, java.lang.Object)'> (0x00000000ed10ca78) 
thrown [s\src\hotspot\share\interpreter\linkResolver.cpp, line 759]
Event: 10.091 Thread 0x0000029a96d47d70 Exception <a 'java/lang/NoSuchMethodError'{0x00000000ed0c9998}: 'java.lang.Object java.lang.invoke.DirectMethodHandle$Holder.newInvokeSpecial(java.lang.Object, java.lang.Object, java.lang.Object, java.lang.Object, java.lang.Object)'> (0x00000000ed0c9998) 
thrown [s\src\hotspot\share\interpreter\linkResolver.cpp, line 759]
Event: 10.227 Thread 0x0000029a96d47d70 Exception <a 'java/lang/NoSuchMethodError'{0x00000000ecdaad00}: 'java.lang.Object java.lang.invoke.DirectMethodHandle$Holder.newInvokeSpecial(java.lang.Object, java.lang.Object, java.lang.Object, java.lang.Object, java.lang.Object, java.lang.Object)'> (0x00000000ecdaad00) 
thrown [s\src\hotspot\share\interpreter\linkResolver.cpp, line 759]
Event: 10.232 Thread 0x0000029a96d47d70 Exception <a 'java/lang/NoSuchMethodError'{0x00000000ecdc3300}: 'void java.lang.invoke.DirectMethodHandle$Holder.invokeSpecial(java.lang.Object, java.lang.Object, java.lang.Object, java.lang.Object, java.lang.Object)'> (0x00000000ecdc3300) 
thrown [s\src\hotspot\share\interpreter\linkResolver.cpp, line 759]
Event: 10.247 Thread 0x0000029a96d47d70 Exception <a 'java/lang/NoSuchMethodError'{0x00000000ecdd7ab0}: 'void java.lang.invoke.DirectMethodHandle$Holder.invokeStaticInit(java.lang.Object, java.lang.Object)'> (0x00000000ecdd7ab0) 
thrown [s\src\hotspot\share\interpreter\linkResolver.cpp, line 759]
Event: 10.603 Thread 0x0000029a96d47d70 Exception <a 'java/lang/NoSuchMethodError'{0x00000000ecab31d0}: 'void java.lang.invoke.DelegatingMethodHandle$Holder.reinvoke_L(java.lang.Object, java.lang.Object, java.lang.Object, java.lang.Object, java.lang.Object, java.lang.Object, java.lang.Object, java.lang.Object, java.lang.Object, java.lang.Object)'> (0x00000000ecab31d0) 
thrown [s\src\hotspot\share\interpreter\linkResolver.cpp, line 759]
Event: 10.607 Thread 0x0000029a96d47d70 Exception <a 'java/lang/NoSuchMethodError'{0x00000000ecabb640}: 'java.lang.Object java.lang.invoke.DirectMethodHandle$Holder.invokeSpecial(java.lang.Object, java.lang.Object, java.lang.Object, java.lang.Object, java.lang.Object, java.lang.Object, java.lang.Object, java.lang.Object, java.lang.Object, java.lang.Object)'> (0x00000000ecabb640) 
thrown [s\src\hotspot\share\interpreter\linkResolver.cpp, line 759]
Event: 10.611 Thread 0x0000029a96d47d70 Exception <a 'java/lang/NoSuchMethodError'{0x00000000ecabff10}: 'java.lang.Object java.lang.invoke.Invokers$Holder.invoker(java.lang.Object, java.lang.Object, java.lang.Object, java.lang.Object, java.lang.Object, java.lang.Object, java.lang.Object, java.lang.Object, java.lang.Object, java.lang.Object)'> (0x00000000ecabff10) 
thrown [s\src\hotspot\share\interpreter\linkResolver.cpp, line 759]
Event: 10.614 Thread 0x0000029a96d47d70 Exception <a 'java/lang/NoSuchMethodError'{0x00000000ecac5a98}: 'java.lang.Object java.lang.invoke.DirectMethodHandle$Holder.invokeSpecial(java.lang.Object, java.lang.Object, java.lang.Object, java.lang.Object, java.lang.Object, java.lang.Object, java.lang.Object, java.lang.Object, java.lang.Object, java.lang.Object, java.lang.Object)'> (0x00000000ecac5a98) 
thrown [s\src\hotspot\share\interpreter\linkResolver.cpp, line 759]
Event: 11.463 Thread 0x0000029a96d47d70 Exception <a 'java/lang/NoSuchMethodError'{0x00000000ec4b9910}: 'void java.lang.invoke.DirectMethodHandle$Holder.invokeStaticInit(java.lang.Object)'> (0x00000000ec4b9910) 
thrown [s\src\hotspot\share\interpreter\linkResolver.cpp, line 759]
Event: 11.484 Thread 0x0000029a96d47d70 Exception <a 'java/lang/NoSuchMethodError'{0x00000000ec36b6d0}: 'java.lang.Object java.lang.invoke.DirectMethodHandle$Holder.newInvokeSpecial(java.lang.Object, java.lang.Object, java.lang.Object, int)'> (0x00000000ec36b6d0) 
thrown [s\src\hotspot\share\interpreter\linkResolver.cpp, line 759]
Event: 11.485 Thread 0x0000029a96d47d70 Exception <a 'java/lang/NoSuchMethodError'{0x00000000ec370000}: 'java.lang.Object java.lang.invoke.DirectMethodHandle$Holder.invokeSpecial(java.lang.Object, java.lang.Object, java.lang.Object, java.lang.Object, int)'> (0x00000000ec370000) 
thrown [s\src\hotspot\share\interpreter\linkResolver.cpp, line 759]
Event: 11.486 Thread 0x0000029a96d47d70 Exception <a 'java/lang/NoSuchMethodError'{0x00000000ec374118}: 'java.lang.Object java.lang.invoke.Invokers$Holder.linkToTargetMethod(java.lang.Object, java.lang.Object, int, java.lang.Object)'> (0x00000000ec374118) 
thrown [s\src\hotspot\share\interpreter\linkResolver.cpp, line 759]
Event: 11.800 Thread 0x0000029a96d47d70 Exception <a 'java/lang/NoSuchMethodError'{0x00000000ebeb3b88}: 'int java.lang.invoke.DirectMethodHandle$Holder.invokeVirtual(java.lang.Object, java.lang.Object, java.lang.Object)'> (0x00000000ebeb3b88) 
thrown [s\src\hotspot\share\interpreter\linkResolver.cpp, line 759]
Event: 11.861 Thread 0x0000029a96d47d70 Exception <a 'java/lang/NoSuchMethodError'{0x00000000ebdbc2c0}: 'int java.lang.invoke.DirectMethodHandle$Holder.invokeSpecialIFC(java.lang.Object, java.lang.Object, java.lang.Object, java.lang.Object)'> (0x00000000ebdbc2c0) 
thrown [s\src\hotspot\share\interpreter\linkResolver.cpp, line 759]
Event: 11.891 Thread 0x0000029a96d47d70 Exception <a 'java/lang/NoSuchMethodError'{0x00000000ebdcb130}: 'java.lang.Object java.lang.invoke.DirectMethodHandle$Holder.invokeInterface(java.lang.Object, java.lang.Object, java.lang.Object)'> (0x00000000ebdcb130) 
thrown [s\src\hotspot\share\interpreter\linkResolver.cpp, line 759]
Event: 11.893 Thread 0x0000029a96d47d70 Exception <a 'java/lang/IncompatibleClassChangeError'{0x00000000ebdced48}: Found class java.lang.Object, but interface was expected> (0x00000000ebdced48) 
thrown [s\src\hotspot\share\interpreter\linkResolver.cpp, line 826]

VM Operations (20 events):
Event: 8.178 Executing VM operation: HandshakeAllThreads
Event: 8.178 Executing VM operation: HandshakeAllThreads done
Event: 8.178 Executing VM operation: Cleanup
Event: 8.179 Executing VM operation: Cleanup done
Event: 9.180 Executing VM operation: Cleanup
Event: 9.181 Executing VM operation: Cleanup done
Event: 9.191 Executing VM operation: HandshakeAllThreads
Event: 9.191 Executing VM operation: HandshakeAllThreads done
Event: 9.506 Executing VM operation: HandshakeAllThreads
Event: 9.506 Executing VM operation: HandshakeAllThreads done
Event: 10.366 Executing VM operation: HandshakeAllThreads
Event: 10.366 Executing VM operation: HandshakeAllThreads done
Event: 10.366 Executing VM operation: Cleanup
Event: 10.366 Executing VM operation: Cleanup done
Event: 11.369 Executing VM operation: Cleanup
Event: 11.369 Executing VM operation: Cleanup done
Event: 11.742 Executing VM operation: HandshakeAllThreads
Event: 11.742 Executing VM operation: HandshakeAllThreads done
Event: 11.743 Executing VM operation: HandshakeAllThreads
Event: 11.743 Executing VM operation: HandshakeAllThreads done

Events (20 events):
Event: 11.713 loading class java/io/PrintWriter
Event: 11.714 loading class java/io/PrintWriter done
Event: 11.741 loading class sun/nio/cs/UTF_8$Encoder
Event: 11.742 loading class sun/nio/cs/UTF_8$Encoder done
Event: 11.760 loading class java/util/zip/CheckedInputStream
Event: 11.761 loading class java/util/zip/CheckedInputStream done
Event: 11.766 loading class java/nio/file/FileVisitor
Event: 11.767 loading class java/nio/file/FileVisitor done
Event: 11.771 loading class java/io/FilenameFilter
Event: 11.771 loading class java/io/FilenameFilter done
Event: 11.771 loading class java/nio/file/PathMatcher
Event: 11.772 loading class java/nio/file/PathMatcher done
Event: 11.843 loading class java/util/concurrent/Semaphore
Event: 11.844 loading class java/util/concurrent/Semaphore done
Event: 11.849 loading class java/nio/file/FileVisitOption
Event: 11.850 loading class java/nio/file/FileVisitOption done
Event: 11.894 loading class java/util/stream/ReduceOps$1
Event: 11.894 loading class java/util/stream/ReduceOps$1 done
Event: 11.894 loading class java/util/stream/ReduceOps$1ReducingSink
Event: 11.897 loading class java/util/stream/ReduceOps$1ReducingSink done


Dynamic libraries:
0x00007ff7ca150000 - 0x00007ff7ca15e000 	C:\Users\Giang\.jdks\corretto-17.0.10\bin\java.exe
0x00007ffada3f0000 - 0x00007ffada5e8000 	C:\Windows\SYSTEM32\ntdll.dll
0x00007ffad8df0000 - 0x00007ffad8eb1000 	C:\Windows\System32\KERNEL32.DLL
0x00007ffad7d90000 - 0x00007ffad8086000 	C:\Windows\System32\KERNELBASE.dll
0x00007ffad7b70000 - 0x00007ffad7c70000 	C:\Windows\System32\ucrtbase.dll
0x00007ffad1640000 - 0x00007ffad1657000 	C:\Users\Giang\.jdks\corretto-17.0.10\bin\jli.dll
0x00007ffad94c0000 - 0x00007ffad965f000 	C:\Windows\System32\USER32.dll
0x00007ffad8290000 - 0x00007ffad82b2000 	C:\Windows\System32\win32u.dll
0x00007ffad9a30000 - 0x00007ffad9a5b000 	C:\Windows\System32\GDI32.dll
0x00007ffad7c70000 - 0x00007ffad7d87000 	C:\Windows\System32\gdi32full.dll
0x00007ffad7ad0000 - 0x00007ffad7b6d000 	C:\Windows\System32\msvcp_win.dll
0x00007ffad0f90000 - 0x00007ffad0fab000 	C:\Users\Giang\.jdks\corretto-17.0.10\bin\VCRUNTIME140.dll
0x00007ffac8b30000 - 0x00007ffac8dca000 	C:\Windows\WinSxS\amd64_microsoft.windows.common-controls_6595b64144ccf1df_6.0.19041.4355_none_60b8b9eb71f62e16\COMCTL32.dll
0x00007ffad8ec0000 - 0x00007ffad8f5e000 	C:\Windows\System32\msvcrt.dll
0x00007ffad9660000 - 0x00007ffad968f000 	C:\Windows\System32\IMM32.DLL
0x00007ffad5100000 - 0x00007ffad510c000 	C:\Users\Giang\.jdks\corretto-17.0.10\bin\vcruntime140_1.dll
0x00007ffaca6b0000 - 0x00007ffaca73d000 	C:\Users\Giang\.jdks\corretto-17.0.10\bin\msvcp140.dll
0x00007ffaa4010000 - 0x00007ffaa4c72000 	C:\Users\Giang\.jdks\corretto-17.0.10\bin\server\jvm.dll
0x00007ffada300000 - 0x00007ffada3b0000 	C:\Windows\System32\ADVAPI32.dll
0x00007ffad8600000 - 0x00007ffad86a0000 	C:\Windows\System32\sechost.dll
0x00007ffad84d0000 - 0x00007ffad85f3000 	C:\Windows\System32\RPCRT4.dll
0x00007ffad7aa0000 - 0x00007ffad7ac7000 	C:\Windows\System32\bcrypt.dll
0x00007ffad7020000 - 0x00007ffad706b000 	C:\Windows\SYSTEM32\POWRPROF.dll
0x00007ffad2df0000 - 0x00007ffad2df9000 	C:\Windows\SYSTEM32\WSOCK32.dll
0x00007ffad96f0000 - 0x00007ffad975b000 	C:\Windows\System32\WS2_32.dll
0x00007ffad3c90000 - 0x00007ffad3cb7000 	C:\Windows\SYSTEM32\WINMM.dll
0x00007ffacef70000 - 0x00007ffacef7a000 	C:\Windows\SYSTEM32\VERSION.dll
0x00007ffad6e90000 - 0x00007ffad6ea2000 	C:\Windows\SYSTEM32\UMPDC.dll
0x00007ffad5920000 - 0x00007ffad5932000 	C:\Windows\SYSTEM32\kernel.appcore.dll
0x00007ffad3bb0000 - 0x00007ffad3bba000 	C:\Users\Giang\.jdks\corretto-17.0.10\bin\jimage.dll
0x00007ffac32d0000 - 0x00007ffac34b4000 	C:\Windows\SYSTEM32\DBGHELP.DLL
0x00007ffac3250000 - 0x00007ffac3284000 	C:\Windows\SYSTEM32\dbgcore.DLL
0x00007ffad8100000 - 0x00007ffad8182000 	C:\Windows\System32\bcryptPrimitives.dll
0x00007ffad3b30000 - 0x00007ffad3b3e000 	C:\Users\Giang\.jdks\corretto-17.0.10\bin\instrument.dll
0x00007ffad07c0000 - 0x00007ffad07e5000 	C:\Users\Giang\.jdks\corretto-17.0.10\bin\java.dll
0x00007ffabb4e0000 - 0x00007ffabb5b7000 	C:\Users\Giang\.jdks\corretto-17.0.10\bin\jsvml.dll
0x00007ffad9b90000 - 0x00007ffada2fc000 	C:\Windows\System32\SHELL32.dll
0x00007ffad5b20000 - 0x00007ffad62be000 	C:\Windows\SYSTEM32\windows.storage.dll
0x00007ffad9090000 - 0x00007ffad93e3000 	C:\Windows\System32\combase.dll
0x00007ffad74c0000 - 0x00007ffad74ee000 	C:\Windows\SYSTEM32\Wldp.dll
0x00007ffad93f0000 - 0x00007ffad94bd000 	C:\Windows\System32\OLEAUT32.dll
0x00007ffad8d20000 - 0x00007ffad8dcd000 	C:\Windows\System32\SHCORE.dll
0x00007ffad9840000 - 0x00007ffad9895000 	C:\Windows\System32\shlwapi.dll
0x00007ffad79d0000 - 0x00007ffad79f4000 	C:\Windows\SYSTEM32\profapi.dll
0x00007ffad0180000 - 0x00007ffad0198000 	C:\Users\Giang\.jdks\corretto-17.0.10\bin\zip.dll
0x00007ffaca690000 - 0x00007ffaca6a9000 	C:\Users\Giang\.jdks\corretto-17.0.10\bin\net.dll
0x00007ffaceab0000 - 0x00007ffacebba000 	C:\Windows\SYSTEM32\WINHTTP.dll
0x00007ffad7220000 - 0x00007ffad728a000 	C:\Windows\system32\mswsock.dll
0x00007ffaca670000 - 0x00007ffaca686000 	C:\Users\Giang\.jdks\corretto-17.0.10\bin\nio.dll
0x00007ffad3a70000 - 0x00007ffad3a80000 	C:\Users\Giang\.jdks\corretto-17.0.10\bin\verify.dll
0x00007ffad0fb0000 - 0x00007ffad0fd7000 	C:\Users\Giang\.gradle\native\c067742578af261105cb4f569cf0c3c89f3d7b1fecec35dd04571415982c5e48\windows-amd64\native-platform.dll
0x00007ffaac250000 - 0x00007ffaac394000 	C:\Users\Giang\.gradle\native\100fb08df4bc3b14c8652ba06237920a3bd2aa13389f12d3474272988ae205f9\windows-amd64\native-platform-file-events.dll
0x00007ffad3920000 - 0x00007ffad3929000 	C:\Users\Giang\.jdks\corretto-17.0.10\bin\management.dll
0x00007ffad3550000 - 0x00007ffad355b000 	C:\Users\Giang\.jdks\corretto-17.0.10\bin\management_ext.dll
0x00007ffad9a60000 - 0x00007ffad9a68000 	C:\Windows\System32\PSAPI.DLL
0x00007ffad7410000 - 0x00007ffad7428000 	C:\Windows\SYSTEM32\CRYPTSP.dll
0x00007ffad6ad0000 - 0x00007ffad6b04000 	C:\Windows\system32\rsaenh.dll
0x00007ffad7940000 - 0x00007ffad796e000 	C:\Windows\SYSTEM32\USERENV.dll
0x00007ffad7430000 - 0x00007ffad743c000 	C:\Windows\SYSTEM32\CRYPTBASE.dll
0x00007ffad6eb0000 - 0x00007ffad6eeb000 	C:\Windows\SYSTEM32\IPHLPAPI.DLL
0x00007ffad9a20000 - 0x00007ffad9a28000 	C:\Windows\System32\NSI.dll
0x00007ffacf350000 - 0x00007ffacf367000 	C:\Windows\SYSTEM32\dhcpcsvc6.DLL
0x00007ffacfe80000 - 0x00007ffacfe9d000 	C:\Windows\SYSTEM32\dhcpcsvc.DLL
0x00007ffad6f00000 - 0x00007ffad6fca000 	C:\Windows\SYSTEM32\DNSAPI.dll
0x00007ffad26a0000 - 0x00007ffad26a9000 	C:\Users\Giang\.jdks\corretto-17.0.10\bin\extnet.dll
0x00007ffad14d0000 - 0x00007ffad14de000 	C:\Users\Giang\.jdks\corretto-17.0.10\bin\sunmscapi.dll
0x00007ffad82c0000 - 0x00007ffad841e000 	C:\Windows\System32\CRYPT32.dll
0x00007ffad7530000 - 0x00007ffad7559000 	C:\Windows\SYSTEM32\ncrypt.dll
0x00007ffad74f0000 - 0x00007ffad752b000 	C:\Windows\SYSTEM32\NTASN1.dll
0x00007ffacbc60000 - 0x00007ffacbc67000 	C:\Windows\system32\wshunix.dll

dbghelp: loaded successfully - version: 4.0.5 - missing functions: none
symbol engine: initialized successfully - sym options: 0x614 - pdb path: .;C:\Users\Giang\.jdks\corretto-17.0.10\bin;C:\Windows\SYSTEM32;C:\Windows\WinSxS\amd64_microsoft.windows.common-controls_6595b64144ccf1df_6.0.19041.4355_none_60b8b9eb71f62e16;C:\Users\Giang\.jdks\corretto-17.0.10\bin\server;C:\Users\Giang\.gradle\native\c067742578af261105cb4f569cf0c3c89f3d7b1fecec35dd04571415982c5e48\windows-amd64;C:\Users\Giang\.gradle\native\100fb08df4bc3b14c8652ba06237920a3bd2aa13389f12d3474272988ae205f9\windows-amd64

VM Arguments:
jvm_args: --add-opens=java.base/java.util=ALL-UNNAMED --add-opens=java.base/java.lang=ALL-UNNAMED --add-opens=java.base/java.lang.invoke=ALL-UNNAMED --add-opens=java.prefs/java.util.prefs=ALL-UNNAMED --add-opens=java.base/java.nio.charset=ALL-UNNAMED --add-opens=java.base/java.net=ALL-UNNAMED --add-opens=java.base/java.util.concurrent.atomic=ALL-UNNAMED -XX:MaxMetaspaceSize=384m -XX:+HeapDumpOnOutOfMemoryError -Xms256m -Xmx512m -Dfile.encoding=windows-1252 -Duser.country=US -Duser.language=en -Duser.variant -javaagent:C:\Users\Giang\.gradle\wrapper\dists\gradle-8.8-bin\dl7vupf4psengwqhwktix4v1\gradle-8.8\lib\agents\gradle-instrumentation-agent-8.8.jar 
java_command: org.gradle.launcher.daemon.bootstrap.GradleDaemon 8.8
java_class_path (initial): C:\Users\Giang\.gradle\wrapper\dists\gradle-8.8-bin\dl7vupf4psengwqhwktix4v1\gradle-8.8\lib\gradle-launcher-8.8.jar
Launcher Type: SUN_STANDARD

[Global flags]
     intx CICompilerCount                          = 3                                         {product} {ergonomic}
   size_t CompressedClassSpaceSize                 = 335544320                                 {product} {ergonomic}
     uint ConcGCThreads                            = 1                                         {product} {ergonomic}
     uint G1ConcRefinementThreads                  = 4                                         {product} {ergonomic}
   size_t G1HeapRegionSize                         = 1048576                                   {product} {ergonomic}
    uintx GCDrainStackTargetSize                   = 64                                        {product} {ergonomic}
     bool HeapDumpOnOutOfMemoryError               = true                                   {manageable} {command line}
   size_t InitialHeapSize                          = 268435456                                 {product} {command line}
   size_t MarkStackSize                            = 4194304                                   {product} {ergonomic}
   size_t MaxHeapSize                              = 536870912                                 {product} {command line}
   size_t MaxMetaspaceSize                         = 402653184                                 {product} {command line}
   size_t MaxNewSize                               = 321912832                                 {product} {ergonomic}
   size_t MinHeapDeltaBytes                        = 1048576                                   {product} {ergonomic}
   size_t MinHeapSize                              = 268435456                                 {product} {command line}
    uintx NonNMethodCodeHeapSize                   = 5832780                                {pd product} {ergonomic}
    uintx NonProfiledCodeHeapSize                  = 122912730                              {pd product} {ergonomic}
    uintx ProfiledCodeHeapSize                     = 122912730                              {pd product} {ergonomic}
    uintx ReservedCodeCacheSize                    = 251658240                              {pd product} {ergonomic}
     bool SegmentedCodeCache                       = true                                      {product} {ergonomic}
   size_t SoftMaxHeapSize                          = 536870912                              {manageable} {ergonomic}
     bool UseCompressedClassPointers               = true                           {product lp64_product} {ergonomic}
     bool UseCompressedOops                        = true                           {product lp64_product} {ergonomic}
     bool UseG1GC                                  = true                                      {product} {ergonomic}
     bool UseLargePagesIndividualAllocation        = false                                  {pd product} {ergonomic}

Logging:
Log output configuration:
 #0: stdout all=warning uptime,level,tags
 #1: stderr all=off uptime,level,tags

Environment Variables:
PATH=C:\Program Files\Common Files\Oracle\Java\javapath;C:\Windows\system32;C:\Windows;C:\Windows\System32\Wbem;C:\Windows\System32\WindowsPowerShell\v1.0\;C:\Windows\System32\OpenSSH\;C:\Program Files\MySQL\MySQL Server 8.0\bin;%JAVA_HOME%\bin;C:\Gradle\gradle-6.8\bin;C:\Program Files\Git\cmd;C:\Program Files\Java\jdk-17\bin;C:\Program Files\nodejs\;C:\Program Files\MySQL\MySQL Shell 8.0\bin\;C:\Users\Giang\AppData\Local\Microsoft\WindowsApps;C:\Users\Giang\AppData\Local\GitHubDesktop\bin;D:\Microsoft VS Code\bin;C:\Users\Giang\AppData\Roaming\npm
USERNAME=Giang
OS=Windows_NT
PROCESSOR_IDENTIFIER=Intel64 Family 6 Model 61 Stepping 4, GenuineIntel
TMP=C:\Users\Giang\AppData\Local\Temp
TEMP=C:\Users\Giang\AppData\Local\Temp



Periodic native trim disabled


---------------  S Y S T E M  ---------------

OS:
 Windows 10 , 64 bit Build 19041 (10.0.19041.4597)
OS uptime: 2 days 2:42 hours

CPU: total 4 (initial active 4) (2 cores per cpu, 2 threads per core) family 6 model 61 stepping 4 microcode 0x2d, cx8, cmov, fxsr, ht, mmx, 3dnowpref, sse, sse2, sse3, ssse3, sse4.1, sse4.2, popcnt, lzcnt, tsc, tscinvbit, avx, avx2, aes, erms, clmul, bmi1, bmi2, rtm, adx, fma, vzeroupper, clflush
Processor Information for all 4 processors :
  Max Mhz: 2594, Current Mhz: 2594, Mhz Limit: 2594

Memory: 4k page, system-wide physical 7887M (432M free)
TotalPageFile size 15055M (AvailPageFile size 5M)
current process WorkingSet (physical memory assigned to process): 174M, peak: 174M
current process commit charge ("private bytes"): 396M, peak: 398M

vm_info: OpenJDK 64-Bit Server VM (17.0.10+7-LTS) for windows-amd64 JRE (17.0.10+7-LTS), built on Jan 10 2024 22:11:07 by "Administrator" with MS VC++ 16.10 / 16.11 (VS2019)

END.
